[2023-10-31T04:44:30.864+0000] {taskinstance.py:1159} INFO - Dependencies all met for dep_context=non-requeueable deps ti=<TaskInstance: ETL.refresh_visualization_pbi manual__2023-10-31T04:43:50.905531+00:00 [queued]>
[2023-10-31T04:44:30.879+0000] {taskinstance.py:1159} INFO - Dependencies all met for dep_context=requeueable deps ti=<TaskInstance: ETL.refresh_visualization_pbi manual__2023-10-31T04:43:50.905531+00:00 [queued]>
[2023-10-31T04:44:30.880+0000] {taskinstance.py:1361} INFO - Starting attempt 1 of 1
[2023-10-31T04:44:30.911+0000] {taskinstance.py:1382} INFO - Executing <Task(SSHOperator): refresh_visualization_pbi> on 2023-10-31 04:43:50.905531+00:00
[2023-10-31T04:44:30.939+0000] {standard_task_runner.py:57} INFO - Started process 8011 to run task
[2023-10-31T04:44:30.951+0000] {standard_task_runner.py:84} INFO - Running: ['***', 'tasks', 'run', 'ETL', 'refresh_visualization_pbi', 'manual__2023-10-31T04:43:50.905531+00:00', '--job-id', '212', '--raw', '--subdir', 'DAGS_FOLDER/first_dags.py', '--cfg-path', '/tmp/tmpee8y2kz2']
[2023-10-31T04:44:30.963+0000] {standard_task_runner.py:85} INFO - Job 212: Subtask refresh_visualization_pbi
[2023-10-31T04:44:31.166+0000] {task_command.py:416} INFO - Running <TaskInstance: ETL.refresh_visualization_pbi manual__2023-10-31T04:43:50.905531+00:00 [running]> on host f959e5a17851
[2023-10-31T04:44:31.348+0000] {taskinstance.py:1662} INFO - Exporting env vars: AIRFLOW_CTX_DAG_OWNER='me' AIRFLOW_CTX_DAG_ID='ETL' AIRFLOW_CTX_TASK_ID='refresh_visualization_pbi' AIRFLOW_CTX_EXECUTION_DATE='2023-10-31T04:43:50.905531+00:00' AIRFLOW_CTX_TRY_NUMBER='1' AIRFLOW_CTX_DAG_RUN_ID='manual__2023-10-31T04:43:50.905531+00:00'
[2023-10-31T04:44:31.351+0000] {ssh.py:135} INFO - Creating ssh_client
[2023-10-31T04:44:31.431+0000] {ssh.py:112} INFO - ssh_hook is not provided or invalid. Trying ssh_conn_id to create SSHHook.
[2023-10-31T04:44:31.447+0000] {base.py:73} INFO - Using connection ID 'host_machine' for task execution.
[2023-10-31T04:44:31.448+0000] {ssh.py:300} WARNING - No Host Key Verification. This won't protect against Man-In-The-Middle attacks
[2023-10-31T04:44:31.474+0000] {transport.py:1893} INFO - Connected (version 2.0, client OpenSSH_8.9p1)
[2023-10-31T04:44:31.681+0000] {transport.py:1893} INFO - Authentication (password) successful!
[2023-10-31T04:44:31.682+0000] {ssh.py:476} INFO - Running command: cd /home/***/data_science/power_bi && . .venv/bin/activate && python3 pbi_refresh.py && deactivate 
[2023-10-31T04:44:33.827+0000] {ssh.py:522} INFO - RESPONSE STATUS : <Response [202]>
[2023-10-31T04:44:33.914+0000] {taskinstance.py:1400} INFO - Marking task as SUCCESS. dag_id=ETL, task_id=refresh_visualization_pbi, execution_date=20231031T044350, start_date=20231031T044430, end_date=20231031T044433
[2023-10-31T04:44:33.979+0000] {local_task_job_runner.py:228} INFO - Task exited with return code 0
[2023-10-31T04:44:34.001+0000] {taskinstance.py:2778} INFO - 0 downstream tasks scheduled from follow-on schedule check
