[2023-10-27T09:20:37.630+0000] {taskinstance.py:1159} INFO - Dependencies all met for dep_context=non-requeueable deps ti=<TaskInstance: ETL.upload_to_drive_pbi manual__2023-10-27T09:08:27.929557+00:00 [queued]>
[2023-10-27T09:20:37.638+0000] {taskinstance.py:1159} INFO - Dependencies all met for dep_context=requeueable deps ti=<TaskInstance: ETL.upload_to_drive_pbi manual__2023-10-27T09:08:27.929557+00:00 [queued]>
[2023-10-27T09:20:37.638+0000] {taskinstance.py:1361} INFO - Starting attempt 1 of 1
[2023-10-27T09:20:37.649+0000] {taskinstance.py:1382} INFO - Executing <Task(SSHOperator): upload_to_drive_pbi> on 2023-10-27 09:08:27.929557+00:00
[2023-10-27T09:20:37.655+0000] {standard_task_runner.py:57} INFO - Started process 880 to run task
[2023-10-27T09:20:37.659+0000] {standard_task_runner.py:84} INFO - Running: ['***', 'tasks', 'run', 'ETL', 'upload_to_drive_pbi', 'manual__2023-10-27T09:08:27.929557+00:00', '--job-id', '199', '--raw', '--subdir', 'DAGS_FOLDER/first_dags.py', '--cfg-path', '/tmp/tmpfy1hgrto']
[2023-10-27T09:20:37.661+0000] {standard_task_runner.py:85} INFO - Job 199: Subtask upload_to_drive_pbi
[2023-10-27T09:20:37.696+0000] {task_command.py:416} INFO - Running <TaskInstance: ETL.upload_to_drive_pbi manual__2023-10-27T09:08:27.929557+00:00 [running]> on host 981d0f90760c
[2023-10-27T09:20:37.770+0000] {taskinstance.py:1662} INFO - Exporting env vars: AIRFLOW_CTX_DAG_OWNER='me' AIRFLOW_CTX_DAG_ID='ETL' AIRFLOW_CTX_TASK_ID='upload_to_drive_pbi' AIRFLOW_CTX_EXECUTION_DATE='2023-10-27T09:08:27.929557+00:00' AIRFLOW_CTX_TRY_NUMBER='1' AIRFLOW_CTX_DAG_RUN_ID='manual__2023-10-27T09:08:27.929557+00:00'
[2023-10-27T09:20:37.771+0000] {ssh.py:135} INFO - Creating ssh_client
[2023-10-27T09:20:37.804+0000] {ssh.py:112} INFO - ssh_hook is not provided or invalid. Trying ssh_conn_id to create SSHHook.
[2023-10-27T09:20:37.812+0000] {base.py:73} INFO - Using connection ID 'host_machine' for task execution.
[2023-10-27T09:20:37.812+0000] {ssh.py:300} WARNING - No Host Key Verification. This won't protect against Man-In-The-Middle attacks
[2023-10-27T09:20:37.824+0000] {transport.py:1893} INFO - Connected (version 2.0, client OpenSSH_8.9p1)
[2023-10-27T09:20:37.983+0000] {transport.py:1893} INFO - Authentication (password) successful!
[2023-10-27T09:20:37.983+0000] {ssh.py:476} INFO - Running command: cd /home/***/data_science/power_bi && . .venv/bin/activate && python3 drive_upload.py && deactivate 
[2023-10-27T09:20:41.140+0000] {ssh.py:527} WARNING - /home/***/data_science/power_bi/drive_upload.py:14: DeprecationWarning: [Deprecated][in version 6.0.0]: Method signature's arguments 'range_name' and 'values' will change their order. We recommend using named arguments for minimal impact. In addition, the argument 'values' will be mandatory of type: 'List[List]'. (ex) Worksheet.update(values = [[]], range_name=) 
[2023-10-27T09:20:41.141+0000] {ssh.py:527} WARNING -   sheet.update(range_name = range, values = list_values)
[2023-10-27T09:20:41.882+0000] {taskinstance.py:1400} INFO - Marking task as SUCCESS. dag_id=ETL, task_id=upload_to_drive_pbi, execution_date=20231027T090827, start_date=20231027T092037, end_date=20231027T092041
[2023-10-27T09:20:41.924+0000] {local_task_job_runner.py:228} INFO - Task exited with return code 0
[2023-10-27T09:20:41.942+0000] {taskinstance.py:2778} INFO - 1 downstream tasks scheduled from follow-on schedule check
