[2023-10-22T01:05:58.824+0000] {taskinstance.py:1159} INFO - Dependencies all met for dep_context=non-requeueable deps ti=<TaskInstance: first_dagg.scrape_data manual__2023-10-22T01:05:58.272260+00:00 [queued]>
[2023-10-22T01:05:58.833+0000] {taskinstance.py:1159} INFO - Dependencies all met for dep_context=requeueable deps ti=<TaskInstance: first_dagg.scrape_data manual__2023-10-22T01:05:58.272260+00:00 [queued]>
[2023-10-22T01:05:58.834+0000] {taskinstance.py:1361} INFO - Starting attempt 1 of 1
[2023-10-22T01:05:58.851+0000] {taskinstance.py:1382} INFO - Executing <Task(BashOperator): scrape_data> on 2023-10-22 01:05:58.272260+00:00
[2023-10-22T01:05:58.857+0000] {standard_task_runner.py:57} INFO - Started process 439 to run task
[2023-10-22T01:05:58.860+0000] {standard_task_runner.py:84} INFO - Running: ['***', 'tasks', 'run', 'first_dagg', 'scrape_data', 'manual__2023-10-22T01:05:58.272260+00:00', '--job-id', '11', '--raw', '--subdir', 'DAGS_FOLDER/first_dags.py', '--cfg-path', '/tmp/tmpkkfv54_m']
[2023-10-22T01:05:58.862+0000] {standard_task_runner.py:85} INFO - Job 11: Subtask scrape_data
[2023-10-22T01:05:58.912+0000] {task_command.py:416} INFO - Running <TaskInstance: first_dagg.scrape_data manual__2023-10-22T01:05:58.272260+00:00 [running]> on host 88ab045975f5
[2023-10-22T01:05:58.988+0000] {taskinstance.py:1662} INFO - Exporting env vars: AIRFLOW_CTX_DAG_OWNER='me' AIRFLOW_CTX_DAG_ID='first_dagg' AIRFLOW_CTX_TASK_ID='scrape_data' AIRFLOW_CTX_EXECUTION_DATE='2023-10-22T01:05:58.272260+00:00' AIRFLOW_CTX_TRY_NUMBER='1' AIRFLOW_CTX_DAG_RUN_ID='manual__2023-10-22T01:05:58.272260+00:00'
[2023-10-22T01:05:58.989+0000] {subprocess.py:63} INFO - Tmp dir root location: /tmp
[2023-10-22T01:05:58.989+0000] {subprocess.py:75} INFO - Running command: ['/bin/bash', '-c', 'ls -la']
[2023-10-22T01:05:58.996+0000] {subprocess.py:86} INFO - Output:
[2023-10-22T01:05:58.999+0000] {subprocess.py:93} INFO - total 20
[2023-10-22T01:05:58.999+0000] {subprocess.py:93} INFO - drwxr-xr-x 1 root    root 4096 Oct 12 09:28 .
[2023-10-22T01:05:58.999+0000] {subprocess.py:93} INFO - drwxr-xr-x 1 root    root 4096 Oct 22 00:55 ..
[2023-10-22T01:05:58.999+0000] {subprocess.py:93} INFO - drwxrwxr-x 1 *** root 4096 Oct 12 09:32 ***
[2023-10-22T01:05:59.000+0000] {subprocess.py:97} INFO - Command exited with return code 0
[2023-10-22T01:05:59.022+0000] {taskinstance.py:1400} INFO - Marking task as SUCCESS. dag_id=first_dagg, task_id=scrape_data, execution_date=20231022T010558, start_date=20231022T010558, end_date=20231022T010559
[2023-10-22T01:05:59.072+0000] {local_task_job_runner.py:228} INFO - Task exited with return code 0
[2023-10-22T01:05:59.085+0000] {taskinstance.py:2778} INFO - 0 downstream tasks scheduled from follow-on schedule check
