[2023-10-22T01:03:36.483+0000] {taskinstance.py:1159} INFO - Dependencies all met for dep_context=non-requeueable deps ti=<TaskInstance: first_dagg.scrape_data manual__2023-10-22T01:03:35.544393+00:00 [queued]>
[2023-10-22T01:03:36.490+0000] {taskinstance.py:1159} INFO - Dependencies all met for dep_context=requeueable deps ti=<TaskInstance: first_dagg.scrape_data manual__2023-10-22T01:03:35.544393+00:00 [queued]>
[2023-10-22T01:03:36.490+0000] {taskinstance.py:1361} INFO - Starting attempt 1 of 1
[2023-10-22T01:03:36.504+0000] {taskinstance.py:1382} INFO - Executing <Task(BashOperator): scrape_data> on 2023-10-22 01:03:35.544393+00:00
[2023-10-22T01:03:36.508+0000] {standard_task_runner.py:57} INFO - Started process 376 to run task
[2023-10-22T01:03:36.510+0000] {standard_task_runner.py:84} INFO - Running: ['***', 'tasks', 'run', 'first_dagg', 'scrape_data', 'manual__2023-10-22T01:03:35.544393+00:00', '--job-id', '10', '--raw', '--subdir', 'DAGS_FOLDER/first_dags.py', '--cfg-path', '/tmp/tmp71ilvod7']
[2023-10-22T01:03:36.511+0000] {standard_task_runner.py:85} INFO - Job 10: Subtask scrape_data
[2023-10-22T01:03:36.546+0000] {task_command.py:416} INFO - Running <TaskInstance: first_dagg.scrape_data manual__2023-10-22T01:03:35.544393+00:00 [running]> on host 88ab045975f5
[2023-10-22T01:03:36.613+0000] {taskinstance.py:1662} INFO - Exporting env vars: AIRFLOW_CTX_DAG_OWNER='me' AIRFLOW_CTX_DAG_ID='first_dagg' AIRFLOW_CTX_TASK_ID='scrape_data' AIRFLOW_CTX_EXECUTION_DATE='2023-10-22T01:03:35.544393+00:00' AIRFLOW_CTX_TRY_NUMBER='1' AIRFLOW_CTX_DAG_RUN_ID='manual__2023-10-22T01:03:35.544393+00:00'
[2023-10-22T01:03:36.614+0000] {subprocess.py:63} INFO - Tmp dir root location: /tmp
[2023-10-22T01:03:36.614+0000] {subprocess.py:75} INFO - Running command: ['/bin/bash', '-c', 'ls -la']
[2023-10-22T01:03:36.621+0000] {subprocess.py:86} INFO - Output:
[2023-10-22T01:03:36.625+0000] {subprocess.py:93} INFO - total 108
[2023-10-22T01:03:36.626+0000] {subprocess.py:93} INFO - drwxr-xr-x   1 root root  4096 Oct 22 00:55 .
[2023-10-22T01:03:36.626+0000] {subprocess.py:93} INFO - drwxr-xr-x   1 root root  4096 Oct 22 00:55 ..
[2023-10-22T01:03:36.626+0000] {subprocess.py:93} INFO - -rwxr-xr-x   1 root root     0 Oct 22 00:55 .dockerenv
[2023-10-22T01:03:36.626+0000] {subprocess.py:93} INFO - -rw-rw-r--   1 root root   282 Oct 12 09:27 ***-scheduler-autorestart
[2023-10-22T01:03:36.626+0000] {subprocess.py:93} INFO - drwxr-xr-x   1 root root  4096 Oct 12 09:27 bin
[2023-10-22T01:03:36.626+0000] {subprocess.py:93} INFO - drwxr-xr-x   2 root root  4096 Sep 29 20:00 boot
[2023-10-22T01:03:36.626+0000] {subprocess.py:93} INFO - -rwxrwxr-x   1 root root   576 Oct 12 09:27 clean-logs
[2023-10-22T01:03:36.626+0000] {subprocess.py:93} INFO - drwxr-xr-x   5 root root   340 Oct 22 00:55 dev
[2023-10-22T01:03:36.626+0000] {subprocess.py:93} INFO - -rwxrwxr-x   1 root root 11270 Oct 12 09:27 entrypoint
[2023-10-22T01:03:36.627+0000] {subprocess.py:93} INFO - drwxr-xr-x   1 root root  4096 Oct 22 00:55 etc
[2023-10-22T01:03:36.627+0000] {subprocess.py:93} INFO - drwxr-xr-x   1 root root  4096 Oct 12 09:28 home
[2023-10-22T01:03:36.627+0000] {subprocess.py:93} INFO - drwxr-xr-x   1 root root  4096 Oct 11 23:58 lib
[2023-10-22T01:03:36.627+0000] {subprocess.py:93} INFO - drwxr-xr-x   2 root root  4096 Oct  9 00:00 lib64
[2023-10-22T01:03:36.627+0000] {subprocess.py:93} INFO - drwxr-xr-x   2 root root  4096 Oct  9 00:00 media
[2023-10-22T01:03:36.627+0000] {subprocess.py:93} INFO - drwxr-xr-x   2 root root  4096 Oct  9 00:00 mnt
[2023-10-22T01:03:36.627+0000] {subprocess.py:93} INFO - drwxr-xr-x   1 root root  4096 Oct 12 09:28 opt
[2023-10-22T01:03:36.627+0000] {subprocess.py:93} INFO - dr-xr-xr-x 422 root root     0 Oct 22 00:55 proc
[2023-10-22T01:03:36.627+0000] {subprocess.py:93} INFO - drwx------   1 root root  4096 Oct 12 09:32 root
[2023-10-22T01:03:36.627+0000] {subprocess.py:93} INFO - drwxr-xr-x   1 root root  4096 Oct 12 09:27 run
[2023-10-22T01:03:36.627+0000] {subprocess.py:93} INFO - drwxr-xr-x   2 root root  4096 Oct  9 00:00 sbin
[2023-10-22T01:03:36.627+0000] {subprocess.py:93} INFO - drwxr-xr-x   1 root root  4096 Oct 12 09:27 scripts
[2023-10-22T01:03:36.628+0000] {subprocess.py:93} INFO - drwxr-xr-x   2 root root  4096 Oct  9 00:00 srv
[2023-10-22T01:03:36.628+0000] {subprocess.py:93} INFO - dr-xr-xr-x  11 root root     0 Oct 22 00:55 sys
[2023-10-22T01:03:36.628+0000] {subprocess.py:93} INFO - drwxrwxrwt   1 root root  4096 Oct 22 01:03 tmp
[2023-10-22T01:03:36.628+0000] {subprocess.py:93} INFO - drwxr-xr-x   1 root root  4096 Oct 12 09:28 usr
[2023-10-22T01:03:36.628+0000] {subprocess.py:93} INFO - drwxr-xr-x   1 root root  4096 Oct  9 00:00 var
[2023-10-22T01:03:36.628+0000] {subprocess.py:97} INFO - Command exited with return code 0
[2023-10-22T01:03:36.649+0000] {taskinstance.py:1400} INFO - Marking task as SUCCESS. dag_id=first_dagg, task_id=scrape_data, execution_date=20231022T010335, start_date=20231022T010336, end_date=20231022T010336
[2023-10-22T01:03:36.682+0000] {local_task_job_runner.py:228} INFO - Task exited with return code 0
[2023-10-22T01:03:36.695+0000] {taskinstance.py:2778} INFO - 0 downstream tasks scheduled from follow-on schedule check
