[2023-10-22T12:22:02.752+0000] {taskinstance.py:1159} INFO - Dependencies all met for dep_context=non-requeueable deps ti=<TaskInstance: ETL.Upload_Data manual__2023-10-22T12:22:01.861611+00:00 [queued]>
[2023-10-22T12:22:02.762+0000] {taskinstance.py:1159} INFO - Dependencies all met for dep_context=requeueable deps ti=<TaskInstance: ETL.Upload_Data manual__2023-10-22T12:22:01.861611+00:00 [queued]>
[2023-10-22T12:22:02.762+0000] {taskinstance.py:1361} INFO - Starting attempt 1 of 1
[2023-10-22T12:22:02.775+0000] {taskinstance.py:1382} INFO - Executing <Task(PostgresOperator): Upload_Data> on 2023-10-22 12:22:01.861611+00:00
[2023-10-22T12:22:02.780+0000] {standard_task_runner.py:57} INFO - Started process 1466 to run task
[2023-10-22T12:22:02.783+0000] {standard_task_runner.py:84} INFO - Running: ['***', 'tasks', 'run', 'ETL', 'Upload_Data', 'manual__2023-10-22T12:22:01.861611+00:00', '--job-id', '17', '--raw', '--subdir', 'DAGS_FOLDER/first_dags.py', '--cfg-path', '/tmp/tmp_0ri7on6']
[2023-10-22T12:22:02.785+0000] {standard_task_runner.py:85} INFO - Job 17: Subtask Upload_Data
[2023-10-22T12:22:02.828+0000] {task_command.py:416} INFO - Running <TaskInstance: ETL.Upload_Data manual__2023-10-22T12:22:01.861611+00:00 [running]> on host dcd154787c99
[2023-10-22T12:22:02.905+0000] {taskinstance.py:1662} INFO - Exporting env vars: AIRFLOW_CTX_DAG_OWNER='me' AIRFLOW_CTX_DAG_ID='ETL' AIRFLOW_CTX_TASK_ID='Upload_Data' AIRFLOW_CTX_EXECUTION_DATE='2023-10-22T12:22:01.861611+00:00' AIRFLOW_CTX_TRY_NUMBER='1' AIRFLOW_CTX_DAG_RUN_ID='manual__2023-10-22T12:22:01.861611+00:00'
[2023-10-22T12:22:02.906+0000] {sql.py:274} INFO - Executing: 
        SELECT current_database();
        
        
[2023-10-22T12:22:02.914+0000] {base.py:73} INFO - Using connection ID 'postgres_docker' for task execution.
[2023-10-22T12:22:02.923+0000] {base.py:73} INFO - Using connection ID 'postgres_docker' for task execution.
[2023-10-22T12:22:02.938+0000] {sql.py:418} INFO - Running statement: 
        SELECT current_database();
        
        , parameters: None
[2023-10-22T12:22:02.941+0000] {sql.py:427} INFO - Rows affected: 1
[2023-10-22T12:22:02.961+0000] {taskinstance.py:1400} INFO - Marking task as SUCCESS. dag_id=ETL, task_id=Upload_Data, execution_date=20231022T122201, start_date=20231022T122202, end_date=20231022T122202
[2023-10-22T12:22:02.995+0000] {local_task_job_runner.py:228} INFO - Task exited with return code 0
[2023-10-22T12:22:03.009+0000] {taskinstance.py:2778} INFO - 0 downstream tasks scheduled from follow-on schedule check
