[2023-10-26T11:24:19.432+0000] {taskinstance.py:1159} INFO - Dependencies all met for dep_context=non-requeueable deps ti=<TaskInstance: ETL.upload_to_drive manual__2023-10-26T11:11:19.634295+00:00 [queued]>
[2023-10-26T11:24:19.442+0000] {taskinstance.py:1159} INFO - Dependencies all met for dep_context=requeueable deps ti=<TaskInstance: ETL.upload_to_drive manual__2023-10-26T11:11:19.634295+00:00 [queued]>
[2023-10-26T11:24:19.443+0000] {taskinstance.py:1361} INFO - Starting attempt 1 of 1
[2023-10-26T11:24:19.461+0000] {taskinstance.py:1382} INFO - Executing <Task(SSHOperator): upload_to_drive> on 2023-10-26 11:11:19.634295+00:00
[2023-10-26T11:24:19.475+0000] {standard_task_runner.py:57} INFO - Started process 1907 to run task
[2023-10-26T11:24:19.479+0000] {standard_task_runner.py:84} INFO - Running: ['***', 'tasks', 'run', 'ETL', 'upload_to_drive', 'manual__2023-10-26T11:11:19.634295+00:00', '--job-id', '152', '--raw', '--subdir', 'DAGS_FOLDER/first_dags.py', '--cfg-path', '/tmp/tmphfynq11f']
[2023-10-26T11:24:19.482+0000] {standard_task_runner.py:85} INFO - Job 152: Subtask upload_to_drive
[2023-10-26T11:24:19.535+0000] {task_command.py:416} INFO - Running <TaskInstance: ETL.upload_to_drive manual__2023-10-26T11:11:19.634295+00:00 [running]> on host 9d776f2749d1
[2023-10-26T11:24:19.633+0000] {taskinstance.py:1662} INFO - Exporting env vars: AIRFLOW_CTX_DAG_OWNER='me' AIRFLOW_CTX_DAG_ID='ETL' AIRFLOW_CTX_TASK_ID='upload_to_drive' AIRFLOW_CTX_EXECUTION_DATE='2023-10-26T11:11:19.634295+00:00' AIRFLOW_CTX_TRY_NUMBER='1' AIRFLOW_CTX_DAG_RUN_ID='manual__2023-10-26T11:11:19.634295+00:00'
[2023-10-26T11:24:19.635+0000] {ssh.py:135} INFO - Creating ssh_client
[2023-10-26T11:24:19.676+0000] {ssh.py:112} INFO - ssh_hook is not provided or invalid. Trying ssh_conn_id to create SSHHook.
[2023-10-26T11:24:19.687+0000] {base.py:73} INFO - Using connection ID 'host_machine' for task execution.
[2023-10-26T11:24:19.688+0000] {ssh.py:300} WARNING - No Host Key Verification. This won't protect against Man-In-The-Middle attacks
[2023-10-26T11:24:19.702+0000] {transport.py:1893} INFO - Connected (version 2.0, client OpenSSH_8.9p1)
[2023-10-26T11:24:19.851+0000] {transport.py:1893} INFO - Authentication (password) successful!
[2023-10-26T11:24:19.853+0000] {ssh.py:476} INFO - Running command: cd /home/***/data_science/power_bi && . .venv/bin/activate && python3 drive_upload.py && deactivate 
[2023-10-26T11:24:22.038+0000] {ssh.py:527} WARNING - /home/***/data_science/power_bi/drive_upload.py:14: DeprecationWarning: [Deprecated][in version 6.0.0]: Method signature's arguments 'range_name' and 'values' will change their order. We recommend using named arguments for minimal impact. In addition, the argument 'values' will be mandatory of type: 'List[List]'. (ex) Worksheet.update(values = [[]], range_name=) 
[2023-10-26T11:24:22.039+0000] {ssh.py:527} WARNING -   sheet.update(range_name = range, values = list_values)
[2023-10-26T11:24:22.651+0000] {taskinstance.py:1400} INFO - Marking task as SUCCESS. dag_id=ETL, task_id=upload_to_drive, execution_date=20231026T111119, start_date=20231026T112419, end_date=20231026T112422
[2023-10-26T11:24:22.707+0000] {local_task_job_runner.py:228} INFO - Task exited with return code 0
[2023-10-26T11:24:22.729+0000] {taskinstance.py:2778} INFO - 0 downstream tasks scheduled from follow-on schedule check
