[2023-10-22T14:08:44.777+0000] {taskinstance.py:1159} INFO - Dependencies all met for dep_context=non-requeueable deps ti=<TaskInstance: ETL.Upload_Data manual__2023-10-22T14:08:43.185499+00:00 [queued]>
[2023-10-22T14:08:44.784+0000] {taskinstance.py:1159} INFO - Dependencies all met for dep_context=requeueable deps ti=<TaskInstance: ETL.Upload_Data manual__2023-10-22T14:08:43.185499+00:00 [queued]>
[2023-10-22T14:08:44.784+0000] {taskinstance.py:1361} INFO - Starting attempt 1 of 1
[2023-10-22T14:08:44.796+0000] {taskinstance.py:1382} INFO - Executing <Task(PostgresOperator): Upload_Data> on 2023-10-22 14:08:43.185499+00:00
[2023-10-22T14:08:44.801+0000] {standard_task_runner.py:57} INFO - Started process 263 to run task
[2023-10-22T14:08:44.803+0000] {standard_task_runner.py:84} INFO - Running: ['***', 'tasks', 'run', 'ETL', 'Upload_Data', 'manual__2023-10-22T14:08:43.185499+00:00', '--job-id', '42', '--raw', '--subdir', 'DAGS_FOLDER/first_dags.py', '--cfg-path', '/tmp/tmpp0ukm1ry']
[2023-10-22T14:08:44.805+0000] {standard_task_runner.py:85} INFO - Job 42: Subtask Upload_Data
[2023-10-22T14:08:44.842+0000] {task_command.py:416} INFO - Running <TaskInstance: ETL.Upload_Data manual__2023-10-22T14:08:43.185499+00:00 [running]> on host 7da2f449415b
[2023-10-22T14:08:44.911+0000] {taskinstance.py:1662} INFO - Exporting env vars: AIRFLOW_CTX_DAG_OWNER='me' AIRFLOW_CTX_DAG_ID='ETL' AIRFLOW_CTX_TASK_ID='Upload_Data' AIRFLOW_CTX_EXECUTION_DATE='2023-10-22T14:08:43.185499+00:00' AIRFLOW_CTX_TRY_NUMBER='1' AIRFLOW_CTX_DAG_RUN_ID='manual__2023-10-22T14:08:43.185499+00:00'
[2023-10-22T14:08:44.912+0000] {sql.py:274} INFO - Executing: 

        COPY scrap FROM '/var/lib/postgresql/data/data_upload/tangerang_transformed.csv' DELIMITER ',' CSV HEADER

        
[2023-10-22T14:08:44.918+0000] {base.py:73} INFO - Using connection ID 'postgres_docker' for task execution.
[2023-10-22T14:08:44.925+0000] {base.py:73} INFO - Using connection ID 'postgres_docker' for task execution.
[2023-10-22T14:08:44.932+0000] {sql.py:418} INFO - Running statement: 

        COPY scrap FROM '/var/lib/postgresql/data/data_upload/tangerang_transformed.csv' DELIMITER ',' CSV HEADER

        , parameters: None
[2023-10-22T14:08:44.938+0000] {sql.py:427} INFO - Rows affected: 588
[2023-10-22T14:08:44.946+0000] {taskinstance.py:1400} INFO - Marking task as SUCCESS. dag_id=ETL, task_id=Upload_Data, execution_date=20231022T140843, start_date=20231022T140844, end_date=20231022T140844
[2023-10-22T14:08:44.975+0000] {local_task_job_runner.py:228} INFO - Task exited with return code 0
[2023-10-22T14:08:44.989+0000] {taskinstance.py:2778} INFO - 0 downstream tasks scheduled from follow-on schedule check
