[2023-10-22T05:16:03.118+0000] {taskinstance.py:1159} INFO - Dependencies all met for dep_context=non-requeueable deps ti=<TaskInstance: first_dagg.task1 manual__2023-10-22T05:16:02.136221+00:00 [queued]>
[2023-10-22T05:16:03.127+0000] {taskinstance.py:1159} INFO - Dependencies all met for dep_context=requeueable deps ti=<TaskInstance: first_dagg.task1 manual__2023-10-22T05:16:02.136221+00:00 [queued]>
[2023-10-22T05:16:03.127+0000] {taskinstance.py:1361} INFO - Starting attempt 1 of 1
[2023-10-22T05:16:03.142+0000] {taskinstance.py:1382} INFO - Executing <Task(SSHOperator): task1> on 2023-10-22 05:16:02.136221+00:00
[2023-10-22T05:16:03.147+0000] {standard_task_runner.py:57} INFO - Started process 383 to run task
[2023-10-22T05:16:03.149+0000] {standard_task_runner.py:84} INFO - Running: ['***', 'tasks', 'run', 'first_dagg', 'task1', 'manual__2023-10-22T05:16:02.136221+00:00', '--job-id', '47', '--raw', '--subdir', 'DAGS_FOLDER/first_dags.py', '--cfg-path', '/tmp/tmpgtft5r8e']
[2023-10-22T05:16:03.152+0000] {standard_task_runner.py:85} INFO - Job 47: Subtask task1
[2023-10-22T05:16:03.194+0000] {task_command.py:416} INFO - Running <TaskInstance: first_dagg.task1 manual__2023-10-22T05:16:02.136221+00:00 [running]> on host 0a51e56afb27
[2023-10-22T05:16:03.273+0000] {taskinstance.py:1662} INFO - Exporting env vars: AIRFLOW_CTX_DAG_OWNER='me' AIRFLOW_CTX_DAG_ID='first_dagg' AIRFLOW_CTX_TASK_ID='task1' AIRFLOW_CTX_EXECUTION_DATE='2023-10-22T05:16:02.136221+00:00' AIRFLOW_CTX_TRY_NUMBER='1' AIRFLOW_CTX_DAG_RUN_ID='manual__2023-10-22T05:16:02.136221+00:00'
[2023-10-22T05:16:03.273+0000] {ssh.py:135} INFO - Creating ssh_client
[2023-10-22T05:16:03.302+0000] {ssh.py:112} INFO - ssh_hook is not provided or invalid. Trying ssh_conn_id to create SSHHook.
[2023-10-22T05:16:03.310+0000] {base.py:73} INFO - Using connection ID 'host_machine' for task execution.
[2023-10-22T05:16:03.310+0000] {ssh.py:300} WARNING - No Host Key Verification. This won't protect against Man-In-The-Middle attacks
[2023-10-22T05:16:03.322+0000] {transport.py:1893} INFO - Connected (version 2.0, client OpenSSH_8.9p1)
[2023-10-22T05:16:03.485+0000] {transport.py:1893} INFO - Authentication (password) successful!
[2023-10-22T05:16:03.486+0000] {ssh.py:476} INFO - Running command: cd /home/***/data_science/web_scrap/rumah/rumah && python3 --version 
[2023-10-22T05:16:03.555+0000] {ssh.py:522} INFO - Python 3.10.12
[2023-10-22T05:16:03.585+0000] {taskinstance.py:1400} INFO - Marking task as SUCCESS. dag_id=first_dagg, task_id=task1, execution_date=20231022T051602, start_date=20231022T051603, end_date=20231022T051603
[2023-10-22T05:16:03.603+0000] {local_task_job_runner.py:228} INFO - Task exited with return code 0
[2023-10-22T05:16:03.617+0000] {taskinstance.py:2778} INFO - 0 downstream tasks scheduled from follow-on schedule check
