[2023-10-22T05:39:50.383+0000] {taskinstance.py:1159} INFO - Dependencies all met for dep_context=non-requeueable deps ti=<TaskInstance: first_dagg.task1 manual__2023-10-22T05:39:49.789457+00:00 [queued]>
[2023-10-22T05:39:50.390+0000] {taskinstance.py:1159} INFO - Dependencies all met for dep_context=requeueable deps ti=<TaskInstance: first_dagg.task1 manual__2023-10-22T05:39:49.789457+00:00 [queued]>
[2023-10-22T05:39:50.390+0000] {taskinstance.py:1361} INFO - Starting attempt 1 of 1
[2023-10-22T05:39:50.405+0000] {taskinstance.py:1382} INFO - Executing <Task(SSHOperator): task1> on 2023-10-22 05:39:49.789457+00:00
[2023-10-22T05:39:50.409+0000] {standard_task_runner.py:57} INFO - Started process 1035 to run task
[2023-10-22T05:39:50.411+0000] {standard_task_runner.py:84} INFO - Running: ['***', 'tasks', 'run', 'first_dagg', 'task1', 'manual__2023-10-22T05:39:49.789457+00:00', '--job-id', '60', '--raw', '--subdir', 'DAGS_FOLDER/first_dags.py', '--cfg-path', '/tmp/tmphfjwoxdw']
[2023-10-22T05:39:50.414+0000] {standard_task_runner.py:85} INFO - Job 60: Subtask task1
[2023-10-22T05:39:50.449+0000] {task_command.py:416} INFO - Running <TaskInstance: first_dagg.task1 manual__2023-10-22T05:39:49.789457+00:00 [running]> on host 0a51e56afb27
[2023-10-22T05:39:50.524+0000] {taskinstance.py:1662} INFO - Exporting env vars: AIRFLOW_CTX_DAG_OWNER='me' AIRFLOW_CTX_DAG_ID='first_dagg' AIRFLOW_CTX_TASK_ID='task1' AIRFLOW_CTX_EXECUTION_DATE='2023-10-22T05:39:49.789457+00:00' AIRFLOW_CTX_TRY_NUMBER='1' AIRFLOW_CTX_DAG_RUN_ID='manual__2023-10-22T05:39:49.789457+00:00'
[2023-10-22T05:39:50.525+0000] {ssh.py:135} INFO - Creating ssh_client
[2023-10-22T05:39:50.553+0000] {ssh.py:112} INFO - ssh_hook is not provided or invalid. Trying ssh_conn_id to create SSHHook.
[2023-10-22T05:39:50.561+0000] {base.py:73} INFO - Using connection ID 'host_machine' for task execution.
[2023-10-22T05:39:50.562+0000] {ssh.py:300} WARNING - No Host Key Verification. This won't protect against Man-In-The-Middle attacks
[2023-10-22T05:39:50.576+0000] {transport.py:1893} INFO - Connected (version 2.0, client OpenSSH_8.9p1)
[2023-10-22T05:39:50.744+0000] {transport.py:1893} INFO - Authentication (password) successful!
[2023-10-22T05:39:50.745+0000] {ssh.py:476} INFO - Running command: cd /home/***/data_science/web_scrap/rumah/rumah && bash script2.sh 
[2023-10-22T05:39:51.143+0000] {ssh.py:527} WARNING - 2023-10-22 12:39:51 [scrapy.utils.log] INFO: Scrapy 2.11.0 started (bot: rumah)
[2023-10-22T05:39:51.144+0000] {ssh.py:527} WARNING - 2023-10-22 12:39:51 [scrapy.utils.log] INFO: Versions: lxml 4.9.3.0, libxml2 2.10.3, cssselect 1.2.0, parsel 1.8.1, w3lib 2.1.2, Twisted 22.10.0, Python 3.10.12 (main, Jun 11 2023, 05:26:28) [GCC 11.4.0], pyOpenSSL 23.2.0 (OpenSSL 3.1.3 19 Sep 2023), cryptography 41.0.4, Platform Linux-5.15.90.1-microsoft-standard-WSL2-x86_64-with-glibc2.35
[2023-10-22T05:39:51.145+0000] {ssh.py:527} WARNING - 2023-10-22 12:39:51 [scrapy.addons] INFO: Enabled addons:
[2023-10-22T05:39:51.145+0000] {ssh.py:527} WARNING - []
[2023-10-22T05:39:51.145+0000] {ssh.py:527} WARNING - 2023-10-22 12:39:51 [asyncio] DEBUG: Using selector: EpollSelector
[2023-10-22T05:39:51.146+0000] {ssh.py:527} WARNING - 2023-10-22 12:39:51 [scrapy.utils.log] DEBUG: Using reactor: twisted.internet.asyncioreactor.AsyncioSelectorReactor
[2023-10-22T05:39:51.146+0000] {ssh.py:527} WARNING - 2023-10-22 12:39:51 [scrapy.utils.log] DEBUG: Using asyncio event loop: asyncio.unix_events._UnixSelectorEventLoop
[2023-10-22T05:39:51.154+0000] {ssh.py:527} WARNING - 2023-10-22 12:39:51 [scrapy.extensions.telnet] INFO: Telnet Password: 7f68a5cdaf3ec65b
[2023-10-22T05:39:51.184+0000] {ssh.py:527} WARNING - 2023-10-22 12:39:51 [scrapy.middleware] INFO: Enabled extensions:
[2023-10-22T05:39:51.184+0000] {ssh.py:527} WARNING - ['scrapy.extensions.corestats.CoreStats',
[2023-10-22T05:39:51.184+0000] {ssh.py:527} WARNING -  'scrapy.extensions.telnet.TelnetConsole',
[2023-10-22T05:39:51.184+0000] {ssh.py:527} WARNING -  'scrapy.extensions.memusage.MemoryUsage',
[2023-10-22T05:39:51.184+0000] {ssh.py:527} WARNING -  'scrapy.extensions.closespider.CloseSpider',
[2023-10-22T05:39:51.184+0000] {ssh.py:527} WARNING -  'scrapy.extensions.feedexport.FeedExporter',
[2023-10-22T05:39:51.184+0000] {ssh.py:527} WARNING -  'scrapy.extensions.logstats.LogStats',
[2023-10-22T05:39:51.185+0000] {ssh.py:527} WARNING -  'scrapy.extensions.throttle.AutoThrottle']
[2023-10-22T05:39:51.185+0000] {ssh.py:527} WARNING - 2023-10-22 12:39:51 [scrapy.crawler] INFO: Overridden settings:
[2023-10-22T05:39:51.185+0000] {ssh.py:527} WARNING - {'AUTOTHROTTLE_ENABLED': True,
[2023-10-22T05:39:51.185+0000] {ssh.py:527} WARNING -  'BOT_NAME': 'rumah',
[2023-10-22T05:39:51.185+0000] {ssh.py:527} WARNING -  'CLOSESPIDER_PAGECOUNT': 10,
[2023-10-22T05:39:51.185+0000] {ssh.py:527} WARNING -  'FEED_EXPORT_ENCODING': 'utf-8',
[2023-10-22T05:39:51.185+0000] {ssh.py:527} WARNING -  'NEWSPIDER_MODULE': 'rumah.spiders',
[2023-10-22T05:39:51.185+0000] {ssh.py:527} WARNING -  'REQUEST_FINGERPRINTER_IMPLEMENTATION': '2.7',
[2023-10-22T05:39:51.185+0000] {ssh.py:527} WARNING -  'RETRY_HTTP_CODES': [429],
[2023-10-22T05:39:51.185+0000] {ssh.py:527} WARNING -  'SPIDER_MODULES': ['rumah.spiders'],
[2023-10-22T05:39:51.185+0000] {ssh.py:527} WARNING -  'TWISTED_REACTOR': 'twisted.internet.asyncioreactor.AsyncioSelectorReactor'}
[2023-10-22T05:39:51.227+0000] {ssh.py:527} WARNING - 2023-10-22 12:39:51 [urllib3.connectionpool] DEBUG: Starting new HTTPS connection (1): headers.scrapeops.io:443
[2023-10-22T05:39:52.534+0000] {ssh.py:527} WARNING - 2023-10-22 12:39:52 [urllib3.connectionpool] DEBUG: https://headers.scrapeops.io:443 "GET /v1/browser-headers?api_key=0c0533f0-3965-4081-91f6-032516eea822&num_results=100 HTTP/1.1" 200 None
[2023-10-22T05:39:52.816+0000] {ssh.py:527} WARNING - 2023-10-22 12:39:52 [scrapy.middleware] INFO: Enabled downloader middlewares:
[2023-10-22T05:39:52.816+0000] {ssh.py:527} WARNING - ['scrapy.downloadermiddlewares.httpauth.HttpAuthMiddleware',
[2023-10-22T05:39:52.816+0000] {ssh.py:527} WARNING -  'scrapy.downloadermiddlewares.downloadtimeout.DownloadTimeoutMiddleware',
[2023-10-22T05:39:52.816+0000] {ssh.py:527} WARNING -  'scrapy.downloadermiddlewares.defaultheaders.DefaultHeadersMiddleware',
[2023-10-22T05:39:52.816+0000] {ssh.py:527} WARNING -  'scrapy.downloadermiddlewares.useragent.UserAgentMiddleware',
[2023-10-22T05:39:52.817+0000] {ssh.py:527} WARNING -  'scrapy.downloadermiddlewares.retry.RetryMiddleware',
[2023-10-22T05:39:52.817+0000] {ssh.py:527} WARNING -  'scrapy.downloadermiddlewares.redirect.MetaRefreshMiddleware',
[2023-10-22T05:39:52.817+0000] {ssh.py:527} WARNING -  'scrapy.downloadermiddlewares.httpcompression.HttpCompressionMiddleware',
[2023-10-22T05:39:52.817+0000] {ssh.py:527} WARNING -  'scrapy.downloadermiddlewares.redirect.RedirectMiddleware',
[2023-10-22T05:39:52.817+0000] {ssh.py:527} WARNING -  'rumah.middlewares.ScrapeOpsFakeBrowserHeaderAgentMiddleware',
[2023-10-22T05:39:52.817+0000] {ssh.py:527} WARNING -  'scrapy.downloadermiddlewares.cookies.CookiesMiddleware',
[2023-10-22T05:39:52.818+0000] {ssh.py:527} WARNING -  'rumah.middlewares.TooManyRequestsRetryMiddleware',
[2023-10-22T05:39:52.818+0000] {ssh.py:527} WARNING -  'scrapy.downloadermiddlewares.httpproxy.HttpProxyMiddleware',
[2023-10-22T05:39:52.818+0000] {ssh.py:527} WARNING -  'scrapy.downloadermiddlewares.stats.DownloaderStats']
[2023-10-22T05:39:52.819+0000] {ssh.py:527} WARNING - 2023-10-22 12:39:52 [scrapy.middleware] INFO: Enabled spider middlewares:
[2023-10-22T05:39:52.819+0000] {ssh.py:527} WARNING - ['scrapy.spidermiddlewares.httperror.HttpErrorMiddleware',
[2023-10-22T05:39:52.819+0000] {ssh.py:527} WARNING -  'scrapy.spidermiddlewares.offsite.OffsiteMiddleware',
[2023-10-22T05:39:52.819+0000] {ssh.py:527} WARNING -  'scrapy.spidermiddlewares.referer.RefererMiddleware',
[2023-10-22T05:39:52.819+0000] {ssh.py:527} WARNING -  'scrapy.spidermiddlewares.urllength.UrlLengthMiddleware',
[2023-10-22T05:39:52.819+0000] {ssh.py:527} WARNING -  'scrapy.spidermiddlewares.depth.DepthMiddleware']
[2023-10-22T05:39:52.819+0000] {ssh.py:527} WARNING - 2023-10-22 12:39:52 [scrapy.middleware] INFO: Enabled item pipelines:
[2023-10-22T05:39:52.820+0000] {ssh.py:527} WARNING - []
[2023-10-22T05:39:52.820+0000] {ssh.py:527} WARNING - 2023-10-22 12:39:52 [scrapy.core.engine] INFO: Spider opened
[2023-10-22T05:39:52.822+0000] {ssh.py:527} WARNING - 2023-10-22 12:39:52 [scrapy.extensions.logstats] INFO: Crawled 0 pages (at 0 pages/min), scraped 0 items (at 0 items/min)
[2023-10-22T05:39:52.823+0000] {ssh.py:527} WARNING - 2023-10-22 12:39:52 [scrapy.extensions.telnet] INFO: Telnet console listening on 127.0.0.1:6026
[2023-10-22T05:39:54.512+0000] {ssh.py:527} WARNING - 2023-10-22 12:39:54 [scrapy.core.engine] DEBUG: Crawled (200) <GET https://www.rumah123.com/jual/tangerang/karawaci/rumah/> (referer: None)
[2023-10-22T05:39:54.646+0000] {ssh.py:522} INFO - *********************
[2023-10-22T05:39:54.647+0000] {ssh.py:522} INFO - {b'Accept': [b'text/html,application/xhtml+xml,application/xml;q=0.9,*/*;q=0.8'], b'Accept-Language': [b'en'], b'User-Agent': [b'Mozilla/5.0 (Windows NT 10.0; Win64; x64) AppleWebKit/537.36 (KHTML, like Gecko) Chrome/89.0.4389.114 Safari/537.36'], b'Accept-Encoding': [b'gzip, deflate'], b'Sec-Fetch-User': [b'?1'], b'Sec-Fetch-Mod': [b''], b'Sec-Ch-Ua-Platform': [b'Windows'], b'Sec-Ch-Ua-Mobile': [b'?0'], b'Sec-Ch-Ua': [b'Google Chrome;v="89", "Chromium";v="89", ";Not A Brand";v="99"']}
[2023-10-22T05:39:54.647+0000] {ssh.py:522} INFO - *********************
[2023-10-22T05:39:54.647+0000] {ssh.py:522} INFO - {b'Referer': [b'https://www.rumah123.com/jual/tangerang/karawaci/rumah/'], b'Accept': [b'text/html,application/xhtml+xml,application/xml;q=0.9,*/*;q=0.8'], b'Accept-Language': [b'en'], b'User-Agent': [b'Mozilla/5.0 (Windows NT 10.0; Win64; x64) AppleWebKit/537.36 (KHTML, like Gecko) Chrome/83.0.4103.61 Safari/537.36 Edg/83.0.478.37'], b'Accept-Encoding': [b'gzip, deflate'], b'Sec-Fetch-User': [b'?1'], b'Sec-Fetch-Mod': [b''], b'Sec-Ch-Ua-Platform': [b'Windows'], b'Sec-Ch-Ua-Mobile': [b'?0'], b'Sec-Ch-Ua': [b'Microsoft Edge;v="83", "Chromium";v="83", ";Not A Brand";v="99"']}
[2023-10-22T05:39:54.647+0000] {ssh.py:522} INFO - *********************
[2023-10-22T05:39:54.647+0000] {ssh.py:522} INFO - {b'Referer': [b'https://www.rumah123.com/jual/tangerang/karawaci/rumah/'], b'Accept': [b'text/html,application/xhtml+xml,application/xml;q=0.9,*/*;q=0.8'], b'Accept-Language': [b'en'], b'User-Agent': [b'Mozilla/5.0 (Windows NT 6.3; Win64; x64) AppleWebKit/537.36 (KHTML, like Gecko) Chrome/88.0.4324.190 Safari/537.36'], b'Accept-Encoding': [b'gzip, deflate'], b'Sec-Fetch-User': [b'?1'], b'Sec-Fetch-Mod': [b''], b'Sec-Ch-Ua-Platform': [b'Windows'], b'Sec-Ch-Ua-Mobile': [b'?0'], b'Sec-Ch-Ua': [b'Google Chrome;v="88", "Chromium";v="88", ";Not A Brand";v="99"']}
[2023-10-22T05:39:54.647+0000] {ssh.py:522} INFO - *********************
[2023-10-22T05:39:54.647+0000] {ssh.py:522} INFO - {b'Referer': [b'https://www.rumah123.com/jual/tangerang/karawaci/rumah/'], b'Accept': [b'text/html,application/xhtml+xml,application/xml;q=0.9,*/*;q=0.8'], b'Accept-Language': [b'en'], b'User-Agent': [b'Mozilla/5.0 (Windows NT 10.0; Win64; x64) AppleWebKit/537.36 (KHTML, like Gecko) Chrome/86.0.4240.198 Safari/537.36 Edg/86.0.622.69'], b'Accept-Encoding': [b'gzip, deflate'], b'Sec-Fetch-User': [b'?1'], b'Sec-Fetch-Mod': [b''], b'Sec-Ch-Ua-Platform': [b'Windows'], b'Sec-Ch-Ua-Mobile': [b'?0'], b'Sec-Ch-Ua': [b'Microsoft Edge;v="86", "Chromium";v="86", ";Not A Brand";v="99"']}
[2023-10-22T05:39:54.647+0000] {ssh.py:522} INFO - *********************
[2023-10-22T05:39:54.647+0000] {ssh.py:522} INFO - {b'Referer': [b'https://www.rumah123.com/jual/tangerang/karawaci/rumah/'], b'Accept': [b'text/html,application/xhtml+xml,application/xml;q=0.9,*/*;q=0.8'], b'Accept-Language': [b'en'], b'User-Agent': [b'Mozilla/5.0 (Windows NT 6.2; Win64; x64) AppleWebKit/537.36 (KHTML, like Gecko) Chrome/86.0.4240.198 Safari/537.36'], b'Accept-Encoding': [b'gzip, deflate'], b'Sec-Fetch-User': [b'?1'], b'Sec-Fetch-Mod': [b''], b'Sec-Ch-Ua-Platform': [b'Windows'], b'Sec-Ch-Ua-Mobile': [b'?0'], b'Sec-Ch-Ua': [b'Google Chrome;v="86", "Chromium";v="86", ";Not A Brand";v="99"']}
[2023-10-22T05:39:54.648+0000] {ssh.py:522} INFO - *********************
[2023-10-22T05:39:54.648+0000] {ssh.py:522} INFO - {b'Referer': [b'https://www.rumah123.com/jual/tangerang/karawaci/rumah/'], b'Accept': [b'text/html,application/xhtml+xml,application/xml;q=0.9,*/*;q=0.8'], b'Accept-Language': [b'en'], b'User-Agent': [b'Mozilla/5.0 (Windows NT 10.0; Win64; x64) AppleWebKit/537.36 (KHTML, like Gecko) Chrome/52.0.2743.116 Safari/537.36 Edge/15.15063'], b'Accept-Encoding': [b'gzip, deflate'], b'Sec-Fetch-User': [b'?1'], b'Sec-Fetch-Mod': [b''], b'Sec-Ch-Ua-Platform': [b'Windows'], b'Sec-Ch-Ua-Mobile': [b'?0'], b'Sec-Ch-Ua': [b'Google Chrome;v="95", "Chromium";v="95", ";Not A Brand";v="99"']}
[2023-10-22T05:39:54.648+0000] {ssh.py:522} INFO - *********************
[2023-10-22T05:39:54.648+0000] {ssh.py:522} INFO - {b'Referer': [b'https://www.rumah123.com/jual/tangerang/karawaci/rumah/'], b'Accept': [b'text/html,application/xhtml+xml,application/xml;q=0.9,*/*;q=0.8'], b'Accept-Language': [b'en'], b'User-Agent': [b'Mozilla/5.0 (Macintosh; Intel Mac OS X 10_15_7) AppleWebKit/537.36 (KHTML, like Gecko) Chrome/89.0.4389.90 Safari/537.36'], b'Accept-Encoding': [b'gzip, deflate'], b'Sec-Fetch-User': [b'?1'], b'Sec-Fetch-Mod': [b''], b'Sec-Ch-Ua-Platform': [b'macOS'], b'Sec-Ch-Ua-Mobile': [b'?0'], b'Sec-Ch-Ua': [b'Google Chrome;v="89", "Chromium";v="89", ";Not A Brand";v="99"']}
[2023-10-22T05:39:54.648+0000] {ssh.py:522} INFO - *********************
[2023-10-22T05:39:54.648+0000] {ssh.py:522} INFO - {b'Referer': [b'https://www.rumah123.com/jual/tangerang/karawaci/rumah/'], b'Accept': [b'text/html,application/xhtml+xml,application/xml;q=0.9,*/*;q=0.8'], b'Accept-Language': [b'en'], b'User-Agent': [b'Mozilla/5.0 (Windows NT 10.0; Win64; x64) AppleWebKit/537.36 (KHTML, like Gecko) Chrome/87.0.4280.67 Safari/537.36 Edg/87.0.664.52'], b'Accept-Encoding': [b'gzip, deflate'], b'Sec-Fetch-User': [b'?1'], b'Sec-Fetch-Mod': [b''], b'Sec-Ch-Ua-Platform': [b'Windows'], b'Sec-Ch-Ua-Mobile': [b'?0'], b'Sec-Ch-Ua': [b'Microsoft Edge;v="87", "Chromium";v="87", ";Not A Brand";v="99"']}
[2023-10-22T05:39:54.648+0000] {ssh.py:522} INFO - *********************
[2023-10-22T05:39:54.648+0000] {ssh.py:522} INFO - {b'Referer': [b'https://www.rumah123.com/jual/tangerang/karawaci/rumah/'], b'Accept': [b'text/html,application/xhtml+xml,application/xml;q=0.9,*/*;q=0.8'], b'Accept-Language': [b'en'], b'User-Agent': [b'Mozilla/5.0 (Windows NT 10.0; WOW64) AppleWebKit/537.36 (KHTML, like Gecko) Chrome/86.0.4240.111 Safari/537.36'], b'Accept-Encoding': [b'gzip, deflate'], b'Sec-Fetch-User': [b'?1'], b'Sec-Fetch-Mod': [b''], b'Sec-Ch-Ua-Platform': [b'Windows'], b'Sec-Ch-Ua-Mobile': [b'?0'], b'Sec-Ch-Ua': [b'Google Chrome;v="86", "Chromium";v="86", ";Not A Brand";v="99"']}
[2023-10-22T05:39:54.648+0000] {ssh.py:522} INFO - *********************
[2023-10-22T05:39:54.648+0000] {ssh.py:522} INFO - {b'Referer': [b'https://www.rumah123.com/jual/tangerang/karawaci/rumah/'], b'Accept': [b'text/html,application/xhtml+xml,application/xml;q=0.9,*/*;q=0.8'], b'Accept-Language': [b'en'], b'User-Agent': [b'Mozilla/5.0 (Windows NT 10.0; Win64; x64) AppleWebKit/537.36 (KHTML, like Gecko) Chrome/89.0.4389.82 Safari/537.36 Edg/89.0.774.50'], b'Accept-Encoding': [b'gzip, deflate'], b'Sec-Fetch-User': [b'?1'], b'Sec-Fetch-Mod': [b''], b'Sec-Ch-Ua-Platform': [b'Windows'], b'Sec-Ch-Ua-Mobile': [b'?0'], b'Sec-Ch-Ua': [b'Microsoft Edge;v="89", "Chromium";v="89", ";Not A Brand";v="99"']}
[2023-10-22T05:39:54.648+0000] {ssh.py:522} INFO - *********************
[2023-10-22T05:39:54.648+0000] {ssh.py:522} INFO - {b'Referer': [b'https://www.rumah123.com/jual/tangerang/karawaci/rumah/'], b'Accept': [b'text/html,application/xhtml+xml,application/xml;q=0.9,*/*;q=0.8'], b'Accept-Language': [b'en'], b'User-Agent': [b'Mozilla/5.0 (Windows NT 10.0; WOW64) AppleWebKit/537.36 (KHTML, like Gecko) Chrome/83.0.4103.116 Safari/537.36'], b'Accept-Encoding': [b'gzip, deflate'], b'Sec-Fetch-User': [b'?1'], b'Sec-Fetch-Mod': [b''], b'Sec-Ch-Ua-Platform': [b'Windows'], b'Sec-Ch-Ua-Mobile': [b'?0'], b'Sec-Ch-Ua': [b'Google Chrome;v="83", "Chromium";v="83", ";Not A Brand";v="99"']}
[2023-10-22T05:39:54.649+0000] {ssh.py:522} INFO - *********************
[2023-10-22T05:39:54.649+0000] {ssh.py:522} INFO - {b'Referer': [b'https://www.rumah123.com/jual/tangerang/karawaci/rumah/'], b'Accept': [b'text/html,application/xhtml+xml,application/xml;q=0.9,*/*;q=0.8'], b'Accept-Language': [b'en'], b'User-Agent': [b'Mozilla/5.0 (Windows NT 10.0; Win64; x64) AppleWebKit/537.36 (KHTML, like Gecko) Chrome/89.0.4389.90 Safari/537.36 Edg/89.0.774.54'], b'Accept-Encoding': [b'gzip, deflate'], b'Sec-Fetch-User': [b'?1'], b'Sec-Fetch-Mod': [b''], b'Sec-Ch-Ua-Platform': [b'Windows'], b'Sec-Ch-Ua-Mobile': [b'?0'], b'Sec-Ch-Ua': [b'Microsoft Edge;v="89", "Chromium";v="89", ";Not A Brand";v="99"']}
[2023-10-22T05:39:54.649+0000] {ssh.py:522} INFO - *********************
[2023-10-22T05:39:54.649+0000] {ssh.py:522} INFO - {b'Referer': [b'https://www.rumah123.com/jual/tangerang/karawaci/rumah/'], b'Accept': [b'text/html,application/xhtml+xml,application/xml;q=0.9,*/*;q=0.8'], b'Accept-Language': [b'en'], b'User-Agent': [b'Mozilla/5.0 (Windows NT 6.1; ) AppleWebKit/537.36 (KHTML, like Gecko) Chrome/83.0.4103.116 Safari/537.36'], b'Accept-Encoding': [b'gzip, deflate'], b'Sec-Fetch-User': [b'?1'], b'Sec-Fetch-Mod': [b''], b'Sec-Ch-Ua-Platform': [b'Windows'], b'Sec-Ch-Ua-Mobile': [b'?0'], b'Sec-Ch-Ua': [b'Google Chrome;v="83", "Chromium";v="83", ";Not A Brand";v="99"']}
[2023-10-22T05:39:54.649+0000] {ssh.py:522} INFO - *********************
[2023-10-22T05:39:59.355+0000] {ssh.py:527} WARNING - 2023-10-22 12:39:59 [scrapy.core.engine] DEBUG: Crawled (200) <GET https://www.rumah123.com/properti/tangerang/hos14872902/> (referer: https://www.rumah123.com/jual/tangerang/karawaci/rumah/)
[2023-10-22T05:39:59.474+0000] {ssh.py:527} WARNING - 2023-10-22 12:39:59 [scrapy.core.scraper] DEBUG: Scraped from <200 https://www.rumah123.com/properti/tangerang/hos14872902/>
[2023-10-22T05:39:59.474+0000] {ssh.py:527} WARNING - {'harga': 'Rp 2,04 Miliar', 'alamat': 'Karawaci, Tangerang', 'fasilitas': ['Taman', 'Tempat Jemuran', 'Keamanan 24 jam'], 'spesifikasi': [['Kamar Tidur', '5'], ['Kamar Mandi', '3'], ['Luas Tanah', '120 m²'], ['Luas Bangunan', '180 m²'], ['Carport', '1'], ['Tipe Properti', 'Rumah'], ['Sertifikat', 'SHM - Sertifikat Hak Milik'], ['Daya Listrik', '4400 Watt'], ['Dapur', '1'], ['Ruang Makan', 'Ya'], ['Ruang Tamu', 'Ya'], ['Kondisi Perabotan', 'Unfurnished'], ['Jumlah Lantai', '2'], ['Hadap', 'Selatan'], ['Terjangkau Internet', 'Tidak'], ['Sumber Air', 'PAM atau PDAM'], ['Hook', 'Tidak'], ['Kondisi Properti', 'Bagus'], ['ID Iklan', 'hos14872902']]}
[2023-10-22T05:40:01.636+0000] {ssh.py:527} WARNING - 2023-10-22 12:40:01 [scrapy.core.engine] DEBUG: Crawled (200) <GET https://www.rumah123.com/jual/tangerang/karawaci/rumah/?page=2> (referer: https://www.rumah123.com/jual/tangerang/karawaci/rumah/)
[2023-10-22T05:40:04.343+0000] {ssh.py:527} WARNING - 2023-10-22 12:40:04 [scrapy.core.engine] DEBUG: Crawled (200) <GET https://www.rumah123.com/properti/tangerang/hos15141724/> (referer: https://www.rumah123.com/jual/tangerang/karawaci/rumah/)
[2023-10-22T05:40:04.462+0000] {ssh.py:527} WARNING - 2023-10-22 12:40:04 [scrapy.core.scraper] DEBUG: Scraped from <200 https://www.rumah123.com/properti/tangerang/hos15141724/>
[2023-10-22T05:40:04.462+0000] {ssh.py:527} WARNING - {'harga': 'Rp 909 Juta', 'alamat': 'Karawaci, Tangerang', 'fasilitas': ['Tempat Jemuran', 'Keamanan 24 jam'], 'spesifikasi': [['Kamar Tidur', '2'], ['Kamar Mandi', '1'], ['Luas Tanah', '76 m²'], ['Luas Bangunan', '48 m²'], ['Tipe Properti', 'Rumah'], ['Sertifikat', 'SHM - Sertifikat Hak Milik'], ['Daya Listrik', '1300 Watt'], ['Ruang Makan', 'Tidak'], ['Ruang Tamu', 'Tidak'], ['Kondisi Perabotan', 'Unfurnished'], ['Jumlah Lantai', '1'], ['Terjangkau Internet', 'Tidak'], ['Sumber Air', 'PAM atau PDAM'], ['Hook', 'Tidak'], ['Kondisi Properti', 'Bagus'], ['ID Iklan', 'hos15141724']]}
[2023-10-22T05:40:06.269+0000] {ssh.py:527} WARNING - 2023-10-22 12:40:06 [scrapy.core.engine] DEBUG: Crawled (200) <GET https://www.rumah123.com/properti/tangerang/hos15141795/> (referer: https://www.rumah123.com/jual/tangerang/karawaci/rumah/)
[2023-10-22T05:40:06.387+0000] {ssh.py:527} WARNING - 2023-10-22 12:40:06 [scrapy.core.scraper] DEBUG: Scraped from <200 https://www.rumah123.com/properti/tangerang/hos15141795/>
[2023-10-22T05:40:06.387+0000] {ssh.py:527} WARNING - {'harga': 'Rp 1,28 Miliar', 'alamat': 'Karawaci, Tangerang', 'fasilitas': ['Tempat Jemuran', 'Keamanan 24 jam', 'Taman'], 'spesifikasi': [['Kamar Tidur', '2'], ['Kamar Mandi', '3'], ['Luas Tanah', '74 m²'], ['Luas Bangunan', '72 m²'], ['Tipe Properti', 'Rumah'], ['Sertifikat', 'SHM - Sertifikat Hak Milik'], ['Daya Listrik', '2200 Watt'], ['Ruang Makan', 'Tidak'], ['Ruang Tamu', 'Tidak'], ['Kondisi Perabotan', 'Unfurnished'], ['Jumlah Lantai', '2'], ['Terjangkau Internet', 'Tidak'], ['Hook', 'Tidak'], ['Kondisi Properti', 'Bagus'], ['ID Iklan', 'hos15141795']]}
[2023-10-22T05:40:07.492+0000] {ssh.py:527} WARNING - 2023-10-22 12:40:07 [scrapy.core.engine] DEBUG: Crawled (200) <GET https://www.rumah123.com/properti/tangerang/hos15141902/> (referer: https://www.rumah123.com/jual/tangerang/karawaci/rumah/)
[2023-10-22T05:40:07.612+0000] {ssh.py:527} WARNING - 2023-10-22 12:40:07 [scrapy.core.scraper] DEBUG: Scraped from <200 https://www.rumah123.com/properti/tangerang/hos15141902/>
[2023-10-22T05:40:07.613+0000] {ssh.py:527} WARNING - {'harga': 'Rp 1,8 Miliar', 'alamat': 'Karawaci, Tangerang', 'fasilitas': ['Tempat Jemuran', 'Keamanan 24 jam'], 'spesifikasi': [['Kamar Tidur', '2'], ['Kamar Mandi', '2'], ['Luas Tanah', '126 m²'], ['Luas Bangunan', '152 m²'], ['Tipe Properti', 'Rumah'], ['Sertifikat', 'SHM - Sertifikat Hak Milik'], ['Daya Listrik', '2200 Watt'], ['Kamar Pembantu', '1'], ['Ruang Makan', 'Tidak'], ['Ruang Tamu', 'Tidak'], ['Kondisi Perabotan', 'Unfurnished'], ['Jumlah Lantai', '2'], ['Terjangkau Internet', 'Tidak'], ['Hook', 'Tidak'], ['Kondisi Properti', 'Bagus'], ['ID Iklan', 'hos15141902']]}
[2023-10-22T05:40:08.816+0000] {ssh.py:527} WARNING - 2023-10-22 12:40:08 [scrapy.core.engine] DEBUG: Crawled (200) <GET https://www.rumah123.com/properti/tangerang/hos14036426/> (referer: https://www.rumah123.com/jual/tangerang/karawaci/rumah/)
[2023-10-22T05:40:08.934+0000] {ssh.py:527} WARNING - 2023-10-22 12:40:08 [scrapy.core.scraper] DEBUG: Scraped from <200 https://www.rumah123.com/properti/tangerang/hos14036426/>
[2023-10-22T05:40:08.934+0000] {ssh.py:527} WARNING - {'harga': 'Rp 1,13 Miliar', 'alamat': 'Karawaci, Tangerang', 'fasilitas': ['Taman', 'Tempat Jemuran', 'Keamanan 24 jam'], 'spesifikasi': [['Kamar Tidur', '3'], ['Kamar Mandi', '1'], ['Luas Tanah', '120 m²'], ['Luas Bangunan', '80 m²'], ['Carport', '1'], ['Tipe Properti', 'Rumah'], ['Sertifikat', 'SHM - Sertifikat Hak Milik'], ['Daya Listrik', '1300 Watt'], ['Dapur', '1'], ['Ruang Makan', 'Ya'], ['Ruang Tamu', 'Ya'], ['Kondisi Perabotan', 'Unfurnished'], ['Jumlah Lantai', '1'], ['Hadap', 'Timur'], ['Terjangkau Internet', 'Tidak'], ['Hook', 'Tidak'], ['Kondisi Properti', 'Bagus'], ['ID Iklan', 'hos14036426']]}
[2023-10-22T05:40:10.362+0000] {ssh.py:527} WARNING - 2023-10-22 12:40:10 [scrapy.core.engine] DEBUG: Crawled (200) <GET https://www.rumah123.com/properti/tangerang/hos14503505/> (referer: https://www.rumah123.com/jual/tangerang/karawaci/rumah/)
[2023-10-22T05:40:10.487+0000] {ssh.py:527} WARNING - 2023-10-22 12:40:10 [scrapy.core.scraper] DEBUG: Scraped from <200 https://www.rumah123.com/properti/tangerang/hos14503505/>
[2023-10-22T05:40:10.487+0000] {ssh.py:527} WARNING - {'harga': 'Rp 1,18 Miliar', 'alamat': 'Karawaci, Tangerang', 'fasilitas': ['Taman', 'Tempat Jemuran', 'Keamanan 24 jam'], 'spesifikasi': [['Kamar Tidur', '3'], ['Kamar Mandi', '1'], ['Luas Tanah', '96 m²'], ['Luas Bangunan', '56 m²'], ['Carport', '1'], ['Tipe Properti', 'Rumah'], ['Sertifikat', 'SHM - Sertifikat Hak Milik'], ['Daya Listrik', '3500 Watt'], ['Dapur', '1'], ['Ruang Makan', 'Ya'], ['Ruang Tamu', 'Ya'], ['Kondisi Perabotan', 'Unfurnished'], ['Jumlah Lantai', '1'], ['Hadap', 'Utara'], ['Terjangkau Internet', 'Tidak'], ['Sumber Air', 'PAM atau PDAM'], ['Hook', 'Tidak'], ['Kondisi Properti', 'Bagus'], ['ID Iklan', 'hos14503505']]}
[2023-10-22T05:40:10.945+0000] {ssh.py:527} WARNING - 2023-10-22 12:40:10 [scrapy.core.engine] DEBUG: Crawled (200) <GET https://www.rumah123.com/properti/tangerang/hos13785132/> (referer: https://www.rumah123.com/jual/tangerang/karawaci/rumah/)
[2023-10-22T05:40:11.062+0000] {ssh.py:527} WARNING - 2023-10-22 12:40:11 [scrapy.core.scraper] DEBUG: Scraped from <200 https://www.rumah123.com/properti/tangerang/hos13785132/>
[2023-10-22T05:40:11.062+0000] {ssh.py:527} WARNING - {'harga': 'Rp 1,4 Miliar', 'alamat': 'Karawaci, Tangerang', 'fasilitas': ['Taman', 'Tempat Jemuran', 'Keamanan 24 jam'], 'spesifikasi': [['Kamar Tidur', '3'], ['Kamar Mandi', '1'], ['Luas Tanah', '112 m²'], ['Luas Bangunan', '200 m²'], ['Carport', '1'], ['Tipe Properti', 'Rumah'], ['Sertifikat', 'SHM - Sertifikat Hak Milik'], ['Daya Listrik', '3300 Watt'], ['Kamar Pembantu', '1'], ['Dapur', '1'], ['Ruang Makan', 'Ya'], ['Ruang Tamu', 'Ya'], ['Kondisi Perabotan', 'Unfurnished'], ['Jumlah Lantai', '2'], ['Hadap', 'Utara'], ['Terjangkau Internet', 'Tidak'], ['Hook', 'Tidak'], ['Kondisi Properti', 'Bagus'], ['ID Iklan', 'hos13785132']]}
[2023-10-22T05:40:12.367+0000] {ssh.py:527} WARNING - 2023-10-22 12:40:12 [scrapy.core.engine] DEBUG: Crawled (200) <GET https://www.rumah123.com/properti/tangerang/hos14677801/> (referer: https://www.rumah123.com/jual/tangerang/karawaci/rumah/)
[2023-10-22T05:40:12.367+0000] {ssh.py:527} WARNING - 2023-10-22 12:40:12 [scrapy.core.engine] INFO: Closing spider (closespider_pagecount)
[2023-10-22T05:40:12.487+0000] {ssh.py:527} WARNING - 2023-10-22 12:40:12 [scrapy.core.scraper] DEBUG: Scraped from <200 https://www.rumah123.com/properti/tangerang/hos14677801/>
[2023-10-22T05:40:12.487+0000] {ssh.py:527} WARNING - {'harga': 'Rp 1,02 Miliar', 'alamat': 'Karawaci, Tangerang', 'fasilitas': ['Taman', 'Tempat Jemuran', 'Keamanan 24 jam'], 'spesifikasi': [['Kamar Tidur', '5'], ['Kamar Mandi', '2'], ['Luas Tanah', '72 m²'], ['Luas Bangunan', '72 m²'], ['Carport', '1'], ['Tipe Properti', 'Rumah'], ['Sertifikat', 'SHM - Sertifikat Hak Milik'], ['Daya Listrik', '2200 Watt'], ['Dapur', '1'], ['Ruang Makan', 'Ya'], ['Ruang Tamu', 'Ya'], ['Kondisi Perabotan', 'Unfurnished'], ['Jumlah Lantai', '2'], ['Hadap', 'Selatan'], ['Terjangkau Internet', 'Tidak'], ['Hook', 'Tidak'], ['Kondisi Properti', 'Bagus'], ['ID Iklan', 'hos14677801']]}
[2023-10-22T05:40:13.567+0000] {ssh.py:527} WARNING - 2023-10-22 12:40:13 [scrapy.core.engine] DEBUG: Crawled (200) <GET https://www.rumah123.com/properti/tangerang/hos14927706/> (referer: https://www.rumah123.com/jual/tangerang/karawaci/rumah/)
[2023-10-22T05:40:13.685+0000] {ssh.py:527} WARNING - 2023-10-22 12:40:13 [scrapy.core.scraper] DEBUG: Scraped from <200 https://www.rumah123.com/properti/tangerang/hos14927706/>
[2023-10-22T05:40:13.686+0000] {ssh.py:527} WARNING - {'harga': 'Rp 545 Juta', 'alamat': 'Karawaci, Tangerang', 'fasilitas': ['Jalur Telepon', ' Taman', 'Tempat Jemuran'], 'spesifikasi': [['Kamar Tidur', '2'], ['Kamar Mandi', '1'], ['Luas Tanah', '72 m²'], ['Luas Bangunan', '45 m²'], ['Carport', '1'], ['Tipe Properti', 'Rumah'], ['Sertifikat', 'SHM - Sertifikat Hak Milik'], ['Daya Listrik', '1300 Watt'], ['Dapur', '1'], ['Ruang Makan', 'Ya'], ['Ruang Tamu', 'Ya'], ['Jumlah Lantai', '1'], ['Terjangkau Internet', 'Ya'], ['Sumber Air', 'PAM atau PDAM'], ['Hook', 'Tidak'], ['Kondisi Properti', 'Bagus'], ['ID Iklan', 'hos14927706']]}
[2023-10-22T05:40:14.599+0000] {ssh.py:527} WARNING - 2023-10-22 12:40:14 [scrapy.core.engine] DEBUG: Crawled (200) <GET https://www.rumah123.com/properti/tangerang/hos12515102/> (referer: https://www.rumah123.com/jual/tangerang/karawaci/rumah/)
[2023-10-22T05:40:14.718+0000] {ssh.py:527} WARNING - 2023-10-22 12:40:14 [scrapy.core.scraper] DEBUG: Scraped from <200 https://www.rumah123.com/properti/tangerang/hos12515102/>
[2023-10-22T05:40:14.718+0000] {ssh.py:527} WARNING - {'harga': 'Rp 987 Juta', 'alamat': 'Karawaci, Tangerang', 'fasilitas': ['CCTV', ' Jogging Track', ' Keamanan', ' Kolam Renang', ' Masjid', 'Taman', 'Tempat Jemuran', 'Pemanas Air', 'Wastafel', 'Lapangan Basket', 'Lapangan Bola', ' Lapangan Bulu Tangkis', ' Lapangan Voli', ' Tempat Gym', ' Track Lari'], 'spesifikasi': [['Kamar Tidur', '4'], ['Kamar Mandi', '2'], ['Luas Tanah', '72 m²'], ['Luas Bangunan', '83 m²'], ['Tipe Properti', 'Rumah'], ['Sertifikat', 'SHM - Sertifikat Hak Milik'], ['Daya Listrik', '2200 Watt'], ['Dapur', '1'], ['Ruang Makan', 'Ya'], ['Ruang Tamu', 'Ya'], ['Kondisi Perabotan', 'Unfurnished'], ['Material Bangunan', 'Bata Merah'], ['Material Lantai', 'Granit'], ['Jumlah Lantai', '2'], ['Hadap', 'Selatan'], ['Konsep dan Gaya Rumah', 'Modern'], ['Pemandangan', 'Taman Kota'], ['Terjangkau Internet', 'Ya'], ['Lebar Jalan', '2 Mobil'], ['Tahun Dibangun', '2023'], ['Tahun Di Renovasi', '2022'], ['Sumber Air', 'PAM atau PDAM'], ['Hook', 'Tidak'], ['Kondisi Properti', 'Baru'], ['ID Iklan', 'hos12515102']]}
[2023-10-22T05:40:16.772+0000] {ssh.py:527} WARNING - 2023-10-22 12:40:16 [scrapy.core.engine] DEBUG: Crawled (200) <GET https://www.rumah123.com/properti/tangerang/hos15068738/> (referer: https://www.rumah123.com/jual/tangerang/karawaci/rumah/)
[2023-10-22T05:40:16.888+0000] {ssh.py:527} WARNING - 2023-10-22 12:40:16 [scrapy.core.scraper] DEBUG: Scraped from <200 https://www.rumah123.com/properti/tangerang/hos15068738/>
[2023-10-22T05:40:16.888+0000] {ssh.py:527} WARNING - {'harga': 'Rp 1,82 Miliar', 'alamat': 'Karawaci, Tangerang', 'fasilitas': ['Tempat Jemuran', 'Keamanan 24 jam'], 'spesifikasi': [['Kamar Tidur', '4'], ['Kamar Mandi', '3'], ['Luas Tanah', '144 m²'], ['Luas Bangunan', '160 m²'], ['Tipe Properti', 'Rumah'], ['Sertifikat', 'SHM - Sertifikat Hak Milik'], ['Daya Listrik', '2200 Watt'], ['Ruang Makan', 'Tidak'], ['Ruang Tamu', 'Tidak'], ['Kondisi Perabotan', 'Unfurnished'], ['Jumlah Lantai', '2'], ['Terjangkau Internet', 'Tidak'], ['Hook', 'Tidak'], ['Kondisi Properti', 'Bagus'], ['ID Iklan', 'hos15068738']]}
[2023-10-22T05:40:17.127+0000] {ssh.py:527} WARNING - 2023-10-22 12:40:17 [scrapy.core.engine] DEBUG: Crawled (200) <GET https://www.rumah123.com/properti/tangerang/hos15003856/> (referer: https://www.rumah123.com/jual/tangerang/karawaci/rumah/)
[2023-10-22T05:40:17.252+0000] {ssh.py:527} WARNING - 2023-10-22 12:40:17 [scrapy.core.scraper] DEBUG: Scraped from <200 https://www.rumah123.com/properti/tangerang/hos15003856/>
[2023-10-22T05:40:17.252+0000] {ssh.py:527} WARNING - {'harga': 'Rp 950 Juta', 'alamat': 'Karawaci, Tangerang', 'fasilitas': ['Jalur Telepon', ' Taman', 'Tempat Jemuran'], 'spesifikasi': [['Kamar Tidur', '4'], ['Kamar Mandi', '3'], ['Luas Tanah', '100 m²'], ['Luas Bangunan', '150 m²'], ['Carport', '1'], ['Tipe Properti', 'Rumah'], ['Sertifikat', 'SHM - Sertifikat Hak Milik'], ['Daya Listrik', '3500 Watt'], ['Dapur', '1'], ['Ruang Makan', 'Ya'], ['Ruang Tamu', 'Ya'], ['Jumlah Lantai', '2'], ['Terjangkau Internet', 'Ya'], ['Sumber Air', 'PAM atau PDAM'], ['Hook', 'Tidak'], ['Kondisi Properti', 'Bagus'], ['ID Iklan', 'hos15003856']]}
[2023-10-22T05:40:18.239+0000] {ssh.py:527} WARNING - 2023-10-22 12:40:18 [scrapy.core.engine] DEBUG: Crawled (200) <GET https://www.rumah123.com/properti/tangerang/hos15068720/> (referer: https://www.rumah123.com/jual/tangerang/karawaci/rumah/)
[2023-10-22T05:40:18.358+0000] {ssh.py:527} WARNING - 2023-10-22 12:40:18 [scrapy.core.scraper] DEBUG: Scraped from <200 https://www.rumah123.com/properti/tangerang/hos15068720/>
[2023-10-22T05:40:18.358+0000] {ssh.py:527} WARNING - {'harga': 'Rp 810 Juta', 'alamat': 'Karawaci, Tangerang', 'fasilitas': ['Tempat Jemuran', 'Keamanan 24 jam'], 'spesifikasi': [['Kamar Tidur', '2'], ['Kamar Mandi', '1'], ['Luas Tanah', '60 m²'], ['Luas Bangunan', '75 m²'], ['Tipe Properti', 'Rumah'], ['Sertifikat', 'SHM - Sertifikat Hak Milik'], ['Daya Listrik', '3500 Watt'], ['Ruang Makan', 'Tidak'], ['Ruang Tamu', 'Tidak'], ['Kondisi Perabotan', 'Unfurnished'], ['Jumlah Lantai', '1'], ['Terjangkau Internet', 'Tidak'], ['Hook', 'Tidak'], ['Kondisi Properti', 'Bagus'], ['ID Iklan', 'hos15068720']]}
[2023-10-22T05:40:19.614+0000] {ssh.py:527} WARNING - 2023-10-22 12:40:19 [scrapy.core.engine] DEBUG: Crawled (200) <GET https://www.rumah123.com/properti/tangerang/hos14929096/> (referer: https://www.rumah123.com/jual/tangerang/karawaci/rumah/)
[2023-10-22T05:40:19.729+0000] {ssh.py:527} WARNING - 2023-10-22 12:40:19 [scrapy.core.scraper] DEBUG: Scraped from <200 https://www.rumah123.com/properti/tangerang/hos14929096/>
[2023-10-22T05:40:19.729+0000] {ssh.py:527} WARNING - {'harga': 'Rp 1,02 Miliar', 'alamat': 'Karawaci, Tangerang', 'fasilitas': ['Tempat Jemuran', 'Keamanan 24 jam'], 'spesifikasi': [['Kamar Tidur', '2'], ['Kamar Mandi', '2'], ['Luas Tanah', '60 m²'], ['Luas Bangunan', '50 m²'], ['Tipe Properti', 'Rumah'], ['Sertifikat', 'SHM - Sertifikat Hak Milik'], ['Daya Listrik', '2200 Watt'], ['Ruang Makan', 'Tidak'], ['Ruang Tamu', 'Tidak'], ['Kondisi Perabotan', 'Unfurnished'], ['Jumlah Lantai', '2'], ['Terjangkau Internet', 'Tidak'], ['Sumber Air', 'PAM atau PDAM'], ['Hook', 'Tidak'], ['Kondisi Properti', 'Bagus'], ['ID Iklan', 'hos14929096']]}
[2023-10-22T05:40:21.950+0000] {ssh.py:527} WARNING - 2023-10-22 12:40:21 [scrapy.core.engine] DEBUG: Crawled (200) <GET https://www.rumah123.com/properti/tangerang/hos14918485/> (referer: https://www.rumah123.com/jual/tangerang/karawaci/rumah/)
[2023-10-22T05:40:22.068+0000] {ssh.py:527} WARNING - 2023-10-22 12:40:22 [scrapy.core.scraper] DEBUG: Scraped from <200 https://www.rumah123.com/properti/tangerang/hos14918485/>
[2023-10-22T05:40:22.068+0000] {ssh.py:527} WARNING - {'harga': 'Rp 559 Juta', 'alamat': 'Karawaci, Tangerang', 'fasilitas': ['Taman', 'Akses Parkir', ' CCTV', 'Keamanan 24 jam', ' One Gate System', ' Playground', 'Track Lari'], 'spesifikasi': [['Kamar Tidur', '3'], ['Kamar Mandi', '3'], ['Luas Tanah', '52 m²'], ['Luas Bangunan', '60 m²'], ['Carport', '1'], ['Tipe Properti', 'Rumah'], ['Sertifikat', 'SHM - Sertifikat Hak Milik'], ['Daya Listrik', '3500 Watt'], ['Dapur', '1'], ['Ruang Makan', 'Ya'], ['Ruang Tamu', 'Ya'], ['Kondisi Perabotan', 'Unfurnished'], ['Jumlah Lantai', '2'], ['Konsep dan Gaya Rumah', 'Minimalis Modern'], ['Pemandangan', 'Perkotaan'], ['Terjangkau Internet', 'Ya'], ['Lebar Jalan', '3 Mobil'], ['Hook', 'Tidak'], ['Kondisi Properti', 'Baru'], ['ID Iklan', 'hos14918485']]}
[2023-10-22T05:40:22.946+0000] {ssh.py:527} WARNING - 2023-10-22 12:40:22 [scrapy.core.engine] DEBUG: Crawled (200) <GET https://www.rumah123.com/properti/tangerang/hos14717413/> (referer: https://www.rumah123.com/jual/tangerang/karawaci/rumah/)
[2023-10-22T05:40:23.064+0000] {ssh.py:527} WARNING - 2023-10-22 12:40:23 [scrapy.core.scraper] DEBUG: Scraped from <200 https://www.rumah123.com/properti/tangerang/hos14717413/>
[2023-10-22T05:40:23.064+0000] {ssh.py:527} WARNING - {'harga': 'Rp 991 Juta', 'alamat': 'Karawaci, Tangerang', 'fasilitas': ['CCTV', ' Jogging Track', ' Keamanan', ' Kolam Renang', ' Masjid', 'Taman', 'Tempat Jemuran', 'Kitchen Set', 'Track Lari'], 'spesifikasi': [['Kamar Tidur', '4'], ['Kamar Mandi', '2'], ['Luas Tanah', '70 m²'], ['Luas Bangunan', '77 m²'], ['Carport', '2'], ['Tipe Properti', 'Rumah'], ['Sertifikat', 'SHM - Sertifikat Hak Milik'], ['Daya Listrik', '2200 Watt'], ['Dapur', '1'], ['Ruang Makan', 'Ya'], ['Ruang Tamu', 'Ya'], ['Kondisi Perabotan', 'Unfurnished'], ['Material Bangunan', 'Bata Merah'], ['Material Lantai', 'Granit'], ['Jumlah Lantai', '2'], ['Hadap', 'Utara'], ['Konsep dan Gaya Rumah', 'Modern'], ['Pemandangan', 'Taman Kota'], ['Terjangkau Internet', 'Ya'], ['Lebar Jalan', '3 Mobil'], ['Tahun Dibangun', '2022'], ['Tahun Di Renovasi', '2022'], ['Sumber Air', 'PAM atau PDAM'], ['Hook', 'Tidak'], ['Kondisi Properti', 'Baru'], ['ID Iklan', 'hos14717413']]}
[2023-10-22T05:40:24.020+0000] {ssh.py:527} WARNING - 2023-10-22 12:40:24 [scrapy.core.engine] DEBUG: Crawled (200) <GET https://www.rumah123.com/properti/tangerang/hos15177323/> (referer: https://www.rumah123.com/jual/tangerang/karawaci/rumah/)
[2023-10-22T05:40:24.136+0000] {ssh.py:527} WARNING - 2023-10-22 12:40:24 [scrapy.core.scraper] DEBUG: Scraped from <200 https://www.rumah123.com/properti/tangerang/hos15177323/>
[2023-10-22T05:40:24.136+0000] {ssh.py:527} WARNING - {'harga': 'Rp 1,72 Miliar', 'alamat': 'Karawaci, Tangerang', 'fasilitas': ['Taman', 'Tempat Jemuran', 'Keamanan 24 jam'], 'spesifikasi': [['Kamar Tidur', '4'], ['Kamar Mandi', '4'], ['Luas Tanah', '105 m²'], ['Luas Bangunan', '97 m²'], ['Carport', '1'], ['Tipe Properti', 'Rumah'], ['Sertifikat', 'SHM - Sertifikat Hak Milik'], ['Daya Listrik', '2200 Watt'], ['Dapur', '1'], ['Ruang Makan', 'Ya'], ['Ruang Tamu', 'Ya'], ['Kondisi Perabotan', 'Unfurnished'], ['Jumlah Lantai', '2'], ['Hadap', 'Utara'], ['Terjangkau Internet', 'Tidak'], ['Sumber Air', 'PAM atau PDAM'], ['Hook', 'Tidak'], ['Kondisi Properti', 'Bagus'], ['ID Iklan', 'hos15177323']]}
[2023-10-22T05:40:24.536+0000] {ssh.py:527} WARNING - 2023-10-22 12:40:24 [scrapy.core.engine] DEBUG: Crawled (200) <GET https://www.rumah123.com/jual/tangerang/karawaci/rumah/?page=3> (referer: https://www.rumah123.com/jual/tangerang/karawaci/rumah/?page=2)
[2023-10-22T05:40:26.222+0000] {ssh.py:527} WARNING - 2023-10-22 12:40:26 [scrapy.core.engine] DEBUG: Crawled (200) <GET https://www.rumah123.com/properti/tangerang/hos14807558/> (referer: https://www.rumah123.com/jual/tangerang/karawaci/rumah/?page=2)
[2023-10-22T05:40:26.342+0000] {ssh.py:527} WARNING - 2023-10-22 12:40:26 [scrapy.core.scraper] DEBUG: Scraped from <200 https://www.rumah123.com/properti/tangerang/hos14807558/>
[2023-10-22T05:40:26.343+0000] {ssh.py:527} WARNING - {'harga': 'Rp 785 Juta', 'alamat': 'Karawaci, Tangerang', 'fasilitas': [], 'spesifikasi': [['Kamar Tidur', '3'], ['Kamar Mandi', '2'], ['Luas Tanah', '135 m²'], ['Luas Bangunan', '90 m²'], ['Tipe Properti', 'Rumah'], ['Sertifikat', 'SHM - Sertifikat Hak Milik'], ['Ruang Makan', 'Tidak'], ['Ruang Tamu', 'Tidak'], ['Jumlah Lantai', '1'], ['Terjangkau Internet', 'Tidak'], ['Hook', 'Tidak'], ['ID Iklan', 'hos14807558']]}
[2023-10-22T05:40:27.156+0000] {ssh.py:527} WARNING - 2023-10-22 12:40:27 [scrapy.core.engine] DEBUG: Crawled (200) <GET https://www.rumah123.com/properti/tangerang/hos14807562/> (referer: https://www.rumah123.com/jual/tangerang/karawaci/rumah/?page=2)
[2023-10-22T05:40:27.273+0000] {ssh.py:527} WARNING - 2023-10-22 12:40:27 [scrapy.core.scraper] DEBUG: Scraped from <200 https://www.rumah123.com/properti/tangerang/hos14807562/>
[2023-10-22T05:40:27.274+0000] {ssh.py:527} WARNING - {'harga': 'Rp 400 Juta', 'alamat': 'Karawaci, Tangerang', 'fasilitas': [], 'spesifikasi': [['Luas Tanah', '105 m²'], ['Luas Bangunan', '47 m²'], ['Tipe Properti', 'Rumah'], ['Sertifikat', 'Lainnya (PPJB,Girik,Adat,dll)'], ['Ruang Makan', 'Tidak'], ['Ruang Tamu', 'Tidak'], ['Jumlah Lantai', '1'], ['Terjangkau Internet', 'Tidak'], ['Hook', 'Tidak'], ['ID Iklan', 'hos14807562']]}
[2023-10-22T05:40:37.292+0000] {taskinstance.py:1937} ERROR - Task failed with exception
Traceback (most recent call last):
  File "/home/airflow/.local/lib/python3.8/site-packages/airflow/providers/ssh/operators/ssh.py", line 173, in execute
    result = self.run_ssh_client_command(ssh_client, self.command, context=context)
  File "/home/airflow/.local/lib/python3.8/site-packages/airflow/providers/ssh/operators/ssh.py", line 158, in run_ssh_client_command
    exit_status, agg_stdout, agg_stderr = self.ssh_hook.exec_ssh_client_command(
  File "/home/airflow/.local/lib/python3.8/site-packages/airflow/providers/ssh/hooks/ssh.py", line 547, in exec_ssh_client_command
    raise AirflowException("SSH command timed out")
airflow.exceptions.AirflowException: SSH command timed out
[2023-10-22T05:40:37.295+0000] {taskinstance.py:1400} INFO - Marking task as FAILED. dag_id=first_dagg, task_id=task1, execution_date=20231022T053949, start_date=20231022T053950, end_date=20231022T054037
[2023-10-22T05:40:37.307+0000] {standard_task_runner.py:104} ERROR - Failed to execute job 60 for task task1 (SSH command timed out; 1035)
[2023-10-22T05:40:37.331+0000] {local_task_job_runner.py:228} INFO - Task exited with return code 1
[2023-10-22T05:40:37.343+0000] {taskinstance.py:2778} INFO - 0 downstream tasks scheduled from follow-on schedule check
