[2023-10-31T04:44:22.982+0000] {taskinstance.py:1159} INFO - Dependencies all met for dep_context=non-requeueable deps ti=<TaskInstance: ETL.generate_evidently_report manual__2023-10-31T04:43:50.905531+00:00 [queued]>
[2023-10-31T04:44:22.997+0000] {taskinstance.py:1159} INFO - Dependencies all met for dep_context=requeueable deps ti=<TaskInstance: ETL.generate_evidently_report manual__2023-10-31T04:43:50.905531+00:00 [queued]>
[2023-10-31T04:44:22.998+0000] {taskinstance.py:1361} INFO - Starting attempt 1 of 1
[2023-10-31T04:44:23.018+0000] {taskinstance.py:1382} INFO - Executing <Task(SSHOperator): generate_evidently_report> on 2023-10-31 04:43:50.905531+00:00
[2023-10-31T04:44:23.031+0000] {standard_task_runner.py:57} INFO - Started process 7977 to run task
[2023-10-31T04:44:23.035+0000] {standard_task_runner.py:84} INFO - Running: ['***', 'tasks', 'run', 'ETL', 'generate_evidently_report', 'manual__2023-10-31T04:43:50.905531+00:00', '--job-id', '210', '--raw', '--subdir', 'DAGS_FOLDER/first_dags.py', '--cfg-path', '/tmp/tmplhi9e_mj']
[2023-10-31T04:44:23.039+0000] {standard_task_runner.py:85} INFO - Job 210: Subtask generate_evidently_report
[2023-10-31T04:44:23.086+0000] {task_command.py:416} INFO - Running <TaskInstance: ETL.generate_evidently_report manual__2023-10-31T04:43:50.905531+00:00 [running]> on host f959e5a17851
[2023-10-31T04:44:23.178+0000] {taskinstance.py:1662} INFO - Exporting env vars: AIRFLOW_CTX_DAG_OWNER='me' AIRFLOW_CTX_DAG_ID='ETL' AIRFLOW_CTX_TASK_ID='generate_evidently_report' AIRFLOW_CTX_EXECUTION_DATE='2023-10-31T04:43:50.905531+00:00' AIRFLOW_CTX_TRY_NUMBER='1' AIRFLOW_CTX_DAG_RUN_ID='manual__2023-10-31T04:43:50.905531+00:00'
[2023-10-31T04:44:23.180+0000] {ssh.py:135} INFO - Creating ssh_client
[2023-10-31T04:44:23.226+0000] {ssh.py:112} INFO - ssh_hook is not provided or invalid. Trying ssh_conn_id to create SSHHook.
[2023-10-31T04:44:23.239+0000] {base.py:73} INFO - Using connection ID 'host_machine' for task execution.
[2023-10-31T04:44:23.239+0000] {ssh.py:300} WARNING - No Host Key Verification. This won't protect against Man-In-The-Middle attacks
[2023-10-31T04:44:23.254+0000] {transport.py:1893} INFO - Connected (version 2.0, client OpenSSH_8.9p1)
[2023-10-31T04:44:23.452+0000] {transport.py:1893} INFO - Authentication (password) successful!
[2023-10-31T04:44:23.454+0000] {ssh.py:476} INFO - Running command: cd /home/***/data_science/power_bi && . .venv/bin/activate && python3 evidently.ai/generate_report.py && deactivate 
[2023-10-31T04:44:29.327+0000] {ssh.py:527} WARNING - /home/***/data_science/power_bi/.venv/lib/python3.10/site-packages/xgboost/core.py:160: UserWarning: [11:44:29] WARNING: /workspace/src/common/error_msg.h:80: If you are loading a serialized model (like pickle in Python, RDS in R) or
[2023-10-31T04:44:29.328+0000] {ssh.py:527} WARNING - configuration generated by an older version of XGBoost, please export the model by calling
[2023-10-31T04:44:29.328+0000] {ssh.py:527} WARNING - `Booster.save_model` from that version first, then load it back in current version. See:
[2023-10-31T04:44:29.328+0000] {ssh.py:527} WARNING - 
[2023-10-31T04:44:29.329+0000] {ssh.py:527} WARNING -     https://xgboost.readthedocs.io/en/stable/tutorials/saving_model.html
[2023-10-31T04:44:29.329+0000] {ssh.py:527} WARNING - 
[2023-10-31T04:44:29.329+0000] {ssh.py:527} WARNING - for more details about differences between saving model and serializing.
[2023-10-31T04:44:29.329+0000] {ssh.py:527} WARNING - 
[2023-10-31T04:44:29.329+0000] {ssh.py:527} WARNING -   warnings.warn(smsg, UserWarning)
[2023-10-31T04:44:29.583+0000] {ssh.py:527} WARNING - /home/***/data_science/power_bi/.venv/lib/python3.10/site-packages/evidently/metrics/regression_performance/utils.py:16: FutureWarning: The default of observed=False is deprecated and will be changed to True in a future version of pandas. Pass observed=False to retain current behavior or observed=True to adopt the future default and silence this warning.
[2023-10-31T04:44:29.584+0000] {ssh.py:527} WARNING -   df_for_bins[df_for_bins.data == "ref"].groupby("target_binned").apply(_apply)
[2023-10-31T04:44:29.595+0000] {ssh.py:527} WARNING - /home/***/data_science/power_bi/.venv/lib/python3.10/site-packages/evidently/metrics/regression_performance/utils.py:21: FutureWarning: The default of observed=False is deprecated and will be changed to True in a future version of pandas. Pass observed=False to retain current behavior or observed=True to adopt the future default and silence this warning.
[2023-10-31T04:44:29.596+0000] {ssh.py:527} WARNING -   df_for_bins[df_for_bins.data == "curr"].groupby("target_binned").apply(_apply)
[2023-10-31T04:44:29.601+0000] {ssh.py:527} WARNING - /home/***/data_science/power_bi/.venv/lib/python3.10/site-packages/sklearn/metrics/_regression.py:996: UndefinedMetricWarning: R^2 score is not well-defined with less than two samples.
[2023-10-31T04:44:29.602+0000] {ssh.py:527} WARNING -   warnings.warn(msg, UndefinedMetricWarning)
[2023-10-31T04:44:29.603+0000] {ssh.py:527} WARNING - /home/***/data_science/power_bi/.venv/lib/python3.10/site-packages/sklearn/metrics/_regression.py:996: UndefinedMetricWarning: R^2 score is not well-defined with less than two samples.
[2023-10-31T04:44:29.603+0000] {ssh.py:527} WARNING -   warnings.warn(msg, UndefinedMetricWarning)
[2023-10-31T04:44:29.603+0000] {ssh.py:527} WARNING - /home/***/data_science/power_bi/.venv/lib/python3.10/site-packages/sklearn/metrics/_regression.py:996: UndefinedMetricWarning: R^2 score is not well-defined with less than two samples.
[2023-10-31T04:44:29.603+0000] {ssh.py:527} WARNING -   warnings.warn(msg, UndefinedMetricWarning)
[2023-10-31T04:44:29.608+0000] {ssh.py:527} WARNING - /home/***/data_science/power_bi/.venv/lib/python3.10/site-packages/evidently/metrics/regression_performance/utils.py:16: FutureWarning: The default of observed=False is deprecated and will be changed to True in a future version of pandas. Pass observed=False to retain current behavior or observed=True to adopt the future default and silence this warning.
[2023-10-31T04:44:29.609+0000] {ssh.py:527} WARNING -   df_for_bins[df_for_bins.data == "ref"].groupby("target_binned").apply(_apply)
[2023-10-31T04:44:29.621+0000] {ssh.py:527} WARNING - /home/***/data_science/power_bi/.venv/lib/python3.10/site-packages/evidently/metrics/regression_performance/utils.py:21: FutureWarning: The default of observed=False is deprecated and will be changed to True in a future version of pandas. Pass observed=False to retain current behavior or observed=True to adopt the future default and silence this warning.
[2023-10-31T04:44:29.622+0000] {ssh.py:527} WARNING -   df_for_bins[df_for_bins.data == "curr"].groupby("target_binned").apply(_apply)
[2023-10-31T04:44:29.632+0000] {ssh.py:527} WARNING - /home/***/data_science/power_bi/.venv/lib/python3.10/site-packages/evidently/metrics/regression_performance/utils.py:16: FutureWarning: The default of observed=False is deprecated and will be changed to True in a future version of pandas. Pass observed=False to retain current behavior or observed=True to adopt the future default and silence this warning.
[2023-10-31T04:44:29.632+0000] {ssh.py:527} WARNING -   df_for_bins[df_for_bins.data == "ref"].groupby("target_binned").apply(_apply)
[2023-10-31T04:44:29.642+0000] {ssh.py:527} WARNING - /home/***/data_science/power_bi/.venv/lib/python3.10/site-packages/evidently/metrics/regression_performance/utils.py:21: FutureWarning: The default of observed=False is deprecated and will be changed to True in a future version of pandas. Pass observed=False to retain current behavior or observed=True to adopt the future default and silence this warning.
[2023-10-31T04:44:29.642+0000] {ssh.py:527} WARNING -   df_for_bins[df_for_bins.data == "curr"].groupby("target_binned").apply(_apply)
[2023-10-31T04:44:29.650+0000] {ssh.py:527} WARNING - /home/***/data_science/power_bi/.venv/lib/python3.10/site-packages/evidently/metrics/regression_performance/utils.py:16: FutureWarning: The default of observed=False is deprecated and will be changed to True in a future version of pandas. Pass observed=False to retain current behavior or observed=True to adopt the future default and silence this warning.
[2023-10-31T04:44:29.651+0000] {ssh.py:527} WARNING -   df_for_bins[df_for_bins.data == "ref"].groupby("target_binned").apply(_apply)
[2023-10-31T04:44:29.662+0000] {ssh.py:527} WARNING - /home/***/data_science/power_bi/.venv/lib/python3.10/site-packages/evidently/metrics/regression_performance/utils.py:21: FutureWarning: The default of observed=False is deprecated and will be changed to True in a future version of pandas. Pass observed=False to retain current behavior or observed=True to adopt the future default and silence this warning.
[2023-10-31T04:44:29.662+0000] {ssh.py:527} WARNING -   df_for_bins[df_for_bins.data == "curr"].groupby("target_binned").apply(_apply)
[2023-10-31T04:44:32.172+0000] {taskinstance.py:1400} INFO - Marking task as SUCCESS. dag_id=ETL, task_id=generate_evidently_report, execution_date=20231031T044350, start_date=20231031T044422, end_date=20231031T044432
[2023-10-31T04:44:32.225+0000] {local_task_job_runner.py:228} INFO - Task exited with return code 0
[2023-10-31T04:44:32.247+0000] {taskinstance.py:2778} INFO - 0 downstream tasks scheduled from follow-on schedule check
