[2023-10-22T13:36:09.334+0000] {taskinstance.py:1159} INFO - Dependencies all met for dep_context=non-requeueable deps ti=<TaskInstance: ETL.Upload_Data manual__2023-10-22T13:36:08.047404+00:00 [queued]>
[2023-10-22T13:36:09.345+0000] {taskinstance.py:1159} INFO - Dependencies all met for dep_context=requeueable deps ti=<TaskInstance: ETL.Upload_Data manual__2023-10-22T13:36:08.047404+00:00 [queued]>
[2023-10-22T13:36:09.345+0000] {taskinstance.py:1361} INFO - Starting attempt 1 of 1
[2023-10-22T13:36:09.359+0000] {taskinstance.py:1382} INFO - Executing <Task(PostgresOperator): Upload_Data> on 2023-10-22 13:36:08.047404+00:00
[2023-10-22T13:36:09.367+0000] {standard_task_runner.py:57} INFO - Started process 271 to run task
[2023-10-22T13:36:09.370+0000] {standard_task_runner.py:84} INFO - Running: ['***', 'tasks', 'run', 'ETL', 'Upload_Data', 'manual__2023-10-22T13:36:08.047404+00:00', '--job-id', '34', '--raw', '--subdir', 'DAGS_FOLDER/first_dags.py', '--cfg-path', '/tmp/tmptlp9z5q8']
[2023-10-22T13:36:09.374+0000] {standard_task_runner.py:85} INFO - Job 34: Subtask Upload_Data
[2023-10-22T13:36:09.427+0000] {task_command.py:416} INFO - Running <TaskInstance: ETL.Upload_Data manual__2023-10-22T13:36:08.047404+00:00 [running]> on host 32031900c769
[2023-10-22T13:36:09.525+0000] {taskinstance.py:1662} INFO - Exporting env vars: AIRFLOW_CTX_DAG_OWNER='me' AIRFLOW_CTX_DAG_ID='ETL' AIRFLOW_CTX_TASK_ID='Upload_Data' AIRFLOW_CTX_EXECUTION_DATE='2023-10-22T13:36:08.047404+00:00' AIRFLOW_CTX_TRY_NUMBER='1' AIRFLOW_CTX_DAG_RUN_ID='manual__2023-10-22T13:36:08.047404+00:00'
[2023-10-22T13:36:09.527+0000] {sql.py:274} INFO - Executing: 

        CREATE TABLE scrap (
            harga TEXT,
            alamat TEXT,
            fasilitas TEXT,
            Carport TEXT,
            Dapur TEXT,
            Daya_Listrik TEXT,
            Garasi TEXT,
            Hadap TEXT,
            Hook TEXT,
            ID_Iklan TEXT,
            Jumlah_Lantai TEXT,
            Kamar_Mandi TEXT,
            Kamar_Mandi_Pembantu TEXT,
            Kamar_Pembantu TEXT,
            Kamar_Tidur TEXT,
            Kondisi_Perabotan TEXT,
            Kondisi_Properti TEXT,
            Konsep_dan_Gaya_Rumah TEXT,
            Lebar_Jalan TEXT,
            Luas_Bangunan TEXT,
            Luas_Tanah TEXT,
            Material_Bangunan TEXT,
            Material_Lantai TEXT,
            Pemandangan TEXT,
            Ruang_Makan TEXT,
            Ruang_Tamu TEXT,
            Sertifikat TEXT,
            Sumber_Air TEXT,
            Tahun_Di_Renovasi TEXT,
            Tahun_Dibangun TEXT,
            Terjangkau_Internet TEXT,
            Tipe_Properti TEXT
        );

        
[2023-10-22T13:36:09.536+0000] {base.py:73} INFO - Using connection ID 'postgres_docker' for task execution.
[2023-10-22T13:36:09.555+0000] {base.py:73} INFO - Using connection ID 'postgres_docker' for task execution.
[2023-10-22T13:36:09.572+0000] {sql.py:418} INFO - Running statement: 

        CREATE TABLE scrap (
            harga TEXT,
            alamat TEXT,
            fasilitas TEXT,
            Carport TEXT,
            Dapur TEXT,
            Daya_Listrik TEXT,
            Garasi TEXT,
            Hadap TEXT,
            Hook TEXT,
            ID_Iklan TEXT,
            Jumlah_Lantai TEXT,
            Kamar_Mandi TEXT,
            Kamar_Mandi_Pembantu TEXT,
            Kamar_Pembantu TEXT,
            Kamar_Tidur TEXT,
            Kondisi_Perabotan TEXT,
            Kondisi_Properti TEXT,
            Konsep_dan_Gaya_Rumah TEXT,
            Lebar_Jalan TEXT,
            Luas_Bangunan TEXT,
            Luas_Tanah TEXT,
            Material_Bangunan TEXT,
            Material_Lantai TEXT,
            Pemandangan TEXT,
            Ruang_Makan TEXT,
            Ruang_Tamu TEXT,
            Sertifikat TEXT,
            Sumber_Air TEXT,
            Tahun_Di_Renovasi TEXT,
            Tahun_Dibangun TEXT,
            Terjangkau_Internet TEXT,
            Tipe_Properti TEXT
        );

        , parameters: None
[2023-10-22T13:36:09.604+0000] {taskinstance.py:1400} INFO - Marking task as SUCCESS. dag_id=ETL, task_id=Upload_Data, execution_date=20231022T133608, start_date=20231022T133609, end_date=20231022T133609
[2023-10-22T13:36:09.623+0000] {local_task_job_runner.py:228} INFO - Task exited with return code 0
[2023-10-22T13:36:09.641+0000] {taskinstance.py:2778} INFO - 0 downstream tasks scheduled from follow-on schedule check
