[2023-10-27T09:20:33.770+0000] {taskinstance.py:1159} INFO - Dependencies all met for dep_context=non-requeueable deps ti=<TaskInstance: ETL.upload_data_postgres manual__2023-10-27T09:08:27.929557+00:00 [queued]>
[2023-10-27T09:20:33.777+0000] {taskinstance.py:1159} INFO - Dependencies all met for dep_context=requeueable deps ti=<TaskInstance: ETL.upload_data_postgres manual__2023-10-27T09:08:27.929557+00:00 [queued]>
[2023-10-27T09:20:33.777+0000] {taskinstance.py:1361} INFO - Starting attempt 1 of 1
[2023-10-27T09:20:33.788+0000] {taskinstance.py:1382} INFO - Executing <Task(PostgresOperator): upload_data_postgres> on 2023-10-27 09:08:27.929557+00:00
[2023-10-27T09:20:33.795+0000] {standard_task_runner.py:57} INFO - Started process 817 to run task
[2023-10-27T09:20:33.797+0000] {standard_task_runner.py:84} INFO - Running: ['***', 'tasks', 'run', 'ETL', 'upload_data_postgres', 'manual__2023-10-27T09:08:27.929557+00:00', '--job-id', '196', '--raw', '--subdir', 'DAGS_FOLDER/first_dags.py', '--cfg-path', '/tmp/tmp9z8qj31m']
[2023-10-27T09:20:33.801+0000] {standard_task_runner.py:85} INFO - Job 196: Subtask upload_data_postgres
[2023-10-27T09:20:33.836+0000] {task_command.py:416} INFO - Running <TaskInstance: ETL.upload_data_postgres manual__2023-10-27T09:08:27.929557+00:00 [running]> on host 981d0f90760c
[2023-10-27T09:20:33.898+0000] {taskinstance.py:1662} INFO - Exporting env vars: AIRFLOW_CTX_DAG_OWNER='me' AIRFLOW_CTX_DAG_ID='ETL' AIRFLOW_CTX_TASK_ID='upload_data_postgres' AIRFLOW_CTX_EXECUTION_DATE='2023-10-27T09:08:27.929557+00:00' AIRFLOW_CTX_TRY_NUMBER='1' AIRFLOW_CTX_DAG_RUN_ID='manual__2023-10-27T09:08:27.929557+00:00'
[2023-10-27T09:20:33.899+0000] {sql.py:274} INFO - Executing: 

        COPY scrap FROM '/var/lib/postgresql/data/data_upload/tangerang_transformed.csv' DELIMITER ',' CSV HEADER

        
[2023-10-27T09:20:33.907+0000] {base.py:73} INFO - Using connection ID 'postgres_docker' for task execution.
[2023-10-27T09:20:33.912+0000] {base.py:73} INFO - Using connection ID 'postgres_docker' for task execution.
[2023-10-27T09:20:33.922+0000] {sql.py:418} INFO - Running statement: 

        COPY scrap FROM '/var/lib/postgresql/data/data_upload/tangerang_transformed.csv' DELIMITER ',' CSV HEADER

        , parameters: None
[2023-10-27T09:20:33.929+0000] {sql.py:427} INFO - Rows affected: 107
[2023-10-27T09:20:33.939+0000] {taskinstance.py:1400} INFO - Marking task as SUCCESS. dag_id=ETL, task_id=upload_data_postgres, execution_date=20231027T090827, start_date=20231027T092033, end_date=20231027T092033
[2023-10-27T09:20:33.970+0000] {local_task_job_runner.py:228} INFO - Task exited with return code 0
[2023-10-27T09:20:33.998+0000] {taskinstance.py:2778} INFO - 2 downstream tasks scheduled from follow-on schedule check
