[2023-10-27T02:47:47.469+0000] {taskinstance.py:1159} INFO - Dependencies all met for dep_context=non-requeueable deps ti=<TaskInstance: ETL.refresh_visualization_pbi manual__2023-10-27T02:47:44.786775+00:00 [queued]>
[2023-10-27T02:47:47.482+0000] {taskinstance.py:1159} INFO - Dependencies all met for dep_context=requeueable deps ti=<TaskInstance: ETL.refresh_visualization_pbi manual__2023-10-27T02:47:44.786775+00:00 [queued]>
[2023-10-27T02:47:47.483+0000] {taskinstance.py:1361} INFO - Starting attempt 1 of 1
[2023-10-27T02:47:47.506+0000] {taskinstance.py:1382} INFO - Executing <Task(SSHOperator): refresh_visualization_pbi> on 2023-10-27 02:47:44.786775+00:00
[2023-10-27T02:47:47.520+0000] {standard_task_runner.py:57} INFO - Started process 351 to run task
[2023-10-27T02:47:47.525+0000] {standard_task_runner.py:84} INFO - Running: ['***', 'tasks', 'run', 'ETL', 'refresh_visualization_pbi', 'manual__2023-10-27T02:47:44.786775+00:00', '--job-id', '172', '--raw', '--subdir', 'DAGS_FOLDER/first_dags.py', '--cfg-path', '/tmp/tmp75dpppyf']
[2023-10-27T02:47:47.534+0000] {standard_task_runner.py:85} INFO - Job 172: Subtask refresh_visualization_pbi
[2023-10-27T02:47:47.636+0000] {task_command.py:416} INFO - Running <TaskInstance: ETL.refresh_visualization_pbi manual__2023-10-27T02:47:44.786775+00:00 [running]> on host 8bad117ddb55
[2023-10-27T02:47:47.868+0000] {taskinstance.py:1662} INFO - Exporting env vars: AIRFLOW_CTX_DAG_OWNER='me' AIRFLOW_CTX_DAG_ID='ETL' AIRFLOW_CTX_TASK_ID='refresh_visualization_pbi' AIRFLOW_CTX_EXECUTION_DATE='2023-10-27T02:47:44.786775+00:00' AIRFLOW_CTX_TRY_NUMBER='1' AIRFLOW_CTX_DAG_RUN_ID='manual__2023-10-27T02:47:44.786775+00:00'
[2023-10-27T02:47:47.870+0000] {ssh.py:135} INFO - Creating ssh_client
[2023-10-27T02:47:48.153+0000] {ssh.py:112} INFO - ssh_hook is not provided or invalid. Trying ssh_conn_id to create SSHHook.
[2023-10-27T02:47:48.164+0000] {base.py:73} INFO - Using connection ID 'host_machine' for task execution.
[2023-10-27T02:47:48.165+0000] {ssh.py:300} WARNING - No Host Key Verification. This won't protect against Man-In-The-Middle attacks
[2023-10-27T02:47:48.221+0000] {transport.py:1893} INFO - Connected (version 2.0, client OpenSSH_8.9p1)
[2023-10-27T02:47:48.398+0000] {transport.py:1893} INFO - Authentication (password) successful!
[2023-10-27T02:47:48.399+0000] {ssh.py:476} INFO - Running command: cd /home/***/data_science/power_bi && . .venv/bin/activate && python3 pbi_refresh.py && deactivate 
[2023-10-27T02:47:50.373+0000] {ssh.py:522} INFO - RESPONSE STATUS : <Response [429]>
[2023-10-27T02:47:50.420+0000] {taskinstance.py:1400} INFO - Marking task as SUCCESS. dag_id=ETL, task_id=refresh_visualization_pbi, execution_date=20231027T024744, start_date=20231027T024747, end_date=20231027T024750
[2023-10-27T02:47:50.450+0000] {local_task_job_runner.py:228} INFO - Task exited with return code 0
[2023-10-27T02:47:50.465+0000] {taskinstance.py:2778} INFO - 0 downstream tasks scheduled from follow-on schedule check
