[2023-10-26T10:39:27.532+0000] {taskinstance.py:1159} INFO - Dependencies all met for dep_context=non-requeueable deps ti=<TaskInstance: ETL.upload_to_drive manual__2023-10-26T10:39:25.570631+00:00 [queued]>
[2023-10-26T10:39:27.540+0000] {taskinstance.py:1159} INFO - Dependencies all met for dep_context=requeueable deps ti=<TaskInstance: ETL.upload_to_drive manual__2023-10-26T10:39:25.570631+00:00 [queued]>
[2023-10-26T10:39:27.541+0000] {taskinstance.py:1361} INFO - Starting attempt 1 of 1
[2023-10-26T10:39:27.554+0000] {taskinstance.py:1382} INFO - Executing <Task(SSHOperator): upload_to_drive> on 2023-10-26 10:39:25.570631+00:00
[2023-10-26T10:39:27.564+0000] {standard_task_runner.py:57} INFO - Started process 1728 to run task
[2023-10-26T10:39:27.566+0000] {standard_task_runner.py:84} INFO - Running: ['***', 'tasks', 'run', 'ETL', 'upload_to_drive', 'manual__2023-10-26T10:39:25.570631+00:00', '--job-id', '138', '--raw', '--subdir', 'DAGS_FOLDER/first_dags.py', '--cfg-path', '/tmp/tmpqbg_j37t']
[2023-10-26T10:39:27.568+0000] {standard_task_runner.py:85} INFO - Job 138: Subtask upload_to_drive
[2023-10-26T10:39:27.604+0000] {task_command.py:416} INFO - Running <TaskInstance: ETL.upload_to_drive manual__2023-10-26T10:39:25.570631+00:00 [running]> on host 3d90f4ff5680
[2023-10-26T10:39:27.672+0000] {taskinstance.py:1662} INFO - Exporting env vars: AIRFLOW_CTX_DAG_OWNER='me' AIRFLOW_CTX_DAG_ID='ETL' AIRFLOW_CTX_TASK_ID='upload_to_drive' AIRFLOW_CTX_EXECUTION_DATE='2023-10-26T10:39:25.570631+00:00' AIRFLOW_CTX_TRY_NUMBER='1' AIRFLOW_CTX_DAG_RUN_ID='manual__2023-10-26T10:39:25.570631+00:00'
[2023-10-26T10:39:27.673+0000] {ssh.py:135} INFO - Creating ssh_client
[2023-10-26T10:39:27.707+0000] {ssh.py:112} INFO - ssh_hook is not provided or invalid. Trying ssh_conn_id to create SSHHook.
[2023-10-26T10:39:27.715+0000] {base.py:73} INFO - Using connection ID 'host_machine' for task execution.
[2023-10-26T10:39:27.716+0000] {ssh.py:300} WARNING - No Host Key Verification. This won't protect against Man-In-The-Middle attacks
[2023-10-26T10:39:27.726+0000] {transport.py:1893} INFO - Connected (version 2.0, client OpenSSH_8.9p1)
[2023-10-26T10:39:27.877+0000] {transport.py:1893} INFO - Authentication (password) successful!
[2023-10-26T10:39:27.878+0000] {ssh.py:476} INFO - Running command: cd /home/***/data_science/power_bi && . .venv/bin/activate && python3 drive_upload.py && deactivate 
[2023-10-26T10:39:30.200+0000] {ssh.py:527} WARNING - /home/***/data_science/power_bi/drive_upload.py:14: DeprecationWarning: [Deprecated][in version 6.0.0]: Method signature's arguments 'range_name' and 'values' will change their order. We recommend using named arguments for minimal impact. In addition, the argument 'values' will be mandatory of type: 'List[List]'. (ex) Worksheet.update(values = [[]], range_name=) 
[2023-10-26T10:39:30.200+0000] {ssh.py:527} WARNING -   sheet.update(range_name = range, values = list_values)
[2023-10-26T10:39:30.860+0000] {taskinstance.py:1400} INFO - Marking task as SUCCESS. dag_id=ETL, task_id=upload_to_drive, execution_date=20231026T103925, start_date=20231026T103927, end_date=20231026T103930
[2023-10-26T10:39:30.910+0000] {local_task_job_runner.py:228} INFO - Task exited with return code 0
[2023-10-26T10:39:30.930+0000] {taskinstance.py:2778} INFO - 0 downstream tasks scheduled from follow-on schedule check
