[2023-10-31T05:05:14.812+0000] {taskinstance.py:1159} INFO - Dependencies all met for dep_context=non-requeueable deps ti=<TaskInstance: ETL.scrap_data manual__2023-10-31T05:05:12.849460+00:00 [queued]>
[2023-10-31T05:05:14.820+0000] {taskinstance.py:1159} INFO - Dependencies all met for dep_context=requeueable deps ti=<TaskInstance: ETL.scrap_data manual__2023-10-31T05:05:12.849460+00:00 [queued]>
[2023-10-31T05:05:14.820+0000] {taskinstance.py:1361} INFO - Starting attempt 1 of 1
[2023-10-31T05:05:14.832+0000] {taskinstance.py:1382} INFO - Executing <Task(SSHOperator): scrap_data> on 2023-10-31 05:05:12.849460+00:00
[2023-10-31T05:05:14.841+0000] {standard_task_runner.py:57} INFO - Started process 8987 to run task
[2023-10-31T05:05:14.844+0000] {standard_task_runner.py:84} INFO - Running: ['***', 'tasks', 'run', 'ETL', 'scrap_data', 'manual__2023-10-31T05:05:12.849460+00:00', '--job-id', '213', '--raw', '--subdir', 'DAGS_FOLDER/first_dags.py', '--cfg-path', '/tmp/tmpu7ffsngs']
[2023-10-31T05:05:14.846+0000] {standard_task_runner.py:85} INFO - Job 213: Subtask scrap_data
[2023-10-31T05:05:14.898+0000] {task_command.py:416} INFO - Running <TaskInstance: ETL.scrap_data manual__2023-10-31T05:05:12.849460+00:00 [running]> on host f959e5a17851
[2023-10-31T05:05:14.986+0000] {taskinstance.py:1662} INFO - Exporting env vars: AIRFLOW_CTX_DAG_OWNER='me' AIRFLOW_CTX_DAG_ID='ETL' AIRFLOW_CTX_TASK_ID='scrap_data' AIRFLOW_CTX_EXECUTION_DATE='2023-10-31T05:05:12.849460+00:00' AIRFLOW_CTX_TRY_NUMBER='1' AIRFLOW_CTX_DAG_RUN_ID='manual__2023-10-31T05:05:12.849460+00:00'
[2023-10-31T05:05:14.988+0000] {ssh.py:135} INFO - Creating ssh_client
[2023-10-31T05:05:15.035+0000] {ssh.py:112} INFO - ssh_hook is not provided or invalid. Trying ssh_conn_id to create SSHHook.
[2023-10-31T05:05:15.048+0000] {base.py:73} INFO - Using connection ID 'host_machine' for task execution.
[2023-10-31T05:05:15.048+0000] {ssh.py:300} WARNING - No Host Key Verification. This won't protect against Man-In-The-Middle attacks
[2023-10-31T05:05:15.068+0000] {transport.py:1893} INFO - Connected (version 2.0, client OpenSSH_8.9p1)
[2023-10-31T05:05:15.232+0000] {transport.py:1893} INFO - Authentication (password) successful!
[2023-10-31T05:05:15.233+0000] {ssh.py:476} INFO - Running command: cd /home/***/data_science/web_scrap/rumah/rumah && bash script2.sh 
[2023-10-31T05:05:15.691+0000] {ssh.py:527} WARNING - 2023-10-31 12:05:15 [scrapy.utils.log] INFO: Scrapy 2.11.0 started (bot: rumah)
[2023-10-31T05:05:15.692+0000] {ssh.py:527} WARNING - 2023-10-31 12:05:15 [scrapy.utils.log] INFO: Versions: lxml 4.9.3.0, libxml2 2.10.3, cssselect 1.2.0, parsel 1.8.1, w3lib 2.1.2, Twisted 22.10.0, Python 3.10.12 (main, Jun 11 2023, 05:26:28) [GCC 11.4.0], pyOpenSSL 23.2.0 (OpenSSL 3.1.3 19 Sep 2023), cryptography 41.0.4, Platform Linux-5.15.90.1-microsoft-standard-WSL2-x86_64-with-glibc2.35
[2023-10-31T05:05:15.693+0000] {ssh.py:527} WARNING - 2023-10-31 12:05:15 [scrapy.addons] INFO: Enabled addons:
[2023-10-31T05:05:15.693+0000] {ssh.py:527} WARNING - []
[2023-10-31T05:05:15.694+0000] {ssh.py:527} WARNING - 2023-10-31 12:05:15 [asyncio] DEBUG: Using selector: EpollSelector
[2023-10-31T05:05:15.694+0000] {ssh.py:527} WARNING - 2023-10-31 12:05:15 [scrapy.utils.log] DEBUG: Using reactor: twisted.internet.asyncioreactor.AsyncioSelectorReactor
[2023-10-31T05:05:15.695+0000] {ssh.py:527} WARNING - 2023-10-31 12:05:15 [scrapy.utils.log] DEBUG: Using asyncio event loop: asyncio.unix_events._UnixSelectorEventLoop
[2023-10-31T05:05:15.701+0000] {ssh.py:527} WARNING - 2023-10-31 12:05:15 [scrapy.extensions.telnet] INFO: Telnet Password: e83b857f2e628204
[2023-10-31T05:05:15.727+0000] {ssh.py:527} WARNING - 2023-10-31 12:05:15 [scrapy.middleware] INFO: Enabled extensions:
[2023-10-31T05:05:15.728+0000] {ssh.py:527} WARNING - ['scrapy.extensions.corestats.CoreStats',
[2023-10-31T05:05:15.728+0000] {ssh.py:527} WARNING -  'scrapy.extensions.telnet.TelnetConsole',
[2023-10-31T05:05:15.728+0000] {ssh.py:527} WARNING -  'scrapy.extensions.memusage.MemoryUsage',
[2023-10-31T05:05:15.728+0000] {ssh.py:527} WARNING -  'scrapy.extensions.closespider.CloseSpider',
[2023-10-31T05:05:15.729+0000] {ssh.py:527} WARNING -  'scrapy.extensions.feedexport.FeedExporter',
[2023-10-31T05:05:15.729+0000] {ssh.py:527} WARNING -  'scrapy.extensions.logstats.LogStats',
[2023-10-31T05:05:15.729+0000] {ssh.py:527} WARNING -  'scrapy.extensions.throttle.AutoThrottle']
[2023-10-31T05:05:15.729+0000] {ssh.py:527} WARNING - 2023-10-31 12:05:15 [scrapy.crawler] INFO: Overridden settings:
[2023-10-31T05:05:15.729+0000] {ssh.py:527} WARNING - {'AUTOTHROTTLE_ENABLED': True,
[2023-10-31T05:05:15.729+0000] {ssh.py:527} WARNING -  'BOT_NAME': 'rumah',
[2023-10-31T05:05:15.729+0000] {ssh.py:527} WARNING -  'CLOSESPIDER_PAGECOUNT': 10,
[2023-10-31T05:05:15.729+0000] {ssh.py:527} WARNING -  'FEED_EXPORT_ENCODING': 'utf-8',
[2023-10-31T05:05:15.730+0000] {ssh.py:527} WARNING -  'NEWSPIDER_MODULE': 'rumah.spiders',
[2023-10-31T05:05:15.730+0000] {ssh.py:527} WARNING -  'REQUEST_FINGERPRINTER_IMPLEMENTATION': '2.7',
[2023-10-31T05:05:15.730+0000] {ssh.py:527} WARNING -  'RETRY_HTTP_CODES': [429],
[2023-10-31T05:05:15.730+0000] {ssh.py:527} WARNING -  'SPIDER_MODULES': ['rumah.spiders'],
[2023-10-31T05:05:15.730+0000] {ssh.py:527} WARNING -  'TWISTED_REACTOR': 'twisted.internet.asyncioreactor.AsyncioSelectorReactor'}
[2023-10-31T05:05:15.808+0000] {ssh.py:527} WARNING - 2023-10-31 12:05:15 [urllib3.connectionpool] DEBUG: Starting new HTTPS connection (1): headers.scrapeops.io:443
[2023-10-31T05:05:17.222+0000] {ssh.py:527} WARNING - 2023-10-31 12:05:17 [urllib3.connectionpool] DEBUG: https://headers.scrapeops.io:443 "GET /v1/browser-headers?api_key=0c0533f0-3965-4081-91f6-032516eea822&num_results=100 HTTP/1.1" 200 None
[2023-10-31T05:05:17.508+0000] {ssh.py:527} WARNING - 2023-10-31 12:05:17 [scrapy.middleware] INFO: Enabled downloader middlewares:
[2023-10-31T05:05:17.508+0000] {ssh.py:527} WARNING - ['scrapy.downloadermiddlewares.httpauth.HttpAuthMiddleware',
[2023-10-31T05:05:17.508+0000] {ssh.py:527} WARNING -  'scrapy.downloadermiddlewares.downloadtimeout.DownloadTimeoutMiddleware',
[2023-10-31T05:05:17.508+0000] {ssh.py:527} WARNING -  'scrapy.downloadermiddlewares.defaultheaders.DefaultHeadersMiddleware',
[2023-10-31T05:05:17.508+0000] {ssh.py:527} WARNING -  'scrapy.downloadermiddlewares.useragent.UserAgentMiddleware',
[2023-10-31T05:05:17.508+0000] {ssh.py:527} WARNING -  'scrapy.downloadermiddlewares.retry.RetryMiddleware',
[2023-10-31T05:05:17.509+0000] {ssh.py:527} WARNING -  'scrapy.downloadermiddlewares.redirect.MetaRefreshMiddleware',
[2023-10-31T05:05:17.509+0000] {ssh.py:527} WARNING -  'scrapy.downloadermiddlewares.httpcompression.HttpCompressionMiddleware',
[2023-10-31T05:05:17.509+0000] {ssh.py:527} WARNING -  'scrapy.downloadermiddlewares.redirect.RedirectMiddleware',
[2023-10-31T05:05:17.509+0000] {ssh.py:527} WARNING -  'rumah.middlewares.ScrapeOpsFakeBrowserHeaderAgentMiddleware',
[2023-10-31T05:05:17.509+0000] {ssh.py:527} WARNING -  'scrapy.downloadermiddlewares.cookies.CookiesMiddleware',
[2023-10-31T05:05:17.509+0000] {ssh.py:527} WARNING -  'rumah.middlewares.TooManyRequestsRetryMiddleware',
[2023-10-31T05:05:17.509+0000] {ssh.py:527} WARNING -  'scrapy.downloadermiddlewares.httpproxy.HttpProxyMiddleware',
[2023-10-31T05:05:17.510+0000] {ssh.py:527} WARNING -  'scrapy.downloadermiddlewares.stats.DownloaderStats']
[2023-10-31T05:05:17.510+0000] {ssh.py:527} WARNING - 2023-10-31 12:05:17 [scrapy.middleware] INFO: Enabled spider middlewares:
[2023-10-31T05:05:17.511+0000] {ssh.py:527} WARNING - ['scrapy.spidermiddlewares.httperror.HttpErrorMiddleware',
[2023-10-31T05:05:17.511+0000] {ssh.py:527} WARNING -  'scrapy.spidermiddlewares.offsite.OffsiteMiddleware',
[2023-10-31T05:05:17.511+0000] {ssh.py:527} WARNING -  'scrapy.spidermiddlewares.referer.RefererMiddleware',
[2023-10-31T05:05:17.511+0000] {ssh.py:527} WARNING -  'scrapy.spidermiddlewares.urllength.UrlLengthMiddleware',
[2023-10-31T05:05:17.512+0000] {ssh.py:527} WARNING -  'scrapy.spidermiddlewares.depth.DepthMiddleware']
[2023-10-31T05:05:17.512+0000] {ssh.py:527} WARNING - 2023-10-31 12:05:17 [scrapy.middleware] INFO: Enabled item pipelines:
[2023-10-31T05:05:17.512+0000] {ssh.py:527} WARNING - []
[2023-10-31T05:05:17.512+0000] {ssh.py:527} WARNING - 2023-10-31 12:05:17 [scrapy.core.engine] INFO: Spider opened
[2023-10-31T05:05:17.521+0000] {ssh.py:527} WARNING - 2023-10-31 12:05:17 [scrapy.extensions.logstats] INFO: Crawled 0 pages (at 0 pages/min), scraped 0 items (at 0 items/min)
[2023-10-31T05:05:17.522+0000] {ssh.py:527} WARNING - 2023-10-31 12:05:17 [scrapy.extensions.telnet] INFO: Telnet console listening on 127.0.0.1:6023
[2023-10-31T05:05:19.613+0000] {ssh.py:527} WARNING - 2023-10-31 12:05:19 [scrapy.core.engine] DEBUG: Crawled (200) <GET https://www.rumah123.com/jual/tangerang/Panongan/rumah/> (referer: None)
[2023-10-31T05:05:19.804+0000] {ssh.py:522} INFO - *********************
[2023-10-31T05:05:19.805+0000] {ssh.py:522} INFO - {b'Accept': [b'text/html,application/xhtml+xml,application/xml;q=0.9,*/*;q=0.8'], b'Accept-Language': [b'en'], b'User-Agent': [b'Mozilla/5.0 (Macintosh; Intel Mac OS X 10_15_7) AppleWebKit/537.36 (KHTML, like Gecko) Chrome/90.0.4430.93 Safari/537.36'], b'Accept-Encoding': [b'gzip, deflate'], b'Sec-Fetch-User': [b'?1'], b'Sec-Fetch-Mod': [b''], b'Sec-Ch-Ua-Platform': [b'macOS'], b'Sec-Ch-Ua-Mobile': [b'?0'], b'Sec-Ch-Ua': [b'Google Chrome;v="90", "Chromium";v="90", ";Not A Brand";v="99"']}
[2023-10-31T05:05:19.805+0000] {ssh.py:522} INFO - *********************
[2023-10-31T05:05:19.805+0000] {ssh.py:522} INFO - {b'Referer': [b'https://www.rumah123.com/jual/tangerang/Panongan/rumah/'], b'Accept': [b'text/html,application/xhtml+xml,application/xml;q=0.9,*/*;q=0.8'], b'Accept-Language': [b'en'], b'User-Agent': [b'Mozilla/5.0 (Macintosh; Intel Mac OS X 10_13_6) AppleWebKit/537.36 (KHTML, like Gecko) Chrome/83.0.4103.116 Safari/537.36'], b'Accept-Encoding': [b'gzip, deflate'], b'Sec-Fetch-User': [b'?1'], b'Sec-Fetch-Mod': [b''], b'Sec-Ch-Ua-Platform': [b'macOS'], b'Sec-Ch-Ua-Mobile': [b'?0'], b'Sec-Ch-Ua': [b'Google Chrome;v="83", "Chromium";v="83", ";Not A Brand";v="99"']}
[2023-10-31T05:05:19.806+0000] {ssh.py:522} INFO - *********************
[2023-10-31T05:05:19.806+0000] {ssh.py:522} INFO - {b'Referer': [b'https://www.rumah123.com/jual/tangerang/Panongan/rumah/'], b'Accept': [b'text/html,application/xhtml+xml,application/xml;q=0.9,*/*;q=0.8'], b'Accept-Language': [b'en'], b'User-Agent': [b'Mozilla/5.0 (Windows NT 10.0; Win64; x64) AppleWebKit/537.36 (KHTML, like Gecko) Chrome/84.0.4147.89 Safari/537.36'], b'Accept-Encoding': [b'gzip, deflate'], b'Sec-Fetch-User': [b'?1'], b'Sec-Fetch-Mod': [b''], b'Sec-Ch-Ua-Platform': [b'Windows'], b'Sec-Ch-Ua-Mobile': [b'?0'], b'Sec-Ch-Ua': [b'Google Chrome;v="84", "Chromium";v="84", ";Not A Brand";v="99"']}
[2023-10-31T05:05:19.806+0000] {ssh.py:522} INFO - *********************
[2023-10-31T05:05:19.806+0000] {ssh.py:522} INFO - {b'Referer': [b'https://www.rumah123.com/jual/tangerang/Panongan/rumah/'], b'Accept': [b'text/html,application/xhtml+xml,application/xml;q=0.9,*/*;q=0.8'], b'Accept-Language': [b'en'], b'User-Agent': [b'Mozilla/5.0 (Macintosh; Intel Mac OS X 10_15_6) AppleWebKit/537.36 (KHTML, like Gecko) Chrome/84.0.4147.105 Safari/537.36'], b'Accept-Encoding': [b'gzip, deflate'], b'Sec-Fetch-User': [b'?1'], b'Sec-Fetch-Mod': [b''], b'Sec-Ch-Ua-Platform': [b'macOS'], b'Sec-Ch-Ua-Mobile': [b'?0'], b'Sec-Ch-Ua': [b'Google Chrome;v="84", "Chromium";v="84", ";Not A Brand";v="99"']}
[2023-10-31T05:05:19.806+0000] {ssh.py:522} INFO - *********************
[2023-10-31T05:05:19.806+0000] {ssh.py:522} INFO - {b'Referer': [b'https://www.rumah123.com/jual/tangerang/Panongan/rumah/'], b'Accept': [b'text/html,application/xhtml+xml,application/xml;q=0.9,*/*;q=0.8'], b'Accept-Language': [b'en'], b'User-Agent': [b'Mozilla/5.0 (Windows NT 10.0; Win64; x64) AppleWebKit/537.36 (KHTML, like Gecko) Chrome/90.0.4430.85 Safari/537.36 Edg/90.0.818.49'], b'Accept-Encoding': [b'gzip, deflate'], b'Sec-Fetch-User': [b'?1'], b'Sec-Fetch-Mod': [b''], b'Sec-Ch-Ua-Platform': [b'Windows'], b'Sec-Ch-Ua-Mobile': [b'?0'], b'Sec-Ch-Ua': [b'Microsoft Edge;v="90", "Chromium";v="90", ";Not A Brand";v="99"']}
[2023-10-31T05:05:19.807+0000] {ssh.py:522} INFO - *********************
[2023-10-31T05:05:19.807+0000] {ssh.py:522} INFO - {b'Referer': [b'https://www.rumah123.com/jual/tangerang/Panongan/rumah/'], b'Accept': [b'text/html,application/xhtml+xml,application/xml;q=0.9,*/*;q=0.8'], b'Accept-Language': [b'en'], b'User-Agent': [b'Mozilla/5.0 (Windows NT 10.0; Win64; x64) AppleWebKit/537.36 (KHTML, like Gecko) Chrome/83.0.4103.61 Safari/537.36 Edg/83.0.478.37'], b'Accept-Encoding': [b'gzip, deflate'], b'Sec-Fetch-User': [b'?1'], b'Sec-Fetch-Mod': [b''], b'Sec-Ch-Ua-Platform': [b'Windows'], b'Sec-Ch-Ua-Mobile': [b'?0'], b'Sec-Ch-Ua': [b'Microsoft Edge;v="83", "Chromium";v="83", ";Not A Brand";v="99"']}
[2023-10-31T05:05:19.807+0000] {ssh.py:522} INFO - *********************
[2023-10-31T05:05:19.807+0000] {ssh.py:522} INFO - {b'Referer': [b'https://www.rumah123.com/jual/tangerang/Panongan/rumah/'], b'Accept': [b'text/html,application/xhtml+xml,application/xml;q=0.9,*/*;q=0.8'], b'Accept-Language': [b'en'], b'User-Agent': [b'Mozilla/5.0 (Windows NT 10.0; Win64; x64) AppleWebKit/537.36 (KHTML, like Gecko) Chrome/90.0.4430.85 Safari/537.36 Edg/90.0.818.46'], b'Accept-Encoding': [b'gzip, deflate'], b'Sec-Fetch-User': [b'?1'], b'Sec-Fetch-Mod': [b''], b'Sec-Ch-Ua-Platform': [b'Windows'], b'Sec-Ch-Ua-Mobile': [b'?0'], b'Sec-Ch-Ua': [b'Microsoft Edge;v="90", "Chromium";v="90", ";Not A Brand";v="99"']}
[2023-10-31T05:05:19.807+0000] {ssh.py:522} INFO - *********************
[2023-10-31T05:05:19.808+0000] {ssh.py:522} INFO - {b'Referer': [b'https://www.rumah123.com/jual/tangerang/Panongan/rumah/'], b'Accept': [b'text/html,application/xhtml+xml,application/xml;q=0.9,*/*;q=0.8'], b'Accept-Language': [b'en'], b'User-Agent': [b'Mozilla/5.0 (Macintosh; Intel Mac OS X 10_15_7) AppleWebKit/537.36 (KHTML, like Gecko) Chrome/90.0.4430.212 Safari/537.36'], b'Accept-Encoding': [b'gzip, deflate'], b'Sec-Fetch-User': [b'?1'], b'Sec-Fetch-Mod': [b''], b'Sec-Ch-Ua-Platform': [b'macOS'], b'Sec-Ch-Ua-Mobile': [b'?0'], b'Sec-Ch-Ua': [b'Google Chrome;v="90", "Chromium";v="90", ";Not A Brand";v="99"']}
[2023-10-31T05:05:19.808+0000] {ssh.py:522} INFO - *********************
[2023-10-31T05:05:19.808+0000] {ssh.py:522} INFO - {b'Referer': [b'https://www.rumah123.com/jual/tangerang/Panongan/rumah/'], b'Accept': [b'text/html,application/xhtml+xml,application/xml;q=0.9,*/*;q=0.8'], b'Accept-Language': [b'en'], b'User-Agent': [b'Mozilla/5.0 (Macintosh; Intel Mac OS X 10_14_6) AppleWebKit/537.36 (KHTML, like Gecko) Chrome/84.0.4147.135 Safari/537.36'], b'Accept-Encoding': [b'gzip, deflate'], b'Sec-Fetch-User': [b'?1'], b'Sec-Fetch-Mod': [b''], b'Sec-Ch-Ua-Platform': [b'macOS'], b'Sec-Ch-Ua-Mobile': [b'?0'], b'Sec-Ch-Ua': [b'Google Chrome;v="84", "Chromium";v="84", ";Not A Brand";v="99"']}
[2023-10-31T05:05:19.808+0000] {ssh.py:522} INFO - *********************
[2023-10-31T05:05:19.808+0000] {ssh.py:522} INFO - {b'Referer': [b'https://www.rumah123.com/jual/tangerang/Panongan/rumah/'], b'Accept': [b'text/html,application/xhtml+xml,application/xml;q=0.9,*/*;q=0.8'], b'Accept-Language': [b'en'], b'User-Agent': [b'Mozilla/5.0 (Macintosh; Intel Mac OS X 10_14_6) AppleWebKit/537.36 (KHTML, like Gecko) Chrome/88.0.4324.192 Safari/537.36'], b'Accept-Encoding': [b'gzip, deflate'], b'Sec-Fetch-User': [b'?1'], b'Sec-Fetch-Mod': [b''], b'Sec-Ch-Ua-Platform': [b'macOS'], b'Sec-Ch-Ua-Mobile': [b'?0'], b'Sec-Ch-Ua': [b'Google Chrome;v="88", "Chromium";v="88", ";Not A Brand";v="99"']}
[2023-10-31T05:05:19.808+0000] {ssh.py:522} INFO - *********************
[2023-10-31T05:05:19.809+0000] {ssh.py:522} INFO - {b'Referer': [b'https://www.rumah123.com/jual/tangerang/Panongan/rumah/'], b'Accept': [b'text/html,application/xhtml+xml,application/xml;q=0.9,*/*;q=0.8'], b'Accept-Language': [b'en'], b'User-Agent': [b'Mozilla/5.0 (Macintosh; Intel Mac OS X 10_15_7) AppleWebKit/537.36 (KHTML, like Gecko) Chrome/90.0.4430.212 Safari/537.36'], b'Accept-Encoding': [b'gzip, deflate'], b'Sec-Fetch-User': [b'?1'], b'Sec-Fetch-Mod': [b''], b'Sec-Ch-Ua-Platform': [b'macOS'], b'Sec-Ch-Ua-Mobile': [b'?0'], b'Sec-Ch-Ua': [b'Google Chrome;v="90", "Chromium";v="90", ";Not A Brand";v="99"']}
[2023-10-31T05:05:19.809+0000] {ssh.py:522} INFO - *********************
[2023-10-31T05:05:19.809+0000] {ssh.py:522} INFO - {b'Referer': [b'https://www.rumah123.com/jual/tangerang/Panongan/rumah/'], b'Accept': [b'text/html,application/xhtml+xml,application/xml;q=0.9,*/*;q=0.8'], b'Accept-Language': [b'en'], b'User-Agent': [b'Mozilla/5.0 (Windows NT 10.0; Win64; x64) AppleWebKit/537.36 (KHTML, like Gecko) Chrome/88.0.4324.182 Safari/537.36 Edg/88.0.705.81'], b'Accept-Encoding': [b'gzip, deflate'], b'Sec-Fetch-User': [b'?1'], b'Sec-Fetch-Mod': [b''], b'Sec-Ch-Ua-Platform': [b'Windows'], b'Sec-Ch-Ua-Mobile': [b'?0'], b'Sec-Ch-Ua': [b'Microsoft Edge;v="88", "Chromium";v="88", ";Not A Brand";v="99"']}
[2023-10-31T05:05:19.809+0000] {ssh.py:522} INFO - *********************
[2023-10-31T05:05:19.810+0000] {ssh.py:522} INFO - {b'Referer': [b'https://www.rumah123.com/jual/tangerang/Panongan/rumah/'], b'Accept': [b'text/html,application/xhtml+xml,application/xml;q=0.9,*/*;q=0.8'], b'Accept-Language': [b'en'], b'User-Agent': [b'Mozilla/5.0 (Windows NT 10.0; WOW64) AppleWebKit/537.36 (KHTML, like Gecko) Chrome/83.0.4103.116 Safari/537.36'], b'Accept-Encoding': [b'gzip, deflate'], b'Sec-Fetch-User': [b'?1'], b'Sec-Fetch-Mod': [b''], b'Sec-Ch-Ua-Platform': [b'Windows'], b'Sec-Ch-Ua-Mobile': [b'?0'], b'Sec-Ch-Ua': [b'Google Chrome;v="83", "Chromium";v="83", ";Not A Brand";v="99"']}
[2023-10-31T05:05:19.810+0000] {ssh.py:522} INFO - *********************
[2023-10-31T05:05:23.733+0000] {ssh.py:527} WARNING - 2023-10-31 12:05:23 [scrapy.core.engine] DEBUG: Crawled (200) <GET https://www.rumah123.com/properti/tangerang/hos15190748/> (referer: https://www.rumah123.com/jual/tangerang/Panongan/rumah/)
[2023-10-31T05:05:23.853+0000] {ssh.py:527} WARNING - 2023-10-31 12:05:23 [scrapy.core.scraper] DEBUG: Scraped from <200 https://www.rumah123.com/properti/tangerang/hos15190748/>
[2023-10-31T05:05:23.853+0000] {ssh.py:527} WARNING - {'harga': 'Rp 370 Juta', 'alamat': 'Panongan, Tangerang', 'fasilitas': ['Tempat Jemuran'], 'spesifikasi': [['Kamar Tidur', '2'], ['Kamar Mandi', '2'], ['Luas Tanah', '60 m²'], ['Luas Bangunan', '36 m²'], ['Tipe Properti', 'Rumah'], ['Sertifikat', 'HGB - Hak Guna Bangunan'], ['Daya Listrik', '1300 Watt'], ['Ruang Makan', 'Tidak'], ['Ruang Tamu', 'Tidak'], ['Kondisi Perabotan', 'Unfurnished'], ['Garasi', '1'], ['Terjangkau Internet', 'Tidak'], ['Hook', 'Tidak'], ['Kondisi Properti', 'Bagus'], ['ID Iklan', 'hos15190748']]}
[2023-10-31T05:05:26.050+0000] {ssh.py:527} WARNING - 2023-10-31 12:05:26 [scrapy.core.engine] DEBUG: Crawled (200) <GET https://www.rumah123.com/properti/tangerang/hos14544351/> (referer: https://www.rumah123.com/jual/tangerang/Panongan/rumah/)
[2023-10-31T05:05:26.167+0000] {ssh.py:527} WARNING - 2023-10-31 12:05:26 [scrapy.core.scraper] DEBUG: Scraped from <200 https://www.rumah123.com/properti/tangerang/hos14544351/>
[2023-10-31T05:05:26.168+0000] {ssh.py:527} WARNING - {'harga': 'Rp 1,3 Miliar', 'alamat': 'Panongan, Tangerang', 'fasilitas': ['Jalur Telepon', 'Taman', 'Akses Parkir', ' CCTV', 'Keamanan 24 jam', ' Kolam Renang', ' One Gate System', ' Playground', 'Wastafel', 'Tempat Gym', 'Track Lari'], 'spesifikasi': [['Kamar Tidur', '3'], ['Kamar Mandi', '3'], ['Luas Tanah', '84 m²'], ['Luas Bangunan', '93 m²'], ['Carport', '1'], ['Tipe Properti', 'Rumah'], ['Sertifikat', 'Lainnya (PPJB,Girik,Adat,dll)'], ['Daya Listrik', '2200 Watt'], ['Kamar Pembantu', '1'], ['Kamar Mandi Pembantu', '1'], ['Dapur', '1'], ['Ruang Makan', 'Ya'], ['Ruang Tamu', 'Ya'], ['Kondisi Perabotan', 'Unfurnished'], ['Jumlah Lantai', '2'], ['Terjangkau Internet', 'Ya'], ['Lebar Jalan', '2 Mobil'], ['Sumber Air', 'PAM atau PDAM'], ['Hook', 'Tidak'], ['Kondisi Properti', 'Baru'], ['ID Iklan', 'hos14544351']]}
[2023-10-31T05:05:28.246+0000] {ssh.py:527} WARNING - 2023-10-31 12:05:28 [scrapy.core.engine] DEBUG: Crawled (200) <GET https://www.rumah123.com/properti/tangerang/hos14547080/> (referer: https://www.rumah123.com/jual/tangerang/Panongan/rumah/)
[2023-10-31T05:05:28.360+0000] {ssh.py:527} WARNING - 2023-10-31 12:05:28 [scrapy.core.scraper] DEBUG: Scraped from <200 https://www.rumah123.com/properti/tangerang/hos14547080/>
[2023-10-31T05:05:28.361+0000] {ssh.py:527} WARNING - {'harga': 'Rp 950 Juta', 'alamat': 'Panongan, Tangerang', 'fasilitas': ['Taman'], 'spesifikasi': [['Kamar Tidur', '2'], ['Kamar Mandi', '2'], ['Luas Tanah', '96 m²'], ['Luas Bangunan', '51 m²'], ['Tipe Properti', 'Rumah'], ['Sertifikat', 'SHM - Sertifikat Hak Milik'], ['Daya Listrik', 'Lainnya Watt'], ['Kamar Pembantu', '1'], ['Kamar Mandi Pembantu', '1'], ['Garasi', '1'], ['Jumlah Lantai', '1'], ['Kondisi Properti', 'bagus'], ['ID Iklan', 'hos14547080']]}
[2023-10-31T05:05:29.732+0000] {ssh.py:527} WARNING - 2023-10-31 12:05:29 [scrapy.core.engine] DEBUG: Crawled (200) <GET https://www.rumah123.com/properti/tangerang/hos14686650/> (referer: https://www.rumah123.com/jual/tangerang/Panongan/rumah/)
[2023-10-31T05:05:29.843+0000] {ssh.py:527} WARNING - 2023-10-31 12:05:29 [scrapy.core.scraper] DEBUG: Scraped from <200 https://www.rumah123.com/properti/tangerang/hos14686650/>
[2023-10-31T05:05:29.844+0000] {ssh.py:527} WARNING - {'harga': 'Rp 1,88 Miliar', 'alamat': 'Panongan, Tangerang', 'fasilitas': ['Taman', 'Tempat Jemuran', 'Keamanan 24 jam'], 'spesifikasi': [['Kamar Tidur', '4'], ['Kamar Mandi', '4'], ['Luas Tanah', '157 m²'], ['Luas Bangunan', '260 m²'], ['Carport', '1'], ['Tipe Properti', 'Rumah'], ['Sertifikat', 'SHM - Sertifikat Hak Milik'], ['Daya Listrik', '2200 Watt'], ['Dapur', '1'], ['Ruang Makan', 'Ya'], ['Ruang Tamu', 'Ya'], ['Kondisi Perabotan', 'Unfurnished'], ['Jumlah Lantai', '2'], ['Hadap', 'Timur'], ['Terjangkau Internet', 'Tidak'], ['Hook', 'Tidak'], ['Kondisi Properti', 'Bagus'], ['ID Iklan', 'hos14686650']]}
[2023-10-31T05:05:30.265+0000] {ssh.py:527} WARNING - 2023-10-31 12:05:30 [scrapy.core.engine] DEBUG: Crawled (200) <GET https://www.rumah123.com/properti/tangerang/hos14753122/> (referer: https://www.rumah123.com/jual/tangerang/Panongan/rumah/)
[2023-10-31T05:05:30.378+0000] {ssh.py:527} WARNING - 2023-10-31 12:05:30 [scrapy.core.scraper] DEBUG: Scraped from <200 https://www.rumah123.com/properti/tangerang/hos14753122/>
[2023-10-31T05:05:30.378+0000] {ssh.py:527} WARNING - {'harga': 'Rp 1,35 Miliar', 'alamat': 'Panongan, Tangerang', 'fasilitas': ['AC', 'Kitchen Set'], 'spesifikasi': [['Kamar Tidur', '3'], ['Kamar Mandi', '2'], ['Luas Tanah', '72 m²'], ['Luas Bangunan', '80 m²'], ['Tipe Properti', 'Rumah'], ['Sertifikat', 'SHM - Sertifikat Hak Milik'], ['Daya Listrik', '4400 Watt'], ['Ruang Makan', 'Tidak'], ['Ruang Tamu', 'Tidak'], ['Kondisi Perabotan', 'Furnished'], ['Jumlah Lantai', '2'], ['Terjangkau Internet', 'Tidak'], ['Sumber Air', 'PAM atau PDAM'], ['Hook', 'Tidak'], ['Kondisi Properti', 'Bagus'], ['ID Iklan', 'hos14753122']]}
[2023-10-31T05:05:32.216+0000] {ssh.py:527} WARNING - 2023-10-31 12:05:32 [scrapy.core.engine] DEBUG: Crawled (200) <GET https://www.rumah123.com/properti/tangerang/hos14913718/> (referer: https://www.rumah123.com/jual/tangerang/Panongan/rumah/)
[2023-10-31T05:05:32.329+0000] {ssh.py:527} WARNING - 2023-10-31 12:05:32 [scrapy.core.scraper] DEBUG: Scraped from <200 https://www.rumah123.com/properti/tangerang/hos14913718/>
[2023-10-31T05:05:32.330+0000] {ssh.py:527} WARNING - {'harga': 'Rp 488 Juta', 'alamat': 'Panongan, Tangerang', 'fasilitas': [' Ac', 'Jogging Track', 'Keamanan', ' Taman', 'Tempat Jemuran', ' CCTV', 'Keamanan 24 jam', ' One Gate System', ' Playground', 'Pemanas Air', 'Tempat Gym', 'Track Lari'], 'spesifikasi': [['Kamar Tidur', '2'], ['Kamar Mandi', '1'], ['Luas Tanah', '50 m²'], ['Luas Bangunan', '31 m²'], ['Carport', '1'], ['Tipe Properti', 'Rumah'], ['Sertifikat', 'HGB - Hak Guna Bangunan'], ['Daya Listrik', '2200 Watt'], ['Ruang Makan', 'Tidak'], ['Ruang Tamu', 'Tidak'], ['Kondisi Perabotan', 'Unfurnished'], ['Material Bangunan', 'Bata Merah'], ['Material Lantai', 'Keramik, Marmer'], ['Garasi', '1'], ['Jumlah Lantai', '1'], ['Hadap', 'Barat'], ['Konsep dan Gaya Rumah', 'Scandinavian'], ['Pemandangan', 'Perkotaan'], ['Terjangkau Internet', 'Tidak'], ['Lebar Jalan', '2 Mobil'], ['Tahun Dibangun', '2023'], ['Sumber Air', 'PAM atau PDAM'], ['Hook', 'Tidak'], ['Kondisi Properti', 'Baru'], ['ID Iklan', 'hos14913718']]}
[2023-10-31T05:05:33.137+0000] {ssh.py:527} WARNING - 2023-10-31 12:05:33 [scrapy.core.engine] DEBUG: Crawled (200) <GET https://www.rumah123.com/properti/tangerang/hos14916321/> (referer: https://www.rumah123.com/jual/tangerang/Panongan/rumah/)
[2023-10-31T05:05:33.255+0000] {ssh.py:527} WARNING - 2023-10-31 12:05:33 [scrapy.core.scraper] DEBUG: Scraped from <200 https://www.rumah123.com/properti/tangerang/hos14916321/>
[2023-10-31T05:05:33.255+0000] {ssh.py:527} WARNING - {'harga': 'Rp 640 Juta', 'alamat': 'Panongan, Tangerang', 'fasilitas': [' Jogging Track', 'Keamanan', 'Taman', 'Tempat Jemuran', ' CCTV', 'Keamanan 24 jam', ' One Gate System', ' Playground', 'Pemanas Air', 'Tempat Gym', 'Track Lari'], 'spesifikasi': [['Kamar Tidur', '2'], ['Kamar Mandi', '1'], ['Luas Tanah', '72 m²'], ['Luas Bangunan', '38 m²'], ['Carport', '1'], ['Tipe Properti', 'Rumah'], ['Sertifikat', 'HGB - Hak Guna Bangunan'], ['Daya Listrik', '2200 Watt'], ['Dapur', '1'], ['Ruang Makan', 'Tidak'], ['Ruang Tamu', 'Tidak'], ['Kondisi Perabotan', 'Unfurnished'], ['Material Bangunan', 'Bata Merah'], ['Material Lantai', 'Marmer'], ['Garasi', '1'], ['Jumlah Lantai', '1'], ['Hadap', 'Utara'], ['Konsep dan Gaya Rumah', 'Scandinavian'], ['Pemandangan', 'Perkotaan'], ['Terjangkau Internet', 'Ya'], ['Lebar Jalan', '2 Mobil'], ['Tahun Dibangun', '2023'], ['Sumber Air', 'PAM atau PDAM'], ['Hook', 'Tidak'], ['Kondisi Properti', 'Baru'], ['ID Iklan', 'hos14916321']]}
[2023-10-31T05:05:34.550+0000] {ssh.py:527} WARNING - 2023-10-31 12:05:34 [scrapy.core.engine] DEBUG: Crawled (200) <GET https://www.rumah123.com/properti/tangerang/hos14917674/> (referer: https://www.rumah123.com/jual/tangerang/Panongan/rumah/)
[2023-10-31T05:05:34.663+0000] {ssh.py:527} WARNING - 2023-10-31 12:05:34 [scrapy.core.scraper] DEBUG: Scraped from <200 https://www.rumah123.com/properti/tangerang/hos14917674/>
[2023-10-31T05:05:34.663+0000] {ssh.py:527} WARNING - {'harga': 'Rp 1,13 Miliar', 'alamat': 'Panongan, Tangerang', 'fasilitas': ['CCTV', ' Jogging Track', ' Keamanan', 'Taman', 'Tempat Jemuran', 'Keamanan 24 jam', ' One Gate System', ' Playground', 'Pemanas Air', 'Wastafel', 'Tempat Gym', 'Track Lari'], 'spesifikasi': [['Kamar Tidur', '3'], ['Kamar Mandi', '2'], ['Luas Tanah', '84 m²'], ['Luas Bangunan', '82 m²'], ['Carport', '2'], ['Tipe Properti', 'Rumah'], ['Sertifikat', 'HGB - Hak Guna Bangunan'], ['Daya Listrik', '2200 Watt'], ['Dapur', '1'], ['Ruang Makan', 'Tidak'], ['Ruang Tamu', 'Tidak'], ['Kondisi Perabotan', 'Unfurnished'], ['Material Bangunan', 'Bata Merah'], ['Material Lantai', 'Marmer'], ['Garasi', '2'], ['Jumlah Lantai', '2'], ['Hadap', 'Utara'], ['Konsep dan Gaya Rumah', 'Scandinavian'], ['Pemandangan', 'Perkotaan'], ['Terjangkau Internet', 'Ya'], ['Lebar Jalan', '2 Mobil'], ['Tahun Dibangun', '2023'], ['Sumber Air', 'PAM atau PDAM'], ['Hook', 'Tidak'], ['Kondisi Properti', 'Baru'], ['ID Iklan', 'hos14917674']]}
[2023-10-31T05:05:35.863+0000] {ssh.py:527} WARNING - 2023-10-31 12:05:35 [scrapy.core.engine] DEBUG: Crawled (200) <GET https://www.rumah123.com/properti/tangerang/hos14983407/> (referer: https://www.rumah123.com/jual/tangerang/Panongan/rumah/)
[2023-10-31T05:05:35.863+0000] {ssh.py:527} WARNING - 2023-10-31 12:05:35 [scrapy.core.engine] INFO: Closing spider (closespider_pagecount)
[2023-10-31T05:05:35.976+0000] {ssh.py:527} WARNING - 2023-10-31 12:05:35 [scrapy.core.scraper] DEBUG: Scraped from <200 https://www.rumah123.com/properti/tangerang/hos14983407/>
[2023-10-31T05:05:35.976+0000] {ssh.py:527} WARNING - {'harga': 'Rp 640 Juta', 'alamat': 'Panongan, Tangerang', 'fasilitas': [' Jalur Telepon', ' Jogging Track', 'Keamanan', 'Kolam Renang', ' Taman', ' CCTV', 'Keamanan 24 jam', ' One Gate System', ' Playground', 'Lapangan Bulu Tangkis', 'Tempat Gym', ' Track Lari'], 'spesifikasi': [['Kamar Tidur', '2'], ['Kamar Mandi', '1'], ['Luas Tanah', '72 m²'], ['Luas Bangunan', '38 m²'], ['Carport', '1'], ['Tipe Properti', 'Rumah'], ['Sertifikat', 'SHM - Sertifikat Hak Milik'], ['Daya Listrik', '2200 Watt'], ['Dapur', '1'], ['Ruang Makan', 'Tidak'], ['Ruang Tamu', 'Tidak'], ['Kondisi Perabotan', 'Unfurnished'], ['Material Bangunan', 'Bata Hebel'], ['Material Lantai', 'Granit'], ['Jumlah Lantai', '1'], ['Hadap', 'Selatan'], ['Konsep dan Gaya Rumah', 'Minimalis Modern'], ['Pemandangan', 'Pedesaan'], ['Terjangkau Internet', 'Ya'], ['Lebar Jalan', '2 Mobil'], ['Tahun Dibangun', '2023'], ['Hook', 'Tidak'], ['Kondisi Properti', 'Baru'], ['ID Iklan', 'hos14983407']]}
[2023-10-31T05:05:37.548+0000] {ssh.py:527} WARNING - 2023-10-31 12:05:37 [scrapy.core.engine] DEBUG: Crawled (200) <GET https://www.rumah123.com/properti/tangerang/hos14927950/> (referer: https://www.rumah123.com/jual/tangerang/Panongan/rumah/)
[2023-10-31T05:05:37.660+0000] {ssh.py:527} WARNING - 2023-10-31 12:05:37 [scrapy.core.scraper] DEBUG: Scraped from <200 https://www.rumah123.com/properti/tangerang/hos14927950/>
[2023-10-31T05:05:37.660+0000] {ssh.py:527} WARNING - {'harga': 'Rp 325 Juta', 'alamat': 'Panongan, Tangerang', 'fasilitas': ['Tempat Jemuran'], 'spesifikasi': [['Kamar Tidur', '2'], ['Kamar Mandi', '1'], ['Luas Tanah', '60 m²'], ['Luas Bangunan', '42 m²'], ['Tipe Properti', 'Rumah'], ['Sertifikat', 'SHM - Sertifikat Hak Milik'], ['Daya Listrik', '1300 Watt'], ['Ruang Makan', 'Tidak'], ['Ruang Tamu', 'Tidak'], ['Kondisi Perabotan', 'Unfurnished'], ['Garasi', '1'], ['Terjangkau Internet', 'Tidak'], ['Hook', 'Tidak'], ['Kondisi Properti', 'Bagus'], ['ID Iklan', 'hos14927950']]}
[2023-10-31T05:05:38.422+0000] {ssh.py:527} WARNING - 2023-10-31 12:05:38 [scrapy.core.engine] DEBUG: Crawled (200) <GET https://www.rumah123.com/properti/tangerang/hos14928214/> (referer: https://www.rumah123.com/jual/tangerang/Panongan/rumah/)
[2023-10-31T05:05:38.536+0000] {ssh.py:527} WARNING - 2023-10-31 12:05:38 [scrapy.core.scraper] DEBUG: Scraped from <200 https://www.rumah123.com/properti/tangerang/hos14928214/>
[2023-10-31T05:05:38.536+0000] {ssh.py:527} WARNING - {'harga': 'Rp 350 Juta', 'alamat': 'Panongan, Tangerang', 'fasilitas': ['Tempat Jemuran'], 'spesifikasi': [['Kamar Tidur', '4'], ['Kamar Mandi', '3'], ['Luas Tanah', '102 m²'], ['Luas Bangunan', '78 m²'], ['Tipe Properti', 'Rumah'], ['Sertifikat', 'Lainnya (PPJB,Girik,Adat,dll)'], ['Daya Listrik', '2200 Watt'], ['Dapur', '1'], ['Ruang Makan', 'Tidak'], ['Ruang Tamu', 'Tidak'], ['Kondisi Perabotan', 'Unfurnished'], ['Garasi', '3'], ['Jumlah Lantai', '2'], ['Terjangkau Internet', 'Tidak'], ['Sumber Air', 'PAM atau PDAM'], ['Hook', 'Tidak'], ['Kondisi Properti', 'Bagus'], ['ID Iklan', 'hos14928214']]}
[2023-10-31T05:05:39.814+0000] {ssh.py:527} WARNING - 2023-10-31 12:05:39 [scrapy.core.engine] DEBUG: Crawled (200) <GET https://www.rumah123.com/properti/tangerang/hos14928197/> (referer: https://www.rumah123.com/jual/tangerang/Panongan/rumah/)
[2023-10-31T05:05:39.927+0000] {ssh.py:527} WARNING - 2023-10-31 12:05:39 [scrapy.core.scraper] DEBUG: Scraped from <200 https://www.rumah123.com/properti/tangerang/hos14928197/>
[2023-10-31T05:05:39.928+0000] {ssh.py:527} WARNING - {'harga': 'Rp 450 Juta', 'alamat': 'Panongan, Tangerang', 'fasilitas': [], 'spesifikasi': [['Kamar Tidur', '2'], ['Kamar Mandi', '1'], ['Luas Tanah', '115 m²'], ['Luas Bangunan', '115 m²'], ['Tipe Properti', 'Rumah'], ['Sertifikat', 'SHM - Sertifikat Hak Milik'], ['Daya Listrik', '1300 Watt'], ['Garasi', '1'], ['Kondisi Properti', 'Unfurnished'], ['ID Iklan', 'hos14928197']]}
[2023-10-31T05:05:41.067+0000] {ssh.py:527} WARNING - 2023-10-31 12:05:41 [scrapy.core.engine] DEBUG: Crawled (200) <GET https://www.rumah123.com/properti/tangerang/hos14928127/> (referer: https://www.rumah123.com/jual/tangerang/Panongan/rumah/)
[2023-10-31T05:05:41.189+0000] {ssh.py:527} WARNING - 2023-10-31 12:05:41 [scrapy.core.scraper] DEBUG: Scraped from <200 https://www.rumah123.com/properti/tangerang/hos14928127/>
[2023-10-31T05:05:41.189+0000] {ssh.py:527} WARNING - {'harga': 'Rp 275 Juta', 'alamat': 'Panongan, Tangerang', 'fasilitas': ['Tempat Jemuran'], 'spesifikasi': [['Kamar Tidur', '2'], ['Kamar Mandi', '1'], ['Luas Tanah', '60 m²'], ['Luas Bangunan', '60 m²'], ['Tipe Properti', 'Rumah'], ['Sertifikat', 'SHM - Sertifikat Hak Milik'], ['Daya Listrik', '1300 Watt'], ['Dapur', '1'], ['Ruang Makan', 'Tidak'], ['Ruang Tamu', 'Tidak'], ['Kondisi Perabotan', 'Unfurnished'], ['Garasi', '1'], ['Jumlah Lantai', '1'], ['Terjangkau Internet', 'Tidak'], ['Hook', 'Tidak'], ['Kondisi Properti', 'Bagus'], ['ID Iklan', 'hos14928127']]}
[2023-10-31T05:05:42.326+0000] {ssh.py:527} WARNING - 2023-10-31 12:05:42 [scrapy.core.engine] DEBUG: Crawled (200) <GET https://www.rumah123.com/properti/tangerang/hos15224743/> (referer: https://www.rumah123.com/jual/tangerang/Panongan/rumah/)
[2023-10-31T05:05:42.439+0000] {ssh.py:527} WARNING - 2023-10-31 12:05:42 [scrapy.core.scraper] DEBUG: Scraped from <200 https://www.rumah123.com/properti/tangerang/hos15224743/>
[2023-10-31T05:05:42.439+0000] {ssh.py:527} WARNING - {'harga': 'Rp 630 Juta', 'alamat': 'Panongan, Tangerang', 'fasilitas': ['Keamanan 24 jam', 'Masjid', ' One Gate System', ' Taman'], 'spesifikasi': [['Kamar Tidur', '2'], ['Kamar Mandi', '2'], ['Luas Tanah', '72 m²'], ['Luas Bangunan', '40 m²'], ['Tipe Properti', 'Rumah'], ['Sertifikat', 'SHM - Sertifikat Hak Milik'], ['Daya Listrik', '1300 Watt'], ['Ruang Makan', 'Tidak'], ['Ruang Tamu', 'Tidak'], ['Kondisi Perabotan', 'Unfurnished'], ['Jumlah Lantai', '1'], ['Konsep dan Gaya Rumah', 'Minimalis Modern'], ['Terjangkau Internet', 'Tidak'], ['Sumber Air', 'PAM atau PDAM'], ['Hook', 'Tidak'], ['Kondisi Properti', 'Bagus'], ['ID Iklan', 'hos15224743']]}
[2023-10-31T05:05:43.672+0000] {ssh.py:527} WARNING - 2023-10-31 12:05:43 [scrapy.core.engine] DEBUG: Crawled (200) <GET https://www.rumah123.com/properti/tangerang/hos15231032/> (referer: https://www.rumah123.com/jual/tangerang/Panongan/rumah/)
[2023-10-31T05:05:43.785+0000] {ssh.py:527} WARNING - 2023-10-31 12:05:43 [scrapy.core.scraper] DEBUG: Scraped from <200 https://www.rumah123.com/properti/tangerang/hos15231032/>
[2023-10-31T05:05:43.785+0000] {ssh.py:527} WARNING - {'harga': 'Rp 1,13 Miliar', 'alamat': 'Panongan, Tangerang', 'fasilitas': ['Jalur Telepon', ' Taman', 'Tempat Jemuran', 'Akses Parkir', ' CCTV', 'Keamanan 24 jam', ' One Gate System'], 'spesifikasi': [['Kamar Tidur', '3'], ['Kamar Mandi', '2'], ['Luas Tanah', '84 m²'], ['Luas Bangunan', '82 m²'], ['Tipe Properti', 'Rumah'], ['Sertifikat', 'SHM - Sertifikat Hak Milik'], ['Daya Listrik', '2200 Watt'], ['Ruang Makan', 'Ya'], ['Ruang Tamu', 'Ya'], ['Garasi', '1'], ['Jumlah Lantai', '2'], ['Terjangkau Internet', 'Ya'], ['Lebar Jalan', '3 Mobil'], ['Sumber Air', 'PAM atau PDAM'], ['Hook', 'Tidak'], ['Kondisi Properti', 'Baru'], ['ID Iklan', 'hos15231032']]}
[2023-10-31T05:05:45.046+0000] {ssh.py:527} WARNING - 2023-10-31 12:05:45 [scrapy.core.engine] DEBUG: Crawled (200) <GET https://www.rumah123.com/properti/tangerang/hos15193552/> (referer: https://www.rumah123.com/jual/tangerang/Panongan/rumah/)
[2023-10-31T05:05:45.158+0000] {ssh.py:527} WARNING - 2023-10-31 12:05:45 [scrapy.core.scraper] DEBUG: Scraped from <200 https://www.rumah123.com/properti/tangerang/hos15193552/>
[2023-10-31T05:05:45.158+0000] {ssh.py:527} WARNING - {'harga': 'Rp 310 Juta', 'alamat': 'Panongan, Tangerang', 'fasilitas': ['Tempat Jemuran'], 'spesifikasi': [['Kamar Tidur', '2'], ['Kamar Mandi', '2'], ['Luas Tanah', '60 m²'], ['Luas Bangunan', '60 m²'], ['Tipe Properti', 'Rumah'], ['Sertifikat', 'HGB - Hak Guna Bangunan'], ['Daya Listrik', '1300 Watt'], ['Ruang Makan', 'Tidak'], ['Ruang Tamu', 'Tidak'], ['Kondisi Perabotan', 'Unfurnished'], ['Garasi', '1'], ['Jumlah Lantai', '1'], ['Terjangkau Internet', 'Tidak'], ['Hook', 'Tidak'], ['Kondisi Properti', 'Bagus'], ['ID Iklan', 'hos15193552']]}
[2023-10-31T05:05:46.642+0000] {ssh.py:527} WARNING - 2023-10-31 12:05:46 [scrapy.core.engine] DEBUG: Crawled (200) <GET https://www.rumah123.com/jual/tangerang/panongan/rumah/?page=2> (referer: https://www.rumah123.com/jual/tangerang/Panongan/rumah/)
[2023-10-31T05:05:47.739+0000] {ssh.py:527} WARNING - 2023-10-31 12:05:47 [scrapy.core.engine] DEBUG: Crawled (200) <GET https://www.rumah123.com/properti/tangerang/hos14197744/> (referer: https://www.rumah123.com/jual/tangerang/Panongan/rumah/)
[2023-10-31T05:05:47.853+0000] {ssh.py:527} WARNING - 2023-10-31 12:05:47 [scrapy.core.scraper] DEBUG: Scraped from <200 https://www.rumah123.com/properti/tangerang/hos14197744/>
[2023-10-31T05:05:47.854+0000] {ssh.py:527} WARNING - {'harga': 'Rp 540 Juta', 'alamat': 'Panongan, Tangerang', 'fasilitas': ['Taman', 'Tempat Jemuran', 'Keamanan 24 jam'], 'spesifikasi': [['Kamar Tidur', '2'], ['Kamar Mandi', '1'], ['Luas Tanah', '72 m²'], ['Luas Bangunan', '36 m²'], ['Carport', '1'], ['Tipe Properti', 'Rumah'], ['Sertifikat', 'SHM - Sertifikat Hak Milik'], ['Daya Listrik', '2200 Watt'], ['Dapur', '1'], ['Ruang Makan', 'Ya'], ['Ruang Tamu', 'Ya'], ['Kondisi Perabotan', 'Unfurnished'], ['Jumlah Lantai', '1'], ['Hadap', 'Barat'], ['Terjangkau Internet', 'Tidak'], ['Hook', 'Tidak'], ['Kondisi Properti', 'Bagus'], ['ID Iklan', 'hos14197744']]}
[2023-10-31T05:05:49.353+0000] {ssh.py:527} WARNING - 2023-10-31 12:05:49 [scrapy.core.engine] DEBUG: Crawled (200) <GET https://www.rumah123.com/properti/tangerang/hos14197747/> (referer: https://www.rumah123.com/jual/tangerang/Panongan/rumah/)
[2023-10-31T05:05:49.472+0000] {ssh.py:527} WARNING - 2023-10-31 12:05:49 [scrapy.core.scraper] DEBUG: Scraped from <200 https://www.rumah123.com/properti/tangerang/hos14197747/>
[2023-10-31T05:05:49.473+0000] {ssh.py:527} WARNING - {'harga': 'Rp 540 Juta', 'alamat': 'Panongan, Tangerang', 'fasilitas': ['Taman', 'Tempat Jemuran', 'Keamanan 24 jam'], 'spesifikasi': [['Kamar Tidur', '2'], ['Kamar Mandi', '1'], ['Luas Tanah', '72 m²'], ['Luas Bangunan', '36 m²'], ['Carport', '1'], ['Tipe Properti', 'Rumah'], ['Sertifikat', 'SHM - Sertifikat Hak Milik'], ['Daya Listrik', '2200 Watt'], ['Dapur', '1'], ['Ruang Makan', 'Ya'], ['Ruang Tamu', 'Ya'], ['Kondisi Perabotan', 'Unfurnished'], ['Jumlah Lantai', '1'], ['Hadap', 'Barat'], ['Terjangkau Internet', 'Tidak'], ['Hook', 'Tidak'], ['Kondisi Properti', 'Bagus'], ['ID Iklan', 'hos14197747']]}
[2023-10-31T05:05:50.482+0000] {ssh.py:527} WARNING - 2023-10-31 12:05:50 [scrapy.core.engine] DEBUG: Crawled (200) <GET https://www.rumah123.com/properti/tangerang/hos14377976/> (referer: https://www.rumah123.com/jual/tangerang/Panongan/rumah/)
[2023-10-31T05:05:50.594+0000] {ssh.py:527} WARNING - 2023-10-31 12:05:50 [scrapy.core.scraper] DEBUG: Scraped from <200 https://www.rumah123.com/properti/tangerang/hos14377976/>
[2023-10-31T05:05:50.595+0000] {ssh.py:527} WARNING - {'harga': 'Rp 825 Juta', 'alamat': 'Panongan, Tangerang', 'fasilitas': ['Taman', 'Masjid', ' Playground', 'Wastafel', 'Track Lari'], 'spesifikasi': [['Kamar Tidur', '2'], ['Kamar Mandi', '2'], ['Luas Tanah', '96 m²'], ['Luas Bangunan', '110 m²'], ['Carport', '1'], ['Tipe Properti', 'Rumah'], ['Sertifikat', 'SHM - Sertifikat Hak Milik'], ['Daya Listrik', '2200 Watt'], ['Ruang Tamu', 'Ya'], ['Kondisi Perabotan', 'Unfurnished'], ['Material Bangunan', 'Bata Hebel'], ['Material Lantai', 'Granit'], ['Garasi', '1'], ['Jumlah Lantai', '2'], ['Konsep dan Gaya Rumah', 'Minimalis Modern'], ['Pemandangan', 'Pemukiman Warga'], ['Terjangkau Internet', 'Ya'], ['Lebar Jalan', '2 Mobil'], ['Sumber Air', 'PAM atau PDAM'], ['Hook', 'Tidak'], ['ID Iklan', 'hos14377976']]}
[2023-10-31T05:05:52.094+0000] {ssh.py:527} WARNING - 2023-10-31 12:05:52 [scrapy.core.engine] DEBUG: Crawled (200) <GET https://www.rumah123.com/properti/tangerang/hos15190753/> (referer: https://www.rumah123.com/jual/tangerang/Panongan/rumah/)
[2023-10-31T05:05:52.208+0000] {ssh.py:527} WARNING - 2023-10-31 12:05:52 [scrapy.core.scraper] DEBUG: Scraped from <200 https://www.rumah123.com/properti/tangerang/hos15190753/>
[2023-10-31T05:05:52.208+0000] {ssh.py:527} WARNING - {'harga': 'Rp 400 Juta', 'alamat': 'Panongan, Tangerang', 'fasilitas': ['Tempat Jemuran'], 'spesifikasi': [['Kamar Tidur', '2'], ['Kamar Mandi', '2'], ['Luas Tanah', '72 m²'], ['Luas Bangunan', '36 m²'], ['Tipe Properti', 'Rumah'], ['Sertifikat', 'Lainnya (PPJB,Girik,Adat,dll)'], ['Daya Listrik', '1300 Watt'], ['Ruang Makan', 'Tidak'], ['Ruang Tamu', 'Tidak'], ['Kondisi Perabotan', 'Unfurnished'], ['Garasi', '1'], ['Terjangkau Internet', 'Tidak'], ['Hook', 'Tidak'], ['Kondisi Properti', 'Bagus'], ['ID Iklan', 'hos15190753']]}
[2023-10-31T05:05:52.210+0000] {ssh.py:527} WARNING - 2023-10-31 12:05:52 [scrapy.extensions.feedexport] INFO: Stored csv feed (20 items) in: /home/***/data_science/***_docker/data_csv/tangerang.csv
[2023-10-31T05:05:52.212+0000] {ssh.py:527} WARNING - 2023-10-31 12:05:52 [scrapy.statscollectors] INFO: Dumping Scrapy stats:
[2023-10-31T05:05:52.212+0000] {ssh.py:527} WARNING - {'downloader/request_bytes': 16268,
[2023-10-31T05:05:52.212+0000] {ssh.py:527} WARNING -  'downloader/request_count': 22,
[2023-10-31T05:05:52.212+0000] {ssh.py:527} WARNING -  'downloader/request_method_count/GET': 22,
[2023-10-31T05:05:52.212+0000] {ssh.py:527} WARNING -  'downloader/response_bytes': 1599695,
[2023-10-31T05:05:52.212+0000] {ssh.py:527} WARNING -  'downloader/response_count': 22,
[2023-10-31T05:05:52.212+0000] {ssh.py:527} WARNING -  'downloader/response_status_count/200': 22,
[2023-10-31T05:05:52.212+0000] {ssh.py:527} WARNING -  'elapsed_time_seconds': 34.689555,
[2023-10-31T05:05:52.213+0000] {ssh.py:527} WARNING -  'feedexport/success_count/FileFeedStorage': 1,
[2023-10-31T05:05:52.213+0000] {ssh.py:527} WARNING -  'finish_reason': 'closespider_pagecount',
[2023-10-31T05:05:52.213+0000] {ssh.py:527} WARNING -  'finish_time': datetime.datetime(2023, 10, 31, 5, 5, 52, 207973, tzinfo=datetime.timezone.utc),
[2023-10-31T05:05:52.213+0000] {ssh.py:527} WARNING -  'httpcompression/response_bytes': 9970855,
[2023-10-31T05:05:52.213+0000] {ssh.py:527} WARNING -  'httpcompression/response_count': 22,
[2023-10-31T05:05:52.213+0000] {ssh.py:527} WARNING -  'item_scraped_count': 20,
[2023-10-31T05:05:52.213+0000] {ssh.py:527} WARNING -  'log_count/DEBUG': 47,
[2023-10-31T05:05:52.213+0000] {ssh.py:527} WARNING -  'log_count/INFO': 11,
[2023-10-31T05:05:52.213+0000] {ssh.py:527} WARNING -  'memusage/max': 67887104,
[2023-10-31T05:05:52.213+0000] {ssh.py:527} WARNING -  'memusage/startup': 67887104,
[2023-10-31T05:05:52.213+0000] {ssh.py:527} WARNING -  'request_depth_max': 2,
[2023-10-31T05:05:52.213+0000] {ssh.py:527} WARNING -  'response_received_count': 22,
[2023-10-31T05:05:52.213+0000] {ssh.py:527} WARNING -  'scheduler/dequeued': 22,
[2023-10-31T05:05:52.214+0000] {ssh.py:527} WARNING -  'scheduler/dequeued/memory': 22,
[2023-10-31T05:05:52.214+0000] {ssh.py:527} WARNING -  'scheduler/enqueued': 43,
[2023-10-31T05:05:52.214+0000] {ssh.py:527} WARNING -  'scheduler/enqueued/memory': 43,
[2023-10-31T05:05:52.214+0000] {ssh.py:527} WARNING -  'start_time': datetime.datetime(2023, 10, 31, 5, 5, 17, 518418, tzinfo=datetime.timezone.utc)}
[2023-10-31T05:05:52.214+0000] {ssh.py:527} WARNING - 2023-10-31 12:05:52 [scrapy.core.engine] INFO: Spider closed (closespider_pagecount)
[2023-10-31T05:05:52.422+0000] {ssh.py:522} INFO - {b'Referer': [b'https://www.rumah123.com/jual/tangerang/Panongan/rumah/'], b'Accept': [b'text/html,application/xhtml+xml,application/xml;q=0.9,*/*;q=0.8'], b'Accept-Language': [b'en'], b'User-Agent': [b'Mozilla/5.0 (Windows NT 10.0; WOW64) AppleWebKit/537.36 (KHTML, like Gecko) Chrome/83.0.4103.116 Safari/537.36'], b'Accept-Encoding': [b'gzip, deflate'], b'Sec-Fetch-User': [b'?1'], b'Sec-Fetch-Mod': [b''], b'Sec-Ch-Ua-Platform': [b'Windows'], b'Sec-Ch-Ua-Mobile': [b'?0'], b'Sec-Ch-Ua': [b'Google Chrome;v="83", "Chromium";v="83", ";Not A Brand";v="99"']}
[2023-10-31T05:05:52.423+0000] {ssh.py:522} INFO - *********************
[2023-10-31T05:05:52.423+0000] {ssh.py:522} INFO - {b'Referer': [b'https://www.rumah123.com/jual/tangerang/Panongan/rumah/'], b'Accept': [b'text/html,application/xhtml+xml,application/xml;q=0.9,*/*;q=0.8'], b'Accept-Language': [b'en'], b'User-Agent': [b'Mozilla/5.0 (Windows NT 10.0; Win64; x64) AppleWebKit/537.36 (KHTML, like Gecko) Chrome/80.0.3987.132 Safari/537.36'], b'Accept-Encoding': [b'gzip, deflate'], b'Sec-Fetch-User': [b'?1'], b'Sec-Fetch-Mod': [b''], b'Sec-Ch-Ua-Platform': [b'Windows'], b'Sec-Ch-Ua-Mobile': [b'?0'], b'Sec-Ch-Ua': [b'Google Chrome;v="80", "Chromium";v="80", ";Not A Brand";v="99"']}
[2023-10-31T05:05:52.423+0000] {ssh.py:522} INFO - *********************
[2023-10-31T05:05:52.423+0000] {ssh.py:522} INFO - {b'Referer': [b'https://www.rumah123.com/jual/tangerang/Panongan/rumah/'], b'Accept': [b'text/html,application/xhtml+xml,application/xml;q=0.9,*/*;q=0.8'], b'Accept-Language': [b'en'], b'User-Agent': [b'Mozilla/5.0 (Windows NT 10.0; Win64; x64) AppleWebKit/537.36 (KHTML, like Gecko) Chrome/85.0.4183.121 Safari/537.36 Edg/85.0.564.70'], b'Accept-Encoding': [b'gzip, deflate'], b'Sec-Fetch-User': [b'?1'], b'Sec-Fetch-Mod': [b''], b'Sec-Ch-Ua-Platform': [b'Windows'], b'Sec-Ch-Ua-Mobile': [b'?0'], b'Sec-Ch-Ua': [b'Microsoft Edge;v="85", "Chromium";v="85", ";Not A Brand";v="99"']}
[2023-10-31T05:05:52.424+0000] {ssh.py:522} INFO - *********************
[2023-10-31T05:05:52.424+0000] {ssh.py:522} INFO - {b'Referer': [b'https://www.rumah123.com/jual/tangerang/Panongan/rumah/'], b'Accept': [b'text/html,application/xhtml+xml,application/xml;q=0.9,*/*;q=0.8'], b'Accept-Language': [b'en'], b'User-Agent': [b'Mozilla/5.0 (Windows NT 10.0; Win64; x64) AppleWebKit/537.36 (KHTML, like Gecko) Chrome/89.0.4389.114 Safari/537.36'], b'Accept-Encoding': [b'gzip, deflate'], b'Sec-Fetch-User': [b'?1'], b'Sec-Fetch-Mod': [b''], b'Sec-Ch-Ua-Platform': [b'Windows'], b'Sec-Ch-Ua-Mobile': [b'?0'], b'Sec-Ch-Ua': [b'Google Chrome;v="89", "Chromium";v="89", ";Not A Brand";v="99"']}
[2023-10-31T05:05:52.424+0000] {ssh.py:522} INFO - *********************
[2023-10-31T05:05:52.424+0000] {ssh.py:522} INFO - {b'Referer': [b'https://www.rumah123.com/jual/tangerang/Panongan/rumah/'], b'Accept': [b'text/html,application/xhtml+xml,application/xml;q=0.9,*/*;q=0.8'], b'Accept-Language': [b'en'], b'User-Agent': [b'Mozilla/5.0 (Windows NT 10.0; Win64; x64) AppleWebKit/537.36 (KHTML, like Gecko) Chrome/89.0.4389.90 Safari/537.36'], b'Accept-Encoding': [b'gzip, deflate'], b'Sec-Fetch-User': [b'?1'], b'Sec-Fetch-Mod': [b''], b'Sec-Ch-Ua-Platform': [b'Windows'], b'Sec-Ch-Ua-Mobile': [b'?0'], b'Sec-Ch-Ua': [b'Google Chrome;v="89", "Chromium";v="89", ";Not A Brand";v="99"']}
[2023-10-31T05:05:52.424+0000] {ssh.py:522} INFO - *********************
[2023-10-31T05:05:52.425+0000] {ssh.py:522} INFO - {b'Referer': [b'https://www.rumah123.com/jual/tangerang/Panongan/rumah/'], b'Accept': [b'text/html,application/xhtml+xml,application/xml;q=0.9,*/*;q=0.8'], b'Accept-Language': [b'en'], b'User-Agent': [b'Mozilla/5.0 (Windows NT 10.0; WOW64) AppleWebKit/537.36 (KHTML, like Gecko) Chrome/86.0.4240.111 Safari/537.36'], b'Accept-Encoding': [b'gzip, deflate'], b'Sec-Fetch-User': [b'?1'], b'Sec-Fetch-Mod': [b''], b'Sec-Ch-Ua-Platform': [b'Windows'], b'Sec-Ch-Ua-Mobile': [b'?0'], b'Sec-Ch-Ua': [b'Google Chrome;v="86", "Chromium";v="86", ";Not A Brand";v="99"']}
[2023-10-31T05:05:52.425+0000] {ssh.py:522} INFO - *********************
[2023-10-31T05:05:52.425+0000] {ssh.py:522} INFO - {b'Referer': [b'https://www.rumah123.com/jual/tangerang/Panongan/rumah/'], b'Accept': [b'text/html,application/xhtml+xml,application/xml;q=0.9,*/*;q=0.8'], b'Accept-Language': [b'en'], b'User-Agent': [b'Mozilla/5.0 (Windows NT 10.0; Win64; x64) AppleWebKit/537.36 (KHTML, like Gecko) Chrome/78.0.3904.70 Safari/537.36'], b'Accept-Encoding': [b'gzip, deflate'], b'Sec-Fetch-User': [b'?1'], b'Sec-Fetch-Mod': [b''], b'Sec-Ch-Ua-Platform': [b'Windows'], b'Sec-Ch-Ua-Mobile': [b'?0'], b'Sec-Ch-Ua': [b'Google Chrome;v="78", "Chromium";v="78", ";Not A Brand";v="99"']}
[2023-10-31T05:05:52.425+0000] {ssh.py:522} INFO - *********************
[2023-10-31T05:05:52.425+0000] {ssh.py:522} INFO - {b'Referer': [b'https://www.rumah123.com/jual/tangerang/Panongan/rumah/'], b'Accept': [b'text/html,application/xhtml+xml,application/xml;q=0.9,*/*;q=0.8'], b'Accept-Language': [b'en'], b'User-Agent': [b'Mozilla/5.0 (Windows NT 10.0; Win64; x64) AppleWebKit/537.36 (KHTML, like Gecko) Chrome/87.0.4280.66 Safari/537.36'], b'Accept-Encoding': [b'gzip, deflate'], b'Sec-Fetch-User': [b'?1'], b'Sec-Fetch-Mod': [b''], b'Sec-Ch-Ua-Platform': [b'Windows'], b'Sec-Ch-Ua-Mobile': [b'?0'], b'Sec-Ch-Ua': [b'Google Chrome;v="87", "Chromium";v="87", ";Not A Brand";v="99"']}
[2023-10-31T05:05:52.425+0000] {ssh.py:522} INFO - *********************
[2023-10-31T05:05:52.426+0000] {ssh.py:522} INFO - {b'Referer': [b'https://www.rumah123.com/jual/tangerang/Panongan/rumah/'], b'Accept': [b'text/html,application/xhtml+xml,application/xml;q=0.9,*/*;q=0.8'], b'Accept-Language': [b'en'], b'User-Agent': [b'Mozilla/5.0 (Windows NT 10.0; Win64; x64) AppleWebKit/537.36 (KHTML, like Gecko) Chrome/89.0.4389.90 Safari/537.36 Edg/89.0.774.54'], b'Accept-Encoding': [b'gzip, deflate'], b'Sec-Fetch-User': [b'?1'], b'Sec-Fetch-Mod': [b''], b'Sec-Ch-Ua-Platform': [b'Windows'], b'Sec-Ch-Ua-Mobile': [b'?0'], b'Sec-Ch-Ua': [b'Microsoft Edge;v="89", "Chromium";v="89", ";Not A Brand";v="99"']}
[2023-10-31T05:05:52.726+0000] {taskinstance.py:1400} INFO - Marking task as SUCCESS. dag_id=ETL, task_id=scrap_data, execution_date=20231031T050512, start_date=20231031T050514, end_date=20231031T050552
[2023-10-31T05:05:52.780+0000] {local_task_job_runner.py:228} INFO - Task exited with return code 0
[2023-10-31T05:05:52.815+0000] {taskinstance.py:2778} INFO - 1 downstream tasks scheduled from follow-on schedule check
