[2023-10-27T08:54:09.749+0000] {taskinstance.py:1159} INFO - Dependencies all met for dep_context=non-requeueable deps ti=<TaskInstance: ETL.generate_evidently_report manual__2023-10-27T08:54:08.032432+00:00 [queued]>
[2023-10-27T08:54:09.759+0000] {taskinstance.py:1159} INFO - Dependencies all met for dep_context=requeueable deps ti=<TaskInstance: ETL.generate_evidently_report manual__2023-10-27T08:54:08.032432+00:00 [queued]>
[2023-10-27T08:54:09.760+0000] {taskinstance.py:1361} INFO - Starting attempt 1 of 1
[2023-10-27T08:54:09.774+0000] {taskinstance.py:1382} INFO - Executing <Task(SSHOperator): generate_evidently_report> on 2023-10-27 08:54:08.032432+00:00
[2023-10-27T08:54:09.782+0000] {standard_task_runner.py:57} INFO - Started process 596 to run task
[2023-10-27T08:54:09.784+0000] {standard_task_runner.py:84} INFO - Running: ['***', 'tasks', 'run', 'ETL', 'generate_evidently_report', 'manual__2023-10-27T08:54:08.032432+00:00', '--job-id', '189', '--raw', '--subdir', 'DAGS_FOLDER/first_dags.py', '--cfg-path', '/tmp/tmp5jc5uglc']
[2023-10-27T08:54:09.787+0000] {standard_task_runner.py:85} INFO - Job 189: Subtask generate_evidently_report
[2023-10-27T08:54:09.836+0000] {task_command.py:416} INFO - Running <TaskInstance: ETL.generate_evidently_report manual__2023-10-27T08:54:08.032432+00:00 [running]> on host 45cd7075ee11
[2023-10-27T08:54:09.930+0000] {taskinstance.py:1662} INFO - Exporting env vars: AIRFLOW_CTX_DAG_OWNER='me' AIRFLOW_CTX_DAG_ID='ETL' AIRFLOW_CTX_TASK_ID='generate_evidently_report' AIRFLOW_CTX_EXECUTION_DATE='2023-10-27T08:54:08.032432+00:00' AIRFLOW_CTX_TRY_NUMBER='1' AIRFLOW_CTX_DAG_RUN_ID='manual__2023-10-27T08:54:08.032432+00:00'
[2023-10-27T08:54:09.933+0000] {ssh.py:135} INFO - Creating ssh_client
[2023-10-27T08:54:09.987+0000] {ssh.py:112} INFO - ssh_hook is not provided or invalid. Trying ssh_conn_id to create SSHHook.
[2023-10-27T08:54:09.997+0000] {base.py:73} INFO - Using connection ID 'host_machine' for task execution.
[2023-10-27T08:54:09.997+0000] {ssh.py:300} WARNING - No Host Key Verification. This won't protect against Man-In-The-Middle attacks
[2023-10-27T08:54:10.009+0000] {transport.py:1893} INFO - Connected (version 2.0, client OpenSSH_8.9p1)
[2023-10-27T08:54:10.153+0000] {transport.py:1893} INFO - Authentication (password) successful!
[2023-10-27T08:54:10.154+0000] {ssh.py:476} INFO - Running command: cd /home/***/data_science/power_bi && . .venv/bin/activate && python3 evidently.ai/generate_report.py && deactivate 
[2023-10-27T08:54:12.218+0000] {ssh.py:527} WARNING - /home/***/data_science/power_bi/.venv/lib/python3.10/site-packages/xgboost/core.py:160: UserWarning: [15:54:12] WARNING: /workspace/src/common/error_msg.h:80: If you are loading a serialized model (like pickle in Python, RDS in R) or
[2023-10-27T08:54:12.219+0000] {ssh.py:527} WARNING - configuration generated by an older version of XGBoost, please export the model by calling
[2023-10-27T08:54:12.219+0000] {ssh.py:527} WARNING - `Booster.save_model` from that version first, then load it back in current version. See:
[2023-10-27T08:54:12.219+0000] {ssh.py:527} WARNING - 
[2023-10-27T08:54:12.219+0000] {ssh.py:527} WARNING -     https://xgboost.readthedocs.io/en/stable/tutorials/saving_model.html
[2023-10-27T08:54:12.219+0000] {ssh.py:527} WARNING - 
[2023-10-27T08:54:12.219+0000] {ssh.py:527} WARNING - for more details about differences between saving model and serializing.
[2023-10-27T08:54:12.220+0000] {ssh.py:527} WARNING - 
[2023-10-27T08:54:12.220+0000] {ssh.py:527} WARNING -   warnings.warn(smsg, UserWarning)
[2023-10-27T08:54:12.279+0000] {ssh.py:527} WARNING - /home/***/data_science/power_bi/.venv/lib/python3.10/site-packages/evidently/metrics/regression_performance/utils.py:16: FutureWarning: The default of observed=False is deprecated and will be changed to True in a future version of pandas. Pass observed=False to retain current behavior or observed=True to adopt the future default and silence this warning.
[2023-10-27T08:54:12.279+0000] {ssh.py:527} WARNING -   df_for_bins[df_for_bins.data == "ref"].groupby("target_binned").apply(_apply)
[2023-10-27T08:54:12.284+0000] {ssh.py:527} WARNING - /home/***/data_science/power_bi/.venv/lib/python3.10/site-packages/evidently/metrics/regression_performance/utils.py:21: FutureWarning: The default of observed=False is deprecated and will be changed to True in a future version of pandas. Pass observed=False to retain current behavior or observed=True to adopt the future default and silence this warning.
[2023-10-27T08:54:12.285+0000] {ssh.py:527} WARNING -   df_for_bins[df_for_bins.data == "curr"].groupby("target_binned").apply(_apply)
[2023-10-27T08:54:12.287+0000] {ssh.py:527} WARNING - /home/***/data_science/power_bi/.venv/lib/python3.10/site-packages/sklearn/metrics/_regression.py:996: UndefinedMetricWarning: R^2 score is not well-defined with less than two samples.
[2023-10-27T08:54:12.287+0000] {ssh.py:527} WARNING -   warnings.warn(msg, UndefinedMetricWarning)
[2023-10-27T08:54:12.288+0000] {ssh.py:527} WARNING - /home/***/data_science/power_bi/.venv/lib/python3.10/site-packages/sklearn/metrics/_regression.py:996: UndefinedMetricWarning: R^2 score is not well-defined with less than two samples.
[2023-10-27T08:54:12.288+0000] {ssh.py:527} WARNING -   warnings.warn(msg, UndefinedMetricWarning)
[2023-10-27T08:54:12.288+0000] {ssh.py:527} WARNING - /home/***/data_science/power_bi/.venv/lib/python3.10/site-packages/sklearn/metrics/_regression.py:996: UndefinedMetricWarning: R^2 score is not well-defined with less than two samples.
[2023-10-27T08:54:12.289+0000] {ssh.py:527} WARNING -   warnings.warn(msg, UndefinedMetricWarning)
[2023-10-27T08:54:12.290+0000] {ssh.py:527} WARNING - /home/***/data_science/power_bi/.venv/lib/python3.10/site-packages/evidently/metrics/regression_performance/utils.py:16: FutureWarning: The default of observed=False is deprecated and will be changed to True in a future version of pandas. Pass observed=False to retain current behavior or observed=True to adopt the future default and silence this warning.
[2023-10-27T08:54:12.290+0000] {ssh.py:527} WARNING -   df_for_bins[df_for_bins.data == "ref"].groupby("target_binned").apply(_apply)
[2023-10-27T08:54:12.295+0000] {ssh.py:527} WARNING - /home/***/data_science/power_bi/.venv/lib/python3.10/site-packages/evidently/metrics/regression_performance/utils.py:21: FutureWarning: The default of observed=False is deprecated and will be changed to True in a future version of pandas. Pass observed=False to retain current behavior or observed=True to adopt the future default and silence this warning.
[2023-10-27T08:54:12.295+0000] {ssh.py:527} WARNING -   df_for_bins[df_for_bins.data == "curr"].groupby("target_binned").apply(_apply)
[2023-10-27T08:54:12.300+0000] {ssh.py:527} WARNING - /home/***/data_science/power_bi/.venv/lib/python3.10/site-packages/evidently/metrics/regression_performance/utils.py:16: FutureWarning: The default of observed=False is deprecated and will be changed to True in a future version of pandas. Pass observed=False to retain current behavior or observed=True to adopt the future default and silence this warning.
[2023-10-27T08:54:12.300+0000] {ssh.py:527} WARNING -   df_for_bins[df_for_bins.data == "ref"].groupby("target_binned").apply(_apply)
[2023-10-27T08:54:12.305+0000] {ssh.py:527} WARNING - /home/***/data_science/power_bi/.venv/lib/python3.10/site-packages/evidently/metrics/regression_performance/utils.py:21: FutureWarning: The default of observed=False is deprecated and will be changed to True in a future version of pandas. Pass observed=False to retain current behavior or observed=True to adopt the future default and silence this warning.
[2023-10-27T08:54:12.305+0000] {ssh.py:527} WARNING -   df_for_bins[df_for_bins.data == "curr"].groupby("target_binned").apply(_apply)
[2023-10-27T08:54:12.311+0000] {ssh.py:527} WARNING - /home/***/data_science/power_bi/.venv/lib/python3.10/site-packages/evidently/metrics/regression_performance/utils.py:16: FutureWarning: The default of observed=False is deprecated and will be changed to True in a future version of pandas. Pass observed=False to retain current behavior or observed=True to adopt the future default and silence this warning.
[2023-10-27T08:54:12.311+0000] {ssh.py:527} WARNING -   df_for_bins[df_for_bins.data == "ref"].groupby("target_binned").apply(_apply)
[2023-10-27T08:54:12.316+0000] {ssh.py:527} WARNING - /home/***/data_science/power_bi/.venv/lib/python3.10/site-packages/evidently/metrics/regression_performance/utils.py:21: FutureWarning: The default of observed=False is deprecated and will be changed to True in a future version of pandas. Pass observed=False to retain current behavior or observed=True to adopt the future default and silence this warning.
[2023-10-27T08:54:12.316+0000] {ssh.py:527} WARNING -   df_for_bins[df_for_bins.data == "curr"].groupby("target_binned").apply(_apply)
[2023-10-27T08:54:13.648+0000] {taskinstance.py:1400} INFO - Marking task as SUCCESS. dag_id=ETL, task_id=generate_evidently_report, execution_date=20231027T085408, start_date=20231027T085409, end_date=20231027T085413
[2023-10-27T08:54:13.696+0000] {local_task_job_runner.py:228} INFO - Task exited with return code 0
[2023-10-27T08:54:13.710+0000] {taskinstance.py:2778} INFO - 0 downstream tasks scheduled from follow-on schedule check
