[2023-10-31T04:36:26.869+0000] {taskinstance.py:1159} INFO - Dependencies all met for dep_context=non-requeueable deps ti=<TaskInstance: ETL.scrap_data manual__2023-10-31T04:36:24.394332+00:00 [queued]>
[2023-10-31T04:36:26.880+0000] {taskinstance.py:1159} INFO - Dependencies all met for dep_context=requeueable deps ti=<TaskInstance: ETL.scrap_data manual__2023-10-31T04:36:24.394332+00:00 [queued]>
[2023-10-31T04:36:26.881+0000] {taskinstance.py:1361} INFO - Starting attempt 1 of 1
[2023-10-31T04:36:26.898+0000] {taskinstance.py:1382} INFO - Executing <Task(SSHOperator): scrap_data> on 2023-10-31 04:36:24.394332+00:00
[2023-10-31T04:36:26.908+0000] {standard_task_runner.py:57} INFO - Started process 7509 to run task
[2023-10-31T04:36:26.913+0000] {standard_task_runner.py:84} INFO - Running: ['***', 'tasks', 'run', 'ETL', 'scrap_data', 'manual__2023-10-31T04:36:24.394332+00:00', '--job-id', '204', '--raw', '--subdir', 'DAGS_FOLDER/first_dags.py', '--cfg-path', '/tmp/tmpsc0fale0']
[2023-10-31T04:36:26.917+0000] {standard_task_runner.py:85} INFO - Job 204: Subtask scrap_data
[2023-10-31T04:36:26.978+0000] {task_command.py:416} INFO - Running <TaskInstance: ETL.scrap_data manual__2023-10-31T04:36:24.394332+00:00 [running]> on host f959e5a17851
[2023-10-31T04:36:27.085+0000] {taskinstance.py:1662} INFO - Exporting env vars: AIRFLOW_CTX_DAG_OWNER='me' AIRFLOW_CTX_DAG_ID='ETL' AIRFLOW_CTX_TASK_ID='scrap_data' AIRFLOW_CTX_EXECUTION_DATE='2023-10-31T04:36:24.394332+00:00' AIRFLOW_CTX_TRY_NUMBER='1' AIRFLOW_CTX_DAG_RUN_ID='manual__2023-10-31T04:36:24.394332+00:00'
[2023-10-31T04:36:27.087+0000] {ssh.py:135} INFO - Creating ssh_client
[2023-10-31T04:36:27.234+0000] {ssh.py:112} INFO - ssh_hook is not provided or invalid. Trying ssh_conn_id to create SSHHook.
[2023-10-31T04:36:27.242+0000] {base.py:73} INFO - Using connection ID 'host_machine' for task execution.
[2023-10-31T04:36:27.244+0000] {ssh.py:300} WARNING - No Host Key Verification. This won't protect against Man-In-The-Middle attacks
[2023-10-31T04:36:27.286+0000] {transport.py:1893} INFO - Connected (version 2.0, client OpenSSH_8.9p1)
[2023-10-31T04:36:27.452+0000] {transport.py:1893} INFO - Authentication (password) successful!
[2023-10-31T04:36:27.453+0000] {ssh.py:476} INFO - Running command: cd /home/***/data_science/web_scrap/rumah/rumah && bash script2.sh 
[2023-10-31T04:36:28.413+0000] {ssh.py:527} WARNING - 2023-10-31 11:36:28 [scrapy.utils.log] INFO: Scrapy 2.11.0 started (bot: rumah)
[2023-10-31T04:36:28.415+0000] {ssh.py:527} WARNING - 2023-10-31 11:36:28 [scrapy.utils.log] INFO: Versions: lxml 4.9.3.0, libxml2 2.10.3, cssselect 1.2.0, parsel 1.8.1, w3lib 2.1.2, Twisted 22.10.0, Python 3.10.12 (main, Jun 11 2023, 05:26:28) [GCC 11.4.0], pyOpenSSL 23.2.0 (OpenSSL 3.1.3 19 Sep 2023), cryptography 41.0.4, Platform Linux-5.15.90.1-microsoft-standard-WSL2-x86_64-with-glibc2.35
[2023-10-31T04:36:28.417+0000] {ssh.py:527} WARNING - 2023-10-31 11:36:28 [scrapy.addons] INFO: Enabled addons:
[2023-10-31T04:36:28.417+0000] {ssh.py:527} WARNING - []
[2023-10-31T04:36:28.418+0000] {ssh.py:527} WARNING - 2023-10-31 11:36:28 [asyncio] DEBUG: Using selector: EpollSelector
[2023-10-31T04:36:28.418+0000] {ssh.py:527} WARNING - 2023-10-31 11:36:28 [scrapy.utils.log] DEBUG: Using reactor: twisted.internet.asyncioreactor.AsyncioSelectorReactor
[2023-10-31T04:36:28.419+0000] {ssh.py:527} WARNING - 2023-10-31 11:36:28 [scrapy.utils.log] DEBUG: Using asyncio event loop: asyncio.unix_events._UnixSelectorEventLoop
[2023-10-31T04:36:28.437+0000] {ssh.py:527} WARNING - 2023-10-31 11:36:28 [scrapy.extensions.telnet] INFO: Telnet Password: 235a1e0450dc2c07
[2023-10-31T04:36:28.482+0000] {ssh.py:527} WARNING - 2023-10-31 11:36:28 [scrapy.middleware] INFO: Enabled extensions:
[2023-10-31T04:36:28.483+0000] {ssh.py:527} WARNING - ['scrapy.extensions.corestats.CoreStats',
[2023-10-31T04:36:28.483+0000] {ssh.py:527} WARNING -  'scrapy.extensions.telnet.TelnetConsole',
[2023-10-31T04:36:28.483+0000] {ssh.py:527} WARNING -  'scrapy.extensions.memusage.MemoryUsage',
[2023-10-31T04:36:28.484+0000] {ssh.py:527} WARNING -  'scrapy.extensions.closespider.CloseSpider',
[2023-10-31T04:36:28.484+0000] {ssh.py:527} WARNING -  'scrapy.extensions.feedexport.FeedExporter',
[2023-10-31T04:36:28.484+0000] {ssh.py:527} WARNING -  'scrapy.extensions.logstats.LogStats',
[2023-10-31T04:36:28.484+0000] {ssh.py:527} WARNING -  'scrapy.extensions.throttle.AutoThrottle']
[2023-10-31T04:36:28.484+0000] {ssh.py:527} WARNING - 2023-10-31 11:36:28 [scrapy.crawler] INFO: Overridden settings:
[2023-10-31T04:36:28.484+0000] {ssh.py:527} WARNING - {'AUTOTHROTTLE_ENABLED': True,
[2023-10-31T04:36:28.485+0000] {ssh.py:527} WARNING -  'BOT_NAME': 'rumah',
[2023-10-31T04:36:28.485+0000] {ssh.py:527} WARNING -  'CLOSESPIDER_PAGECOUNT': 10,
[2023-10-31T04:36:28.485+0000] {ssh.py:527} WARNING -  'FEED_EXPORT_ENCODING': 'utf-8',
[2023-10-31T04:36:28.485+0000] {ssh.py:527} WARNING -  'NEWSPIDER_MODULE': 'rumah.spiders',
[2023-10-31T04:36:28.485+0000] {ssh.py:527} WARNING -  'REQUEST_FINGERPRINTER_IMPLEMENTATION': '2.7',
[2023-10-31T04:36:28.485+0000] {ssh.py:527} WARNING -  'RETRY_HTTP_CODES': [429],
[2023-10-31T04:36:28.485+0000] {ssh.py:527} WARNING -  'SPIDER_MODULES': ['rumah.spiders'],
[2023-10-31T04:36:28.485+0000] {ssh.py:527} WARNING -  'TWISTED_REACTOR': 'twisted.internet.asyncioreactor.AsyncioSelectorReactor'}
[2023-10-31T04:36:28.563+0000] {ssh.py:527} WARNING - 2023-10-31 11:36:28 [urllib3.connectionpool] DEBUG: Starting new HTTPS connection (1): headers.scrapeops.io:443
[2023-10-31T04:36:30.069+0000] {ssh.py:527} WARNING - 2023-10-31 11:36:30 [urllib3.connectionpool] DEBUG: https://headers.scrapeops.io:443 "GET /v1/browser-headers?api_key=0c0533f0-3965-4081-91f6-032516eea822&num_results=100 HTTP/1.1" 200 None
[2023-10-31T04:36:30.377+0000] {ssh.py:527} WARNING - 2023-10-31 11:36:30 [scrapy.middleware] INFO: Enabled downloader middlewares:
[2023-10-31T04:36:30.378+0000] {ssh.py:527} WARNING - ['scrapy.downloadermiddlewares.httpauth.HttpAuthMiddleware',
[2023-10-31T04:36:30.378+0000] {ssh.py:527} WARNING -  'scrapy.downloadermiddlewares.downloadtimeout.DownloadTimeoutMiddleware',
[2023-10-31T04:36:30.378+0000] {ssh.py:527} WARNING -  'scrapy.downloadermiddlewares.defaultheaders.DefaultHeadersMiddleware',
[2023-10-31T04:36:30.378+0000] {ssh.py:527} WARNING -  'scrapy.downloadermiddlewares.useragent.UserAgentMiddleware',
[2023-10-31T04:36:30.378+0000] {ssh.py:527} WARNING -  'scrapy.downloadermiddlewares.retry.RetryMiddleware',
[2023-10-31T04:36:30.379+0000] {ssh.py:527} WARNING -  'scrapy.downloadermiddlewares.redirect.MetaRefreshMiddleware',
[2023-10-31T04:36:30.379+0000] {ssh.py:527} WARNING -  'scrapy.downloadermiddlewares.httpcompression.HttpCompressionMiddleware',
[2023-10-31T04:36:30.379+0000] {ssh.py:527} WARNING -  'scrapy.downloadermiddlewares.redirect.RedirectMiddleware',
[2023-10-31T04:36:30.379+0000] {ssh.py:527} WARNING -  'rumah.middlewares.ScrapeOpsFakeBrowserHeaderAgentMiddleware',
[2023-10-31T04:36:30.379+0000] {ssh.py:527} WARNING -  'scrapy.downloadermiddlewares.cookies.CookiesMiddleware',
[2023-10-31T04:36:30.380+0000] {ssh.py:527} WARNING -  'rumah.middlewares.TooManyRequestsRetryMiddleware',
[2023-10-31T04:36:30.380+0000] {ssh.py:527} WARNING -  'scrapy.downloadermiddlewares.httpproxy.HttpProxyMiddleware',
[2023-10-31T04:36:30.380+0000] {ssh.py:527} WARNING -  'scrapy.downloadermiddlewares.stats.DownloaderStats']
[2023-10-31T04:36:30.382+0000] {ssh.py:527} WARNING - 2023-10-31 11:36:30 [scrapy.middleware] INFO: Enabled spider middlewares:
[2023-10-31T04:36:30.383+0000] {ssh.py:527} WARNING - ['scrapy.spidermiddlewares.httperror.HttpErrorMiddleware',
[2023-10-31T04:36:30.383+0000] {ssh.py:527} WARNING -  'scrapy.spidermiddlewares.offsite.OffsiteMiddleware',
[2023-10-31T04:36:30.383+0000] {ssh.py:527} WARNING -  'scrapy.spidermiddlewares.referer.RefererMiddleware',
[2023-10-31T04:36:30.383+0000] {ssh.py:527} WARNING -  'scrapy.spidermiddlewares.urllength.UrlLengthMiddleware',
[2023-10-31T04:36:30.383+0000] {ssh.py:527} WARNING -  'scrapy.spidermiddlewares.depth.DepthMiddleware']
[2023-10-31T04:36:30.384+0000] {ssh.py:527} WARNING - 2023-10-31 11:36:30 [scrapy.middleware] INFO: Enabled item pipelines:
[2023-10-31T04:36:30.384+0000] {ssh.py:527} WARNING - []
[2023-10-31T04:36:30.384+0000] {ssh.py:527} WARNING - 2023-10-31 11:36:30 [scrapy.core.engine] INFO: Spider opened
[2023-10-31T04:36:30.390+0000] {ssh.py:527} WARNING - 2023-10-31 11:36:30 [scrapy.extensions.logstats] INFO: Crawled 0 pages (at 0 pages/min), scraped 0 items (at 0 items/min)
[2023-10-31T04:36:30.391+0000] {ssh.py:527} WARNING - 2023-10-31 11:36:30 [scrapy.extensions.telnet] INFO: Telnet console listening on 127.0.0.1:6023
[2023-10-31T04:36:32.310+0000] {ssh.py:527} WARNING - 2023-10-31 11:36:32 [scrapy.core.engine] DEBUG: Crawled (200) <GET https://www.rumah123.com/jual/tangerang/Ciledug/rumah/> (referer: None)
[2023-10-31T04:36:32.435+0000] {ssh.py:522} INFO - *********************
[2023-10-31T04:36:32.436+0000] {ssh.py:522} INFO - {b'Accept': [b'text/html,application/xhtml+xml,application/xml;q=0.9,*/*;q=0.8'], b'Accept-Language': [b'en'], b'User-Agent': [b'Mozilla/5.0 (Macintosh; Intel Mac OS X 10_14_6) AppleWebKit/537.36 (KHTML, like Gecko) Chrome/88.0.4324.192 Safari/537.36'], b'Accept-Encoding': [b'gzip, deflate'], b'Sec-Fetch-User': [b'?1'], b'Sec-Fetch-Mod': [b''], b'Sec-Ch-Ua-Platform': [b'macOS'], b'Sec-Ch-Ua-Mobile': [b'?0'], b'Sec-Ch-Ua': [b'Google Chrome;v="88", "Chromium";v="88", ";Not A Brand";v="99"']}
[2023-10-31T04:36:32.436+0000] {ssh.py:522} INFO - *********************
[2023-10-31T04:36:32.436+0000] {ssh.py:522} INFO - {b'Referer': [b'https://www.rumah123.com/jual/tangerang/Ciledug/rumah/'], b'Accept': [b'text/html,application/xhtml+xml,application/xml;q=0.9,*/*;q=0.8'], b'Accept-Language': [b'en'], b'User-Agent': [b'Mozilla/5.0 (Windows NT 10.0; Win64; x64) AppleWebKit/537.36 (KHTML, like Gecko) Chrome/78.0.3904.70 Safari/537.36'], b'Accept-Encoding': [b'gzip, deflate'], b'Sec-Fetch-User': [b'?1'], b'Sec-Fetch-Mod': [b''], b'Sec-Ch-Ua-Platform': [b'Windows'], b'Sec-Ch-Ua-Mobile': [b'?0'], b'Sec-Ch-Ua': [b'Google Chrome;v="78", "Chromium";v="78", ";Not A Brand";v="99"']}
[2023-10-31T04:36:32.436+0000] {ssh.py:522} INFO - *********************
[2023-10-31T04:36:32.436+0000] {ssh.py:522} INFO - {b'Referer': [b'https://www.rumah123.com/jual/tangerang/Ciledug/rumah/'], b'Accept': [b'text/html,application/xhtml+xml,application/xml;q=0.9,*/*;q=0.8'], b'Accept-Language': [b'en'], b'User-Agent': [b'Mozilla/5.0 (Windows NT 10.0; Win64; x64) AppleWebKit/537.36 (KHTML, like Gecko) Chrome/73.0.3683.75 Safari/537.36'], b'Accept-Encoding': [b'gzip, deflate'], b'Sec-Fetch-User': [b'?1'], b'Sec-Fetch-Mod': [b''], b'Sec-Ch-Ua-Platform': [b'Windows'], b'Sec-Ch-Ua-Mobile': [b'?0'], b'Sec-Ch-Ua': [b'Google Chrome;v="73", "Chromium";v="73", ";Not A Brand";v="99"']}
[2023-10-31T04:36:32.436+0000] {ssh.py:522} INFO - *********************
[2023-10-31T04:36:32.436+0000] {ssh.py:522} INFO - {b'Referer': [b'https://www.rumah123.com/jual/tangerang/Ciledug/rumah/'], b'Accept': [b'text/html,application/xhtml+xml,application/xml;q=0.9,*/*;q=0.8'], b'Accept-Language': [b'en'], b'User-Agent': [b'Mozilla/5.0 (Macintosh; Intel Mac OS X 10_15_6) AppleWebKit/537.36 (KHTML, like Gecko) Chrome/86.0.4240.198 Safari/537.36'], b'Accept-Encoding': [b'gzip, deflate'], b'Sec-Fetch-User': [b'?1'], b'Sec-Fetch-Mod': [b''], b'Sec-Ch-Ua-Platform': [b'macOS'], b'Sec-Ch-Ua-Mobile': [b'?0'], b'Sec-Ch-Ua': [b'Google Chrome;v="86", "Chromium";v="86", ";Not A Brand";v="99"']}
[2023-10-31T04:36:32.436+0000] {ssh.py:522} INFO - *********************
[2023-10-31T04:36:32.436+0000] {ssh.py:522} INFO - {b'Referer': [b'https://www.rumah123.com/jual/tangerang/Ciledug/rumah/'], b'Accept': [b'text/html,application/xhtml+xml,application/xml;q=0.9,*/*;q=0.8'], b'Accept-Language': [b'en'], b'User-Agent': [b'Mozilla/5.0 (Windows NT 6.3; Win64; x64) AppleWebKit/537.36 (KHTML, like Gecko) Chrome/90.0.4430.93 Safari/537.36'], b'Accept-Encoding': [b'gzip, deflate'], b'Sec-Fetch-User': [b'?1'], b'Sec-Fetch-Mod': [b''], b'Sec-Ch-Ua-Platform': [b'Windows'], b'Sec-Ch-Ua-Mobile': [b'?0'], b'Sec-Ch-Ua': [b'Google Chrome;v="90", "Chromium";v="90", ";Not A Brand";v="99"']}
[2023-10-31T04:36:32.436+0000] {ssh.py:522} INFO - *********************
[2023-10-31T04:36:32.437+0000] {ssh.py:522} INFO - {b'Referer': [b'https://www.rumah123.com/jual/tangerang/Ciledug/rumah/'], b'Accept': [b'text/html,application/xhtml+xml,application/xml;q=0.9,*/*;q=0.8'], b'Accept-Language': [b'en'], b'User-Agent': [b'Mozilla/5.0 (Macintosh; Intel Mac OS X 10_15_6) AppleWebKit/537.36 (KHTML, like Gecko) Chrome/86.0.4240.198 Safari/537.36'], b'Accept-Encoding': [b'gzip, deflate'], b'Sec-Fetch-User': [b'?1'], b'Sec-Fetch-Mod': [b''], b'Sec-Ch-Ua-Platform': [b'macOS'], b'Sec-Ch-Ua-Mobile': [b'?0'], b'Sec-Ch-Ua': [b'Google Chrome;v="86", "Chromium";v="86", ";Not A Brand";v="99"']}
[2023-10-31T04:36:32.437+0000] {ssh.py:522} INFO - *********************
[2023-10-31T04:36:32.437+0000] {ssh.py:522} INFO - {b'Referer': [b'https://www.rumah123.com/jual/tangerang/Ciledug/rumah/'], b'Accept': [b'text/html,application/xhtml+xml,application/xml;q=0.9,*/*;q=0.8'], b'Accept-Language': [b'en'], b'User-Agent': [b'Mozilla/5.0 (Windows NT 10.0; Win64; x64) AppleWebKit/537.36 (KHTML, like Gecko) Chrome/52.0.2743.116 Safari/537.36 Edge/15.15063'], b'Accept-Encoding': [b'gzip, deflate'], b'Sec-Fetch-User': [b'?1'], b'Sec-Fetch-Mod': [b''], b'Sec-Ch-Ua-Platform': [b'Windows'], b'Sec-Ch-Ua-Mobile': [b'?0'], b'Sec-Ch-Ua': [b'Google Chrome;v="95", "Chromium";v="95", ";Not A Brand";v="99"']}
[2023-10-31T04:36:32.437+0000] {ssh.py:522} INFO - *********************
[2023-10-31T04:36:32.437+0000] {ssh.py:522} INFO - {b'Referer': [b'https://www.rumah123.com/jual/tangerang/Ciledug/rumah/'], b'Accept': [b'text/html,application/xhtml+xml,application/xml;q=0.9,*/*;q=0.8'], b'Accept-Language': [b'en'], b'User-Agent': [b'Mozilla/5.0 (Windows NT 10.0; Win64; x64) AppleWebKit/537.36 (KHTML, like Gecko) Chrome/78.0.3904.70 Safari/537.36'], b'Accept-Encoding': [b'gzip, deflate'], b'Sec-Fetch-User': [b'?1'], b'Sec-Fetch-Mod': [b''], b'Sec-Ch-Ua-Platform': [b'Windows'], b'Sec-Ch-Ua-Mobile': [b'?0'], b'Sec-Ch-Ua': [b'Google Chrome;v="78", "Chromium";v="78", ";Not A Brand";v="99"']}
[2023-10-31T04:36:32.437+0000] {ssh.py:522} INFO - *********************
[2023-10-31T04:36:32.437+0000] {ssh.py:522} INFO - {b'Referer': [b'https://www.rumah123.com/jual/tangerang/Ciledug/rumah/'], b'Accept': [b'text/html,application/xhtml+xml,application/xml;q=0.9,*/*;q=0.8'], b'Accept-Language': [b'en'], b'User-Agent': [b'Mozilla/5.0 (Windows NT 10.0; Win64; x64) AppleWebKit/537.36 (KHTML, like Gecko) Chrome/73.0.3683.75 Safari/537.36'], b'Accept-Encoding': [b'gzip, deflate'], b'Sec-Fetch-User': [b'?1'], b'Sec-Fetch-Mod': [b''], b'Sec-Ch-Ua-Platform': [b'"Windows"'], b'Sec-Ch-Ua-Mobile': [b'?0'], b'Sec-Ch-Ua': [b'" Not A;Brand";v="99", "Chromium";v="104", "Opera";v="90"']}
[2023-10-31T04:36:32.437+0000] {ssh.py:522} INFO - *********************
[2023-10-31T04:36:32.437+0000] {ssh.py:522} INFO - {b'Referer': [b'https://www.rumah123.com/jual/tangerang/Ciledug/rumah/'], b'Accept': [b'text/html,application/xhtml+xml,application/xml;q=0.9,*/*;q=0.8'], b'Accept-Language': [b'en'], b'User-Agent': [b'Mozilla/5.0 (Windows NT 10.0; Win64; x64) AppleWebKit/537.36 (KHTML, like Gecko) Chrome/52.0.2743.116 Safari/537.36 Edge/15.15063'], b'Accept-Encoding': [b'gzip, deflate'], b'Sec-Fetch-User': [b'?1'], b'Sec-Fetch-Mod': [b''], b'Sec-Ch-Ua-Platform': [b'Windows'], b'Sec-Ch-Ua-Mobile': [b'?0'], b'Sec-Ch-Ua': [b'Google Chrome;v="95", "Chromium";v="95", ";Not A Brand";v="99"']}
[2023-10-31T04:36:32.437+0000] {ssh.py:522} INFO - *********************
[2023-10-31T04:36:32.437+0000] {ssh.py:522} INFO - {b'Referer': [b'https://www.rumah123.com/jual/tangerang/Ciledug/rumah/'], b'Accept': [b'text/html,application/xhtml+xml,application/xml;q=0.9,*/*;q=0.8'], b'Accept-Language': [b'en'], b'User-Agent': [b'Mozilla/5.0 (Windows NT 10.0; Win64; x64) AppleWebKit/537.36 (KHTML, like Gecko) Chrome/88.0.4324.182 Safari/537.36 Edg/88.0.705.81'], b'Accept-Encoding': [b'gzip, deflate'], b'Sec-Fetch-User': [b'?1'], b'Sec-Fetch-Mod': [b''], b'Sec-Ch-Ua-Platform': [b'Windows'], b'Sec-Ch-Ua-Mobile': [b'?0'], b'Sec-Ch-Ua': [b'Microsoft Edge;v="88", "Chromium";v="88", ";Not A Brand";v="99"']}
[2023-10-31T04:36:32.438+0000] {ssh.py:522} INFO - *********************
[2023-10-31T04:36:32.438+0000] {ssh.py:522} INFO - {b'Referer': [b'https://www.rumah123.com/jual/tangerang/Ciledug/rumah/'], b'Accept': [b'text/html,application/xhtml+xml,application/xml;q=0.9,*/*;q=0.8'], b'Accept-Language': [b'en'], b'User-Agent': [b'Mozilla/5.0 (Macintosh; Intel Mac OS X 10_15_6) AppleWebKit/537.36 (KHTML, like Gecko) Chrome/86.0.4240.198 Safari/537.36'], b'Accept-Encoding': [b'gzip, deflate'], b'Sec-Fetch-User': [b'?1'], b'Sec-Fetch-Mod': [b''], b'Sec-Ch-Ua-Platform': [b'macOS'], b'Sec-Ch-Ua-Mobile': [b'?0'], b'Sec-Ch-Ua': [b'Google Chrome;v="86", "Chromium";v="86", ";Not A Brand";v="99"']}
[2023-10-31T04:36:32.438+0000] {ssh.py:522} INFO - *********************
[2023-10-31T04:36:32.438+0000] {ssh.py:522} INFO - {b'Referer': [b'https://www.rumah123.com/jual/tangerang/Ciledug/rumah/'], b'Accept': [b'text/html,application/xhtml+xml,application/xml;q=0.9,*/*;q=0.8'], b'Accept-Language': [b'en'], b'User-Agent': [b'Mozilla/5.0 (Windows NT 10.0; Win64; x64) AppleWebKit/537.36 (KHTML, like Gecko) Chrome/73.0.3683.75 Safari/537.36'], b'Accept-Encoding': [b'gzip, deflate'], b'Sec-Fetch-User': [b'?1'], b'Sec-Fetch-Mod': [b''], b'Sec-Ch-Ua-Platform': [b'"Windows"'], b'Sec-Ch-Ua-Mobile': [b'?0'], b'Sec-Ch-Ua': [b'" Not A;Brand";v="99", "Chromium";v="104", "Opera";v="90"']}
[2023-10-31T04:36:32.438+0000] {ssh.py:522} INFO - *********************
[2023-10-31T04:36:32.438+0000] {ssh.py:522} INFO - {b'Referer': [b'https://www.rumah123.com/jual/tangerang/Ciledug/rumah/'], b'Accept': [b'text/html,application/xhtml+xml,application/xml;q=0.9,*/*;q=0.8'], b'Accept-Language': [b'en'], b'User-Agent': [b'Mozilla/5.0 (Macintosh; Intel Mac OS X 10_14_6) AppleWebKit/537.36 (KHTML, like Gecko) Chrome/84.0.4147.135 Safari/537.36'], b'Accept-Encoding': [b'gzip, deflate'], b'Sec-Fetch-User': [b'?1'], b'Sec-Fetch-Mod': [b''], b'Sec-Ch-Ua-Platform': [b'macOS'], b'Sec-Ch-Ua-Mobile': [b'?0'], b'Sec-Ch-Ua': [b'Google Chrome;v="84", "Chromium";v="84", ";Not A Brand";v="99"']}
[2023-10-31T04:36:38.734+0000] {ssh.py:527} WARNING - 2023-10-31 11:36:38 [scrapy.core.engine] DEBUG: Crawled (200) <GET https://www.rumah123.com/properti/tangerang/hos15289525/> (referer: https://www.rumah123.com/jual/tangerang/Ciledug/rumah/)
[2023-10-31T04:36:38.852+0000] {ssh.py:527} WARNING - 2023-10-31 11:36:38 [scrapy.core.scraper] DEBUG: Scraped from <200 https://www.rumah123.com/properti/tangerang/hos15289525/>
[2023-10-31T04:36:38.852+0000] {ssh.py:527} WARNING - {'harga': 'Rp 2,2 Miliar', 'alamat': 'Ciledug, Tangerang', 'fasilitas': ['Taman', 'Tempat Jemuran', ' Akses Parkir', 'Keamanan 24 jam', 'Masjid', ' One Gate System', ' Playground', ' AC', 'Kitchen Set', 'Wastafel', 'Lapangan Basket', 'Lapangan Tenis'], 'spesifikasi': [['Kamar Tidur', '4'], ['Kamar Mandi', '4'], ['Luas Tanah', '180 m²'], ['Luas Bangunan', '165 m²'], ['Carport', '2'], ['Tipe Properti', 'Rumah'], ['Sertifikat', 'SHM - Sertifikat Hak Milik'], ['Daya Listrik', '2200 Watt'], ['Dapur', '1'], ['Ruang Makan', 'Ya'], ['Ruang Tamu', 'Tidak'], ['Kondisi Perabotan', 'Unfurnished'], ['Material Bangunan', 'Bata Merah'], ['Material Lantai', 'Keramik'], ['Jumlah Lantai', '2'], ['Hadap', 'Utara'], ['Konsep dan Gaya Rumah', 'Minimalis'], ['Pemandangan', 'Pemukiman Warga'], ['Terjangkau Internet', 'Ya'], ['Lebar Jalan', '2 Mobil'], ['Tahun Dibangun', '2015'], ['Tahun Di Renovasi', '2022'], ['Sumber Air', 'Sumur Pompa'], ['Hook', 'Ya'], ['Kondisi Properti', 'Sudah Renovasi'], ['ID Iklan', 'hos15289525']]}
[2023-10-31T04:36:44.913+0000] {ssh.py:527} WARNING - 2023-10-31 11:36:44 [scrapy.core.engine] DEBUG: Crawled (200) <GET https://www.rumah123.com/jual/tangerang/ciledug/rumah/?page=2> (referer: https://www.rumah123.com/jual/tangerang/Ciledug/rumah/)
[2023-10-31T04:36:45.866+0000] {ssh.py:527} WARNING - 2023-10-31 11:36:45 [scrapy.core.engine] DEBUG: Crawled (200) <GET https://www.rumah123.com/properti/tangerang/hos10988119/> (referer: https://www.rumah123.com/jual/tangerang/Ciledug/rumah/)
[2023-10-31T04:36:45.977+0000] {ssh.py:527} WARNING - 2023-10-31 11:36:45 [scrapy.core.scraper] DEBUG: Scraped from <200 https://www.rumah123.com/properti/tangerang/hos10988119/>
[2023-10-31T04:36:45.978+0000] {ssh.py:527} WARNING - {'harga': 'Rp 2,8 Miliar', 'alamat': 'Ciledug, Tangerang', 'fasilitas': ['Ac'], 'spesifikasi': [['Kamar Tidur', '5'], ['Kamar Mandi', '4'], ['Luas Tanah', '384 m²'], ['Luas Bangunan', '270 m²'], ['Tipe Properti', 'Rumah'], ['Sertifikat', 'SHM - Sertifikat Hak Milik'], ['Daya Listrik', '2200 Watt'], ['Kamar Pembantu', '1'], ['Kondisi Perabotan', 'Unfurnished'], ['Jumlah Lantai', '1'], ['Kondisi Properti', 'Bagus'], ['ID Iklan', 'hos10988119']]}
[2023-10-31T04:36:47.555+0000] {ssh.py:527} WARNING - 2023-10-31 11:36:47 [scrapy.core.engine] DEBUG: Crawled (200) <GET https://www.rumah123.com/properti/tangerang/hos15069221/> (referer: https://www.rumah123.com/jual/tangerang/Ciledug/rumah/)
[2023-10-31T04:36:47.666+0000] {ssh.py:527} WARNING - 2023-10-31 11:36:47 [scrapy.core.scraper] DEBUG: Scraped from <200 https://www.rumah123.com/properti/tangerang/hos15069221/>
[2023-10-31T04:36:47.666+0000] {ssh.py:527} WARNING - {'harga': 'Rp 700 Juta', 'alamat': 'Ciledug, Tangerang', 'fasilitas': [], 'spesifikasi': [['Kamar Tidur', '2'], ['Kamar Mandi', '1'], ['Luas Tanah', '72 m²'], ['Luas Bangunan', '50 m²'], ['Tipe Properti', 'Rumah'], ['Sertifikat', 'SHM - Sertifikat Hak Milik'], ['Daya Listrik', '1300 Watt'], ['Ruang Makan', 'Tidak'], ['Ruang Tamu', 'Tidak'], ['Jumlah Lantai', '1'], ['Terjangkau Internet', 'Tidak'], ['Lebar Jalan', '2 Mobil'], ['Sumber Air', 'Sumur Bor'], ['Hook', 'Tidak'], ['Kondisi Properti', 'Baru'], ['ID Iklan', 'hos15069221']]}
[2023-10-31T04:36:50.313+0000] {ssh.py:527} WARNING - 2023-10-31 11:36:50 [scrapy.core.engine] DEBUG: Crawled (200) <GET https://www.rumah123.com/properti/tangerang/hos15070665/> (referer: https://www.rumah123.com/jual/tangerang/Ciledug/rumah/)
[2023-10-31T04:36:50.425+0000] {ssh.py:527} WARNING - 2023-10-31 11:36:50 [scrapy.core.scraper] DEBUG: Scraped from <200 https://www.rumah123.com/properti/tangerang/hos15070665/>
[2023-10-31T04:36:50.425+0000] {ssh.py:527} WARNING - {'harga': 'Rp 2,45 Miliar', 'alamat': 'Ciledug, Tangerang', 'fasilitas': [' Jogging Track', ' Kolam Renang', 'Masjid', 'Taman'], 'spesifikasi': [['Kamar Tidur', '4'], ['Kamar Mandi', '4'], ['Luas Tanah', '133 m²'], ['Luas Bangunan', '153 m²'], ['Tipe Properti', 'Rumah'], ['Sertifikat', 'SHM - Sertifikat Hak Milik'], ['Daya Listrik', '2200 Watt'], ['Jumlah Lantai', '2'], ['Kondisi Properti', 'bagus sekali'], ['ID Iklan', 'hos15070665']]}
[2023-10-31T04:36:52.292+0000] {ssh.py:527} WARNING - 2023-10-31 11:36:52 [scrapy.core.engine] DEBUG: Crawled (200) <GET https://www.rumah123.com/properti/tangerang/hos15070782/> (referer: https://www.rumah123.com/jual/tangerang/Ciledug/rumah/)
[2023-10-31T04:36:52.403+0000] {ssh.py:527} WARNING - 2023-10-31 11:36:52 [scrapy.core.scraper] DEBUG: Scraped from <200 https://www.rumah123.com/properti/tangerang/hos15070782/>
[2023-10-31T04:36:52.403+0000] {ssh.py:527} WARNING - {'harga': 'Rp 1,2 Miliar', 'alamat': 'Ciledug, Tangerang', 'fasilitas': [], 'spesifikasi': [['Luas Tanah', '156 m²'], ['Luas Bangunan', '200 m²'], ['Tipe Properti', 'Rumah'], ['Sertifikat', 'SHM - Sertifikat Hak Milik'], ['Daya Listrik', '1300 Watt'], ['Ruang Makan', 'Tidak'], ['Ruang Tamu', 'Tidak'], ['Jumlah Lantai', '1'], ['Terjangkau Internet', 'Tidak'], ['Tahun Dibangun', '2011'], ['Tahun Di Renovasi', '2022'], ['Sumber Air', 'PAM atau PDAM'], ['Hook', 'Tidak'], ['Kondisi Properti', 'Bagus'], ['ID Iklan', 'hos15070782']]}
[2023-10-31T04:36:53.900+0000] {ssh.py:527} WARNING - 2023-10-31 11:36:53 [scrapy.core.engine] DEBUG: Crawled (200) <GET https://www.rumah123.com/properti/tangerang/hos15146250/> (referer: https://www.rumah123.com/jual/tangerang/Ciledug/rumah/)
[2023-10-31T04:36:54.012+0000] {ssh.py:527} WARNING - 2023-10-31 11:36:54 [scrapy.core.scraper] DEBUG: Scraped from <200 https://www.rumah123.com/properti/tangerang/hos15146250/>
[2023-10-31T04:36:54.012+0000] {ssh.py:527} WARNING - {'harga': 'Rp 1,4 Miliar', 'alamat': 'Ciledug, Tangerang', 'fasilitas': ['Taman', 'Tempat Jemuran', ' CCTV', 'Keamanan 24 jam', ' Kolam Renang', ' One Gate System', ' Playground', 'Track Lari'], 'spesifikasi': [['Kamar Tidur', '3'], ['Kamar Mandi', '2'], ['Luas Tanah', '75 m²'], ['Luas Bangunan', '75 m²'], ['Carport', '1'], ['Tipe Properti', 'Rumah'], ['Sertifikat', 'SHM - Sertifikat Hak Milik'], ['Daya Listrik', '2200 Watt'], ['Dapur', '1'], ['Ruang Makan', 'Ya'], ['Ruang Tamu', 'Ya'], ['Jumlah Lantai', '2'], ['Hadap', 'Timur'], ['Konsep dan Gaya Rumah', 'Minimalis Modern'], ['Pemandangan', 'Perkotaan'], ['Terjangkau Internet', 'Ya'], ['Lebar Jalan', '2 Mobil'], ['Tahun Dibangun', '2023'], ['Sumber Air', 'Sumur Bor'], ['Hook', 'Tidak'], ['Kondisi Properti', 'Baru'], ['ID Iklan', 'hos15146250']]}
[2023-10-31T04:36:55.615+0000] {ssh.py:527} WARNING - 2023-10-31 11:36:55 [scrapy.core.engine] DEBUG: Crawled (200) <GET https://www.rumah123.com/properti/tangerang/hos15151934/> (referer: https://www.rumah123.com/jual/tangerang/Ciledug/rumah/)
[2023-10-31T04:36:55.731+0000] {ssh.py:527} WARNING - 2023-10-31 11:36:55 [scrapy.core.scraper] DEBUG: Scraped from <200 https://www.rumah123.com/properti/tangerang/hos15151934/>
[2023-10-31T04:36:55.731+0000] {ssh.py:527} WARNING - {'harga': 'Rp 950 Juta', 'alamat': 'Ciledug, Tangerang', 'fasilitas': ['Jalur Telepon', ' Jogging Track', ' Keamanan', ' Kolam Renang', 'Taman', 'Tempat Jemuran', 'Track Lari'], 'spesifikasi': [['Kamar Tidur', '3'], ['Kamar Mandi', '2'], ['Luas Tanah', '72 m²'], ['Luas Bangunan', '77 m²'], ['Carport', '2'], ['Tipe Properti', 'Rumah'], ['Sertifikat', 'SHM - Sertifikat Hak Milik'], ['Daya Listrik', '2200 Watt'], ['Dapur', '1'], ['Ruang Makan', 'Ya'], ['Ruang Tamu', 'Ya'], ['Kondisi Perabotan', 'Unfurnished'], ['Material Bangunan', 'Beton, Bata Hebel'], ['Material Lantai', 'Granit, Keramik'], ['Garasi', '2'], ['Jumlah Lantai', '2'], ['Hadap', 'Utara'], ['Konsep dan Gaya Rumah', 'Modern'], ['Pemandangan', 'Perkotaan'], ['Terjangkau Internet', 'Ya'], ['Lebar Jalan', '2 Mobil'], ['Tahun Dibangun', '2023'], ['Sumber Air', 'Sumur Bor'], ['Hook', 'Tidak'], ['Kondisi Properti', 'Baru'], ['ID Iklan', 'hos15151934']]}
[2023-10-31T04:36:56.917+0000] {ssh.py:527} WARNING - 2023-10-31 11:36:56 [scrapy.core.engine] DEBUG: Crawled (200) <GET https://www.rumah123.com/properti/tangerang/hos15152855/> (referer: https://www.rumah123.com/jual/tangerang/Ciledug/rumah/)
[2023-10-31T04:36:56.918+0000] {ssh.py:527} WARNING - 2023-10-31 11:36:56 [scrapy.core.engine] INFO: Closing spider (closespider_pagecount)
[2023-10-31T04:36:57.029+0000] {ssh.py:527} WARNING - 2023-10-31 11:36:57 [scrapy.core.scraper] DEBUG: Scraped from <200 https://www.rumah123.com/properti/tangerang/hos15152855/>
[2023-10-31T04:36:57.029+0000] {ssh.py:527} WARNING - {'harga': 'Rp 927 Juta', 'alamat': 'Ciledug, Tangerang', 'fasilitas': ['Keamanan 24 jam', ' One Gate System', 'Taman'], 'spesifikasi': [['Kamar Tidur', '3'], ['Kamar Mandi', '2'], ['Luas Tanah', '58 m²'], ['Luas Bangunan', '51 m²'], ['Tipe Properti', 'Rumah'], ['Sertifikat', 'SHM - Sertifikat Hak Milik'], ['Daya Listrik', '2200 Watt'], ['Dapur', '1'], ['Ruang Makan', 'Ya'], ['Ruang Tamu', 'Ya'], ['Kondisi Perabotan', 'Unfurnished'], ['Garasi', '1'], ['Jumlah Lantai', '2'], ['Konsep dan Gaya Rumah', 'Modern'], ['Pemandangan', 'Perkotaan'], ['Terjangkau Internet', 'Ya'], ['Tahun Dibangun', '2023'], ['Sumber Air', 'Sumur Bor'], ['Hook', 'Tidak'], ['Kondisi Properti', 'Baru'], ['ID Iklan', 'hos15152855']]}
[2023-10-31T04:36:57.969+0000] {ssh.py:527} WARNING - 2023-10-31 11:36:57 [scrapy.core.engine] DEBUG: Crawled (200) <GET https://www.rumah123.com/properti/tangerang/hos15229164/> (referer: https://www.rumah123.com/jual/tangerang/Ciledug/rumah/)
[2023-10-31T04:36:58.081+0000] {ssh.py:527} WARNING - 2023-10-31 11:36:58 [scrapy.core.scraper] DEBUG: Scraped from <200 https://www.rumah123.com/properti/tangerang/hos15229164/>
[2023-10-31T04:36:58.081+0000] {ssh.py:527} WARNING - {'harga': 'Rp 1,84 Miliar', 'alamat': 'Ciledug, Tangerang', 'fasilitas': ['Jalur Telepon', ' Taman', 'Tempat Jemuran', ' Akses Parkir', ' CCTV', 'Keamanan 24 jam', 'Masjid', ' One Gate System', ' Playground', ' Tempat Laundry', 'AC', 'Wastafel'], 'spesifikasi': [['Kamar Tidur', '3'], ['Kamar Mandi', '3'], ['Luas Tanah', '88 m²'], ['Luas Bangunan', '120 m²'], ['Carport', '1'], ['Tipe Properti', 'Rumah'], ['Sertifikat', 'SHM - Sertifikat Hak Milik'], ['Daya Listrik', '2200 Watt'], ['Dapur', '1'], ['Ruang Makan', 'Tidak'], ['Ruang Tamu', 'Tidak'], ['Kondisi Perabotan', 'Unfurnished'], ['Material Bangunan', 'Bata Hebel'], ['Material Lantai', 'Granit'], ['Jumlah Lantai', '2'], ['Konsep dan Gaya Rumah', 'Modern'], ['Pemandangan', 'Perkotaan'], ['Terjangkau Internet', 'Ya'], ['Lebar Jalan', '2 Mobil'], ['Tahun Dibangun', '2023'], ['Sumber Air', 'Sumur Pompa'], ['Hook', 'Tidak'], ['Kondisi Properti', 'Baru'], ['ID Iklan', 'hos15229164']]}
[2023-10-31T04:36:59.580+0000] {ssh.py:527} WARNING - 2023-10-31 11:36:59 [scrapy.core.engine] DEBUG: Crawled (200) <GET https://www.rumah123.com/properti/tangerang/hos15229496/> (referer: https://www.rumah123.com/jual/tangerang/Ciledug/rumah/)
[2023-10-31T04:36:59.693+0000] {ssh.py:527} WARNING - 2023-10-31 11:36:59 [scrapy.core.scraper] DEBUG: Scraped from <200 https://www.rumah123.com/properti/tangerang/hos15229496/>
[2023-10-31T04:36:59.693+0000] {ssh.py:527} WARNING - {'harga': 'Rp 700 Juta', 'alamat': 'Ciledug, Tangerang', 'fasilitas': ['Tempat Jemuran'], 'spesifikasi': [['Kamar Tidur', '3'], ['Kamar Mandi', '3'], ['Luas Tanah', '90 m²'], ['Luas Bangunan', '126 m²'], ['Tipe Properti', 'Rumah'], ['Sertifikat', 'SHM - Sertifikat Hak Milik'], ['Daya Listrik', '2200 Watt'], ['Kamar Pembantu', '1'], ['Dapur', '1'], ['Ruang Makan', 'Ya'], ['Ruang Tamu', 'Ya'], ['Kondisi Perabotan', 'Unfurnished'], ['Garasi', '1'], ['Jumlah Lantai', '2'], ['Konsep dan Gaya Rumah', 'Minimalis Modern'], ['Pemandangan', 'Perkotaan'], ['Terjangkau Internet', 'Ya'], ['Lebar Jalan', '2 Mobil'], ['Sumber Air', 'Sumur Pompa'], ['Hook', 'Tidak'], ['ID Iklan', 'hos15229496']]}
[2023-10-31T04:37:00.859+0000] {ssh.py:527} WARNING - 2023-10-31 11:37:00 [scrapy.core.engine] DEBUG: Crawled (200) <GET https://www.rumah123.com/properti/tangerang/hos15230557/> (referer: https://www.rumah123.com/jual/tangerang/Ciledug/rumah/)
[2023-10-31T04:37:00.971+0000] {ssh.py:527} WARNING - 2023-10-31 11:37:00 [scrapy.core.scraper] DEBUG: Scraped from <200 https://www.rumah123.com/properti/tangerang/hos15230557/>
[2023-10-31T04:37:00.971+0000] {ssh.py:527} WARNING - {'harga': 'Rp 425 Juta', 'alamat': 'Ciledug, Tangerang', 'fasilitas': ['Ac', 'Keamanan', ' Taman', 'Keamanan 24 jam', ' One Gate System', 'Kitchen Set', 'Wastafel'], 'spesifikasi': [['Kamar Tidur', '2'], ['Kamar Mandi', '1'], ['Luas Tanah', '50 m²'], ['Luas Bangunan', '40 m²'], ['Carport', '1'], ['Tipe Properti', 'Rumah'], ['Sertifikat', 'SHM - Sertifikat Hak Milik'], ['Daya Listrik', '1300 Watt'], ['Dapur', '1'], ['Ruang Makan', 'Ya'], ['Ruang Tamu', 'Ya'], ['Kondisi Perabotan', 'Semi Furnished'], ['Material Bangunan', 'Bata Hebel'], ['Material Lantai', 'Granit'], ['Jumlah Lantai', '1'], ['Hadap', 'Selatan'], ['Konsep dan Gaya Rumah', 'Minimalis'], ['Pemandangan', 'Perkotaan'], ['Terjangkau Internet', 'Ya'], ['Lebar Jalan', '1 Mobil'], ['Tahun Dibangun', '2023'], ['Tahun Di Renovasi', '2023'], ['Sumber Air', 'Sumur Bor'], ['Hook', 'Tidak'], ['Kondisi Properti', 'Baru'], ['ID Iklan', 'hos15230557']]}
[2023-10-31T04:37:02.149+0000] {ssh.py:527} WARNING - 2023-10-31 11:37:02 [scrapy.core.engine] DEBUG: Crawled (200) <GET https://www.rumah123.com/properti/tangerang/hos15230990/> (referer: https://www.rumah123.com/jual/tangerang/Ciledug/rumah/)
[2023-10-31T04:37:02.260+0000] {ssh.py:527} WARNING - 2023-10-31 11:37:02 [scrapy.core.scraper] DEBUG: Scraped from <200 https://www.rumah123.com/properti/tangerang/hos15230990/>
[2023-10-31T04:37:02.260+0000] {ssh.py:527} WARNING - {'harga': 'Rp 2,45 Miliar', 'alamat': 'Ciledug, Tangerang', 'fasilitas': [], 'spesifikasi': [['Kamar Tidur', '4'], ['Kamar Mandi', '4'], ['Luas Tanah', '133 m²'], ['Luas Bangunan', '153 m²'], ['Tipe Properti', 'Rumah'], ['Sertifikat', 'SHM - Sertifikat Hak Milik'], ['Daya Listrik', '2200 Watt'], ['Kondisi Perabotan', 'semi furnished'], ['Jumlah Lantai', '1'], ['Kondisi Properti', 'bagus'], ['ID Iklan', 'hos15230990']]}
[2023-10-31T04:37:03.823+0000] {ssh.py:527} WARNING - 2023-10-31 11:37:03 [scrapy.core.engine] DEBUG: Crawled (200) <GET https://www.rumah123.com/properti/tangerang/hos15231247/> (referer: https://www.rumah123.com/jual/tangerang/Ciledug/rumah/)
[2023-10-31T04:37:03.938+0000] {ssh.py:527} WARNING - 2023-10-31 11:37:03 [scrapy.core.scraper] DEBUG: Scraped from <200 https://www.rumah123.com/properti/tangerang/hos15231247/>
[2023-10-31T04:37:03.939+0000] {ssh.py:527} WARNING - {'harga': 'Rp 3,5 Miliar', 'alamat': 'Ciledug, Tangerang', 'fasilitas': [], 'spesifikasi': [['Kamar Tidur', '4'], ['Kamar Mandi', '3'], ['Luas Tanah', '289 m²'], ['Luas Bangunan', '400 m²'], ['Tipe Properti', 'Rumah'], ['Sertifikat', 'SHM - Sertifikat Hak Milik'], ['Daya Listrik', '5500 Watt'], ['Kamar Pembantu', '1'], ['Kamar Mandi Pembantu', '1'], ['Ruang Makan', 'Tidak'], ['Ruang Tamu', 'Tidak'], ['Kondisi Perabotan', 'Unfurnished'], ['Garasi', '2'], ['Jumlah Lantai', '1'], ['Terjangkau Internet', 'Tidak'], ['Sumber Air', 'Sumur Bor'], ['Hook', 'Tidak'], ['Kondisi Properti', 'Bagus'], ['ID Iklan', 'hos15231247']]}
[2023-10-31T04:37:04.374+0000] {ssh.py:527} WARNING - 2023-10-31 11:37:04 [scrapy.core.engine] DEBUG: Crawled (200) <GET https://www.rumah123.com/properti/tangerang/hos15234063/> (referer: https://www.rumah123.com/jual/tangerang/Ciledug/rumah/)
[2023-10-31T04:37:04.486+0000] {ssh.py:527} WARNING - 2023-10-31 11:37:04 [scrapy.core.scraper] DEBUG: Scraped from <200 https://www.rumah123.com/properti/tangerang/hos15234063/>
[2023-10-31T04:37:04.486+0000] {ssh.py:527} WARNING - {'harga': 'Rp 2,4 Miliar', 'alamat': 'Ciledug, Tangerang', 'fasilitas': ['Keamanan', 'Taman', 'Kitchen Set', 'Wastafel'], 'spesifikasi': [['Luas Tanah', '1775 m²'], ['Luas Bangunan', '800 m²'], ['Carport', '12'], ['Tipe Properti', 'Rumah'], ['Sertifikat', 'SHM - Sertifikat Hak Milik'], ['Daya Listrik', '3500 Watt'], ['Ruang Makan', 'Tidak'], ['Ruang Tamu', 'Tidak'], ['Kondisi Perabotan', 'Semi Furnished'], ['Material Bangunan', 'Batako'], ['Material Lantai', 'Keramik'], ['Jumlah Lantai', '1'], ['Hadap', 'Utara'], ['Pemandangan', 'Perkotaan'], ['Terjangkau Internet', 'Ya'], ['Tahun Dibangun', '2013'], ['Sumber Air', 'PAM atau PDAM'], ['Hook', 'Ya'], ['Kondisi Properti', 'Bagus'], ['ID Iklan', 'hos15234063']]}
[2023-10-31T04:37:06.065+0000] {ssh.py:527} WARNING - 2023-10-31 11:37:06 [scrapy.core.engine] DEBUG: Crawled (200) <GET https://www.rumah123.com/properti/tangerang/hos15192574/> (referer: https://www.rumah123.com/jual/tangerang/Ciledug/rumah/)
[2023-10-31T04:37:06.177+0000] {ssh.py:527} WARNING - 2023-10-31 11:37:06 [scrapy.core.scraper] DEBUG: Scraped from <200 https://www.rumah123.com/properti/tangerang/hos15192574/>
[2023-10-31T04:37:06.177+0000] {ssh.py:527} WARNING - {'harga': 'Rp 1,85 Miliar', 'alamat': 'Ciledug, Tangerang', 'fasilitas': [' Ac', 'Jalur Telepon', ' Keamanan', ' Masjid', 'Taman', 'Tempat Jemuran', ' Akses Parkir', ' CCTV', 'Keamanan 24 jam', ' One Gate System', ' Playground', ' Tempat Laundry', 'Pemanas Air', 'Wastafel'], 'spesifikasi': [['Kamar Tidur', '3'], ['Kamar Mandi', '3'], ['Luas Tanah', '88 m²'], ['Luas Bangunan', '120 m²'], ['Carport', '1'], ['Tipe Properti', 'Rumah'], ['Sertifikat', 'SHM - Sertifikat Hak Milik'], ['Daya Listrik', '2200 Watt'], ['Dapur', '1'], ['Ruang Makan', 'Ya'], ['Ruang Tamu', 'Ya'], ['Kondisi Perabotan', 'Unfurnished'], ['Material Bangunan', 'Beton, Bata Merah'], ['Material Lantai', 'Granit'], ['Jumlah Lantai', '2'], ['Konsep dan Gaya Rumah', 'Minimalis Modern'], ['Terjangkau Internet', 'Ya'], ['Lebar Jalan', '2 Mobil'], ['Tahun Dibangun', '2023'], ['Sumber Air', 'Sumur Bor'], ['Hook', 'Tidak'], ['Kondisi Properti', 'Baru'], ['ID Iklan', 'hos15192574']]}
[2023-10-31T04:37:06.922+0000] {ssh.py:527} WARNING - 2023-10-31 11:37:06 [scrapy.core.engine] DEBUG: Crawled (200) <GET https://www.rumah123.com/properti/tangerang/hos15237428/> (referer: https://www.rumah123.com/jual/tangerang/Ciledug/rumah/)
[2023-10-31T04:37:07.033+0000] {ssh.py:527} WARNING - 2023-10-31 11:37:07 [scrapy.core.scraper] DEBUG: Scraped from <200 https://www.rumah123.com/properti/tangerang/hos15237428/>
[2023-10-31T04:37:07.033+0000] {ssh.py:527} WARNING - {'harga': 'Rp 800 Juta', 'alamat': 'Ciledug, Tangerang', 'fasilitas': ['Keamanan', ' Masjid', 'Taman', 'Tempat Jemuran', ' Akses Parkir', 'Keamanan 24 jam', 'Wastafel'], 'spesifikasi': [['Kamar Tidur', '4'], ['Kamar Mandi', '3'], ['Luas Tanah', '90 m²'], ['Luas Bangunan', '126 m²'], ['Carport', '1'], ['Tipe Properti', 'Rumah'], ['Sertifikat', 'SHM - Sertifikat Hak Milik'], ['Daya Listrik', '2200 Watt'], ['Dapur', '1'], ['Ruang Makan', 'Ya'], ['Ruang Tamu', 'Ya'], ['Kondisi Perabotan', 'Unfurnished'], ['Jumlah Lantai', '2'], ['Pemandangan', 'Pemukiman Warga'], ['Terjangkau Internet', 'Ya'], ['Lebar Jalan', '2 Mobil'], ['Sumber Air', 'Sumur Pompa'], ['Hook', 'Tidak'], ['Kondisi Properti', 'Bagus'], ['ID Iklan', 'hos15237428']]}
[2023-10-31T04:37:07.337+0000] {local_task_job_runner.py:294} WARNING - State of this instance has been externally set to failed. Terminating instance.
[2023-10-31T04:37:07.340+0000] {process_utils.py:131} INFO - Sending 15 to group 7509. PIDs of all processes in the group: [7509]
[2023-10-31T04:37:07.340+0000] {process_utils.py:86} INFO - Sending the signal 15 to group 7509
[2023-10-31T04:37:07.340+0000] {taskinstance.py:1632} ERROR - Received SIGTERM. Terminating subprocesses.
[2023-10-31T04:37:07.392+0000] {process_utils.py:79} INFO - Process psutil.Process(pid=7509, status='terminated', exitcode=0, started='04:36:26') (7509) terminated with exit code 0
