[2023-10-22T02:01:13.138+0000] {taskinstance.py:1159} INFO - Dependencies all met for dep_context=non-requeueable deps ti=<TaskInstance: first_dagg.scrape_data manual__2023-10-22T02:01:12.286003+00:00 [queued]>
[2023-10-22T02:01:13.146+0000] {taskinstance.py:1159} INFO - Dependencies all met for dep_context=requeueable deps ti=<TaskInstance: first_dagg.scrape_data manual__2023-10-22T02:01:12.286003+00:00 [queued]>
[2023-10-22T02:01:13.146+0000] {taskinstance.py:1361} INFO - Starting attempt 1 of 1
[2023-10-22T02:01:13.159+0000] {taskinstance.py:1382} INFO - Executing <Task(BashOperator): scrape_data> on 2023-10-22 02:01:12.286003+00:00
[2023-10-22T02:01:13.165+0000] {standard_task_runner.py:57} INFO - Started process 972 to run task
[2023-10-22T02:01:13.167+0000] {standard_task_runner.py:84} INFO - Running: ['***', 'tasks', 'run', 'first_dagg', 'scrape_data', 'manual__2023-10-22T02:01:12.286003+00:00', '--job-id', '5', '--raw', '--subdir', 'DAGS_FOLDER/first_dags.py', '--cfg-path', '/tmp/tmp0_r4q2f0']
[2023-10-22T02:01:13.168+0000] {standard_task_runner.py:85} INFO - Job 5: Subtask scrape_data
[2023-10-22T02:01:13.217+0000] {task_command.py:416} INFO - Running <TaskInstance: first_dagg.scrape_data manual__2023-10-22T02:01:12.286003+00:00 [running]> on host 85da07900c55
[2023-10-22T02:01:13.287+0000] {taskinstance.py:1662} INFO - Exporting env vars: AIRFLOW_CTX_DAG_OWNER='me' AIRFLOW_CTX_DAG_ID='first_dagg' AIRFLOW_CTX_TASK_ID='scrape_data' AIRFLOW_CTX_EXECUTION_DATE='2023-10-22T02:01:12.286003+00:00' AIRFLOW_CTX_TRY_NUMBER='1' AIRFLOW_CTX_DAG_RUN_ID='manual__2023-10-22T02:01:12.286003+00:00'
[2023-10-22T02:01:13.288+0000] {subprocess.py:63} INFO - Tmp dir root location: /tmp
[2023-10-22T02:01:13.288+0000] {subprocess.py:75} INFO - Running command: ['/bin/bash', '-c', 'ssh-keygen ']
[2023-10-22T02:01:13.297+0000] {subprocess.py:86} INFO - Output:
[2023-10-22T02:01:13.718+0000] {subprocess.py:93} INFO - Generating public/private rsa key pair.
[2023-10-22T02:01:13.718+0000] {subprocess.py:93} INFO - Enter file in which to save the key (/home/***/.ssh/id_rsa):
[2023-10-22T02:01:13.720+0000] {subprocess.py:97} INFO - Command exited with return code 1
[2023-10-22T02:01:13.729+0000] {taskinstance.py:1937} ERROR - Task failed with exception
Traceback (most recent call last):
  File "/home/airflow/.local/lib/python3.8/site-packages/airflow/operators/bash.py", line 210, in execute
    raise AirflowException(
airflow.exceptions.AirflowException: Bash command failed. The command returned a non-zero exit code 1.
[2023-10-22T02:01:13.733+0000] {taskinstance.py:1400} INFO - Marking task as FAILED. dag_id=first_dagg, task_id=scrape_data, execution_date=20231022T020112, start_date=20231022T020113, end_date=20231022T020113
[2023-10-22T02:01:13.744+0000] {standard_task_runner.py:104} ERROR - Failed to execute job 5 for task scrape_data (Bash command failed. The command returned a non-zero exit code 1.; 972)
[2023-10-22T02:01:13.781+0000] {local_task_job_runner.py:228} INFO - Task exited with return code 1
[2023-10-22T02:01:13.795+0000] {taskinstance.py:2778} INFO - 0 downstream tasks scheduled from follow-on schedule check
