[2023-10-31T05:06:06.697+0000] {taskinstance.py:1159} INFO - Dependencies all met for dep_context=non-requeueable deps ti=<TaskInstance: ETL.refresh_visualization_pbi manual__2023-10-31T05:05:12.849460+00:00 [queued]>
[2023-10-31T05:06:06.707+0000] {taskinstance.py:1159} INFO - Dependencies all met for dep_context=requeueable deps ti=<TaskInstance: ETL.refresh_visualization_pbi manual__2023-10-31T05:05:12.849460+00:00 [queued]>
[2023-10-31T05:06:06.707+0000] {taskinstance.py:1361} INFO - Starting attempt 1 of 1
[2023-10-31T05:06:06.720+0000] {taskinstance.py:1382} INFO - Executing <Task(SSHOperator): refresh_visualization_pbi> on 2023-10-31 05:05:12.849460+00:00
[2023-10-31T05:06:06.729+0000] {standard_task_runner.py:57} INFO - Started process 9132 to run task
[2023-10-31T05:06:06.732+0000] {standard_task_runner.py:84} INFO - Running: ['***', 'tasks', 'run', 'ETL', 'refresh_visualization_pbi', 'manual__2023-10-31T05:05:12.849460+00:00', '--job-id', '220', '--raw', '--subdir', 'DAGS_FOLDER/first_dags.py', '--cfg-path', '/tmp/tmp2yljohsc']
[2023-10-31T05:06:06.735+0000] {standard_task_runner.py:85} INFO - Job 220: Subtask refresh_visualization_pbi
[2023-10-31T05:06:06.780+0000] {task_command.py:416} INFO - Running <TaskInstance: ETL.refresh_visualization_pbi manual__2023-10-31T05:05:12.849460+00:00 [running]> on host f959e5a17851
[2023-10-31T05:06:06.857+0000] {taskinstance.py:1662} INFO - Exporting env vars: AIRFLOW_CTX_DAG_OWNER='me' AIRFLOW_CTX_DAG_ID='ETL' AIRFLOW_CTX_TASK_ID='refresh_visualization_pbi' AIRFLOW_CTX_EXECUTION_DATE='2023-10-31T05:05:12.849460+00:00' AIRFLOW_CTX_TRY_NUMBER='1' AIRFLOW_CTX_DAG_RUN_ID='manual__2023-10-31T05:05:12.849460+00:00'
[2023-10-31T05:06:06.858+0000] {ssh.py:135} INFO - Creating ssh_client
[2023-10-31T05:06:06.891+0000] {ssh.py:112} INFO - ssh_hook is not provided or invalid. Trying ssh_conn_id to create SSHHook.
[2023-10-31T05:06:06.902+0000] {base.py:73} INFO - Using connection ID 'host_machine' for task execution.
[2023-10-31T05:06:06.903+0000] {ssh.py:300} WARNING - No Host Key Verification. This won't protect against Man-In-The-Middle attacks
[2023-10-31T05:06:06.914+0000] {transport.py:1893} INFO - Connected (version 2.0, client OpenSSH_8.9p1)
[2023-10-31T05:06:07.060+0000] {transport.py:1893} INFO - Authentication (password) successful!
[2023-10-31T05:06:07.061+0000] {ssh.py:476} INFO - Running command: cd /home/***/data_science/power_bi && . .venv/bin/activate && python3 pbi_refresh.py && deactivate 
[2023-10-31T05:06:09.224+0000] {ssh.py:522} INFO - RESPONSE STATUS : <Response [202]>
[2023-10-31T05:06:09.276+0000] {taskinstance.py:1400} INFO - Marking task as SUCCESS. dag_id=ETL, task_id=refresh_visualization_pbi, execution_date=20231031T050512, start_date=20231031T050606, end_date=20231031T050609
[2023-10-31T05:06:09.318+0000] {local_task_job_runner.py:228} INFO - Task exited with return code 0
[2023-10-31T05:06:09.334+0000] {taskinstance.py:2778} INFO - 0 downstream tasks scheduled from follow-on schedule check
