[2023-10-21T12:03:33.982+0000] {taskinstance.py:1159} INFO - Dependencies all met for dep_context=non-requeueable deps ti=<TaskInstance: first_dagg.scrape_data manual__2023-10-21T12:03:33.440482+00:00 [queued]>
[2023-10-21T12:03:34.006+0000] {taskinstance.py:1159} INFO - Dependencies all met for dep_context=requeueable deps ti=<TaskInstance: first_dagg.scrape_data manual__2023-10-21T12:03:33.440482+00:00 [queued]>
[2023-10-21T12:03:34.007+0000] {taskinstance.py:1361} INFO - Starting attempt 1 of 1
[2023-10-21T12:03:34.037+0000] {taskinstance.py:1382} INFO - Executing <Task(BashOperator): scrape_data> on 2023-10-21 12:03:33.440482+00:00
[2023-10-21T12:03:34.044+0000] {standard_task_runner.py:57} INFO - Started process 2261 to run task
[2023-10-21T12:03:34.048+0000] {standard_task_runner.py:84} INFO - Running: ['***', 'tasks', 'run', 'first_dagg', 'scrape_data', 'manual__2023-10-21T12:03:33.440482+00:00', '--job-id', '13', '--raw', '--subdir', 'DAGS_FOLDER/first_dags.py', '--cfg-path', '/tmp/tmpyi4_4v2s']
[2023-10-21T12:03:34.051+0000] {standard_task_runner.py:85} INFO - Job 13: Subtask scrape_data
[2023-10-21T12:03:34.151+0000] {task_command.py:416} INFO - Running <TaskInstance: first_dagg.scrape_data manual__2023-10-21T12:03:33.440482+00:00 [running]> on host 694ad72b43d0
[2023-10-21T12:03:34.336+0000] {taskinstance.py:1662} INFO - Exporting env vars: AIRFLOW_CTX_DAG_OWNER='me' AIRFLOW_CTX_DAG_ID='first_dagg' AIRFLOW_CTX_TASK_ID='scrape_data' AIRFLOW_CTX_EXECUTION_DATE='2023-10-21T12:03:33.440482+00:00' AIRFLOW_CTX_TRY_NUMBER='1' AIRFLOW_CTX_DAG_RUN_ID='manual__2023-10-21T12:03:33.440482+00:00'
[2023-10-21T12:03:34.338+0000] {subprocess.py:63} INFO - Tmp dir root location: /tmp
[2023-10-21T12:03:34.339+0000] {subprocess.py:75} INFO - Running command: ['/bin/bash', '-c', 'bash /home/vertikal/data_science/web_scrap/rumah/rumah/script2 ']
[2023-10-21T12:03:34.355+0000] {subprocess.py:86} INFO - Output:
[2023-10-21T12:03:34.359+0000] {subprocess.py:93} INFO - bash: /home/vertikal/data_science/web_scrap/rumah/rumah/script2: No such file or directory
[2023-10-21T12:03:34.360+0000] {subprocess.py:97} INFO - Command exited with return code 127
[2023-10-21T12:03:34.388+0000] {taskinstance.py:1937} ERROR - Task failed with exception
Traceback (most recent call last):
  File "/home/airflow/.local/lib/python3.8/site-packages/airflow/operators/bash.py", line 210, in execute
    raise AirflowException(
airflow.exceptions.AirflowException: Bash command failed. The command returned a non-zero exit code 127.
[2023-10-21T12:03:34.393+0000] {taskinstance.py:1400} INFO - Marking task as FAILED. dag_id=first_dagg, task_id=scrape_data, execution_date=20231021T120333, start_date=20231021T120333, end_date=20231021T120334
[2023-10-21T12:03:34.418+0000] {standard_task_runner.py:104} ERROR - Failed to execute job 13 for task scrape_data (Bash command failed. The command returned a non-zero exit code 127.; 2261)
[2023-10-21T12:03:34.460+0000] {local_task_job_runner.py:228} INFO - Task exited with return code 1
[2023-10-21T12:03:34.481+0000] {taskinstance.py:2778} INFO - 0 downstream tasks scheduled from follow-on schedule check
