[2023-10-22T05:21:53.719+0000] {taskinstance.py:1159} INFO - Dependencies all met for dep_context=non-requeueable deps ti=<TaskInstance: first_dagg.task1 manual__2023-10-22T05:21:53.023676+00:00 [queued]>
[2023-10-22T05:21:53.726+0000] {taskinstance.py:1159} INFO - Dependencies all met for dep_context=requeueable deps ti=<TaskInstance: first_dagg.task1 manual__2023-10-22T05:21:53.023676+00:00 [queued]>
[2023-10-22T05:21:53.726+0000] {taskinstance.py:1361} INFO - Starting attempt 1 of 1
[2023-10-22T05:21:53.741+0000] {taskinstance.py:1382} INFO - Executing <Task(SSHOperator): task1> on 2023-10-22 05:21:53.023676+00:00
[2023-10-22T05:21:53.745+0000] {standard_task_runner.py:57} INFO - Started process 551 to run task
[2023-10-22T05:21:53.748+0000] {standard_task_runner.py:84} INFO - Running: ['***', 'tasks', 'run', 'first_dagg', 'task1', 'manual__2023-10-22T05:21:53.023676+00:00', '--job-id', '50', '--raw', '--subdir', 'DAGS_FOLDER/first_dags.py', '--cfg-path', '/tmp/tmpkzg8p6xg']
[2023-10-22T05:21:53.749+0000] {standard_task_runner.py:85} INFO - Job 50: Subtask task1
[2023-10-22T05:21:53.786+0000] {task_command.py:416} INFO - Running <TaskInstance: first_dagg.task1 manual__2023-10-22T05:21:53.023676+00:00 [running]> on host 0a51e56afb27
[2023-10-22T05:21:53.862+0000] {taskinstance.py:1662} INFO - Exporting env vars: AIRFLOW_CTX_DAG_OWNER='me' AIRFLOW_CTX_DAG_ID='first_dagg' AIRFLOW_CTX_TASK_ID='task1' AIRFLOW_CTX_EXECUTION_DATE='2023-10-22T05:21:53.023676+00:00' AIRFLOW_CTX_TRY_NUMBER='1' AIRFLOW_CTX_DAG_RUN_ID='manual__2023-10-22T05:21:53.023676+00:00'
[2023-10-22T05:21:53.863+0000] {ssh.py:135} INFO - Creating ssh_client
[2023-10-22T05:21:53.888+0000] {ssh.py:112} INFO - ssh_hook is not provided or invalid. Trying ssh_conn_id to create SSHHook.
[2023-10-22T05:21:53.895+0000] {base.py:73} INFO - Using connection ID 'host_machine' for task execution.
[2023-10-22T05:21:53.896+0000] {ssh.py:300} WARNING - No Host Key Verification. This won't protect against Man-In-The-Middle attacks
[2023-10-22T05:21:53.912+0000] {transport.py:1893} INFO - Connected (version 2.0, client OpenSSH_8.9p1)
[2023-10-22T05:21:54.085+0000] {transport.py:1893} INFO - Authentication (password) successful!
[2023-10-22T05:21:54.086+0000] {ssh.py:476} INFO - Running command: cd /home/***/data_science/web_scrap/rumah/rumah && pwd 
[2023-10-22T05:21:54.170+0000] {ssh.py:522} INFO - /home/***/data_science/web_scrap/rumah/rumah
[2023-10-22T05:21:54.199+0000] {taskinstance.py:1400} INFO - Marking task as SUCCESS. dag_id=first_dagg, task_id=task1, execution_date=20231022T052153, start_date=20231022T052153, end_date=20231022T052154
[2023-10-22T05:21:54.241+0000] {local_task_job_runner.py:228} INFO - Task exited with return code 0
[2023-10-22T05:21:54.255+0000] {taskinstance.py:2778} INFO - 0 downstream tasks scheduled from follow-on schedule check
