[2023-10-22T04:51:21.372+0000] {taskinstance.py:1159} INFO - Dependencies all met for dep_context=non-requeueable deps ti=<TaskInstance: first_dagg.task1 manual__2023-10-22T04:51:20.828706+00:00 [queued]>
[2023-10-22T04:51:21.383+0000] {taskinstance.py:1159} INFO - Dependencies all met for dep_context=requeueable deps ti=<TaskInstance: first_dagg.task1 manual__2023-10-22T04:51:20.828706+00:00 [queued]>
[2023-10-22T04:51:21.383+0000] {taskinstance.py:1361} INFO - Starting attempt 1 of 1
[2023-10-22T04:51:21.400+0000] {taskinstance.py:1382} INFO - Executing <Task(SSHOperator): task1> on 2023-10-22 04:51:20.828706+00:00
[2023-10-22T04:51:21.406+0000] {standard_task_runner.py:57} INFO - Started process 303 to run task
[2023-10-22T04:51:21.408+0000] {standard_task_runner.py:84} INFO - Running: ['***', 'tasks', 'run', 'first_dagg', 'task1', 'manual__2023-10-22T04:51:20.828706+00:00', '--job-id', '27', '--raw', '--subdir', 'DAGS_FOLDER/first_dags.py', '--cfg-path', '/tmp/tmpok0h9j5l']
[2023-10-22T04:51:21.410+0000] {standard_task_runner.py:85} INFO - Job 27: Subtask task1
[2023-10-22T04:51:21.445+0000] {task_command.py:416} INFO - Running <TaskInstance: first_dagg.task1 manual__2023-10-22T04:51:20.828706+00:00 [running]> on host 1570937a8b34
[2023-10-22T04:51:21.515+0000] {taskinstance.py:1662} INFO - Exporting env vars: AIRFLOW_CTX_DAG_OWNER='me' AIRFLOW_CTX_DAG_ID='first_dagg' AIRFLOW_CTX_TASK_ID='task1' AIRFLOW_CTX_EXECUTION_DATE='2023-10-22T04:51:20.828706+00:00' AIRFLOW_CTX_TRY_NUMBER='1' AIRFLOW_CTX_DAG_RUN_ID='manual__2023-10-22T04:51:20.828706+00:00'
[2023-10-22T04:51:21.515+0000] {ssh.py:135} INFO - Creating ssh_client
[2023-10-22T04:51:21.541+0000] {ssh.py:112} INFO - ssh_hook is not provided or invalid. Trying ssh_conn_id to create SSHHook.
[2023-10-22T04:51:21.549+0000] {base.py:73} INFO - Using connection ID 'host_machine' for task execution.
[2023-10-22T04:51:21.549+0000] {ssh.py:300} WARNING - No Host Key Verification. This won't protect against Man-In-The-Middle attacks
[2023-10-22T04:51:21.559+0000] {transport.py:1893} INFO - Connected (version 2.0, client OpenSSH_8.9p1)
[2023-10-22T04:51:21.718+0000] {transport.py:1893} INFO - Authentication (password) successful!
[2023-10-22T04:51:21.719+0000] {ssh.py:476} INFO - Running command: echo aaa
[2023-10-22T04:51:21.795+0000] {ssh.py:522} INFO - aaa
[2023-10-22T04:51:21.828+0000] {taskinstance.py:1400} INFO - Marking task as SUCCESS. dag_id=first_dagg, task_id=task1, execution_date=20231022T045120, start_date=20231022T045121, end_date=20231022T045121
[2023-10-22T04:51:21.861+0000] {local_task_job_runner.py:228} INFO - Task exited with return code 0
[2023-10-22T04:51:21.890+0000] {taskinstance.py:2778} INFO - 0 downstream tasks scheduled from follow-on schedule check
