[2023-10-22T05:13:01.794+0000] {taskinstance.py:1159} INFO - Dependencies all met for dep_context=non-requeueable deps ti=<TaskInstance: first_dagg.task1 manual__2023-10-22T05:13:00.991899+00:00 [queued]>
[2023-10-22T05:13:01.803+0000] {taskinstance.py:1159} INFO - Dependencies all met for dep_context=requeueable deps ti=<TaskInstance: first_dagg.task1 manual__2023-10-22T05:13:00.991899+00:00 [queued]>
[2023-10-22T05:13:01.803+0000] {taskinstance.py:1361} INFO - Starting attempt 1 of 1
[2023-10-22T05:13:01.815+0000] {taskinstance.py:1382} INFO - Executing <Task(SSHOperator): task1> on 2023-10-22 05:13:00.991899+00:00
[2023-10-22T05:13:01.819+0000] {standard_task_runner.py:57} INFO - Started process 301 to run task
[2023-10-22T05:13:01.820+0000] {standard_task_runner.py:84} INFO - Running: ['***', 'tasks', 'run', 'first_dagg', 'task1', 'manual__2023-10-22T05:13:00.991899+00:00', '--job-id', '44', '--raw', '--subdir', 'DAGS_FOLDER/first_dags.py', '--cfg-path', '/tmp/tmpmgvw3mrj']
[2023-10-22T05:13:01.822+0000] {standard_task_runner.py:85} INFO - Job 44: Subtask task1
[2023-10-22T05:13:01.859+0000] {task_command.py:416} INFO - Running <TaskInstance: first_dagg.task1 manual__2023-10-22T05:13:00.991899+00:00 [running]> on host 0a51e56afb27
[2023-10-22T05:13:01.944+0000] {taskinstance.py:1662} INFO - Exporting env vars: AIRFLOW_CTX_DAG_OWNER='me' AIRFLOW_CTX_DAG_ID='first_dagg' AIRFLOW_CTX_TASK_ID='task1' AIRFLOW_CTX_EXECUTION_DATE='2023-10-22T05:13:00.991899+00:00' AIRFLOW_CTX_TRY_NUMBER='1' AIRFLOW_CTX_DAG_RUN_ID='manual__2023-10-22T05:13:00.991899+00:00'
[2023-10-22T05:13:01.945+0000] {ssh.py:135} INFO - Creating ssh_client
[2023-10-22T05:13:01.979+0000] {ssh.py:112} INFO - ssh_hook is not provided or invalid. Trying ssh_conn_id to create SSHHook.
[2023-10-22T05:13:01.988+0000] {base.py:73} INFO - Using connection ID 'host_machine' for task execution.
[2023-10-22T05:13:01.989+0000] {ssh.py:300} WARNING - No Host Key Verification. This won't protect against Man-In-The-Middle attacks
[2023-10-22T05:13:02.004+0000] {transport.py:1893} INFO - Connected (version 2.0, client OpenSSH_8.9p1)
[2023-10-22T05:13:02.155+0000] {transport.py:1893} INFO - Authentication (password) successful!
[2023-10-22T05:13:02.156+0000] {ssh.py:476} INFO - Running command: cd /home/***/data_science/web_scrap/rumah/rumah && ls
[2023-10-22T05:13:02.233+0000] {ssh.py:522} INFO - __init__.py
[2023-10-22T05:13:02.234+0000] {ssh.py:522} INFO - __pycache__
[2023-10-22T05:13:02.234+0000] {ssh.py:522} INFO - items.py
[2023-10-22T05:13:02.235+0000] {ssh.py:522} INFO - middlewares.py
[2023-10-22T05:13:02.235+0000] {ssh.py:522} INFO - mypipe1
[2023-10-22T05:13:02.235+0000] {ssh.py:522} INFO - pipe_scrap
[2023-10-22T05:13:02.235+0000] {ssh.py:522} INFO - pipelines.py
[2023-10-22T05:13:02.235+0000] {ssh.py:522} INFO - script2.sh
[2023-10-22T05:13:02.235+0000] {ssh.py:522} INFO - settings.py
[2023-10-22T05:13:02.236+0000] {ssh.py:522} INFO - spiders
[2023-10-22T05:13:02.271+0000] {taskinstance.py:1400} INFO - Marking task as SUCCESS. dag_id=first_dagg, task_id=task1, execution_date=20231022T051300, start_date=20231022T051301, end_date=20231022T051302
[2023-10-22T05:13:02.314+0000] {local_task_job_runner.py:228} INFO - Task exited with return code 0
[2023-10-22T05:13:02.335+0000] {taskinstance.py:2778} INFO - 0 downstream tasks scheduled from follow-on schedule check
