[2023-10-25T10:33:42.780+0000] {taskinstance.py:1159} INFO - Dependencies all met for dep_context=non-requeueable deps ti=<TaskInstance: ETL.Data_Transformation manual__2023-10-25T10:33:41.833051+00:00 [queued]>
[2023-10-25T10:33:42.788+0000] {taskinstance.py:1159} INFO - Dependencies all met for dep_context=requeueable deps ti=<TaskInstance: ETL.Data_Transformation manual__2023-10-25T10:33:41.833051+00:00 [queued]>
[2023-10-25T10:33:42.788+0000] {taskinstance.py:1361} INFO - Starting attempt 1 of 1
[2023-10-25T10:33:42.800+0000] {taskinstance.py:1382} INFO - Executing <Task(PythonOperator): Data_Transformation> on 2023-10-25 10:33:41.833051+00:00
[2023-10-25T10:33:42.807+0000] {standard_task_runner.py:57} INFO - Started process 197 to run task
[2023-10-25T10:33:42.814+0000] {standard_task_runner.py:84} INFO - Running: ['***', 'tasks', 'run', 'ETL', 'Data_Transformation', 'manual__2023-10-25T10:33:41.833051+00:00', '--job-id', '89', '--raw', '--subdir', 'DAGS_FOLDER/first_dags.py', '--cfg-path', '/tmp/tmpmqfnptf0']
[2023-10-25T10:33:42.816+0000] {standard_task_runner.py:85} INFO - Job 89: Subtask Data_Transformation
[2023-10-25T10:33:42.859+0000] {task_command.py:416} INFO - Running <TaskInstance: ETL.Data_Transformation manual__2023-10-25T10:33:41.833051+00:00 [running]> on host ef9626e41a87
[2023-10-25T10:33:42.940+0000] {taskinstance.py:1662} INFO - Exporting env vars: AIRFLOW_CTX_DAG_OWNER='me' AIRFLOW_CTX_DAG_ID='ETL' AIRFLOW_CTX_TASK_ID='Data_Transformation' AIRFLOW_CTX_EXECUTION_DATE='2023-10-25T10:33:41.833051+00:00' AIRFLOW_CTX_TRY_NUMBER='1' AIRFLOW_CTX_DAG_RUN_ID='manual__2023-10-25T10:33:41.833051+00:00'
[2023-10-25T10:33:42.942+0000] {taskinstance.py:1937} ERROR - Task failed with exception
Traceback (most recent call last):
  File "/home/airflow/.local/lib/python3.8/site-packages/airflow/operators/python.py", line 192, in execute
    return_value = self.execute_callable()
  File "/home/airflow/.local/lib/python3.8/site-packages/airflow/operators/python.py", line 209, in execute_callable
    return self.python_callable(*self.op_args, **self.op_kwargs)
  File "/opt/airflow/dags/fungsi.py", line 3, in data_transform
    df = pd.read_csv('/opt/airflow/data_csv/tangerang.csv')
NameError: name 'pd' is not defined
[2023-10-25T10:33:42.948+0000] {taskinstance.py:1400} INFO - Marking task as FAILED. dag_id=ETL, task_id=Data_Transformation, execution_date=20231025T103341, start_date=20231025T103342, end_date=20231025T103342
[2023-10-25T10:33:42.961+0000] {standard_task_runner.py:104} ERROR - Failed to execute job 89 for task Data_Transformation (name 'pd' is not defined; 197)
[2023-10-25T10:33:42.985+0000] {local_task_job_runner.py:228} INFO - Task exited with return code 1
[2023-10-25T10:33:43.000+0000] {taskinstance.py:2778} INFO - 0 downstream tasks scheduled from follow-on schedule check
