[2023-10-31T04:44:18.550+0000] {taskinstance.py:1159} INFO - Dependencies all met for dep_context=non-requeueable deps ti=<TaskInstance: ETL.upload_data_postgres manual__2023-10-31T04:43:50.905531+00:00 [queued]>
[2023-10-31T04:44:18.560+0000] {taskinstance.py:1159} INFO - Dependencies all met for dep_context=requeueable deps ti=<TaskInstance: ETL.upload_data_postgres manual__2023-10-31T04:43:50.905531+00:00 [queued]>
[2023-10-31T04:44:18.561+0000] {taskinstance.py:1361} INFO - Starting attempt 1 of 1
[2023-10-31T04:44:18.578+0000] {taskinstance.py:1382} INFO - Executing <Task(PostgresOperator): upload_data_postgres> on 2023-10-31 04:43:50.905531+00:00
[2023-10-31T04:44:18.590+0000] {standard_task_runner.py:57} INFO - Started process 7922 to run task
[2023-10-31T04:44:18.593+0000] {standard_task_runner.py:84} INFO - Running: ['***', 'tasks', 'run', 'ETL', 'upload_data_postgres', 'manual__2023-10-31T04:43:50.905531+00:00', '--job-id', '207', '--raw', '--subdir', 'DAGS_FOLDER/first_dags.py', '--cfg-path', '/tmp/tmpymolbgjv']
[2023-10-31T04:44:18.599+0000] {standard_task_runner.py:85} INFO - Job 207: Subtask upload_data_postgres
[2023-10-31T04:44:18.654+0000] {task_command.py:416} INFO - Running <TaskInstance: ETL.upload_data_postgres manual__2023-10-31T04:43:50.905531+00:00 [running]> on host f959e5a17851
[2023-10-31T04:44:18.746+0000] {taskinstance.py:1662} INFO - Exporting env vars: AIRFLOW_CTX_DAG_OWNER='me' AIRFLOW_CTX_DAG_ID='ETL' AIRFLOW_CTX_TASK_ID='upload_data_postgres' AIRFLOW_CTX_EXECUTION_DATE='2023-10-31T04:43:50.905531+00:00' AIRFLOW_CTX_TRY_NUMBER='1' AIRFLOW_CTX_DAG_RUN_ID='manual__2023-10-31T04:43:50.905531+00:00'
[2023-10-31T04:44:18.747+0000] {sql.py:274} INFO - Executing: 

        COPY scrap FROM '/var/lib/postgresql/data/data_upload/tangerang_transformed.csv' DELIMITER ',' CSV HEADER

        
[2023-10-31T04:44:18.759+0000] {base.py:73} INFO - Using connection ID 'postgres_docker' for task execution.
[2023-10-31T04:44:18.770+0000] {base.py:73} INFO - Using connection ID 'postgres_docker' for task execution.
[2023-10-31T04:44:18.784+0000] {sql.py:418} INFO - Running statement: 

        COPY scrap FROM '/var/lib/postgresql/data/data_upload/tangerang_transformed.csv' DELIMITER ',' CSV HEADER

        , parameters: None
[2023-10-31T04:44:18.792+0000] {sql.py:427} INFO - Rows affected: 22
[2023-10-31T04:44:18.805+0000] {taskinstance.py:1400} INFO - Marking task as SUCCESS. dag_id=ETL, task_id=upload_data_postgres, execution_date=20231031T044350, start_date=20231031T044418, end_date=20231031T044418
[2023-10-31T04:44:18.848+0000] {local_task_job_runner.py:228} INFO - Task exited with return code 0
[2023-10-31T04:44:18.884+0000] {taskinstance.py:2778} INFO - 2 downstream tasks scheduled from follow-on schedule check
