[2023-10-22T05:25:31.621+0000] {taskinstance.py:1159} INFO - Dependencies all met for dep_context=non-requeueable deps ti=<TaskInstance: first_dagg.task1 manual__2023-10-22T05:25:30.511171+00:00 [queued]>
[2023-10-22T05:25:31.628+0000] {taskinstance.py:1159} INFO - Dependencies all met for dep_context=requeueable deps ti=<TaskInstance: first_dagg.task1 manual__2023-10-22T05:25:30.511171+00:00 [queued]>
[2023-10-22T05:25:31.628+0000] {taskinstance.py:1361} INFO - Starting attempt 1 of 1
[2023-10-22T05:25:31.640+0000] {taskinstance.py:1382} INFO - Executing <Task(SSHOperator): task1> on 2023-10-22 05:25:30.511171+00:00
[2023-10-22T05:25:31.644+0000] {standard_task_runner.py:57} INFO - Started process 648 to run task
[2023-10-22T05:25:31.646+0000] {standard_task_runner.py:84} INFO - Running: ['***', 'tasks', 'run', 'first_dagg', 'task1', 'manual__2023-10-22T05:25:30.511171+00:00', '--job-id', '52', '--raw', '--subdir', 'DAGS_FOLDER/first_dags.py', '--cfg-path', '/tmp/tmpi9f3gtez']
[2023-10-22T05:25:31.648+0000] {standard_task_runner.py:85} INFO - Job 52: Subtask task1
[2023-10-22T05:25:31.685+0000] {task_command.py:416} INFO - Running <TaskInstance: first_dagg.task1 manual__2023-10-22T05:25:30.511171+00:00 [running]> on host 0a51e56afb27
[2023-10-22T05:25:31.756+0000] {taskinstance.py:1662} INFO - Exporting env vars: AIRFLOW_CTX_DAG_OWNER='me' AIRFLOW_CTX_DAG_ID='first_dagg' AIRFLOW_CTX_TASK_ID='task1' AIRFLOW_CTX_EXECUTION_DATE='2023-10-22T05:25:30.511171+00:00' AIRFLOW_CTX_TRY_NUMBER='1' AIRFLOW_CTX_DAG_RUN_ID='manual__2023-10-22T05:25:30.511171+00:00'
[2023-10-22T05:25:31.757+0000] {ssh.py:135} INFO - Creating ssh_client
[2023-10-22T05:25:31.781+0000] {ssh.py:112} INFO - ssh_hook is not provided or invalid. Trying ssh_conn_id to create SSHHook.
[2023-10-22T05:25:31.789+0000] {base.py:73} INFO - Using connection ID 'host_machine' for task execution.
[2023-10-22T05:25:31.790+0000] {ssh.py:300} WARNING - No Host Key Verification. This won't protect against Man-In-The-Middle attacks
[2023-10-22T05:25:31.800+0000] {transport.py:1893} INFO - Connected (version 2.0, client OpenSSH_8.9p1)
[2023-10-22T05:25:31.954+0000] {transport.py:1893} INFO - Authentication (password) successful!
[2023-10-22T05:25:31.955+0000] {ssh.py:476} INFO - Running command: cd /home/***/data_science/web_scrap/rumah/rumah && quarto -v 
[2023-10-22T05:25:32.026+0000] {ssh.py:522} INFO - 1.3.450
[2023-10-22T05:25:32.053+0000] {taskinstance.py:1400} INFO - Marking task as SUCCESS. dag_id=first_dagg, task_id=task1, execution_date=20231022T052530, start_date=20231022T052531, end_date=20231022T052532
[2023-10-22T05:25:32.099+0000] {local_task_job_runner.py:228} INFO - Task exited with return code 0
[2023-10-22T05:25:32.113+0000] {taskinstance.py:2778} INFO - 0 downstream tasks scheduled from follow-on schedule check
