[2023-10-22T11:16:00.699+0000] {taskinstance.py:1159} INFO - Dependencies all met for dep_context=non-requeueable deps ti=<TaskInstance: ETL.Data_Transformation manual__2023-10-22T11:15:59.234681+00:00 [queued]>
[2023-10-22T11:16:00.706+0000] {taskinstance.py:1159} INFO - Dependencies all met for dep_context=requeueable deps ti=<TaskInstance: ETL.Data_Transformation manual__2023-10-22T11:15:59.234681+00:00 [queued]>
[2023-10-22T11:16:00.707+0000] {taskinstance.py:1361} INFO - Starting attempt 1 of 1
[2023-10-22T11:16:00.720+0000] {taskinstance.py:1382} INFO - Executing <Task(PythonOperator): Data_Transformation> on 2023-10-22 11:15:59.234681+00:00
[2023-10-22T11:16:00.726+0000] {standard_task_runner.py:57} INFO - Started process 623 to run task
[2023-10-22T11:16:00.729+0000] {standard_task_runner.py:84} INFO - Running: ['***', 'tasks', 'run', 'ETL', 'Data_Transformation', 'manual__2023-10-22T11:15:59.234681+00:00', '--job-id', '10', '--raw', '--subdir', 'DAGS_FOLDER/first_dags.py', '--cfg-path', '/tmp/tmpnxzbb0gd']
[2023-10-22T11:16:00.732+0000] {standard_task_runner.py:85} INFO - Job 10: Subtask Data_Transformation
[2023-10-22T11:16:00.773+0000] {task_command.py:416} INFO - Running <TaskInstance: ETL.Data_Transformation manual__2023-10-22T11:15:59.234681+00:00 [running]> on host 4ad883a00f98
[2023-10-22T11:16:00.837+0000] {taskinstance.py:1662} INFO - Exporting env vars: AIRFLOW_CTX_DAG_OWNER='me' AIRFLOW_CTX_DAG_ID='ETL' AIRFLOW_CTX_TASK_ID='Data_Transformation' AIRFLOW_CTX_EXECUTION_DATE='2023-10-22T11:15:59.234681+00:00' AIRFLOW_CTX_TRY_NUMBER='1' AIRFLOW_CTX_DAG_RUN_ID='manual__2023-10-22T11:15:59.234681+00:00'
[2023-10-22T11:16:00.975+0000] {taskinstance.py:1937} ERROR - Task failed with exception
Traceback (most recent call last):
  File "/home/airflow/.local/lib/python3.8/site-packages/airflow/operators/python.py", line 192, in execute
    return_value = self.execute_callable()
  File "/home/airflow/.local/lib/python3.8/site-packages/airflow/operators/python.py", line 209, in execute_callable
    return self.python_callable(*self.op_args, **self.op_kwargs)
  File "/opt/airflow/dags/first_dags.py", line 29, in data_transform
    df = pd.to_csv('/opt/airflow/data_csv/tangerang_transformed.csv', index = False)
AttributeError: module 'pandas' has no attribute 'to_csv'
[2023-10-22T11:16:00.982+0000] {taskinstance.py:1400} INFO - Marking task as FAILED. dag_id=ETL, task_id=Data_Transformation, execution_date=20231022T111559, start_date=20231022T111600, end_date=20231022T111600
[2023-10-22T11:16:00.991+0000] {standard_task_runner.py:104} ERROR - Failed to execute job 10 for task Data_Transformation (module 'pandas' has no attribute 'to_csv'; 623)
[2023-10-22T11:16:01.022+0000] {local_task_job_runner.py:228} INFO - Task exited with return code 1
[2023-10-22T11:16:01.036+0000] {taskinstance.py:2778} INFO - 0 downstream tasks scheduled from follow-on schedule check
