[2023-10-31T04:43:53.092+0000] {taskinstance.py:1159} INFO - Dependencies all met for dep_context=non-requeueable deps ti=<TaskInstance: ETL.scrap_data manual__2023-10-31T04:43:50.905531+00:00 [queued]>
[2023-10-31T04:43:53.102+0000] {taskinstance.py:1159} INFO - Dependencies all met for dep_context=requeueable deps ti=<TaskInstance: ETL.scrap_data manual__2023-10-31T04:43:50.905531+00:00 [queued]>
[2023-10-31T04:43:53.103+0000] {taskinstance.py:1361} INFO - Starting attempt 1 of 1
[2023-10-31T04:43:53.123+0000] {taskinstance.py:1382} INFO - Executing <Task(SSHOperator): scrap_data> on 2023-10-31 04:43:50.905531+00:00
[2023-10-31T04:43:53.137+0000] {standard_task_runner.py:57} INFO - Started process 7868 to run task
[2023-10-31T04:43:53.144+0000] {standard_task_runner.py:84} INFO - Running: ['***', 'tasks', 'run', 'ETL', 'scrap_data', 'manual__2023-10-31T04:43:50.905531+00:00', '--job-id', '205', '--raw', '--subdir', 'DAGS_FOLDER/first_dags.py', '--cfg-path', '/tmp/tmp6aqm31x5']
[2023-10-31T04:43:53.150+0000] {standard_task_runner.py:85} INFO - Job 205: Subtask scrap_data
[2023-10-31T04:43:53.236+0000] {task_command.py:416} INFO - Running <TaskInstance: ETL.scrap_data manual__2023-10-31T04:43:50.905531+00:00 [running]> on host f959e5a17851
[2023-10-31T04:43:53.331+0000] {taskinstance.py:1662} INFO - Exporting env vars: AIRFLOW_CTX_DAG_OWNER='me' AIRFLOW_CTX_DAG_ID='ETL' AIRFLOW_CTX_TASK_ID='scrap_data' AIRFLOW_CTX_EXECUTION_DATE='2023-10-31T04:43:50.905531+00:00' AIRFLOW_CTX_TRY_NUMBER='1' AIRFLOW_CTX_DAG_RUN_ID='manual__2023-10-31T04:43:50.905531+00:00'
[2023-10-31T04:43:53.332+0000] {ssh.py:135} INFO - Creating ssh_client
[2023-10-31T04:43:53.374+0000] {ssh.py:112} INFO - ssh_hook is not provided or invalid. Trying ssh_conn_id to create SSHHook.
[2023-10-31T04:43:53.385+0000] {base.py:73} INFO - Using connection ID 'host_machine' for task execution.
[2023-10-31T04:43:53.386+0000] {ssh.py:300} WARNING - No Host Key Verification. This won't protect against Man-In-The-Middle attacks
[2023-10-31T04:43:53.398+0000] {transport.py:1893} INFO - Connected (version 2.0, client OpenSSH_8.9p1)
[2023-10-31T04:43:53.600+0000] {transport.py:1893} INFO - Authentication (password) successful!
[2023-10-31T04:43:53.601+0000] {ssh.py:476} INFO - Running command: cd /home/***/data_science/web_scrap/rumah/rumah && bash script2.sh 
[2023-10-31T04:43:54.147+0000] {ssh.py:527} WARNING - 2023-10-31 11:43:54 [scrapy.utils.log] INFO: Scrapy 2.11.0 started (bot: rumah)
[2023-10-31T04:43:54.148+0000] {ssh.py:527} WARNING - 2023-10-31 11:43:54 [scrapy.utils.log] INFO: Versions: lxml 4.9.3.0, libxml2 2.10.3, cssselect 1.2.0, parsel 1.8.1, w3lib 2.1.2, Twisted 22.10.0, Python 3.10.12 (main, Jun 11 2023, 05:26:28) [GCC 11.4.0], pyOpenSSL 23.2.0 (OpenSSL 3.1.3 19 Sep 2023), cryptography 41.0.4, Platform Linux-5.15.90.1-microsoft-standard-WSL2-x86_64-with-glibc2.35
[2023-10-31T04:43:54.150+0000] {ssh.py:527} WARNING - 2023-10-31 11:43:54 [scrapy.addons] INFO: Enabled addons:
[2023-10-31T04:43:54.150+0000] {ssh.py:527} WARNING - []
[2023-10-31T04:43:54.151+0000] {ssh.py:527} WARNING - 2023-10-31 11:43:54 [asyncio] DEBUG: Using selector: EpollSelector
[2023-10-31T04:43:54.151+0000] {ssh.py:527} WARNING - 2023-10-31 11:43:54 [scrapy.utils.log] DEBUG: Using reactor: twisted.internet.asyncioreactor.AsyncioSelectorReactor
[2023-10-31T04:43:54.152+0000] {ssh.py:527} WARNING - 2023-10-31 11:43:54 [scrapy.utils.log] DEBUG: Using asyncio event loop: asyncio.unix_events._UnixSelectorEventLoop
[2023-10-31T04:43:54.162+0000] {ssh.py:527} WARNING - 2023-10-31 11:43:54 [scrapy.extensions.telnet] INFO: Telnet Password: 93051e9e080928e8
[2023-10-31T04:43:54.193+0000] {ssh.py:527} WARNING - 2023-10-31 11:43:54 [scrapy.middleware] INFO: Enabled extensions:
[2023-10-31T04:43:54.194+0000] {ssh.py:527} WARNING - ['scrapy.extensions.corestats.CoreStats',
[2023-10-31T04:43:54.194+0000] {ssh.py:527} WARNING -  'scrapy.extensions.telnet.TelnetConsole',
[2023-10-31T04:43:54.194+0000] {ssh.py:527} WARNING -  'scrapy.extensions.memusage.MemoryUsage',
[2023-10-31T04:43:54.194+0000] {ssh.py:527} WARNING -  'scrapy.extensions.closespider.CloseSpider',
[2023-10-31T04:43:54.194+0000] {ssh.py:527} WARNING -  'scrapy.extensions.feedexport.FeedExporter',
[2023-10-31T04:43:54.194+0000] {ssh.py:527} WARNING -  'scrapy.extensions.logstats.LogStats',
[2023-10-31T04:43:54.194+0000] {ssh.py:527} WARNING -  'scrapy.extensions.throttle.AutoThrottle']
[2023-10-31T04:43:54.194+0000] {ssh.py:527} WARNING - 2023-10-31 11:43:54 [scrapy.crawler] INFO: Overridden settings:
[2023-10-31T04:43:54.195+0000] {ssh.py:527} WARNING - {'AUTOTHROTTLE_ENABLED': True,
[2023-10-31T04:43:54.195+0000] {ssh.py:527} WARNING -  'BOT_NAME': 'rumah',
[2023-10-31T04:43:54.195+0000] {ssh.py:527} WARNING -  'CLOSESPIDER_PAGECOUNT': 10,
[2023-10-31T04:43:54.195+0000] {ssh.py:527} WARNING -  'FEED_EXPORT_ENCODING': 'utf-8',
[2023-10-31T04:43:54.195+0000] {ssh.py:527} WARNING -  'NEWSPIDER_MODULE': 'rumah.spiders',
[2023-10-31T04:43:54.195+0000] {ssh.py:527} WARNING -  'REQUEST_FINGERPRINTER_IMPLEMENTATION': '2.7',
[2023-10-31T04:43:54.195+0000] {ssh.py:527} WARNING -  'RETRY_HTTP_CODES': [429],
[2023-10-31T04:43:54.195+0000] {ssh.py:527} WARNING -  'SPIDER_MODULES': ['rumah.spiders'],
[2023-10-31T04:43:54.195+0000] {ssh.py:527} WARNING -  'TWISTED_REACTOR': 'twisted.internet.asyncioreactor.AsyncioSelectorReactor'}
[2023-10-31T04:43:54.268+0000] {ssh.py:527} WARNING - 2023-10-31 11:43:54 [urllib3.connectionpool] DEBUG: Starting new HTTPS connection (1): headers.scrapeops.io:443
[2023-10-31T04:43:55.646+0000] {ssh.py:527} WARNING - 2023-10-31 11:43:55 [urllib3.connectionpool] DEBUG: https://headers.scrapeops.io:443 "GET /v1/browser-headers?api_key=0c0533f0-3965-4081-91f6-032516eea822&num_results=100 HTTP/1.1" 200 None
[2023-10-31T04:43:55.936+0000] {ssh.py:527} WARNING - 2023-10-31 11:43:55 [scrapy.middleware] INFO: Enabled downloader middlewares:
[2023-10-31T04:43:55.937+0000] {ssh.py:527} WARNING - ['scrapy.downloadermiddlewares.httpauth.HttpAuthMiddleware',
[2023-10-31T04:43:55.937+0000] {ssh.py:527} WARNING -  'scrapy.downloadermiddlewares.downloadtimeout.DownloadTimeoutMiddleware',
[2023-10-31T04:43:55.937+0000] {ssh.py:527} WARNING -  'scrapy.downloadermiddlewares.defaultheaders.DefaultHeadersMiddleware',
[2023-10-31T04:43:55.937+0000] {ssh.py:527} WARNING -  'scrapy.downloadermiddlewares.useragent.UserAgentMiddleware',
[2023-10-31T04:43:55.937+0000] {ssh.py:527} WARNING -  'scrapy.downloadermiddlewares.retry.RetryMiddleware',
[2023-10-31T04:43:55.937+0000] {ssh.py:527} WARNING -  'scrapy.downloadermiddlewares.redirect.MetaRefreshMiddleware',
[2023-10-31T04:43:55.938+0000] {ssh.py:527} WARNING -  'scrapy.downloadermiddlewares.httpcompression.HttpCompressionMiddleware',
[2023-10-31T04:43:55.938+0000] {ssh.py:527} WARNING -  'scrapy.downloadermiddlewares.redirect.RedirectMiddleware',
[2023-10-31T04:43:55.938+0000] {ssh.py:527} WARNING -  'rumah.middlewares.ScrapeOpsFakeBrowserHeaderAgentMiddleware',
[2023-10-31T04:43:55.939+0000] {ssh.py:527} WARNING -  'scrapy.downloadermiddlewares.cookies.CookiesMiddleware',
[2023-10-31T04:43:55.939+0000] {ssh.py:527} WARNING -  'rumah.middlewares.TooManyRequestsRetryMiddleware',
[2023-10-31T04:43:55.939+0000] {ssh.py:527} WARNING -  'scrapy.downloadermiddlewares.httpproxy.HttpProxyMiddleware',
[2023-10-31T04:43:55.939+0000] {ssh.py:527} WARNING -  'scrapy.downloadermiddlewares.stats.DownloaderStats']
[2023-10-31T04:43:55.939+0000] {ssh.py:527} WARNING - 2023-10-31 11:43:55 [scrapy.middleware] INFO: Enabled spider middlewares:
[2023-10-31T04:43:55.940+0000] {ssh.py:527} WARNING - ['scrapy.spidermiddlewares.httperror.HttpErrorMiddleware',
[2023-10-31T04:43:55.940+0000] {ssh.py:527} WARNING -  'scrapy.spidermiddlewares.offsite.OffsiteMiddleware',
[2023-10-31T04:43:55.940+0000] {ssh.py:527} WARNING -  'scrapy.spidermiddlewares.referer.RefererMiddleware',
[2023-10-31T04:43:55.940+0000] {ssh.py:527} WARNING -  'scrapy.spidermiddlewares.urllength.UrlLengthMiddleware',
[2023-10-31T04:43:55.940+0000] {ssh.py:527} WARNING -  'scrapy.spidermiddlewares.depth.DepthMiddleware']
[2023-10-31T04:43:55.940+0000] {ssh.py:527} WARNING - 2023-10-31 11:43:55 [scrapy.middleware] INFO: Enabled item pipelines:
[2023-10-31T04:43:55.940+0000] {ssh.py:527} WARNING - []
[2023-10-31T04:43:55.940+0000] {ssh.py:527} WARNING - 2023-10-31 11:43:55 [scrapy.core.engine] INFO: Spider opened
[2023-10-31T04:43:55.945+0000] {ssh.py:527} WARNING - 2023-10-31 11:43:55 [scrapy.extensions.logstats] INFO: Crawled 0 pages (at 0 pages/min), scraped 0 items (at 0 items/min)
[2023-10-31T04:43:55.946+0000] {ssh.py:527} WARNING - 2023-10-31 11:43:55 [scrapy.extensions.telnet] INFO: Telnet console listening on 127.0.0.1:6023
[2023-10-31T04:43:56.285+0000] {ssh.py:527} WARNING - 2023-10-31 11:43:56 [scrapy.core.engine] DEBUG: Crawled (200) <GET https://www.rumah123.com/jual/tangerang/Ciledug/rumah/> (referer: None)
[2023-10-31T04:43:56.412+0000] {ssh.py:522} INFO - *********************
[2023-10-31T04:43:56.412+0000] {ssh.py:522} INFO - {b'Accept': [b'text/html,application/xhtml+xml,application/xml;q=0.9,*/*;q=0.8'], b'Accept-Language': [b'en'], b'User-Agent': [b'Mozilla/5.0 (Windows NT 10.0; Win64; x64) AppleWebKit/537.36 (KHTML, like Gecko) Chrome/85.0.4183.121 Safari/537.36 Edg/85.0.564.70'], b'Accept-Encoding': [b'gzip, deflate'], b'Sec-Fetch-User': [b'?1'], b'Sec-Fetch-Mod': [b''], b'Sec-Ch-Ua-Platform': [b'Windows'], b'Sec-Ch-Ua-Mobile': [b'?0'], b'Sec-Ch-Ua': [b'Microsoft Edge;v="85", "Chromium";v="85", ";Not A Brand";v="99"']}
[2023-10-31T04:43:56.413+0000] {ssh.py:522} INFO - *********************
[2023-10-31T04:43:56.413+0000] {ssh.py:522} INFO - {b'Referer': [b'https://www.rumah123.com/jual/tangerang/Ciledug/rumah/'], b'Accept': [b'text/html,application/xhtml+xml,application/xml;q=0.9,*/*;q=0.8'], b'Accept-Language': [b'en'], b'User-Agent': [b'Mozilla/5.0 (Macintosh; Intel Mac OS X 10_14_6) AppleWebKit/537.36 (KHTML, like Gecko) Chrome/85.0.4183.83 Safari/537.36'], b'Accept-Encoding': [b'gzip, deflate'], b'Sec-Fetch-User': [b'?1'], b'Sec-Fetch-Mod': [b''], b'Sec-Ch-Ua-Platform': [b'macOS'], b'Sec-Ch-Ua-Mobile': [b'?0'], b'Sec-Ch-Ua': [b'Google Chrome;v="85", "Chromium";v="85", ";Not A Brand";v="99"']}
[2023-10-31T04:43:56.413+0000] {ssh.py:522} INFO - *********************
[2023-10-31T04:43:56.413+0000] {ssh.py:522} INFO - {b'Referer': [b'https://www.rumah123.com/jual/tangerang/Ciledug/rumah/'], b'Accept': [b'text/html,application/xhtml+xml,application/xml;q=0.9,*/*;q=0.8'], b'Accept-Language': [b'en'], b'User-Agent': [b'Mozilla/5.0 (Macintosh; Intel Mac OS X 10_14_6) AppleWebKit/537.36 (KHTML, like Gecko) Chrome/88.0.4324.192 Safari/537.36'], b'Accept-Encoding': [b'gzip, deflate'], b'Sec-Fetch-User': [b'?1'], b'Sec-Fetch-Mod': [b''], b'Sec-Ch-Ua-Platform': [b'macOS'], b'Sec-Ch-Ua-Mobile': [b'?0'], b'Sec-Ch-Ua': [b'Google Chrome;v="88", "Chromium";v="88", ";Not A Brand";v="99"']}
[2023-10-31T04:43:56.413+0000] {ssh.py:522} INFO - *********************
[2023-10-31T04:43:56.413+0000] {ssh.py:522} INFO - {b'Referer': [b'https://www.rumah123.com/jual/tangerang/Ciledug/rumah/'], b'Accept': [b'text/html,application/xhtml+xml,application/xml;q=0.9,*/*;q=0.8'], b'Accept-Language': [b'en'], b'User-Agent': [b'Mozilla/5.0 (Windows NT 10.0; Win64; x64) AppleWebKit/537.36 (KHTML, like Gecko) Chrome/87.0.4280.88 Safari/537.36'], b'Accept-Encoding': [b'gzip, deflate'], b'Sec-Fetch-User': [b'?1'], b'Sec-Fetch-Mod': [b''], b'Sec-Ch-Ua-Platform': [b'Windows'], b'Sec-Ch-Ua-Mobile': [b'?0'], b'Sec-Ch-Ua': [b'Google Chrome;v="87", "Chromium";v="87", ";Not A Brand";v="99"']}
[2023-10-31T04:43:56.413+0000] {ssh.py:522} INFO - *********************
[2023-10-31T04:43:56.413+0000] {ssh.py:522} INFO - {b'Referer': [b'https://www.rumah123.com/jual/tangerang/Ciledug/rumah/'], b'Accept': [b'text/html,application/xhtml+xml,application/xml;q=0.9,*/*;q=0.8'], b'Accept-Language': [b'en'], b'User-Agent': [b'Mozilla/5.0 (Windows NT 10.0; WOW64) AppleWebKit/537.36 (KHTML, like Gecko) Chrome/86.0.4240.111 Safari/537.36'], b'Accept-Encoding': [b'gzip, deflate'], b'Sec-Fetch-User': [b'?1'], b'Sec-Fetch-Mod': [b''], b'Sec-Ch-Ua-Platform': [b'Windows'], b'Sec-Ch-Ua-Mobile': [b'?0'], b'Sec-Ch-Ua': [b'Google Chrome;v="86", "Chromium";v="86", ";Not A Brand";v="99"']}
[2023-10-31T04:43:56.413+0000] {ssh.py:522} INFO - *********************
[2023-10-31T04:43:56.413+0000] {ssh.py:522} INFO - {b'Referer': [b'https://www.rumah123.com/jual/tangerang/Ciledug/rumah/'], b'Accept': [b'text/html,application/xhtml+xml,application/xml;q=0.9,*/*;q=0.8'], b'Accept-Language': [b'en'], b'User-Agent': [b'Mozilla/5.0 (Windows NT 10.0; Win64; x64) AppleWebKit/537.36 (KHTML, like Gecko) Chrome/52.0.2743.116 Safari/537.36 Edge/15.15063'], b'Accept-Encoding': [b'gzip, deflate'], b'Sec-Fetch-User': [b'?1'], b'Sec-Fetch-Mod': [b''], b'Sec-Ch-Ua-Platform': [b'Windows'], b'Sec-Ch-Ua-Mobile': [b'?0'], b'Sec-Ch-Ua': [b'Google Chrome;v="95", "Chromium";v="95", ";Not A Brand";v="99"']}
[2023-10-31T04:43:56.413+0000] {ssh.py:522} INFO - *********************
[2023-10-31T04:43:56.414+0000] {ssh.py:522} INFO - {b'Referer': [b'https://www.rumah123.com/jual/tangerang/Ciledug/rumah/'], b'Accept': [b'text/html,application/xhtml+xml,application/xml;q=0.9,*/*;q=0.8'], b'Accept-Language': [b'en'], b'User-Agent': [b'Mozilla/5.0 (Windows NT 6.1; ) AppleWebKit/537.36 (KHTML, like Gecko) Chrome/83.0.4103.116 Safari/537.36'], b'Accept-Encoding': [b'gzip, deflate'], b'Sec-Fetch-User': [b'?1'], b'Sec-Fetch-Mod': [b''], b'Sec-Ch-Ua-Platform': [b'Windows'], b'Sec-Ch-Ua-Mobile': [b'?0'], b'Sec-Ch-Ua': [b'Google Chrome;v="83", "Chromium";v="83", ";Not A Brand";v="99"']}
[2023-10-31T04:43:56.414+0000] {ssh.py:522} INFO - *********************
[2023-10-31T04:43:56.414+0000] {ssh.py:522} INFO - {b'Referer': [b'https://www.rumah123.com/jual/tangerang/Ciledug/rumah/'], b'Accept': [b'text/html,application/xhtml+xml,application/xml;q=0.9,*/*;q=0.8'], b'Accept-Language': [b'en'], b'User-Agent': [b'Mozilla/5.0 (Macintosh; Intel Mac OS X 10_15_6) AppleWebKit/537.36 (KHTML, like Gecko) Chrome/84.0.4147.105 Safari/537.36'], b'Accept-Encoding': [b'gzip, deflate'], b'Sec-Fetch-User': [b'?1'], b'Sec-Fetch-Mod': [b''], b'Sec-Ch-Ua-Platform': [b'macOS'], b'Sec-Ch-Ua-Mobile': [b'?0'], b'Sec-Ch-Ua': [b'Google Chrome;v="84", "Chromium";v="84", ";Not A Brand";v="99"']}
[2023-10-31T04:43:56.414+0000] {ssh.py:522} INFO - *********************
[2023-10-31T04:43:56.414+0000] {ssh.py:522} INFO - {b'Referer': [b'https://www.rumah123.com/jual/tangerang/Ciledug/rumah/'], b'Accept': [b'text/html,application/xhtml+xml,application/xml;q=0.9,*/*;q=0.8'], b'Accept-Language': [b'en'], b'User-Agent': [b'Mozilla/5.0 (Windows NT 10.0; Win64; x64) AppleWebKit/537.36 (KHTML, like Gecko) Chrome/78.0.3904.70 Safari/537.36'], b'Accept-Encoding': [b'gzip, deflate'], b'Sec-Fetch-User': [b'?1'], b'Sec-Fetch-Mod': [b''], b'Sec-Ch-Ua-Platform': [b'Windows'], b'Sec-Ch-Ua-Mobile': [b'?0'], b'Sec-Ch-Ua': [b'Google Chrome;v="78", "Chromium";v="78", ";Not A Brand";v="99"']}
[2023-10-31T04:43:56.414+0000] {ssh.py:522} INFO - *********************
[2023-10-31T04:43:56.414+0000] {ssh.py:522} INFO - {b'Referer': [b'https://www.rumah123.com/jual/tangerang/Ciledug/rumah/'], b'Accept': [b'text/html,application/xhtml+xml,application/xml;q=0.9,*/*;q=0.8'], b'Accept-Language': [b'en'], b'User-Agent': [b'Mozilla/5.0 (Windows NT 10.0; Win64; x64) AppleWebKit/537.36 (KHTML, like Gecko) Chrome/42.0.2311.135 Safari/537.36 Edge/12.10240'], b'Accept-Encoding': [b'gzip, deflate'], b'Sec-Fetch-User': [b'?1'], b'Sec-Fetch-Mod': [b''], b'Sec-Ch-Ua-Platform': [b'Windows'], b'Sec-Ch-Ua-Mobile': [b'?0'], b'Sec-Ch-Ua': [b'Google Chrome;v="95", "Chromium";v="95", ";Not A Brand";v="99"']}
[2023-10-31T04:43:56.414+0000] {ssh.py:522} INFO - *********************
[2023-10-31T04:43:56.414+0000] {ssh.py:522} INFO - {b'Referer': [b'https://www.rumah123.com/jual/tangerang/Ciledug/rumah/'], b'Accept': [b'text/html,application/xhtml+xml,application/xml;q=0.9,*/*;q=0.8'], b'Accept-Language': [b'en'], b'User-Agent': [b'Mozilla/5.0 (Windows NT 6.1; ) AppleWebKit/537.36 (KHTML, like Gecko) Chrome/83.0.4103.116 Safari/537.36'], b'Accept-Encoding': [b'gzip, deflate'], b'Sec-Fetch-User': [b'?1'], b'Sec-Fetch-Mod': [b''], b'Sec-Ch-Ua-Platform': [b'Windows'], b'Sec-Ch-Ua-Mobile': [b'?0'], b'Sec-Ch-Ua': [b'Google Chrome;v="83", "Chromium";v="83", ";Not A Brand";v="99"']}
[2023-10-31T04:43:56.414+0000] {ssh.py:522} INFO - *********************
[2023-10-31T04:43:56.414+0000] {ssh.py:522} INFO - {b'Referer': [b'https://www.rumah123.com/jual/tangerang/Ciledug/rumah/'], b'Accept': [b'text/html,application/xhtml+xml,application/xml;q=0.9,*/*;q=0.8'], b'Accept-Language': [b'en'], b'User-Agent': [b'Mozilla/5.0 (Windows NT 10.0; Win64; x64) AppleWebKit/537.36 (KHTML, like Gecko) Chrome/52.0.2743.116 Safari/537.36 Edge/15.15063'], b'Accept-Encoding': [b'gzip, deflate'], b'Sec-Fetch-User': [b'?1'], b'Sec-Fetch-Mod': [b''], b'Sec-Ch-Ua-Platform': [b'Windows'], b'Sec-Ch-Ua-Mobile': [b'?0'], b'Sec-Ch-Ua': [b'Google Chrome;v="95", "Chromium";v="95", ";Not A Brand";v="99"']}
[2023-10-31T04:43:56.414+0000] {ssh.py:522} INFO - *********************
[2023-10-31T04:43:56.415+0000] {ssh.py:522} INFO - {b'Referer': [b'https://www.rumah123.com/jual/tangerang/Ciledug/rumah/'], b'Accept': [b'text/html,application/xhtml+xml,application/xml;q=0.9,*/*;q=0.8'], b'Accept-Language': [b'en'], b'User-Agent': [b'Mozilla/5.0 (Macintosh; Intel Mac OS X 10_15_6) AppleWebKit/537.36 (KHTML, like Gecko) Chrome/86.0.4240.198 Safari/537.36'], b'Accept-Encoding': [b'gzip, deflate'], b'Sec-Fetch-User': [b'?1'], b'Sec-Fetch-Mod': [b''], b'Sec-Ch-Ua-Platform': [b'macOS'], b'Sec-Ch-Ua-Mobile': [b'?0'], b'Sec-Ch-Ua': [b'Google Chrome;v="86", "Chromium";v="86", ";Not A Brand";v="99"']}
[2023-10-31T04:43:56.415+0000] {ssh.py:522} INFO - *********************
[2023-10-31T04:43:56.415+0000] {ssh.py:522} INFO - {b'Referer': [b'https://www.rumah123.com/jual/tangerang/Ciledug/rumah/'], b'Accept': [b'text/html,application/xhtml+xml,application/xml;q=0.9,*/*;q=0.8'], b'Accept-Language': [b'en'], b'User-Agent': [b'Mozilla/5.0 (Windows NT 6.1; Win64; x64) AppleWebKit/537.36 (KHTML, like Gecko) Chrome/83.0.4103.106 Safari/537.36'], b'Accept-Encoding': [b'gzip, deflate'], b'Sec-Fetch-User': [b'?1'], b'Sec-Fetch-Mod': [b''], b'Sec-Ch-Ua-Platform': [b'Windows'], b'Sec-Ch-Ua-Mobile': [b'?0'], b'Sec-Ch-Ua': [b'Google Chrome;v="83", "Chromium";v="83", ";Not A Brand";v="99"']}
[2023-10-31T04:44:02.253+0000] {ssh.py:527} WARNING - 2023-10-31 11:44:02 [scrapy.core.engine] DEBUG: Crawled (200) <GET https://www.rumah123.com/properti/tangerang/hos15289525/> (referer: https://www.rumah123.com/jual/tangerang/Ciledug/rumah/)
[2023-10-31T04:44:02.371+0000] {ssh.py:527} WARNING - 2023-10-31 11:44:02 [scrapy.core.scraper] DEBUG: Scraped from <200 https://www.rumah123.com/properti/tangerang/hos15289525/>
[2023-10-31T04:44:02.372+0000] {ssh.py:527} WARNING - {'harga': 'Rp 2,2 Miliar', 'alamat': 'Ciledug, Tangerang', 'fasilitas': ['Taman', 'Tempat Jemuran', ' Akses Parkir', 'Keamanan 24 jam', 'Masjid', ' One Gate System', ' Playground', ' AC', 'Kitchen Set', 'Wastafel', 'Lapangan Basket', 'Lapangan Tenis'], 'spesifikasi': [['Kamar Tidur', '4'], ['Kamar Mandi', '4'], ['Luas Tanah', '180 m²'], ['Luas Bangunan', '165 m²'], ['Carport', '2'], ['Tipe Properti', 'Rumah'], ['Sertifikat', 'SHM - Sertifikat Hak Milik'], ['Daya Listrik', '2200 Watt'], ['Dapur', '1'], ['Ruang Makan', 'Ya'], ['Ruang Tamu', 'Tidak'], ['Kondisi Perabotan', 'Unfurnished'], ['Material Bangunan', 'Bata Merah'], ['Material Lantai', 'Keramik'], ['Jumlah Lantai', '2'], ['Hadap', 'Utara'], ['Konsep dan Gaya Rumah', 'Minimalis'], ['Pemandangan', 'Pemukiman Warga'], ['Terjangkau Internet', 'Ya'], ['Lebar Jalan', '2 Mobil'], ['Tahun Dibangun', '2015'], ['Tahun Di Renovasi', '2022'], ['Sumber Air', 'Sumur Pompa'], ['Hook', 'Ya'], ['Kondisi Properti', 'Sudah Renovasi'], ['ID Iklan', 'hos15289525']]}
[2023-10-31T04:44:04.429+0000] {ssh.py:527} WARNING - 2023-10-31 11:44:04 [scrapy.core.engine] DEBUG: Crawled (200) <GET https://www.rumah123.com/jual/tangerang/ciledug/rumah/?page=2> (referer: https://www.rumah123.com/jual/tangerang/Ciledug/rumah/)
[2023-10-31T04:44:06.479+0000] {ssh.py:527} WARNING - 2023-10-31 11:44:06 [scrapy.core.engine] DEBUG: Crawled (200) <GET https://www.rumah123.com/properti/tangerang/hos10988119/> (referer: https://www.rumah123.com/jual/tangerang/Ciledug/rumah/)
[2023-10-31T04:44:06.593+0000] {ssh.py:527} WARNING - 2023-10-31 11:44:06 [scrapy.core.scraper] DEBUG: Scraped from <200 https://www.rumah123.com/properti/tangerang/hos10988119/>
[2023-10-31T04:44:06.593+0000] {ssh.py:527} WARNING - {'harga': 'Rp 2,8 Miliar', 'alamat': 'Ciledug, Tangerang', 'fasilitas': ['Ac'], 'spesifikasi': [['Kamar Tidur', '5'], ['Kamar Mandi', '4'], ['Luas Tanah', '384 m²'], ['Luas Bangunan', '270 m²'], ['Tipe Properti', 'Rumah'], ['Sertifikat', 'SHM - Sertifikat Hak Milik'], ['Daya Listrik', '2200 Watt'], ['Kamar Pembantu', '1'], ['Kondisi Perabotan', 'Unfurnished'], ['Jumlah Lantai', '1'], ['Kondisi Properti', 'Bagus'], ['ID Iklan', 'hos10988119']]}
[2023-10-31T04:44:07.398+0000] {ssh.py:527} WARNING - 2023-10-31 11:44:07 [scrapy.core.engine] DEBUG: Crawled (200) <GET https://www.rumah123.com/properti/tangerang/hos15069221/> (referer: https://www.rumah123.com/jual/tangerang/Ciledug/rumah/)
[2023-10-31T04:44:07.509+0000] {ssh.py:527} WARNING - 2023-10-31 11:44:07 [scrapy.core.scraper] DEBUG: Scraped from <200 https://www.rumah123.com/properti/tangerang/hos15069221/>
[2023-10-31T04:44:07.509+0000] {ssh.py:527} WARNING - {'harga': 'Rp 700 Juta', 'alamat': 'Ciledug, Tangerang', 'fasilitas': [], 'spesifikasi': [['Kamar Tidur', '2'], ['Kamar Mandi', '1'], ['Luas Tanah', '72 m²'], ['Luas Bangunan', '50 m²'], ['Tipe Properti', 'Rumah'], ['Sertifikat', 'SHM - Sertifikat Hak Milik'], ['Daya Listrik', '1300 Watt'], ['Ruang Makan', 'Tidak'], ['Ruang Tamu', 'Tidak'], ['Jumlah Lantai', '1'], ['Terjangkau Internet', 'Tidak'], ['Lebar Jalan', '2 Mobil'], ['Sumber Air', 'Sumur Bor'], ['Hook', 'Tidak'], ['Kondisi Properti', 'Baru'], ['ID Iklan', 'hos15069221']]}
[2023-10-31T04:44:07.862+0000] {ssh.py:527} WARNING - 2023-10-31 11:44:07 [scrapy.core.engine] DEBUG: Crawled (200) <GET https://www.rumah123.com/properti/tangerang/hos15070665/> (referer: https://www.rumah123.com/jual/tangerang/Ciledug/rumah/)
[2023-10-31T04:44:07.978+0000] {ssh.py:527} WARNING - 2023-10-31 11:44:07 [scrapy.core.scraper] DEBUG: Scraped from <200 https://www.rumah123.com/properti/tangerang/hos15070665/>
[2023-10-31T04:44:07.979+0000] {ssh.py:527} WARNING - {'harga': 'Rp 2,45 Miliar', 'alamat': 'Ciledug, Tangerang', 'fasilitas': [' Jogging Track', ' Kolam Renang', 'Masjid', 'Taman'], 'spesifikasi': [['Kamar Tidur', '4'], ['Kamar Mandi', '4'], ['Luas Tanah', '133 m²'], ['Luas Bangunan', '153 m²'], ['Tipe Properti', 'Rumah'], ['Sertifikat', 'SHM - Sertifikat Hak Milik'], ['Daya Listrik', '2200 Watt'], ['Jumlah Lantai', '2'], ['Kondisi Properti', 'bagus sekali'], ['ID Iklan', 'hos15070665']]}
[2023-10-31T04:44:08.217+0000] {ssh.py:527} WARNING - 2023-10-31 11:44:08 [scrapy.core.engine] DEBUG: Crawled (200) <GET https://www.rumah123.com/properti/tangerang/hos15070782/> (referer: https://www.rumah123.com/jual/tangerang/Ciledug/rumah/)
[2023-10-31T04:44:08.334+0000] {ssh.py:527} WARNING - 2023-10-31 11:44:08 [scrapy.core.scraper] DEBUG: Scraped from <200 https://www.rumah123.com/properti/tangerang/hos15070782/>
[2023-10-31T04:44:08.335+0000] {ssh.py:527} WARNING - {'harga': 'Rp 1,2 Miliar', 'alamat': 'Ciledug, Tangerang', 'fasilitas': [], 'spesifikasi': [['Luas Tanah', '156 m²'], ['Luas Bangunan', '200 m²'], ['Tipe Properti', 'Rumah'], ['Sertifikat', 'SHM - Sertifikat Hak Milik'], ['Daya Listrik', '1300 Watt'], ['Ruang Makan', 'Tidak'], ['Ruang Tamu', 'Tidak'], ['Jumlah Lantai', '1'], ['Terjangkau Internet', 'Tidak'], ['Tahun Dibangun', '2011'], ['Tahun Di Renovasi', '2022'], ['Sumber Air', 'PAM atau PDAM'], ['Hook', 'Tidak'], ['Kondisi Properti', 'Bagus'], ['ID Iklan', 'hos15070782']]}
[2023-10-31T04:44:08.575+0000] {ssh.py:527} WARNING - 2023-10-31 11:44:08 [scrapy.core.engine] DEBUG: Crawled (200) <GET https://www.rumah123.com/properti/tangerang/hos15146250/> (referer: https://www.rumah123.com/jual/tangerang/Ciledug/rumah/)
[2023-10-31T04:44:08.694+0000] {ssh.py:527} WARNING - 2023-10-31 11:44:08 [scrapy.core.scraper] DEBUG: Scraped from <200 https://www.rumah123.com/properti/tangerang/hos15146250/>
[2023-10-31T04:44:08.694+0000] {ssh.py:527} WARNING - {'harga': 'Rp 1,4 Miliar', 'alamat': 'Ciledug, Tangerang', 'fasilitas': ['Taman', 'Tempat Jemuran', ' CCTV', 'Keamanan 24 jam', ' Kolam Renang', ' One Gate System', ' Playground', 'Track Lari'], 'spesifikasi': [['Kamar Tidur', '3'], ['Kamar Mandi', '2'], ['Luas Tanah', '75 m²'], ['Luas Bangunan', '75 m²'], ['Carport', '1'], ['Tipe Properti', 'Rumah'], ['Sertifikat', 'SHM - Sertifikat Hak Milik'], ['Daya Listrik', '2200 Watt'], ['Dapur', '1'], ['Ruang Makan', 'Ya'], ['Ruang Tamu', 'Ya'], ['Jumlah Lantai', '2'], ['Hadap', 'Timur'], ['Konsep dan Gaya Rumah', 'Minimalis Modern'], ['Pemandangan', 'Perkotaan'], ['Terjangkau Internet', 'Ya'], ['Lebar Jalan', '2 Mobil'], ['Tahun Dibangun', '2023'], ['Sumber Air', 'Sumur Bor'], ['Hook', 'Tidak'], ['Kondisi Properti', 'Baru'], ['ID Iklan', 'hos15146250']]}
[2023-10-31T04:44:08.896+0000] {ssh.py:527} WARNING - 2023-10-31 11:44:08 [scrapy.core.engine] DEBUG: Crawled (200) <GET https://www.rumah123.com/properti/tangerang/hos15151934/> (referer: https://www.rumah123.com/jual/tangerang/Ciledug/rumah/)
[2023-10-31T04:44:09.019+0000] {ssh.py:527} WARNING - 2023-10-31 11:44:09 [scrapy.core.scraper] DEBUG: Scraped from <200 https://www.rumah123.com/properti/tangerang/hos15151934/>
[2023-10-31T04:44:09.020+0000] {ssh.py:527} WARNING - {'harga': 'Rp 950 Juta', 'alamat': 'Ciledug, Tangerang', 'fasilitas': ['Jalur Telepon', ' Jogging Track', ' Keamanan', ' Kolam Renang', 'Taman', 'Tempat Jemuran', 'Track Lari'], 'spesifikasi': [['Kamar Tidur', '3'], ['Kamar Mandi', '2'], ['Luas Tanah', '72 m²'], ['Luas Bangunan', '77 m²'], ['Carport', '2'], ['Tipe Properti', 'Rumah'], ['Sertifikat', 'SHM - Sertifikat Hak Milik'], ['Daya Listrik', '2200 Watt'], ['Dapur', '1'], ['Ruang Makan', 'Ya'], ['Ruang Tamu', 'Ya'], ['Kondisi Perabotan', 'Unfurnished'], ['Material Bangunan', 'Beton, Bata Hebel'], ['Material Lantai', 'Granit, Keramik'], ['Garasi', '2'], ['Jumlah Lantai', '2'], ['Hadap', 'Utara'], ['Konsep dan Gaya Rumah', 'Modern'], ['Pemandangan', 'Perkotaan'], ['Terjangkau Internet', 'Ya'], ['Lebar Jalan', '2 Mobil'], ['Tahun Dibangun', '2023'], ['Sumber Air', 'Sumur Bor'], ['Hook', 'Tidak'], ['Kondisi Properti', 'Baru'], ['ID Iklan', 'hos15151934']]}
[2023-10-31T04:44:09.091+0000] {ssh.py:527} WARNING - 2023-10-31 11:44:09 [scrapy.core.engine] DEBUG: Crawled (200) <GET https://www.rumah123.com/properti/tangerang/hos15152855/> (referer: https://www.rumah123.com/jual/tangerang/Ciledug/rumah/)
[2023-10-31T04:44:09.092+0000] {ssh.py:527} WARNING - 2023-10-31 11:44:09 [scrapy.core.engine] INFO: Closing spider (closespider_pagecount)
[2023-10-31T04:44:09.209+0000] {ssh.py:527} WARNING - 2023-10-31 11:44:09 [scrapy.core.scraper] DEBUG: Scraped from <200 https://www.rumah123.com/properti/tangerang/hos15152855/>
[2023-10-31T04:44:09.210+0000] {ssh.py:527} WARNING - {'harga': 'Rp 927 Juta', 'alamat': 'Ciledug, Tangerang', 'fasilitas': ['Keamanan 24 jam', ' One Gate System', 'Taman'], 'spesifikasi': [['Kamar Tidur', '3'], ['Kamar Mandi', '2'], ['Luas Tanah', '58 m²'], ['Luas Bangunan', '51 m²'], ['Tipe Properti', 'Rumah'], ['Sertifikat', 'SHM - Sertifikat Hak Milik'], ['Daya Listrik', '2200 Watt'], ['Dapur', '1'], ['Ruang Makan', 'Ya'], ['Ruang Tamu', 'Ya'], ['Kondisi Perabotan', 'Unfurnished'], ['Garasi', '1'], ['Jumlah Lantai', '2'], ['Konsep dan Gaya Rumah', 'Modern'], ['Pemandangan', 'Perkotaan'], ['Terjangkau Internet', 'Ya'], ['Tahun Dibangun', '2023'], ['Sumber Air', 'Sumur Bor'], ['Hook', 'Tidak'], ['Kondisi Properti', 'Baru'], ['ID Iklan', 'hos15152855']]}
[2023-10-31T04:44:09.570+0000] {ssh.py:527} WARNING - 2023-10-31 11:44:09 [scrapy.core.engine] DEBUG: Crawled (200) <GET https://www.rumah123.com/properti/tangerang/hos15229164/> (referer: https://www.rumah123.com/jual/tangerang/Ciledug/rumah/)
[2023-10-31T04:44:09.691+0000] {ssh.py:527} WARNING - 2023-10-31 11:44:09 [scrapy.core.scraper] DEBUG: Scraped from <200 https://www.rumah123.com/properti/tangerang/hos15229164/>
[2023-10-31T04:44:09.692+0000] {ssh.py:527} WARNING - {'harga': 'Rp 1,84 Miliar', 'alamat': 'Ciledug, Tangerang', 'fasilitas': ['Jalur Telepon', ' Taman', 'Tempat Jemuran', ' Akses Parkir', ' CCTV', 'Keamanan 24 jam', 'Masjid', ' One Gate System', ' Playground', ' Tempat Laundry', 'AC', 'Wastafel'], 'spesifikasi': [['Kamar Tidur', '3'], ['Kamar Mandi', '3'], ['Luas Tanah', '88 m²'], ['Luas Bangunan', '120 m²'], ['Carport', '1'], ['Tipe Properti', 'Rumah'], ['Sertifikat', 'SHM - Sertifikat Hak Milik'], ['Daya Listrik', '2200 Watt'], ['Dapur', '1'], ['Ruang Makan', 'Tidak'], ['Ruang Tamu', 'Tidak'], ['Kondisi Perabotan', 'Unfurnished'], ['Material Bangunan', 'Bata Hebel'], ['Material Lantai', 'Granit'], ['Jumlah Lantai', '2'], ['Konsep dan Gaya Rumah', 'Modern'], ['Pemandangan', 'Perkotaan'], ['Terjangkau Internet', 'Ya'], ['Lebar Jalan', '2 Mobil'], ['Tahun Dibangun', '2023'], ['Sumber Air', 'Sumur Pompa'], ['Hook', 'Tidak'], ['Kondisi Properti', 'Baru'], ['ID Iklan', 'hos15229164']]}
[2023-10-31T04:44:09.989+0000] {ssh.py:527} WARNING - 2023-10-31 11:44:09 [scrapy.core.engine] DEBUG: Crawled (200) <GET https://www.rumah123.com/properti/tangerang/hos15229496/> (referer: https://www.rumah123.com/jual/tangerang/Ciledug/rumah/)
[2023-10-31T04:44:10.099+0000] {ssh.py:527} WARNING - 2023-10-31 11:44:10 [scrapy.core.scraper] DEBUG: Scraped from <200 https://www.rumah123.com/properti/tangerang/hos15229496/>
[2023-10-31T04:44:10.100+0000] {ssh.py:527} WARNING - {'harga': 'Rp 700 Juta', 'alamat': 'Ciledug, Tangerang', 'fasilitas': ['Tempat Jemuran'], 'spesifikasi': [['Kamar Tidur', '3'], ['Kamar Mandi', '3'], ['Luas Tanah', '90 m²'], ['Luas Bangunan', '126 m²'], ['Tipe Properti', 'Rumah'], ['Sertifikat', 'SHM - Sertifikat Hak Milik'], ['Daya Listrik', '2200 Watt'], ['Kamar Pembantu', '1'], ['Dapur', '1'], ['Ruang Makan', 'Ya'], ['Ruang Tamu', 'Ya'], ['Kondisi Perabotan', 'Unfurnished'], ['Garasi', '1'], ['Jumlah Lantai', '2'], ['Konsep dan Gaya Rumah', 'Minimalis Modern'], ['Pemandangan', 'Perkotaan'], ['Terjangkau Internet', 'Ya'], ['Lebar Jalan', '2 Mobil'], ['Sumber Air', 'Sumur Pompa'], ['Hook', 'Tidak'], ['ID Iklan', 'hos15229496']]}
[2023-10-31T04:44:10.324+0000] {ssh.py:527} WARNING - 2023-10-31 11:44:10 [scrapy.core.engine] DEBUG: Crawled (200) <GET https://www.rumah123.com/properti/tangerang/hos15230557/> (referer: https://www.rumah123.com/jual/tangerang/Ciledug/rumah/)
[2023-10-31T04:44:10.433+0000] {ssh.py:527} WARNING - 2023-10-31 11:44:10 [scrapy.core.scraper] DEBUG: Scraped from <200 https://www.rumah123.com/properti/tangerang/hos15230557/>
[2023-10-31T04:44:10.433+0000] {ssh.py:527} WARNING - {'harga': 'Rp 425 Juta', 'alamat': 'Ciledug, Tangerang', 'fasilitas': ['Ac', 'Keamanan', ' Taman', 'Keamanan 24 jam', ' One Gate System', 'Kitchen Set', 'Wastafel'], 'spesifikasi': [['Kamar Tidur', '2'], ['Kamar Mandi', '1'], ['Luas Tanah', '50 m²'], ['Luas Bangunan', '40 m²'], ['Carport', '1'], ['Tipe Properti', 'Rumah'], ['Sertifikat', 'SHM - Sertifikat Hak Milik'], ['Daya Listrik', '1300 Watt'], ['Dapur', '1'], ['Ruang Makan', 'Ya'], ['Ruang Tamu', 'Ya'], ['Kondisi Perabotan', 'Semi Furnished'], ['Material Bangunan', 'Bata Hebel'], ['Material Lantai', 'Granit'], ['Jumlah Lantai', '1'], ['Hadap', 'Selatan'], ['Konsep dan Gaya Rumah', 'Minimalis'], ['Pemandangan', 'Perkotaan'], ['Terjangkau Internet', 'Ya'], ['Lebar Jalan', '1 Mobil'], ['Tahun Dibangun', '2023'], ['Tahun Di Renovasi', '2023'], ['Sumber Air', 'Sumur Bor'], ['Hook', 'Tidak'], ['Kondisi Properti', 'Baru'], ['ID Iklan', 'hos15230557']]}
[2023-10-31T04:44:10.663+0000] {ssh.py:527} WARNING - 2023-10-31 11:44:10 [scrapy.core.engine] DEBUG: Crawled (200) <GET https://www.rumah123.com/properti/tangerang/hos15230990/> (referer: https://www.rumah123.com/jual/tangerang/Ciledug/rumah/)
[2023-10-31T04:44:10.784+0000] {ssh.py:527} WARNING - 2023-10-31 11:44:10 [scrapy.core.scraper] DEBUG: Scraped from <200 https://www.rumah123.com/properti/tangerang/hos15230990/>
[2023-10-31T04:44:10.785+0000] {ssh.py:527} WARNING - {'harga': 'Rp 2,45 Miliar', 'alamat': 'Ciledug, Tangerang', 'fasilitas': [], 'spesifikasi': [['Kamar Tidur', '4'], ['Kamar Mandi', '4'], ['Luas Tanah', '133 m²'], ['Luas Bangunan', '153 m²'], ['Tipe Properti', 'Rumah'], ['Sertifikat', 'SHM - Sertifikat Hak Milik'], ['Daya Listrik', '2200 Watt'], ['Kondisi Perabotan', 'semi furnished'], ['Jumlah Lantai', '1'], ['Kondisi Properti', 'bagus'], ['ID Iklan', 'hos15230990']]}
[2023-10-31T04:44:10.930+0000] {ssh.py:527} WARNING - 2023-10-31 11:44:10 [scrapy.core.engine] DEBUG: Crawled (200) <GET https://www.rumah123.com/properti/tangerang/hos15231247/> (referer: https://www.rumah123.com/jual/tangerang/Ciledug/rumah/)
[2023-10-31T04:44:11.046+0000] {ssh.py:527} WARNING - 2023-10-31 11:44:11 [scrapy.core.scraper] DEBUG: Scraped from <200 https://www.rumah123.com/properti/tangerang/hos15231247/>
[2023-10-31T04:44:11.046+0000] {ssh.py:527} WARNING - {'harga': 'Rp 3,5 Miliar', 'alamat': 'Ciledug, Tangerang', 'fasilitas': [], 'spesifikasi': [['Kamar Tidur', '4'], ['Kamar Mandi', '3'], ['Luas Tanah', '289 m²'], ['Luas Bangunan', '400 m²'], ['Tipe Properti', 'Rumah'], ['Sertifikat', 'SHM - Sertifikat Hak Milik'], ['Daya Listrik', '5500 Watt'], ['Kamar Pembantu', '1'], ['Kamar Mandi Pembantu', '1'], ['Ruang Makan', 'Tidak'], ['Ruang Tamu', 'Tidak'], ['Kondisi Perabotan', 'Unfurnished'], ['Garasi', '2'], ['Jumlah Lantai', '1'], ['Terjangkau Internet', 'Tidak'], ['Sumber Air', 'Sumur Bor'], ['Hook', 'Tidak'], ['Kondisi Properti', 'Bagus'], ['ID Iklan', 'hos15231247']]}
[2023-10-31T04:44:11.263+0000] {ssh.py:527} WARNING - 2023-10-31 11:44:11 [scrapy.core.engine] DEBUG: Crawled (200) <GET https://www.rumah123.com/properti/tangerang/hos15234063/> (referer: https://www.rumah123.com/jual/tangerang/Ciledug/rumah/)
[2023-10-31T04:44:11.377+0000] {ssh.py:527} WARNING - 2023-10-31 11:44:11 [scrapy.core.scraper] DEBUG: Scraped from <200 https://www.rumah123.com/properti/tangerang/hos15234063/>
[2023-10-31T04:44:11.378+0000] {ssh.py:527} WARNING - {'harga': 'Rp 2,4 Miliar', 'alamat': 'Ciledug, Tangerang', 'fasilitas': ['Keamanan', 'Taman', 'Kitchen Set', 'Wastafel'], 'spesifikasi': [['Luas Tanah', '1775 m²'], ['Luas Bangunan', '800 m²'], ['Carport', '12'], ['Tipe Properti', 'Rumah'], ['Sertifikat', 'SHM - Sertifikat Hak Milik'], ['Daya Listrik', '3500 Watt'], ['Ruang Makan', 'Tidak'], ['Ruang Tamu', 'Tidak'], ['Kondisi Perabotan', 'Semi Furnished'], ['Material Bangunan', 'Batako'], ['Material Lantai', 'Keramik'], ['Jumlah Lantai', '1'], ['Hadap', 'Utara'], ['Pemandangan', 'Perkotaan'], ['Terjangkau Internet', 'Ya'], ['Tahun Dibangun', '2013'], ['Sumber Air', 'PAM atau PDAM'], ['Hook', 'Ya'], ['Kondisi Properti', 'Bagus'], ['ID Iklan', 'hos15234063']]}
[2023-10-31T04:44:11.672+0000] {ssh.py:527} WARNING - 2023-10-31 11:44:11 [scrapy.core.engine] DEBUG: Crawled (200) <GET https://www.rumah123.com/properti/tangerang/hos15192574/> (referer: https://www.rumah123.com/jual/tangerang/Ciledug/rumah/)
[2023-10-31T04:44:11.788+0000] {ssh.py:527} WARNING - 2023-10-31 11:44:11 [scrapy.core.scraper] DEBUG: Scraped from <200 https://www.rumah123.com/properti/tangerang/hos15192574/>
[2023-10-31T04:44:11.789+0000] {ssh.py:527} WARNING - {'harga': 'Rp 1,85 Miliar', 'alamat': 'Ciledug, Tangerang', 'fasilitas': [' Ac', 'Jalur Telepon', ' Keamanan', ' Masjid', 'Taman', 'Tempat Jemuran', ' Akses Parkir', ' CCTV', 'Keamanan 24 jam', ' One Gate System', ' Playground', ' Tempat Laundry', 'Pemanas Air', 'Wastafel'], 'spesifikasi': [['Kamar Tidur', '3'], ['Kamar Mandi', '3'], ['Luas Tanah', '88 m²'], ['Luas Bangunan', '120 m²'], ['Carport', '1'], ['Tipe Properti', 'Rumah'], ['Sertifikat', 'SHM - Sertifikat Hak Milik'], ['Daya Listrik', '2200 Watt'], ['Dapur', '1'], ['Ruang Makan', 'Ya'], ['Ruang Tamu', 'Ya'], ['Kondisi Perabotan', 'Unfurnished'], ['Material Bangunan', 'Beton, Bata Merah'], ['Material Lantai', 'Granit'], ['Jumlah Lantai', '2'], ['Konsep dan Gaya Rumah', 'Minimalis Modern'], ['Terjangkau Internet', 'Ya'], ['Lebar Jalan', '2 Mobil'], ['Tahun Dibangun', '2023'], ['Sumber Air', 'Sumur Bor'], ['Hook', 'Tidak'], ['Kondisi Properti', 'Baru'], ['ID Iklan', 'hos15192574']]}
[2023-10-31T04:44:11.916+0000] {ssh.py:527} WARNING - 2023-10-31 11:44:11 [scrapy.core.engine] DEBUG: Crawled (200) <GET https://www.rumah123.com/properti/tangerang/hos15237428/> (referer: https://www.rumah123.com/jual/tangerang/Ciledug/rumah/)
[2023-10-31T04:44:12.030+0000] {ssh.py:527} WARNING - 2023-10-31 11:44:12 [scrapy.core.scraper] DEBUG: Scraped from <200 https://www.rumah123.com/properti/tangerang/hos15237428/>
[2023-10-31T04:44:12.031+0000] {ssh.py:527} WARNING - {'harga': 'Rp 800 Juta', 'alamat': 'Ciledug, Tangerang', 'fasilitas': ['Keamanan', ' Masjid', 'Taman', 'Tempat Jemuran', ' Akses Parkir', 'Keamanan 24 jam', 'Wastafel'], 'spesifikasi': [['Kamar Tidur', '4'], ['Kamar Mandi', '3'], ['Luas Tanah', '90 m²'], ['Luas Bangunan', '126 m²'], ['Carport', '1'], ['Tipe Properti', 'Rumah'], ['Sertifikat', 'SHM - Sertifikat Hak Milik'], ['Daya Listrik', '2200 Watt'], ['Dapur', '1'], ['Ruang Makan', 'Ya'], ['Ruang Tamu', 'Ya'], ['Kondisi Perabotan', 'Unfurnished'], ['Jumlah Lantai', '2'], ['Pemandangan', 'Pemukiman Warga'], ['Terjangkau Internet', 'Ya'], ['Lebar Jalan', '2 Mobil'], ['Sumber Air', 'Sumur Pompa'], ['Hook', 'Tidak'], ['Kondisi Properti', 'Bagus'], ['ID Iklan', 'hos15237428']]}
[2023-10-31T04:44:12.248+0000] {ssh.py:527} WARNING - 2023-10-31 11:44:12 [scrapy.core.engine] DEBUG: Crawled (200) <GET https://www.rumah123.com/properti/tangerang/hos15295058/> (referer: https://www.rumah123.com/jual/tangerang/Ciledug/rumah/)
[2023-10-31T04:44:12.361+0000] {ssh.py:527} WARNING - 2023-10-31 11:44:12 [scrapy.core.scraper] DEBUG: Scraped from <200 https://www.rumah123.com/properti/tangerang/hos15295058/>
[2023-10-31T04:44:12.361+0000] {ssh.py:527} WARNING - {'harga': 'Rp 650 Juta', 'alamat': 'Ciledug, Tangerang', 'fasilitas': [], 'spesifikasi': [['Kamar Tidur', '2'], ['Kamar Mandi', '1'], ['Luas Tanah', '76 m²'], ['Luas Bangunan', '55 m²'], ['Tipe Properti', 'Rumah'], ['Sertifikat', 'SHM - Sertifikat Hak Milik'], ['Daya Listrik', '1300 Watt'], ['Garasi', '1'], ['ID Iklan', 'hos15295058']]}
[2023-10-31T04:44:12.600+0000] {ssh.py:527} WARNING - 2023-10-31 11:44:12 [scrapy.core.engine] DEBUG: Crawled (200) <GET https://www.rumah123.com/jual/tangerang/ciledug/rumah/?page=3> (referer: https://www.rumah123.com/jual/tangerang/ciledug/rumah/?page=2)
[2023-10-31T04:44:13.084+0000] {ssh.py:527} WARNING - 2023-10-31 11:44:13 [scrapy.core.engine] DEBUG: Crawled (200) <GET https://www.rumah123.com/properti/tangerang/hos14880285/> (referer: https://www.rumah123.com/jual/tangerang/ciledug/rumah/?page=2)
[2023-10-31T04:44:13.205+0000] {ssh.py:527} WARNING - 2023-10-31 11:44:13 [scrapy.core.engine] DEBUG: Crawled (200) <GET https://www.rumah123.com/properti/tangerang/hos14914694/> (referer: https://www.rumah123.com/jual/tangerang/ciledug/rumah/?page=2)
[2023-10-31T04:44:13.219+0000] {ssh.py:527} WARNING - 2023-10-31 11:44:13 [scrapy.core.scraper] DEBUG: Scraped from <200 https://www.rumah123.com/properti/tangerang/hos14880285/>
[2023-10-31T04:44:13.219+0000] {ssh.py:527} WARNING - {'harga': 'Rp 1,85 Miliar', 'alamat': 'Ciledug, Tangerang', 'fasilitas': ['Ac', ' Keamanan', 'Kolam Renang', ' Taman', 'Tempat Jemuran', 'Kitchen Set', 'Wastafel'], 'spesifikasi': [['Kamar Tidur', '3'], ['Kamar Mandi', '2'], ['Luas Tanah', '77 m²'], ['Luas Bangunan', '84 m²'], ['Carport', '2'], ['Tipe Properti', 'Rumah'], ['Sertifikat', 'SHM - Sertifikat Hak Milik'], ['Daya Listrik', '3500 Watt'], ['Kamar Pembantu', '1'], ['Kamar Mandi Pembantu', '1'], ['Dapur', '1'], ['Ruang Makan', 'Tidak'], ['Ruang Tamu', 'Tidak'], ['Kondisi Perabotan', 'Semi Furnished'], ['Material Lantai', 'Keramik'], ['Jumlah Lantai', '2'], ['Konsep dan Gaya Rumah', 'Modern'], ['Pemandangan', 'Pemukiman Warga'], ['Terjangkau Internet', 'Tidak'], ['Lebar Jalan', '2 Mobil'], ['Sumber Air', 'Sumur Pompa'], ['Hook', 'Tidak'], ['Kondisi Properti', 'Bagus'], ['ID Iklan', 'hos14880285']]}
[2023-10-31T04:44:13.325+0000] {ssh.py:527} WARNING - 2023-10-31 11:44:13 [scrapy.core.scraper] DEBUG: Scraped from <200 https://www.rumah123.com/properti/tangerang/hos14914694/>
[2023-10-31T04:44:13.326+0000] {ssh.py:527} WARNING - {'harga': 'Rp 1,3 Miliar', 'alamat': 'Ciledug, Tangerang', 'fasilitas': ['Pemanas Air'], 'spesifikasi': [['Kamar Tidur', '4'], ['Kamar Mandi', '2'], ['Luas Tanah', '90 m²'], ['Luas Bangunan', '170 m²'], ['Tipe Properti', 'Rumah'], ['Sertifikat', 'SHM - Sertifikat Hak Milik'], ['Dapur', '1'], ['Ruang Makan', 'Ya'], ['Ruang Tamu', 'Ya'], ['Kondisi Perabotan', 'Unfurnished'], ['Material Bangunan', 'Bata Merah'], ['Material Lantai', 'Keramik'], ['Jumlah Lantai', '2'], ['Konsep dan Gaya Rumah', 'Minimalis'], ['Pemandangan', 'Pemukiman Warga'], ['Terjangkau Internet', 'Ya'], ['Lebar Jalan', '2 Mobil'], ['Hook', 'Tidak'], ['Kondisi Properti', 'Bagus'], ['ID Iklan', 'hos14914694']]}
[2023-10-31T04:44:13.383+0000] {ssh.py:527} WARNING - 2023-10-31 11:44:13 [scrapy.core.engine] DEBUG: Crawled (200) <GET https://www.rumah123.com/properti/tangerang/hos14921068/> (referer: https://www.rumah123.com/jual/tangerang/ciledug/rumah/?page=2)
[2023-10-31T04:44:13.498+0000] {ssh.py:527} WARNING - 2023-10-31 11:44:13 [scrapy.core.scraper] DEBUG: Scraped from <200 https://www.rumah123.com/properti/tangerang/hos14921068/>
[2023-10-31T04:44:13.498+0000] {ssh.py:527} WARNING - {'harga': 'Rp 900 Juta', 'alamat': 'Ciledug, Tangerang', 'fasilitas': [], 'spesifikasi': [['Kamar Tidur', '5'], ['Kamar Mandi', '3'], ['Luas Tanah', '204 m²'], ['Luas Bangunan', '384 m²'], ['Tipe Properti', 'Rumah'], ['Sertifikat', 'Lainnya (PPJB,Girik,Adat,dll)'], ['Daya Listrik', 'Lainnya Watt'], ['ID Iklan', 'hos14921068']]}
[2023-10-31T04:44:13.742+0000] {ssh.py:527} WARNING - 2023-10-31 11:44:13 [scrapy.core.engine] DEBUG: Crawled (200) <GET https://www.rumah123.com/properti/tangerang/hos14859607/> (referer: https://www.rumah123.com/jual/tangerang/ciledug/rumah/?page=2)
[2023-10-31T04:44:13.865+0000] {ssh.py:527} WARNING - 2023-10-31 11:44:13 [scrapy.core.scraper] DEBUG: Scraped from <200 https://www.rumah123.com/properti/tangerang/hos14859607/>
[2023-10-31T04:44:13.865+0000] {ssh.py:527} WARNING - {'harga': 'Rp 1 Miliar', 'alamat': 'Ciledug, Tangerang', 'fasilitas': [' Ac', ' CCTV', ' Jalur Telepon', ' Jogging Track', 'Keamanan', 'Masjid', ' Taman', 'Tempat Jemuran', 'Pemanas Air', 'Wastafel', ' Lapangan Basket', 'Lapangan Bola', ' Lapangan Bulu Tangkis', 'Lapangan Tenis', ' Lapangan Voli', ' Tempat Gym', ' Track Lari'], 'spesifikasi': [['Kamar Tidur', '3'], ['Kamar Mandi', '2'], ['Luas Tanah', '51 m²'], ['Luas Bangunan', '75 m²'], ['Carport', '2'], ['Tipe Properti', 'Rumah'], ['Sertifikat', 'SHM - Sertifikat Hak Milik'], ['Daya Listrik', '2200 Watt'], ['Dapur', '1'], ['Ruang Makan', 'Tidak'], ['Ruang Tamu', 'Tidak'], ['Kondisi Perabotan', 'Unfurnished'], ['Material Bangunan', 'Batako, Beton, Bata Merah, Bata Hebel'], ['Material Lantai', 'Granit, Keramik, Ubin'], ['Jumlah Lantai', '2'], ['Hadap', 'Barat'], ['Konsep dan Gaya Rumah', 'Minimalis Modern'], ['Pemandangan', 'Pemukiman Warga'], ['Terjangkau Internet', 'Tidak'], ['Lebar Jalan', '2 Mobil'], ['Tahun Dibangun', '2023'], ['Sumber Air', 'Sumur Bor'], ['Hook', 'Tidak'], ['Kondisi Properti', 'Baru'], ['ID Iklan', 'hos14859607']]}
[2023-10-31T04:44:14.073+0000] {ssh.py:527} WARNING - 2023-10-31 11:44:14 [scrapy.core.engine] DEBUG: Crawled (200) <GET https://www.rumah123.com/properti/tangerang/hos14884938/> (referer: https://www.rumah123.com/jual/tangerang/ciledug/rumah/?page=2)
[2023-10-31T04:44:14.184+0000] {ssh.py:527} WARNING - 2023-10-31 11:44:14 [scrapy.core.scraper] DEBUG: Scraped from <200 https://www.rumah123.com/properti/tangerang/hos14884938/>
[2023-10-31T04:44:14.185+0000] {ssh.py:527} WARNING - {'harga': 'Rp 8,5 Miliar', 'alamat': 'Ciledug, Tangerang', 'fasilitas': ['Taman', 'AC', 'Pemanas Air'], 'spesifikasi': [['Kamar Tidur', '3'], ['Kamar Mandi', '3'], ['Luas Tanah', '858 m²'], ['Luas Bangunan', '275 m²'], ['Tipe Properti', 'Rumah'], ['Sertifikat', 'SHM - Sertifikat Hak Milik'], ['Daya Listrik', '4400 Watt'], ['Ruang Makan', 'Tidak'], ['Ruang Tamu', 'Tidak'], ['Garasi', '4'], ['Terjangkau Internet', 'Tidak'], ['Hook', 'Tidak'], ['Kondisi Properti', 'Semi Furnished'], ['ID Iklan', 'hos14884938']]}
[2023-10-31T04:44:14.186+0000] {ssh.py:527} WARNING - 2023-10-31 11:44:14 [scrapy.extensions.feedexport] INFO: Stored csv feed (22 items) in: /home/***/data_science/***_docker/data_csv/tangerang.csv
[2023-10-31T04:44:14.187+0000] {ssh.py:527} WARNING - 2023-10-31 11:44:14 [scrapy.statscollectors] INFO: Dumping Scrapy stats:
[2023-10-31T04:44:14.187+0000] {ssh.py:527} WARNING - {'downloader/request_bytes': 15518,
[2023-10-31T04:44:14.188+0000] {ssh.py:527} WARNING -  'downloader/request_count': 25,
[2023-10-31T04:44:14.188+0000] {ssh.py:527} WARNING -  'downloader/request_method_count/GET': 25,
[2023-10-31T04:44:14.188+0000] {ssh.py:527} WARNING -  'downloader/response_bytes': 1850137,
[2023-10-31T04:44:14.188+0000] {ssh.py:527} WARNING -  'downloader/response_count': 25,
[2023-10-31T04:44:14.188+0000] {ssh.py:527} WARNING -  'downloader/response_status_count/200': 25,
[2023-10-31T04:44:14.189+0000] {ssh.py:527} WARNING -  'elapsed_time_seconds': 18.240992,
[2023-10-31T04:44:14.189+0000] {ssh.py:527} WARNING -  'feedexport/success_count/FileFeedStorage': 1,
[2023-10-31T04:44:14.189+0000] {ssh.py:527} WARNING -  'finish_reason': 'closespider_pagecount',
[2023-10-31T04:44:14.189+0000] {ssh.py:527} WARNING -  'finish_time': datetime.datetime(2023, 10, 31, 4, 44, 14, 184687, tzinfo=datetime.timezone.utc),
[2023-10-31T04:44:14.189+0000] {ssh.py:527} WARNING -  'httpcompression/response_bytes': 11563703,
[2023-10-31T04:44:14.189+0000] {ssh.py:527} WARNING -  'httpcompression/response_count': 25,
[2023-10-31T04:44:14.189+0000] {ssh.py:527} WARNING -  'item_scraped_count': 22,
[2023-10-31T04:44:14.190+0000] {ssh.py:527} WARNING -  'log_count/DEBUG': 52,
[2023-10-31T04:44:14.190+0000] {ssh.py:527} WARNING -  'log_count/INFO': 11,
[2023-10-31T04:44:14.190+0000] {ssh.py:527} WARNING -  'memusage/max': 68714496,
[2023-10-31T04:44:14.190+0000] {ssh.py:527} WARNING -  'memusage/startup': 68714496,
[2023-10-31T04:44:14.190+0000] {ssh.py:527} WARNING -  'request_depth_max': 3,
[2023-10-31T04:44:14.190+0000] {ssh.py:527} WARNING -  'response_received_count': 25,
[2023-10-31T04:44:14.190+0000] {ssh.py:527} WARNING -  'scheduler/dequeued': 25,
[2023-10-31T04:44:14.191+0000] {ssh.py:527} WARNING -  'scheduler/dequeued/memory': 25,
[2023-10-31T04:44:14.191+0000] {ssh.py:527} WARNING -  'scheduler/enqueued': 64,
[2023-10-31T04:44:14.191+0000] {ssh.py:527} WARNING -  'scheduler/enqueued/memory': 64,
[2023-10-31T04:44:14.191+0000] {ssh.py:527} WARNING -  'start_time': datetime.datetime(2023, 10, 31, 4, 43, 55, 943695, tzinfo=datetime.timezone.utc)}
[2023-10-31T04:44:14.191+0000] {ssh.py:527} WARNING - 2023-10-31 11:44:14 [scrapy.core.engine] INFO: Spider closed (closespider_pagecount)
[2023-10-31T04:44:14.244+0000] {ssh.py:522} INFO - *********************
[2023-10-31T04:44:14.244+0000] {ssh.py:522} INFO - {b'Referer': [b'https://www.rumah123.com/jual/tangerang/Ciledug/rumah/'], b'Accept': [b'text/html,application/xhtml+xml,application/xml;q=0.9,*/*;q=0.8'], b'Accept-Language': [b'en'], b'User-Agent': [b'Mozilla/5.0 (Macintosh; Intel Mac OS X 10_14_6) AppleWebKit/537.36 (KHTML, like Gecko) Chrome/88.0.4324.192 Safari/537.36'], b'Accept-Encoding': [b'gzip, deflate'], b'Sec-Fetch-User': [b'?1'], b'Sec-Fetch-Mod': [b''], b'Sec-Ch-Ua-Platform': [b'macOS'], b'Sec-Ch-Ua-Mobile': [b'?0'], b'Sec-Ch-Ua': [b'Google Chrome;v="88", "Chromium";v="88", ";Not A Brand";v="99"']}
[2023-10-31T04:44:14.245+0000] {ssh.py:522} INFO - *********************
[2023-10-31T04:44:14.245+0000] {ssh.py:522} INFO - {b'Referer': [b'https://www.rumah123.com/jual/tangerang/Ciledug/rumah/'], b'Accept': [b'text/html,application/xhtml+xml,application/xml;q=0.9,*/*;q=0.8'], b'Accept-Language': [b'en'], b'User-Agent': [b'Mozilla/5.0 (Macintosh; Intel Mac OS X 10_14_6) AppleWebKit/537.36 (KHTML, like Gecko) Chrome/84.0.4147.135 Safari/537.36'], b'Accept-Encoding': [b'gzip, deflate'], b'Sec-Fetch-User': [b'?1'], b'Sec-Fetch-Mod': [b''], b'Sec-Ch-Ua-Platform': [b'macOS'], b'Sec-Ch-Ua-Mobile': [b'?0'], b'Sec-Ch-Ua': [b'Google Chrome;v="84", "Chromium";v="84", ";Not A Brand";v="99"']}
[2023-10-31T04:44:14.245+0000] {ssh.py:522} INFO - *********************
[2023-10-31T04:44:14.245+0000] {ssh.py:522} INFO - {b'Referer': [b'https://www.rumah123.com/jual/tangerang/Ciledug/rumah/'], b'Accept': [b'text/html,application/xhtml+xml,application/xml;q=0.9,*/*;q=0.8'], b'Accept-Language': [b'en'], b'User-Agent': [b'Mozilla/5.0 (Macintosh; Intel Mac OS X 10_15_6) AppleWebKit/537.36 (KHTML, like Gecko) Chrome/86.0.4240.198 Safari/537.36'], b'Accept-Encoding': [b'gzip, deflate'], b'Sec-Fetch-User': [b'?1'], b'Sec-Fetch-Mod': [b''], b'Sec-Ch-Ua-Platform': [b'macOS'], b'Sec-Ch-Ua-Mobile': [b'?0'], b'Sec-Ch-Ua': [b'Google Chrome;v="86", "Chromium";v="86", ";Not A Brand";v="99"']}
[2023-10-31T04:44:14.245+0000] {ssh.py:522} INFO - *********************
[2023-10-31T04:44:14.245+0000] {ssh.py:522} INFO - {b'Referer': [b'https://www.rumah123.com/jual/tangerang/Ciledug/rumah/'], b'Accept': [b'text/html,application/xhtml+xml,application/xml;q=0.9,*/*;q=0.8'], b'Accept-Language': [b'en'], b'User-Agent': [b'Mozilla/5.0 (Windows NT 10.0; Win64; x64) AppleWebKit/537.36 (KHTML, like Gecko) Chrome/89.0.4389.114 Safari/537.36 Edg/89.0.774.76'], b'Accept-Encoding': [b'gzip, deflate'], b'Sec-Fetch-User': [b'?1'], b'Sec-Fetch-Mod': [b''], b'Sec-Ch-Ua-Platform': [b'Windows'], b'Sec-Ch-Ua-Mobile': [b'?0'], b'Sec-Ch-Ua': [b'Microsoft Edge;v="89", "Chromium";v="89", ";Not A Brand";v="99"']}
[2023-10-31T04:44:14.245+0000] {ssh.py:522} INFO - *********************
[2023-10-31T04:44:14.245+0000] {ssh.py:522} INFO - {b'Referer': [b'https://www.rumah123.com/jual/tangerang/Ciledug/rumah/'], b'Accept': [b'text/html,application/xhtml+xml,application/xml;q=0.9,*/*;q=0.8'], b'Accept-Language': [b'en'], b'User-Agent': [b'Mozilla/5.0 (Windows NT 10.0; Win64; x64) AppleWebKit/537.36 (KHTML, like Gecko) Chrome/90.0.4430.85 Safari/537.36 Edg/90.0.818.49'], b'Accept-Encoding': [b'gzip, deflate'], b'Sec-Fetch-User': [b'?1'], b'Sec-Fetch-Mod': [b''], b'Sec-Ch-Ua-Platform': [b'Windows'], b'Sec-Ch-Ua-Mobile': [b'?0'], b'Sec-Ch-Ua': [b'Microsoft Edge;v="90", "Chromium";v="90", ";Not A Brand";v="99"']}
[2023-10-31T04:44:14.245+0000] {ssh.py:522} INFO - *********************
[2023-10-31T04:44:14.245+0000] {ssh.py:522} INFO - {b'Referer': [b'https://www.rumah123.com/jual/tangerang/ciledug/rumah/?page=2'], b'Accept': [b'text/html,application/xhtml+xml,application/xml;q=0.9,*/*;q=0.8'], b'Accept-Language': [b'en'], b'User-Agent': [b'Mozilla/5.0 (Windows NT 10.0; Win64; x64) AppleWebKit/537.36 (KHTML, like Gecko) Chrome/84.0.4147.135 Safari/537.36 Edg/84.0.522.63'], b'Accept-Encoding': [b'gzip, deflate'], b'Sec-Fetch-User': [b'?1'], b'Sec-Fetch-Mod': [b''], b'Sec-Ch-Ua-Platform': [b'Windows'], b'Sec-Ch-Ua-Mobile': [b'?0'], b'Sec-Ch-Ua': [b'Microsoft Edge;v="84", "Chromium";v="84", ";Not A Brand";v="99"']}
[2023-10-31T04:44:14.246+0000] {ssh.py:522} INFO - *********************
[2023-10-31T04:44:14.246+0000] {ssh.py:522} INFO - {b'Referer': [b'https://www.rumah123.com/jual/tangerang/ciledug/rumah/?page=2'], b'Accept': [b'text/html,application/xhtml+xml,application/xml;q=0.9,*/*;q=0.8'], b'Accept-Language': [b'en'], b'User-Agent': [b'Mozilla/5.0 (Windows NT 10.0; Win64; x64) AppleWebKit/537.36 (KHTML, like Gecko) Chrome/89.0.4389.128 Safari/537.36 Edg/89.0.774.77'], b'Accept-Encoding': [b'gzip, deflate'], b'Sec-Fetch-User': [b'?1'], b'Sec-Fetch-Mod': [b''], b'Sec-Ch-Ua-Platform': [b'Windows'], b'Sec-Ch-Ua-Mobile': [b'?0'], b'Sec-Ch-Ua': [b'Microsoft Edge;v="89", "Chromium";v="89", ";Not A Brand";v="99"']}
[2023-10-31T04:44:14.246+0000] {ssh.py:522} INFO - *********************
[2023-10-31T04:44:14.246+0000] {ssh.py:522} INFO - {b'Referer': [b'https://www.rumah123.com/jual/tangerang/ciledug/rumah/?page=2'], b'Accept': [b'text/html,application/xhtml+xml,application/xml;q=0.9,*/*;q=0.8'], b'Accept-Language': [b'en'], b'User-Agent': [b'Mozilla/5.0 (Windows NT 10.0; Win64; x64) AppleWebKit/537.36 (KHTML, like Gecko) Chrome/90.0.4430.72 Safari/537.36 Edg/90.0.818.42'], b'Accept-Encoding': [b'gzip, deflate'], b'Sec-Fetch-User': [b'?1'], b'Sec-Fetch-Mod': [b''], b'Sec-Ch-Ua-Platform': [b'Windows'], b'Sec-Ch-Ua-Mobile': [b'?0'], b'Sec-Ch-Ua': [b'Microsoft Edge;v="90", "Chromium";v="90", ";Not A Brand";v="99"']}
[2023-10-31T04:44:14.246+0000] {ssh.py:522} INFO - *********************
[2023-10-31T04:44:14.246+0000] {ssh.py:522} INFO - {b'Referer': [b'https://www.rumah123.com/jual/tangerang/ciledug/rumah/?page=2'], b'Accept': [b'text/html,application/xhtml+xml,application/xml;q=0.9,*/*;q=0.8'], b'Accept-Language': [b'en'], b'User-Agent': [b'Mozilla/5.0 (Macintosh; Intel Mac OS X 10_14_6) AppleWebKit/537.36 (KHTML, like Gecko) Chrome/84.0.4147.135 Safari/537.36'], b'Accept-Encoding': [b'gzip, deflate'], b'Sec-Fetch-User': [b'?1'], b'Sec-Fetch-Mod': [b''], b'Sec-Ch-Ua-Platform': [b'macOS'], b'Sec-Ch-Ua-Mobile': [b'?0'], b'Sec-Ch-Ua': [b'Google Chrome;v="84", "Chromium";v="84", ";Not A Brand";v="99"']}
[2023-10-31T04:44:14.246+0000] {ssh.py:522} INFO - *********************
[2023-10-31T04:44:14.246+0000] {ssh.py:522} INFO - {b'Referer': [b'https://www.rumah123.com/jual/tangerang/ciledug/rumah/?page=2'], b'Accept': [b'text/html,application/xhtml+xml,application/xml;q=0.9,*/*;q=0.8'], b'Accept-Language': [b'en'], b'User-Agent': [b'Mozilla/5.0 (Windows NT 10.0; Win64; x64) AppleWebKit/537.36 (KHTML, like Gecko) Chrome/52.0.2743.116 Safari/537.36 Edge/15.15063'], b'Accept-Encoding': [b'gzip, deflate'], b'Sec-Fetch-User': [b'?1'], b'Sec-Fetch-Mod': [b''], b'Sec-Ch-Ua-Platform': [b'Windows'], b'Sec-Ch-Ua-Mobile': [b'?0'], b'Sec-Ch-Ua': [b'Google Chrome;v="95", "Chromium";v="95", ";Not A Brand";v="99"']}
[2023-10-31T04:44:14.246+0000] {ssh.py:522} INFO - *********************
[2023-10-31T04:44:14.246+0000] {ssh.py:522} INFO - {b'Referer': [b'https://www.rumah123.com/jual/tangerang/ciledug/rumah/?page=2'], b'Accept': [b'text/html,application/xhtml+xml,application/xml;q=0.9,*/*;q=0.8'], b'Accept-Language': [b'en'], b'User-Agent': [b'Mozilla/5.0 (Macintosh; Intel Mac OS X 11_2_3) AppleWebKit/537.36 (KHTML, like Gecko) Chrome/89.0.4389.90 Safari/537.36'], b'Accept-Encoding': [b'gzip, deflate'], b'Sec-Fetch-User': [b'?1'], b'Sec-Fetch-Mod': [b''], b'Sec-Ch-Ua-Platform': [b'macOS'], b'Sec-Ch-Ua-Mobile': [b'?0'], b'Sec-Ch-Ua': [b'Google Chrome;v="89", "Chromium";v="89", ";Not A Brand";v="99"']}
[2023-10-31T04:44:14.577+0000] {taskinstance.py:1400} INFO - Marking task as SUCCESS. dag_id=ETL, task_id=scrap_data, execution_date=20231031T044350, start_date=20231031T044353, end_date=20231031T044414
[2023-10-31T04:44:14.641+0000] {local_task_job_runner.py:228} INFO - Task exited with return code 0
[2023-10-31T04:44:14.677+0000] {taskinstance.py:2778} INFO - 1 downstream tasks scheduled from follow-on schedule check
