[2023-10-26T11:05:09.212+0000] {taskinstance.py:1159} INFO - Dependencies all met for dep_context=non-requeueable deps ti=<TaskInstance: ETL.Upload_Data manual__2023-10-26T10:52:12.854579+00:00 [queued]>
[2023-10-26T11:05:09.219+0000] {taskinstance.py:1159} INFO - Dependencies all met for dep_context=requeueable deps ti=<TaskInstance: ETL.Upload_Data manual__2023-10-26T10:52:12.854579+00:00 [queued]>
[2023-10-26T11:05:09.219+0000] {taskinstance.py:1361} INFO - Starting attempt 1 of 1
[2023-10-26T11:05:09.230+0000] {taskinstance.py:1382} INFO - Executing <Task(PostgresOperator): Upload_Data> on 2023-10-26 10:52:12.854579+00:00
[2023-10-26T11:05:09.239+0000] {standard_task_runner.py:57} INFO - Started process 874 to run task
[2023-10-26T11:05:09.242+0000] {standard_task_runner.py:84} INFO - Running: ['***', 'tasks', 'run', 'ETL', 'Upload_Data', 'manual__2023-10-26T10:52:12.854579+00:00', '--job-id', '145', '--raw', '--subdir', 'DAGS_FOLDER/first_dags.py', '--cfg-path', '/tmp/tmpuiyswosc']
[2023-10-26T11:05:09.243+0000] {standard_task_runner.py:85} INFO - Job 145: Subtask Upload_Data
[2023-10-26T11:05:09.278+0000] {task_command.py:416} INFO - Running <TaskInstance: ETL.Upload_Data manual__2023-10-26T10:52:12.854579+00:00 [running]> on host 9d776f2749d1
[2023-10-26T11:05:09.340+0000] {taskinstance.py:1662} INFO - Exporting env vars: AIRFLOW_CTX_DAG_OWNER='me' AIRFLOW_CTX_DAG_ID='ETL' AIRFLOW_CTX_TASK_ID='Upload_Data' AIRFLOW_CTX_EXECUTION_DATE='2023-10-26T10:52:12.854579+00:00' AIRFLOW_CTX_TRY_NUMBER='1' AIRFLOW_CTX_DAG_RUN_ID='manual__2023-10-26T10:52:12.854579+00:00'
[2023-10-26T11:05:09.341+0000] {sql.py:274} INFO - Executing: 

        COPY scrap FROM '/var/lib/postgresql/data/data_upload/tangerang_transformed.csv' DELIMITER ',' CSV HEADER

        
[2023-10-26T11:05:09.348+0000] {base.py:73} INFO - Using connection ID 'postgres_docker' for task execution.
[2023-10-26T11:05:09.353+0000] {base.py:73} INFO - Using connection ID 'postgres_docker' for task execution.
[2023-10-26T11:05:09.361+0000] {sql.py:418} INFO - Running statement: 

        COPY scrap FROM '/var/lib/postgresql/data/data_upload/tangerang_transformed.csv' DELIMITER ',' CSV HEADER

        , parameters: None
[2023-10-26T11:05:09.365+0000] {sql.py:427} INFO - Rows affected: 149
[2023-10-26T11:05:09.374+0000] {taskinstance.py:1400} INFO - Marking task as SUCCESS. dag_id=ETL, task_id=Upload_Data, execution_date=20231026T105212, start_date=20231026T110509, end_date=20231026T110509
[2023-10-26T11:05:09.415+0000] {local_task_job_runner.py:228} INFO - Task exited with return code 0
[2023-10-26T11:05:09.436+0000] {taskinstance.py:2778} INFO - 1 downstream tasks scheduled from follow-on schedule check
