[2023-10-21T05:32:22.103+0000] {processor.py:157} INFO - Started process (PID=308) to work on /home/airflow/.local/lib/python3.8/site-packages/airflow/example_dags/example_external_task_marker_dag.py
[2023-10-21T05:32:22.103+0000] {processor.py:829} INFO - Processing file /home/airflow/.local/lib/python3.8/site-packages/airflow/example_dags/example_external_task_marker_dag.py for tasks to queue
[2023-10-21T05:32:22.104+0000] {logging_mixin.py:151} INFO - [2023-10-21T05:32:22.104+0000] {dagbag.py:536} INFO - Filling up the DagBag from /home/airflow/.local/lib/python3.8/site-packages/airflow/example_dags/example_external_task_marker_dag.py
[2023-10-21T05:32:22.111+0000] {processor.py:839} INFO - DAG(s) dict_keys(['example_external_task_marker_parent', 'example_external_task_marker_child']) retrieved from /home/airflow/.local/lib/python3.8/site-packages/airflow/example_dags/example_external_task_marker_dag.py
[2023-10-21T05:32:22.123+0000] {logging_mixin.py:151} INFO - [2023-10-21T05:32:22.123+0000] {dag.py:2941} INFO - Sync 2 DAGs
[2023-10-21T05:32:22.137+0000] {logging_mixin.py:151} INFO - [2023-10-21T05:32:22.137+0000] {dag.py:3722} INFO - Setting next_dagrun for example_external_task_marker_child to None, run_after=None
[2023-10-21T05:32:22.141+0000] {logging_mixin.py:151} INFO - [2023-10-21T05:32:22.141+0000] {dag.py:3722} INFO - Setting next_dagrun for example_external_task_marker_parent to None, run_after=None
[2023-10-21T05:32:22.165+0000] {processor.py:179} INFO - Processing /home/airflow/.local/lib/python3.8/site-packages/airflow/example_dags/example_external_task_marker_dag.py took 0.065 seconds
[2023-10-21T05:32:52.664+0000] {processor.py:157} INFO - Started process (PID=544) to work on /home/airflow/.local/lib/python3.8/site-packages/airflow/example_dags/example_external_task_marker_dag.py
[2023-10-21T05:32:52.665+0000] {processor.py:829} INFO - Processing file /home/airflow/.local/lib/python3.8/site-packages/airflow/example_dags/example_external_task_marker_dag.py for tasks to queue
[2023-10-21T05:32:52.666+0000] {logging_mixin.py:151} INFO - [2023-10-21T05:32:52.666+0000] {dagbag.py:536} INFO - Filling up the DagBag from /home/airflow/.local/lib/python3.8/site-packages/airflow/example_dags/example_external_task_marker_dag.py
[2023-10-21T05:32:52.670+0000] {processor.py:839} INFO - DAG(s) dict_keys(['example_external_task_marker_parent', 'example_external_task_marker_child']) retrieved from /home/airflow/.local/lib/python3.8/site-packages/airflow/example_dags/example_external_task_marker_dag.py
[2023-10-21T05:32:52.690+0000] {logging_mixin.py:151} INFO - [2023-10-21T05:32:52.690+0000] {dag.py:2941} INFO - Sync 2 DAGs
[2023-10-21T05:32:52.701+0000] {logging_mixin.py:151} INFO - [2023-10-21T05:32:52.701+0000] {dag.py:3722} INFO - Setting next_dagrun for example_external_task_marker_child to None, run_after=None
[2023-10-21T05:32:52.704+0000] {logging_mixin.py:151} INFO - [2023-10-21T05:32:52.704+0000] {dag.py:3722} INFO - Setting next_dagrun for example_external_task_marker_parent to None, run_after=None
[2023-10-21T05:32:52.720+0000] {processor.py:179} INFO - Processing /home/airflow/.local/lib/python3.8/site-packages/airflow/example_dags/example_external_task_marker_dag.py took 0.058 seconds
[2023-10-21T05:33:23.339+0000] {processor.py:157} INFO - Started process (PID=782) to work on /home/airflow/.local/lib/python3.8/site-packages/airflow/example_dags/example_external_task_marker_dag.py
[2023-10-21T05:33:23.340+0000] {processor.py:829} INFO - Processing file /home/airflow/.local/lib/python3.8/site-packages/airflow/example_dags/example_external_task_marker_dag.py for tasks to queue
[2023-10-21T05:33:23.341+0000] {logging_mixin.py:151} INFO - [2023-10-21T05:33:23.341+0000] {dagbag.py:536} INFO - Filling up the DagBag from /home/airflow/.local/lib/python3.8/site-packages/airflow/example_dags/example_external_task_marker_dag.py
[2023-10-21T05:33:23.353+0000] {processor.py:839} INFO - DAG(s) dict_keys(['example_external_task_marker_parent', 'example_external_task_marker_child']) retrieved from /home/airflow/.local/lib/python3.8/site-packages/airflow/example_dags/example_external_task_marker_dag.py
[2023-10-21T05:33:23.399+0000] {logging_mixin.py:151} INFO - [2023-10-21T05:33:23.398+0000] {dag.py:2941} INFO - Sync 2 DAGs
[2023-10-21T05:33:23.423+0000] {logging_mixin.py:151} INFO - [2023-10-21T05:33:23.422+0000] {dag.py:3722} INFO - Setting next_dagrun for example_external_task_marker_child to None, run_after=None
[2023-10-21T05:33:23.430+0000] {logging_mixin.py:151} INFO - [2023-10-21T05:33:23.430+0000] {dag.py:3722} INFO - Setting next_dagrun for example_external_task_marker_parent to None, run_after=None
[2023-10-21T05:33:23.459+0000] {processor.py:179} INFO - Processing /home/airflow/.local/lib/python3.8/site-packages/airflow/example_dags/example_external_task_marker_dag.py took 0.124 seconds
[2023-10-21T05:33:54.164+0000] {processor.py:157} INFO - Started process (PID=1020) to work on /home/airflow/.local/lib/python3.8/site-packages/airflow/example_dags/example_external_task_marker_dag.py
[2023-10-21T05:33:54.165+0000] {processor.py:829} INFO - Processing file /home/airflow/.local/lib/python3.8/site-packages/airflow/example_dags/example_external_task_marker_dag.py for tasks to queue
[2023-10-21T05:33:54.166+0000] {logging_mixin.py:151} INFO - [2023-10-21T05:33:54.166+0000] {dagbag.py:536} INFO - Filling up the DagBag from /home/airflow/.local/lib/python3.8/site-packages/airflow/example_dags/example_external_task_marker_dag.py
[2023-10-21T05:33:54.170+0000] {processor.py:839} INFO - DAG(s) dict_keys(['example_external_task_marker_parent', 'example_external_task_marker_child']) retrieved from /home/airflow/.local/lib/python3.8/site-packages/airflow/example_dags/example_external_task_marker_dag.py
[2023-10-21T05:33:54.189+0000] {logging_mixin.py:151} INFO - [2023-10-21T05:33:54.188+0000] {dag.py:2941} INFO - Sync 2 DAGs
[2023-10-21T05:33:54.200+0000] {logging_mixin.py:151} INFO - [2023-10-21T05:33:54.200+0000] {dag.py:3722} INFO - Setting next_dagrun for example_external_task_marker_child to None, run_after=None
[2023-10-21T05:33:54.203+0000] {logging_mixin.py:151} INFO - [2023-10-21T05:33:54.202+0000] {dag.py:3722} INFO - Setting next_dagrun for example_external_task_marker_parent to None, run_after=None
[2023-10-21T05:33:54.218+0000] {processor.py:179} INFO - Processing /home/airflow/.local/lib/python3.8/site-packages/airflow/example_dags/example_external_task_marker_dag.py took 0.056 seconds
[2023-10-21T05:34:25.061+0000] {processor.py:157} INFO - Started process (PID=1258) to work on /home/airflow/.local/lib/python3.8/site-packages/airflow/example_dags/example_external_task_marker_dag.py
[2023-10-21T05:34:25.062+0000] {processor.py:829} INFO - Processing file /home/airflow/.local/lib/python3.8/site-packages/airflow/example_dags/example_external_task_marker_dag.py for tasks to queue
[2023-10-21T05:34:25.063+0000] {logging_mixin.py:151} INFO - [2023-10-21T05:34:25.062+0000] {dagbag.py:536} INFO - Filling up the DagBag from /home/airflow/.local/lib/python3.8/site-packages/airflow/example_dags/example_external_task_marker_dag.py
[2023-10-21T05:34:25.069+0000] {processor.py:839} INFO - DAG(s) dict_keys(['example_external_task_marker_parent', 'example_external_task_marker_child']) retrieved from /home/airflow/.local/lib/python3.8/site-packages/airflow/example_dags/example_external_task_marker_dag.py
[2023-10-21T05:34:25.098+0000] {logging_mixin.py:151} INFO - [2023-10-21T05:34:25.098+0000] {dag.py:2941} INFO - Sync 2 DAGs
[2023-10-21T05:34:25.114+0000] {logging_mixin.py:151} INFO - [2023-10-21T05:34:25.113+0000] {dag.py:3722} INFO - Setting next_dagrun for example_external_task_marker_child to None, run_after=None
[2023-10-21T05:34:25.118+0000] {logging_mixin.py:151} INFO - [2023-10-21T05:34:25.118+0000] {dag.py:3722} INFO - Setting next_dagrun for example_external_task_marker_parent to None, run_after=None
[2023-10-21T05:34:25.141+0000] {processor.py:179} INFO - Processing /home/airflow/.local/lib/python3.8/site-packages/airflow/example_dags/example_external_task_marker_dag.py took 0.084 seconds
[2023-10-21T05:34:55.448+0000] {processor.py:157} INFO - Started process (PID=1496) to work on /home/airflow/.local/lib/python3.8/site-packages/airflow/example_dags/example_external_task_marker_dag.py
[2023-10-21T05:34:55.449+0000] {processor.py:829} INFO - Processing file /home/airflow/.local/lib/python3.8/site-packages/airflow/example_dags/example_external_task_marker_dag.py for tasks to queue
[2023-10-21T05:34:55.450+0000] {logging_mixin.py:151} INFO - [2023-10-21T05:34:55.449+0000] {dagbag.py:536} INFO - Filling up the DagBag from /home/airflow/.local/lib/python3.8/site-packages/airflow/example_dags/example_external_task_marker_dag.py
[2023-10-21T05:34:55.454+0000] {processor.py:839} INFO - DAG(s) dict_keys(['example_external_task_marker_child', 'example_external_task_marker_parent']) retrieved from /home/airflow/.local/lib/python3.8/site-packages/airflow/example_dags/example_external_task_marker_dag.py
[2023-10-21T05:34:55.474+0000] {logging_mixin.py:151} INFO - [2023-10-21T05:34:55.474+0000] {dag.py:2941} INFO - Sync 2 DAGs
[2023-10-21T05:34:55.485+0000] {logging_mixin.py:151} INFO - [2023-10-21T05:34:55.485+0000] {dag.py:3722} INFO - Setting next_dagrun for example_external_task_marker_child to None, run_after=None
[2023-10-21T05:34:55.488+0000] {logging_mixin.py:151} INFO - [2023-10-21T05:34:55.488+0000] {dag.py:3722} INFO - Setting next_dagrun for example_external_task_marker_parent to None, run_after=None
[2023-10-21T05:34:55.503+0000] {processor.py:179} INFO - Processing /home/airflow/.local/lib/python3.8/site-packages/airflow/example_dags/example_external_task_marker_dag.py took 0.057 seconds
[2023-10-21T05:35:25.810+0000] {processor.py:157} INFO - Started process (PID=1735) to work on /home/airflow/.local/lib/python3.8/site-packages/airflow/example_dags/example_external_task_marker_dag.py
[2023-10-21T05:35:25.811+0000] {processor.py:829} INFO - Processing file /home/airflow/.local/lib/python3.8/site-packages/airflow/example_dags/example_external_task_marker_dag.py for tasks to queue
[2023-10-21T05:35:25.811+0000] {logging_mixin.py:151} INFO - [2023-10-21T05:35:25.811+0000] {dagbag.py:536} INFO - Filling up the DagBag from /home/airflow/.local/lib/python3.8/site-packages/airflow/example_dags/example_external_task_marker_dag.py
[2023-10-21T05:35:25.815+0000] {processor.py:839} INFO - DAG(s) dict_keys(['example_external_task_marker_child', 'example_external_task_marker_parent']) retrieved from /home/airflow/.local/lib/python3.8/site-packages/airflow/example_dags/example_external_task_marker_dag.py
[2023-10-21T05:35:25.836+0000] {logging_mixin.py:151} INFO - [2023-10-21T05:35:25.835+0000] {dag.py:2941} INFO - Sync 2 DAGs
[2023-10-21T05:35:25.846+0000] {logging_mixin.py:151} INFO - [2023-10-21T05:35:25.846+0000] {dag.py:3722} INFO - Setting next_dagrun for example_external_task_marker_child to None, run_after=None
[2023-10-21T05:35:25.849+0000] {logging_mixin.py:151} INFO - [2023-10-21T05:35:25.849+0000] {dag.py:3722} INFO - Setting next_dagrun for example_external_task_marker_parent to None, run_after=None
[2023-10-21T05:35:25.864+0000] {processor.py:179} INFO - Processing /home/airflow/.local/lib/python3.8/site-packages/airflow/example_dags/example_external_task_marker_dag.py took 0.056 seconds
[2023-10-21T05:35:56.011+0000] {processor.py:157} INFO - Started process (PID=1972) to work on /home/airflow/.local/lib/python3.8/site-packages/airflow/example_dags/example_external_task_marker_dag.py
[2023-10-21T05:35:56.012+0000] {processor.py:829} INFO - Processing file /home/airflow/.local/lib/python3.8/site-packages/airflow/example_dags/example_external_task_marker_dag.py for tasks to queue
[2023-10-21T05:35:56.013+0000] {logging_mixin.py:151} INFO - [2023-10-21T05:35:56.013+0000] {dagbag.py:536} INFO - Filling up the DagBag from /home/airflow/.local/lib/python3.8/site-packages/airflow/example_dags/example_external_task_marker_dag.py
[2023-10-21T05:35:56.017+0000] {processor.py:839} INFO - DAG(s) dict_keys(['example_external_task_marker_parent', 'example_external_task_marker_child']) retrieved from /home/airflow/.local/lib/python3.8/site-packages/airflow/example_dags/example_external_task_marker_dag.py
[2023-10-21T05:35:56.041+0000] {logging_mixin.py:151} INFO - [2023-10-21T05:35:56.041+0000] {dag.py:2941} INFO - Sync 2 DAGs
[2023-10-21T05:35:56.053+0000] {logging_mixin.py:151} INFO - [2023-10-21T05:35:56.053+0000] {dag.py:3722} INFO - Setting next_dagrun for example_external_task_marker_child to None, run_after=None
[2023-10-21T05:35:56.057+0000] {logging_mixin.py:151} INFO - [2023-10-21T05:35:56.056+0000] {dag.py:3722} INFO - Setting next_dagrun for example_external_task_marker_parent to None, run_after=None
[2023-10-21T05:35:56.074+0000] {processor.py:179} INFO - Processing /home/airflow/.local/lib/python3.8/site-packages/airflow/example_dags/example_external_task_marker_dag.py took 0.065 seconds
[2023-10-21T05:36:26.545+0000] {processor.py:157} INFO - Started process (PID=2258) to work on /home/airflow/.local/lib/python3.8/site-packages/airflow/example_dags/example_external_task_marker_dag.py
[2023-10-21T05:36:26.546+0000] {processor.py:829} INFO - Processing file /home/airflow/.local/lib/python3.8/site-packages/airflow/example_dags/example_external_task_marker_dag.py for tasks to queue
[2023-10-21T05:36:26.547+0000] {logging_mixin.py:151} INFO - [2023-10-21T05:36:26.547+0000] {dagbag.py:536} INFO - Filling up the DagBag from /home/airflow/.local/lib/python3.8/site-packages/airflow/example_dags/example_external_task_marker_dag.py
[2023-10-21T05:36:26.551+0000] {processor.py:839} INFO - DAG(s) dict_keys(['example_external_task_marker_parent', 'example_external_task_marker_child']) retrieved from /home/airflow/.local/lib/python3.8/site-packages/airflow/example_dags/example_external_task_marker_dag.py
[2023-10-21T05:36:26.571+0000] {logging_mixin.py:151} INFO - [2023-10-21T05:36:26.571+0000] {dag.py:2941} INFO - Sync 2 DAGs
[2023-10-21T05:36:26.582+0000] {logging_mixin.py:151} INFO - [2023-10-21T05:36:26.582+0000] {dag.py:3722} INFO - Setting next_dagrun for example_external_task_marker_child to None, run_after=None
[2023-10-21T05:36:26.585+0000] {logging_mixin.py:151} INFO - [2023-10-21T05:36:26.585+0000] {dag.py:3722} INFO - Setting next_dagrun for example_external_task_marker_parent to None, run_after=None
[2023-10-21T05:36:26.601+0000] {processor.py:179} INFO - Processing /home/airflow/.local/lib/python3.8/site-packages/airflow/example_dags/example_external_task_marker_dag.py took 0.057 seconds
[2023-10-21T05:36:56.822+0000] {processor.py:157} INFO - Started process (PID=2496) to work on /home/airflow/.local/lib/python3.8/site-packages/airflow/example_dags/example_external_task_marker_dag.py
[2023-10-21T05:36:56.823+0000] {processor.py:829} INFO - Processing file /home/airflow/.local/lib/python3.8/site-packages/airflow/example_dags/example_external_task_marker_dag.py for tasks to queue
[2023-10-21T05:36:56.824+0000] {logging_mixin.py:151} INFO - [2023-10-21T05:36:56.824+0000] {dagbag.py:536} INFO - Filling up the DagBag from /home/airflow/.local/lib/python3.8/site-packages/airflow/example_dags/example_external_task_marker_dag.py
[2023-10-21T05:36:56.828+0000] {processor.py:839} INFO - DAG(s) dict_keys(['example_external_task_marker_parent', 'example_external_task_marker_child']) retrieved from /home/airflow/.local/lib/python3.8/site-packages/airflow/example_dags/example_external_task_marker_dag.py
[2023-10-21T05:36:56.848+0000] {logging_mixin.py:151} INFO - [2023-10-21T05:36:56.847+0000] {dag.py:2941} INFO - Sync 2 DAGs
[2023-10-21T05:36:56.859+0000] {logging_mixin.py:151} INFO - [2023-10-21T05:36:56.859+0000] {dag.py:3722} INFO - Setting next_dagrun for example_external_task_marker_child to None, run_after=None
[2023-10-21T05:36:56.862+0000] {logging_mixin.py:151} INFO - [2023-10-21T05:36:56.862+0000] {dag.py:3722} INFO - Setting next_dagrun for example_external_task_marker_parent to None, run_after=None
[2023-10-21T05:36:56.877+0000] {processor.py:179} INFO - Processing /home/airflow/.local/lib/python3.8/site-packages/airflow/example_dags/example_external_task_marker_dag.py took 0.057 seconds
[2023-10-21T05:37:27.044+0000] {processor.py:157} INFO - Started process (PID=2736) to work on /home/airflow/.local/lib/python3.8/site-packages/airflow/example_dags/example_external_task_marker_dag.py
[2023-10-21T05:37:27.044+0000] {processor.py:829} INFO - Processing file /home/airflow/.local/lib/python3.8/site-packages/airflow/example_dags/example_external_task_marker_dag.py for tasks to queue
[2023-10-21T05:37:27.045+0000] {logging_mixin.py:151} INFO - [2023-10-21T05:37:27.045+0000] {dagbag.py:536} INFO - Filling up the DagBag from /home/airflow/.local/lib/python3.8/site-packages/airflow/example_dags/example_external_task_marker_dag.py
[2023-10-21T05:37:27.050+0000] {processor.py:839} INFO - DAG(s) dict_keys(['example_external_task_marker_parent', 'example_external_task_marker_child']) retrieved from /home/airflow/.local/lib/python3.8/site-packages/airflow/example_dags/example_external_task_marker_dag.py
[2023-10-21T05:37:27.071+0000] {logging_mixin.py:151} INFO - [2023-10-21T05:37:27.071+0000] {dag.py:2941} INFO - Sync 2 DAGs
[2023-10-21T05:37:27.082+0000] {logging_mixin.py:151} INFO - [2023-10-21T05:37:27.082+0000] {dag.py:3722} INFO - Setting next_dagrun for example_external_task_marker_child to None, run_after=None
[2023-10-21T05:37:27.085+0000] {logging_mixin.py:151} INFO - [2023-10-21T05:37:27.085+0000] {dag.py:3722} INFO - Setting next_dagrun for example_external_task_marker_parent to None, run_after=None
[2023-10-21T05:37:27.100+0000] {processor.py:179} INFO - Processing /home/airflow/.local/lib/python3.8/site-packages/airflow/example_dags/example_external_task_marker_dag.py took 0.058 seconds
[2023-10-21T05:37:57.372+0000] {processor.py:157} INFO - Started process (PID=2972) to work on /home/airflow/.local/lib/python3.8/site-packages/airflow/example_dags/example_external_task_marker_dag.py
[2023-10-21T05:37:57.372+0000] {processor.py:829} INFO - Processing file /home/airflow/.local/lib/python3.8/site-packages/airflow/example_dags/example_external_task_marker_dag.py for tasks to queue
[2023-10-21T05:37:57.373+0000] {logging_mixin.py:151} INFO - [2023-10-21T05:37:57.373+0000] {dagbag.py:536} INFO - Filling up the DagBag from /home/airflow/.local/lib/python3.8/site-packages/airflow/example_dags/example_external_task_marker_dag.py
[2023-10-21T05:37:57.379+0000] {processor.py:839} INFO - DAG(s) dict_keys(['example_external_task_marker_child', 'example_external_task_marker_parent']) retrieved from /home/airflow/.local/lib/python3.8/site-packages/airflow/example_dags/example_external_task_marker_dag.py
[2023-10-21T05:37:57.405+0000] {logging_mixin.py:151} INFO - [2023-10-21T05:37:57.405+0000] {dag.py:2941} INFO - Sync 2 DAGs
[2023-10-21T05:37:57.421+0000] {logging_mixin.py:151} INFO - [2023-10-21T05:37:57.421+0000] {dag.py:3722} INFO - Setting next_dagrun for example_external_task_marker_child to None, run_after=None
[2023-10-21T05:37:57.425+0000] {logging_mixin.py:151} INFO - [2023-10-21T05:37:57.425+0000] {dag.py:3722} INFO - Setting next_dagrun for example_external_task_marker_parent to None, run_after=None
[2023-10-21T05:37:57.448+0000] {processor.py:179} INFO - Processing /home/airflow/.local/lib/python3.8/site-packages/airflow/example_dags/example_external_task_marker_dag.py took 0.079 seconds
[2023-10-21T05:38:27.829+0000] {processor.py:157} INFO - Started process (PID=3210) to work on /home/airflow/.local/lib/python3.8/site-packages/airflow/example_dags/example_external_task_marker_dag.py
[2023-10-21T05:38:27.830+0000] {processor.py:829} INFO - Processing file /home/airflow/.local/lib/python3.8/site-packages/airflow/example_dags/example_external_task_marker_dag.py for tasks to queue
[2023-10-21T05:38:27.831+0000] {logging_mixin.py:151} INFO - [2023-10-21T05:38:27.830+0000] {dagbag.py:536} INFO - Filling up the DagBag from /home/airflow/.local/lib/python3.8/site-packages/airflow/example_dags/example_external_task_marker_dag.py
[2023-10-21T05:38:27.835+0000] {processor.py:839} INFO - DAG(s) dict_keys(['example_external_task_marker_parent', 'example_external_task_marker_child']) retrieved from /home/airflow/.local/lib/python3.8/site-packages/airflow/example_dags/example_external_task_marker_dag.py
[2023-10-21T05:38:27.858+0000] {logging_mixin.py:151} INFO - [2023-10-21T05:38:27.858+0000] {dag.py:2941} INFO - Sync 2 DAGs
[2023-10-21T05:38:27.871+0000] {logging_mixin.py:151} INFO - [2023-10-21T05:38:27.871+0000] {dag.py:3722} INFO - Setting next_dagrun for example_external_task_marker_child to None, run_after=None
[2023-10-21T05:38:27.875+0000] {logging_mixin.py:151} INFO - [2023-10-21T05:38:27.874+0000] {dag.py:3722} INFO - Setting next_dagrun for example_external_task_marker_parent to None, run_after=None
[2023-10-21T05:38:27.893+0000] {processor.py:179} INFO - Processing /home/airflow/.local/lib/python3.8/site-packages/airflow/example_dags/example_external_task_marker_dag.py took 0.066 seconds
[2023-10-21T05:38:58.152+0000] {processor.py:157} INFO - Started process (PID=3448) to work on /home/airflow/.local/lib/python3.8/site-packages/airflow/example_dags/example_external_task_marker_dag.py
[2023-10-21T05:38:58.153+0000] {processor.py:829} INFO - Processing file /home/airflow/.local/lib/python3.8/site-packages/airflow/example_dags/example_external_task_marker_dag.py for tasks to queue
[2023-10-21T05:38:58.153+0000] {logging_mixin.py:151} INFO - [2023-10-21T05:38:58.153+0000] {dagbag.py:536} INFO - Filling up the DagBag from /home/airflow/.local/lib/python3.8/site-packages/airflow/example_dags/example_external_task_marker_dag.py
[2023-10-21T05:38:58.160+0000] {processor.py:839} INFO - DAG(s) dict_keys(['example_external_task_marker_child', 'example_external_task_marker_parent']) retrieved from /home/airflow/.local/lib/python3.8/site-packages/airflow/example_dags/example_external_task_marker_dag.py
[2023-10-21T05:38:58.187+0000] {logging_mixin.py:151} INFO - [2023-10-21T05:38:58.186+0000] {dag.py:2941} INFO - Sync 2 DAGs
[2023-10-21T05:38:58.201+0000] {logging_mixin.py:151} INFO - [2023-10-21T05:38:58.201+0000] {dag.py:3722} INFO - Setting next_dagrun for example_external_task_marker_child to None, run_after=None
[2023-10-21T05:38:58.206+0000] {logging_mixin.py:151} INFO - [2023-10-21T05:38:58.205+0000] {dag.py:3722} INFO - Setting next_dagrun for example_external_task_marker_parent to None, run_after=None
[2023-10-21T05:38:58.225+0000] {processor.py:179} INFO - Processing /home/airflow/.local/lib/python3.8/site-packages/airflow/example_dags/example_external_task_marker_dag.py took 0.075 seconds
[2023-10-21T05:39:28.349+0000] {processor.py:157} INFO - Started process (PID=3686) to work on /home/airflow/.local/lib/python3.8/site-packages/airflow/example_dags/example_external_task_marker_dag.py
[2023-10-21T05:39:28.349+0000] {processor.py:829} INFO - Processing file /home/airflow/.local/lib/python3.8/site-packages/airflow/example_dags/example_external_task_marker_dag.py for tasks to queue
[2023-10-21T05:39:28.350+0000] {logging_mixin.py:151} INFO - [2023-10-21T05:39:28.350+0000] {dagbag.py:536} INFO - Filling up the DagBag from /home/airflow/.local/lib/python3.8/site-packages/airflow/example_dags/example_external_task_marker_dag.py
[2023-10-21T05:39:28.355+0000] {processor.py:839} INFO - DAG(s) dict_keys(['example_external_task_marker_parent', 'example_external_task_marker_child']) retrieved from /home/airflow/.local/lib/python3.8/site-packages/airflow/example_dags/example_external_task_marker_dag.py
[2023-10-21T05:39:28.377+0000] {logging_mixin.py:151} INFO - [2023-10-21T05:39:28.377+0000] {dag.py:2941} INFO - Sync 2 DAGs
[2023-10-21T05:39:28.390+0000] {logging_mixin.py:151} INFO - [2023-10-21T05:39:28.390+0000] {dag.py:3722} INFO - Setting next_dagrun for example_external_task_marker_child to None, run_after=None
[2023-10-21T05:39:28.393+0000] {logging_mixin.py:151} INFO - [2023-10-21T05:39:28.393+0000] {dag.py:3722} INFO - Setting next_dagrun for example_external_task_marker_parent to None, run_after=None
[2023-10-21T05:39:28.410+0000] {processor.py:179} INFO - Processing /home/airflow/.local/lib/python3.8/site-packages/airflow/example_dags/example_external_task_marker_dag.py took 0.064 seconds
[2023-10-21T05:39:59.192+0000] {processor.py:157} INFO - Started process (PID=3924) to work on /home/airflow/.local/lib/python3.8/site-packages/airflow/example_dags/example_external_task_marker_dag.py
[2023-10-21T05:39:59.192+0000] {processor.py:829} INFO - Processing file /home/airflow/.local/lib/python3.8/site-packages/airflow/example_dags/example_external_task_marker_dag.py for tasks to queue
[2023-10-21T05:39:59.193+0000] {logging_mixin.py:151} INFO - [2023-10-21T05:39:59.193+0000] {dagbag.py:536} INFO - Filling up the DagBag from /home/airflow/.local/lib/python3.8/site-packages/airflow/example_dags/example_external_task_marker_dag.py
[2023-10-21T05:39:59.197+0000] {processor.py:839} INFO - DAG(s) dict_keys(['example_external_task_marker_parent', 'example_external_task_marker_child']) retrieved from /home/airflow/.local/lib/python3.8/site-packages/airflow/example_dags/example_external_task_marker_dag.py
[2023-10-21T05:39:59.219+0000] {logging_mixin.py:151} INFO - [2023-10-21T05:39:59.218+0000] {dag.py:2941} INFO - Sync 2 DAGs
[2023-10-21T05:39:59.230+0000] {logging_mixin.py:151} INFO - [2023-10-21T05:39:59.230+0000] {dag.py:3722} INFO - Setting next_dagrun for example_external_task_marker_child to None, run_after=None
[2023-10-21T05:39:59.234+0000] {logging_mixin.py:151} INFO - [2023-10-21T05:39:59.233+0000] {dag.py:3722} INFO - Setting next_dagrun for example_external_task_marker_parent to None, run_after=None
[2023-10-21T05:39:59.251+0000] {processor.py:179} INFO - Processing /home/airflow/.local/lib/python3.8/site-packages/airflow/example_dags/example_external_task_marker_dag.py took 0.062 seconds
[2023-10-21T05:40:29.925+0000] {processor.py:157} INFO - Started process (PID=4162) to work on /home/airflow/.local/lib/python3.8/site-packages/airflow/example_dags/example_external_task_marker_dag.py
[2023-10-21T05:40:29.926+0000] {processor.py:829} INFO - Processing file /home/airflow/.local/lib/python3.8/site-packages/airflow/example_dags/example_external_task_marker_dag.py for tasks to queue
[2023-10-21T05:40:29.927+0000] {logging_mixin.py:151} INFO - [2023-10-21T05:40:29.926+0000] {dagbag.py:536} INFO - Filling up the DagBag from /home/airflow/.local/lib/python3.8/site-packages/airflow/example_dags/example_external_task_marker_dag.py
[2023-10-21T05:40:29.931+0000] {processor.py:839} INFO - DAG(s) dict_keys(['example_external_task_marker_parent', 'example_external_task_marker_child']) retrieved from /home/airflow/.local/lib/python3.8/site-packages/airflow/example_dags/example_external_task_marker_dag.py
[2023-10-21T05:40:29.953+0000] {logging_mixin.py:151} INFO - [2023-10-21T05:40:29.953+0000] {dag.py:2941} INFO - Sync 2 DAGs
[2023-10-21T05:40:29.964+0000] {logging_mixin.py:151} INFO - [2023-10-21T05:40:29.964+0000] {dag.py:3722} INFO - Setting next_dagrun for example_external_task_marker_child to None, run_after=None
[2023-10-21T05:40:29.968+0000] {logging_mixin.py:151} INFO - [2023-10-21T05:40:29.968+0000] {dag.py:3722} INFO - Setting next_dagrun for example_external_task_marker_parent to None, run_after=None
[2023-10-21T05:40:29.990+0000] {processor.py:179} INFO - Processing /home/airflow/.local/lib/python3.8/site-packages/airflow/example_dags/example_external_task_marker_dag.py took 0.066 seconds
[2023-10-21T05:41:00.344+0000] {processor.py:157} INFO - Started process (PID=4403) to work on /home/airflow/.local/lib/python3.8/site-packages/airflow/example_dags/example_external_task_marker_dag.py
[2023-10-21T05:41:00.345+0000] {processor.py:829} INFO - Processing file /home/airflow/.local/lib/python3.8/site-packages/airflow/example_dags/example_external_task_marker_dag.py for tasks to queue
[2023-10-21T05:41:00.345+0000] {logging_mixin.py:151} INFO - [2023-10-21T05:41:00.345+0000] {dagbag.py:536} INFO - Filling up the DagBag from /home/airflow/.local/lib/python3.8/site-packages/airflow/example_dags/example_external_task_marker_dag.py
[2023-10-21T05:41:00.349+0000] {processor.py:839} INFO - DAG(s) dict_keys(['example_external_task_marker_parent', 'example_external_task_marker_child']) retrieved from /home/airflow/.local/lib/python3.8/site-packages/airflow/example_dags/example_external_task_marker_dag.py
[2023-10-21T05:41:00.369+0000] {logging_mixin.py:151} INFO - [2023-10-21T05:41:00.369+0000] {dag.py:2941} INFO - Sync 2 DAGs
[2023-10-21T05:41:00.379+0000] {logging_mixin.py:151} INFO - [2023-10-21T05:41:00.379+0000] {dag.py:3722} INFO - Setting next_dagrun for example_external_task_marker_child to None, run_after=None
[2023-10-21T05:41:00.382+0000] {logging_mixin.py:151} INFO - [2023-10-21T05:41:00.382+0000] {dag.py:3722} INFO - Setting next_dagrun for example_external_task_marker_parent to None, run_after=None
[2023-10-21T05:41:00.397+0000] {processor.py:179} INFO - Processing /home/airflow/.local/lib/python3.8/site-packages/airflow/example_dags/example_external_task_marker_dag.py took 0.055 seconds
