[2023-10-21T05:32:22.112+0000] {processor.py:157} INFO - Started process (PID=311) to work on /home/airflow/.local/lib/python3.8/site-packages/airflow/example_dags/example_short_circuit_operator.py
[2023-10-21T05:32:22.113+0000] {processor.py:829} INFO - Processing file /home/airflow/.local/lib/python3.8/site-packages/airflow/example_dags/example_short_circuit_operator.py for tasks to queue
[2023-10-21T05:32:22.113+0000] {logging_mixin.py:151} INFO - [2023-10-21T05:32:22.113+0000] {dagbag.py:536} INFO - Filling up the DagBag from /home/airflow/.local/lib/python3.8/site-packages/airflow/example_dags/example_short_circuit_operator.py
[2023-10-21T05:32:22.121+0000] {processor.py:839} INFO - DAG(s) dict_keys(['example_short_circuit_operator']) retrieved from /home/airflow/.local/lib/python3.8/site-packages/airflow/example_dags/example_short_circuit_operator.py
[2023-10-21T05:32:22.132+0000] {logging_mixin.py:151} INFO - [2023-10-21T05:32:22.132+0000] {dag.py:2941} INFO - Sync 1 DAGs
[2023-10-21T05:32:22.162+0000] {logging_mixin.py:151} INFO - [2023-10-21T05:32:22.162+0000] {dag.py:3722} INFO - Setting next_dagrun for example_short_circuit_operator to 2023-10-20T05:32:22.161774+00:00, run_after=2023-10-21T05:32:22.161774+00:00
[2023-10-21T05:32:22.185+0000] {processor.py:179} INFO - Processing /home/airflow/.local/lib/python3.8/site-packages/airflow/example_dags/example_short_circuit_operator.py took 0.076 seconds
[2023-10-21T05:32:52.726+0000] {processor.py:157} INFO - Started process (PID=549) to work on /home/airflow/.local/lib/python3.8/site-packages/airflow/example_dags/example_short_circuit_operator.py
[2023-10-21T05:32:52.727+0000] {processor.py:829} INFO - Processing file /home/airflow/.local/lib/python3.8/site-packages/airflow/example_dags/example_short_circuit_operator.py for tasks to queue
[2023-10-21T05:32:52.727+0000] {logging_mixin.py:151} INFO - [2023-10-21T05:32:52.727+0000] {dagbag.py:536} INFO - Filling up the DagBag from /home/airflow/.local/lib/python3.8/site-packages/airflow/example_dags/example_short_circuit_operator.py
[2023-10-21T05:32:52.734+0000] {processor.py:839} INFO - DAG(s) dict_keys(['example_short_circuit_operator']) retrieved from /home/airflow/.local/lib/python3.8/site-packages/airflow/example_dags/example_short_circuit_operator.py
[2023-10-21T05:32:52.753+0000] {logging_mixin.py:151} INFO - [2023-10-21T05:32:52.753+0000] {dag.py:2941} INFO - Sync 1 DAGs
[2023-10-21T05:32:52.772+0000] {logging_mixin.py:151} INFO - [2023-10-21T05:32:52.771+0000] {dag.py:3722} INFO - Setting next_dagrun for example_short_circuit_operator to 2023-10-20T05:32:52.771715+00:00, run_after=2023-10-21T05:32:52.771715+00:00
[2023-10-21T05:32:52.789+0000] {processor.py:179} INFO - Processing /home/airflow/.local/lib/python3.8/site-packages/airflow/example_dags/example_short_circuit_operator.py took 0.065 seconds
[2023-10-21T05:33:23.431+0000] {processor.py:157} INFO - Started process (PID=787) to work on /home/airflow/.local/lib/python3.8/site-packages/airflow/example_dags/example_short_circuit_operator.py
[2023-10-21T05:33:23.433+0000] {processor.py:829} INFO - Processing file /home/airflow/.local/lib/python3.8/site-packages/airflow/example_dags/example_short_circuit_operator.py for tasks to queue
[2023-10-21T05:33:23.434+0000] {logging_mixin.py:151} INFO - [2023-10-21T05:33:23.433+0000] {dagbag.py:536} INFO - Filling up the DagBag from /home/airflow/.local/lib/python3.8/site-packages/airflow/example_dags/example_short_circuit_operator.py
[2023-10-21T05:33:23.447+0000] {processor.py:839} INFO - DAG(s) dict_keys(['example_short_circuit_operator']) retrieved from /home/airflow/.local/lib/python3.8/site-packages/airflow/example_dags/example_short_circuit_operator.py
[2023-10-21T05:33:23.474+0000] {logging_mixin.py:151} INFO - [2023-10-21T05:33:23.474+0000] {dag.py:2941} INFO - Sync 1 DAGs
[2023-10-21T05:33:23.504+0000] {logging_mixin.py:151} INFO - [2023-10-21T05:33:23.504+0000] {dag.py:3722} INFO - Setting next_dagrun for example_short_circuit_operator to 2023-10-20T05:33:23.503750+00:00, run_after=2023-10-21T05:33:23.503750+00:00
[2023-10-21T05:33:23.534+0000] {processor.py:179} INFO - Processing /home/airflow/.local/lib/python3.8/site-packages/airflow/example_dags/example_short_circuit_operator.py took 0.107 seconds
[2023-10-21T05:33:54.195+0000] {processor.py:157} INFO - Started process (PID=1025) to work on /home/airflow/.local/lib/python3.8/site-packages/airflow/example_dags/example_short_circuit_operator.py
[2023-10-21T05:33:54.196+0000] {processor.py:829} INFO - Processing file /home/airflow/.local/lib/python3.8/site-packages/airflow/example_dags/example_short_circuit_operator.py for tasks to queue
[2023-10-21T05:33:54.197+0000] {logging_mixin.py:151} INFO - [2023-10-21T05:33:54.197+0000] {dagbag.py:536} INFO - Filling up the DagBag from /home/airflow/.local/lib/python3.8/site-packages/airflow/example_dags/example_short_circuit_operator.py
[2023-10-21T05:33:54.202+0000] {processor.py:839} INFO - DAG(s) dict_keys(['example_short_circuit_operator']) retrieved from /home/airflow/.local/lib/python3.8/site-packages/airflow/example_dags/example_short_circuit_operator.py
[2023-10-21T05:33:54.220+0000] {logging_mixin.py:151} INFO - [2023-10-21T05:33:54.220+0000] {dag.py:2941} INFO - Sync 1 DAGs
[2023-10-21T05:33:54.240+0000] {logging_mixin.py:151} INFO - [2023-10-21T05:33:54.239+0000] {dag.py:3722} INFO - Setting next_dagrun for example_short_circuit_operator to 2023-10-20T05:33:54.239726+00:00, run_after=2023-10-21T05:33:54.239726+00:00
[2023-10-21T05:33:54.257+0000] {processor.py:179} INFO - Processing /home/airflow/.local/lib/python3.8/site-packages/airflow/example_dags/example_short_circuit_operator.py took 0.063 seconds
[2023-10-21T05:34:25.087+0000] {processor.py:157} INFO - Started process (PID=1263) to work on /home/airflow/.local/lib/python3.8/site-packages/airflow/example_dags/example_short_circuit_operator.py
[2023-10-21T05:34:25.088+0000] {processor.py:829} INFO - Processing file /home/airflow/.local/lib/python3.8/site-packages/airflow/example_dags/example_short_circuit_operator.py for tasks to queue
[2023-10-21T05:34:25.088+0000] {logging_mixin.py:151} INFO - [2023-10-21T05:34:25.088+0000] {dagbag.py:536} INFO - Filling up the DagBag from /home/airflow/.local/lib/python3.8/site-packages/airflow/example_dags/example_short_circuit_operator.py
[2023-10-21T05:34:25.098+0000] {processor.py:839} INFO - DAG(s) dict_keys(['example_short_circuit_operator']) retrieved from /home/airflow/.local/lib/python3.8/site-packages/airflow/example_dags/example_short_circuit_operator.py
[2023-10-21T05:34:25.126+0000] {logging_mixin.py:151} INFO - [2023-10-21T05:34:25.126+0000] {dag.py:2941} INFO - Sync 1 DAGs
[2023-10-21T05:34:25.155+0000] {logging_mixin.py:151} INFO - [2023-10-21T05:34:25.155+0000] {dag.py:3722} INFO - Setting next_dagrun for example_short_circuit_operator to 2023-10-20T05:34:25.154752+00:00, run_after=2023-10-21T05:34:25.154752+00:00
[2023-10-21T05:34:25.184+0000] {processor.py:179} INFO - Processing /home/airflow/.local/lib/python3.8/site-packages/airflow/example_dags/example_short_circuit_operator.py took 0.100 seconds
[2023-10-21T05:34:55.484+0000] {processor.py:157} INFO - Started process (PID=1501) to work on /home/airflow/.local/lib/python3.8/site-packages/airflow/example_dags/example_short_circuit_operator.py
[2023-10-21T05:34:55.484+0000] {processor.py:829} INFO - Processing file /home/airflow/.local/lib/python3.8/site-packages/airflow/example_dags/example_short_circuit_operator.py for tasks to queue
[2023-10-21T05:34:55.485+0000] {logging_mixin.py:151} INFO - [2023-10-21T05:34:55.485+0000] {dagbag.py:536} INFO - Filling up the DagBag from /home/airflow/.local/lib/python3.8/site-packages/airflow/example_dags/example_short_circuit_operator.py
[2023-10-21T05:34:55.492+0000] {processor.py:839} INFO - DAG(s) dict_keys(['example_short_circuit_operator']) retrieved from /home/airflow/.local/lib/python3.8/site-packages/airflow/example_dags/example_short_circuit_operator.py
[2023-10-21T05:34:55.510+0000] {logging_mixin.py:151} INFO - [2023-10-21T05:34:55.510+0000] {dag.py:2941} INFO - Sync 1 DAGs
[2023-10-21T05:34:55.529+0000] {logging_mixin.py:151} INFO - [2023-10-21T05:34:55.529+0000] {dag.py:3722} INFO - Setting next_dagrun for example_short_circuit_operator to 2023-10-20T05:34:55.529173+00:00, run_after=2023-10-21T05:34:55.529173+00:00
[2023-10-21T05:34:55.546+0000] {processor.py:179} INFO - Processing /home/airflow/.local/lib/python3.8/site-packages/airflow/example_dags/example_short_circuit_operator.py took 0.064 seconds
[2023-10-21T05:35:25.825+0000] {processor.py:157} INFO - Started process (PID=1739) to work on /home/airflow/.local/lib/python3.8/site-packages/airflow/example_dags/example_short_circuit_operator.py
[2023-10-21T05:35:25.826+0000] {processor.py:829} INFO - Processing file /home/airflow/.local/lib/python3.8/site-packages/airflow/example_dags/example_short_circuit_operator.py for tasks to queue
[2023-10-21T05:35:25.826+0000] {logging_mixin.py:151} INFO - [2023-10-21T05:35:25.826+0000] {dagbag.py:536} INFO - Filling up the DagBag from /home/airflow/.local/lib/python3.8/site-packages/airflow/example_dags/example_short_circuit_operator.py
[2023-10-21T05:35:25.832+0000] {processor.py:839} INFO - DAG(s) dict_keys(['example_short_circuit_operator']) retrieved from /home/airflow/.local/lib/python3.8/site-packages/airflow/example_dags/example_short_circuit_operator.py
[2023-10-21T05:35:25.850+0000] {logging_mixin.py:151} INFO - [2023-10-21T05:35:25.850+0000] {dag.py:2941} INFO - Sync 1 DAGs
[2023-10-21T05:35:25.868+0000] {logging_mixin.py:151} INFO - [2023-10-21T05:35:25.868+0000] {dag.py:3722} INFO - Setting next_dagrun for example_short_circuit_operator to 2023-10-20T05:35:25.868492+00:00, run_after=2023-10-21T05:35:25.868492+00:00
[2023-10-21T05:35:25.886+0000] {processor.py:179} INFO - Processing /home/airflow/.local/lib/python3.8/site-packages/airflow/example_dags/example_short_circuit_operator.py took 0.063 seconds
[2023-10-21T05:35:56.093+0000] {processor.py:157} INFO - Started process (PID=1979) to work on /home/airflow/.local/lib/python3.8/site-packages/airflow/example_dags/example_short_circuit_operator.py
[2023-10-21T05:35:56.094+0000] {processor.py:829} INFO - Processing file /home/airflow/.local/lib/python3.8/site-packages/airflow/example_dags/example_short_circuit_operator.py for tasks to queue
[2023-10-21T05:35:56.094+0000] {logging_mixin.py:151} INFO - [2023-10-21T05:35:56.094+0000] {dagbag.py:536} INFO - Filling up the DagBag from /home/airflow/.local/lib/python3.8/site-packages/airflow/example_dags/example_short_circuit_operator.py
[2023-10-21T05:35:56.101+0000] {processor.py:839} INFO - DAG(s) dict_keys(['example_short_circuit_operator']) retrieved from /home/airflow/.local/lib/python3.8/site-packages/airflow/example_dags/example_short_circuit_operator.py
[2023-10-21T05:35:56.121+0000] {logging_mixin.py:151} INFO - [2023-10-21T05:35:56.121+0000] {dag.py:2941} INFO - Sync 1 DAGs
[2023-10-21T05:35:56.141+0000] {logging_mixin.py:151} INFO - [2023-10-21T05:35:56.141+0000] {dag.py:3722} INFO - Setting next_dagrun for example_short_circuit_operator to 2023-10-20T05:35:56.141062+00:00, run_after=2023-10-21T05:35:56.141062+00:00
[2023-10-21T05:35:56.159+0000] {processor.py:179} INFO - Processing /home/airflow/.local/lib/python3.8/site-packages/airflow/example_dags/example_short_circuit_operator.py took 0.068 seconds
[2023-10-21T05:36:26.579+0000] {processor.py:157} INFO - Started process (PID=2263) to work on /home/airflow/.local/lib/python3.8/site-packages/airflow/example_dags/example_short_circuit_operator.py
[2023-10-21T05:36:26.580+0000] {processor.py:829} INFO - Processing file /home/airflow/.local/lib/python3.8/site-packages/airflow/example_dags/example_short_circuit_operator.py for tasks to queue
[2023-10-21T05:36:26.580+0000] {logging_mixin.py:151} INFO - [2023-10-21T05:36:26.580+0000] {dagbag.py:536} INFO - Filling up the DagBag from /home/airflow/.local/lib/python3.8/site-packages/airflow/example_dags/example_short_circuit_operator.py
[2023-10-21T05:36:26.586+0000] {processor.py:839} INFO - DAG(s) dict_keys(['example_short_circuit_operator']) retrieved from /home/airflow/.local/lib/python3.8/site-packages/airflow/example_dags/example_short_circuit_operator.py
[2023-10-21T05:36:26.605+0000] {logging_mixin.py:151} INFO - [2023-10-21T05:36:26.604+0000] {dag.py:2941} INFO - Sync 1 DAGs
[2023-10-21T05:36:26.624+0000] {logging_mixin.py:151} INFO - [2023-10-21T05:36:26.624+0000] {dag.py:3722} INFO - Setting next_dagrun for example_short_circuit_operator to 2023-10-20T05:36:26.624328+00:00, run_after=2023-10-21T05:36:26.624328+00:00
[2023-10-21T05:36:26.642+0000] {processor.py:179} INFO - Processing /home/airflow/.local/lib/python3.8/site-packages/airflow/example_dags/example_short_circuit_operator.py took 0.065 seconds
[2023-10-21T05:36:56.855+0000] {processor.py:157} INFO - Started process (PID=2501) to work on /home/airflow/.local/lib/python3.8/site-packages/airflow/example_dags/example_short_circuit_operator.py
[2023-10-21T05:36:56.855+0000] {processor.py:829} INFO - Processing file /home/airflow/.local/lib/python3.8/site-packages/airflow/example_dags/example_short_circuit_operator.py for tasks to queue
[2023-10-21T05:36:56.856+0000] {logging_mixin.py:151} INFO - [2023-10-21T05:36:56.856+0000] {dagbag.py:536} INFO - Filling up the DagBag from /home/airflow/.local/lib/python3.8/site-packages/airflow/example_dags/example_short_circuit_operator.py
[2023-10-21T05:36:56.862+0000] {processor.py:839} INFO - DAG(s) dict_keys(['example_short_circuit_operator']) retrieved from /home/airflow/.local/lib/python3.8/site-packages/airflow/example_dags/example_short_circuit_operator.py
[2023-10-21T05:36:56.881+0000] {logging_mixin.py:151} INFO - [2023-10-21T05:36:56.881+0000] {dag.py:2941} INFO - Sync 1 DAGs
[2023-10-21T05:36:56.901+0000] {logging_mixin.py:151} INFO - [2023-10-21T05:36:56.900+0000] {dag.py:3722} INFO - Setting next_dagrun for example_short_circuit_operator to 2023-10-20T05:36:56.900601+00:00, run_after=2023-10-21T05:36:56.900601+00:00
[2023-10-21T05:36:56.923+0000] {processor.py:179} INFO - Processing /home/airflow/.local/lib/python3.8/site-packages/airflow/example_dags/example_short_circuit_operator.py took 0.070 seconds
[2023-10-21T05:37:27.050+0000] {processor.py:157} INFO - Started process (PID=2739) to work on /home/airflow/.local/lib/python3.8/site-packages/airflow/example_dags/example_short_circuit_operator.py
[2023-10-21T05:37:27.051+0000] {processor.py:829} INFO - Processing file /home/airflow/.local/lib/python3.8/site-packages/airflow/example_dags/example_short_circuit_operator.py for tasks to queue
[2023-10-21T05:37:27.051+0000] {logging_mixin.py:151} INFO - [2023-10-21T05:37:27.051+0000] {dagbag.py:536} INFO - Filling up the DagBag from /home/airflow/.local/lib/python3.8/site-packages/airflow/example_dags/example_short_circuit_operator.py
[2023-10-21T05:37:27.058+0000] {processor.py:839} INFO - DAG(s) dict_keys(['example_short_circuit_operator']) retrieved from /home/airflow/.local/lib/python3.8/site-packages/airflow/example_dags/example_short_circuit_operator.py
[2023-10-21T05:37:27.077+0000] {logging_mixin.py:151} INFO - [2023-10-21T05:37:27.077+0000] {dag.py:2941} INFO - Sync 1 DAGs
[2023-10-21T05:37:27.096+0000] {logging_mixin.py:151} INFO - [2023-10-21T05:37:27.096+0000] {dag.py:3722} INFO - Setting next_dagrun for example_short_circuit_operator to 2023-10-20T05:37:27.096297+00:00, run_after=2023-10-21T05:37:27.096297+00:00
[2023-10-21T05:37:27.114+0000] {processor.py:179} INFO - Processing /home/airflow/.local/lib/python3.8/site-packages/airflow/example_dags/example_short_circuit_operator.py took 0.066 seconds
[2023-10-21T05:37:57.406+0000] {processor.py:157} INFO - Started process (PID=2977) to work on /home/airflow/.local/lib/python3.8/site-packages/airflow/example_dags/example_short_circuit_operator.py
[2023-10-21T05:37:57.407+0000] {processor.py:829} INFO - Processing file /home/airflow/.local/lib/python3.8/site-packages/airflow/example_dags/example_short_circuit_operator.py for tasks to queue
[2023-10-21T05:37:57.407+0000] {logging_mixin.py:151} INFO - [2023-10-21T05:37:57.407+0000] {dagbag.py:536} INFO - Filling up the DagBag from /home/airflow/.local/lib/python3.8/site-packages/airflow/example_dags/example_short_circuit_operator.py
[2023-10-21T05:37:57.417+0000] {processor.py:839} INFO - DAG(s) dict_keys(['example_short_circuit_operator']) retrieved from /home/airflow/.local/lib/python3.8/site-packages/airflow/example_dags/example_short_circuit_operator.py
[2023-10-21T05:37:57.441+0000] {logging_mixin.py:151} INFO - [2023-10-21T05:37:57.441+0000] {dag.py:2941} INFO - Sync 1 DAGs
[2023-10-21T05:37:57.467+0000] {logging_mixin.py:151} INFO - [2023-10-21T05:37:57.467+0000] {dag.py:3722} INFO - Setting next_dagrun for example_short_circuit_operator to 2023-10-20T05:37:57.467028+00:00, run_after=2023-10-21T05:37:57.467028+00:00
[2023-10-21T05:37:57.490+0000] {processor.py:179} INFO - Processing /home/airflow/.local/lib/python3.8/site-packages/airflow/example_dags/example_short_circuit_operator.py took 0.087 seconds
[2023-10-21T05:38:27.901+0000] {processor.py:157} INFO - Started process (PID=3216) to work on /home/airflow/.local/lib/python3.8/site-packages/airflow/example_dags/example_short_circuit_operator.py
[2023-10-21T05:38:27.902+0000] {processor.py:829} INFO - Processing file /home/airflow/.local/lib/python3.8/site-packages/airflow/example_dags/example_short_circuit_operator.py for tasks to queue
[2023-10-21T05:38:27.903+0000] {logging_mixin.py:151} INFO - [2023-10-21T05:38:27.903+0000] {dagbag.py:536} INFO - Filling up the DagBag from /home/airflow/.local/lib/python3.8/site-packages/airflow/example_dags/example_short_circuit_operator.py
[2023-10-21T05:38:27.910+0000] {processor.py:839} INFO - DAG(s) dict_keys(['example_short_circuit_operator']) retrieved from /home/airflow/.local/lib/python3.8/site-packages/airflow/example_dags/example_short_circuit_operator.py
[2023-10-21T05:38:27.932+0000] {logging_mixin.py:151} INFO - [2023-10-21T05:38:27.932+0000] {dag.py:2941} INFO - Sync 1 DAGs
[2023-10-21T05:38:27.953+0000] {logging_mixin.py:151} INFO - [2023-10-21T05:38:27.953+0000] {dag.py:3722} INFO - Setting next_dagrun for example_short_circuit_operator to 2023-10-20T05:38:27.953396+00:00, run_after=2023-10-21T05:38:27.953396+00:00
[2023-10-21T05:38:27.973+0000] {processor.py:179} INFO - Processing /home/airflow/.local/lib/python3.8/site-packages/airflow/example_dags/example_short_circuit_operator.py took 0.074 seconds
[2023-10-21T05:38:58.190+0000] {processor.py:157} INFO - Started process (PID=3453) to work on /home/airflow/.local/lib/python3.8/site-packages/airflow/example_dags/example_short_circuit_operator.py
[2023-10-21T05:38:58.191+0000] {processor.py:829} INFO - Processing file /home/airflow/.local/lib/python3.8/site-packages/airflow/example_dags/example_short_circuit_operator.py for tasks to queue
[2023-10-21T05:38:58.191+0000] {logging_mixin.py:151} INFO - [2023-10-21T05:38:58.191+0000] {dagbag.py:536} INFO - Filling up the DagBag from /home/airflow/.local/lib/python3.8/site-packages/airflow/example_dags/example_short_circuit_operator.py
[2023-10-21T05:38:58.200+0000] {processor.py:839} INFO - DAG(s) dict_keys(['example_short_circuit_operator']) retrieved from /home/airflow/.local/lib/python3.8/site-packages/airflow/example_dags/example_short_circuit_operator.py
[2023-10-21T05:38:58.222+0000] {logging_mixin.py:151} INFO - [2023-10-21T05:38:58.222+0000] {dag.py:2941} INFO - Sync 1 DAGs
[2023-10-21T05:38:58.246+0000] {logging_mixin.py:151} INFO - [2023-10-21T05:38:58.245+0000] {dag.py:3722} INFO - Setting next_dagrun for example_short_circuit_operator to 2023-10-20T05:38:58.245663+00:00, run_after=2023-10-21T05:38:58.245663+00:00
[2023-10-21T05:38:58.270+0000] {processor.py:179} INFO - Processing /home/airflow/.local/lib/python3.8/site-packages/airflow/example_dags/example_short_circuit_operator.py took 0.083 seconds
[2023-10-21T05:39:28.384+0000] {processor.py:157} INFO - Started process (PID=3691) to work on /home/airflow/.local/lib/python3.8/site-packages/airflow/example_dags/example_short_circuit_operator.py
[2023-10-21T05:39:28.385+0000] {processor.py:829} INFO - Processing file /home/airflow/.local/lib/python3.8/site-packages/airflow/example_dags/example_short_circuit_operator.py for tasks to queue
[2023-10-21T05:39:28.386+0000] {logging_mixin.py:151} INFO - [2023-10-21T05:39:28.385+0000] {dagbag.py:536} INFO - Filling up the DagBag from /home/airflow/.local/lib/python3.8/site-packages/airflow/example_dags/example_short_circuit_operator.py
[2023-10-21T05:39:28.393+0000] {processor.py:839} INFO - DAG(s) dict_keys(['example_short_circuit_operator']) retrieved from /home/airflow/.local/lib/python3.8/site-packages/airflow/example_dags/example_short_circuit_operator.py
[2023-10-21T05:39:28.413+0000] {logging_mixin.py:151} INFO - [2023-10-21T05:39:28.413+0000] {dag.py:2941} INFO - Sync 1 DAGs
[2023-10-21T05:39:28.437+0000] {logging_mixin.py:151} INFO - [2023-10-21T05:39:28.437+0000] {dag.py:3722} INFO - Setting next_dagrun for example_short_circuit_operator to 2023-10-20T05:39:28.436900+00:00, run_after=2023-10-21T05:39:28.436900+00:00
[2023-10-21T05:39:28.457+0000] {processor.py:179} INFO - Processing /home/airflow/.local/lib/python3.8/site-packages/airflow/example_dags/example_short_circuit_operator.py took 0.076 seconds
[2023-10-21T05:39:59.254+0000] {processor.py:157} INFO - Started process (PID=3929) to work on /home/airflow/.local/lib/python3.8/site-packages/airflow/example_dags/example_short_circuit_operator.py
[2023-10-21T05:39:59.254+0000] {processor.py:829} INFO - Processing file /home/airflow/.local/lib/python3.8/site-packages/airflow/example_dags/example_short_circuit_operator.py for tasks to queue
[2023-10-21T05:39:59.255+0000] {logging_mixin.py:151} INFO - [2023-10-21T05:39:59.255+0000] {dagbag.py:536} INFO - Filling up the DagBag from /home/airflow/.local/lib/python3.8/site-packages/airflow/example_dags/example_short_circuit_operator.py
[2023-10-21T05:39:59.262+0000] {processor.py:839} INFO - DAG(s) dict_keys(['example_short_circuit_operator']) retrieved from /home/airflow/.local/lib/python3.8/site-packages/airflow/example_dags/example_short_circuit_operator.py
[2023-10-21T05:39:59.283+0000] {logging_mixin.py:151} INFO - [2023-10-21T05:39:59.282+0000] {dag.py:2941} INFO - Sync 1 DAGs
[2023-10-21T05:39:59.304+0000] {logging_mixin.py:151} INFO - [2023-10-21T05:39:59.304+0000] {dag.py:3722} INFO - Setting next_dagrun for example_short_circuit_operator to 2023-10-20T05:39:59.304353+00:00, run_after=2023-10-21T05:39:59.304353+00:00
[2023-10-21T05:39:59.326+0000] {processor.py:179} INFO - Processing /home/airflow/.local/lib/python3.8/site-packages/airflow/example_dags/example_short_circuit_operator.py took 0.075 seconds
[2023-10-21T05:40:29.997+0000] {processor.py:157} INFO - Started process (PID=4167) to work on /home/airflow/.local/lib/python3.8/site-packages/airflow/example_dags/example_short_circuit_operator.py
[2023-10-21T05:40:29.998+0000] {processor.py:829} INFO - Processing file /home/airflow/.local/lib/python3.8/site-packages/airflow/example_dags/example_short_circuit_operator.py for tasks to queue
[2023-10-21T05:40:29.999+0000] {logging_mixin.py:151} INFO - [2023-10-21T05:40:29.999+0000] {dagbag.py:536} INFO - Filling up the DagBag from /home/airflow/.local/lib/python3.8/site-packages/airflow/example_dags/example_short_circuit_operator.py
[2023-10-21T05:40:30.008+0000] {processor.py:839} INFO - DAG(s) dict_keys(['example_short_circuit_operator']) retrieved from /home/airflow/.local/lib/python3.8/site-packages/airflow/example_dags/example_short_circuit_operator.py
[2023-10-21T05:40:30.031+0000] {logging_mixin.py:151} INFO - [2023-10-21T05:40:30.031+0000] {dag.py:2941} INFO - Sync 1 DAGs
[2023-10-21T05:40:30.053+0000] {logging_mixin.py:151} INFO - [2023-10-21T05:40:30.053+0000] {dag.py:3722} INFO - Setting next_dagrun for example_short_circuit_operator to 2023-10-20T05:40:30.053102+00:00, run_after=2023-10-21T05:40:30.053102+00:00
[2023-10-21T05:40:30.072+0000] {processor.py:179} INFO - Processing /home/airflow/.local/lib/python3.8/site-packages/airflow/example_dags/example_short_circuit_operator.py took 0.077 seconds
[2023-10-21T05:41:00.358+0000] {processor.py:157} INFO - Started process (PID=4406) to work on /home/airflow/.local/lib/python3.8/site-packages/airflow/example_dags/example_short_circuit_operator.py
[2023-10-21T05:41:00.358+0000] {processor.py:829} INFO - Processing file /home/airflow/.local/lib/python3.8/site-packages/airflow/example_dags/example_short_circuit_operator.py for tasks to queue
[2023-10-21T05:41:00.359+0000] {logging_mixin.py:151} INFO - [2023-10-21T05:41:00.359+0000] {dagbag.py:536} INFO - Filling up the DagBag from /home/airflow/.local/lib/python3.8/site-packages/airflow/example_dags/example_short_circuit_operator.py
[2023-10-21T05:41:00.365+0000] {processor.py:839} INFO - DAG(s) dict_keys(['example_short_circuit_operator']) retrieved from /home/airflow/.local/lib/python3.8/site-packages/airflow/example_dags/example_short_circuit_operator.py
[2023-10-21T05:41:00.382+0000] {logging_mixin.py:151} INFO - [2023-10-21T05:41:00.382+0000] {dag.py:2941} INFO - Sync 1 DAGs
[2023-10-21T05:41:00.400+0000] {logging_mixin.py:151} INFO - [2023-10-21T05:41:00.400+0000] {dag.py:3722} INFO - Setting next_dagrun for example_short_circuit_operator to 2023-10-20T05:41:00.400293+00:00, run_after=2023-10-21T05:41:00.400293+00:00
[2023-10-21T05:41:00.419+0000] {processor.py:179} INFO - Processing /home/airflow/.local/lib/python3.8/site-packages/airflow/example_dags/example_short_circuit_operator.py took 0.063 seconds
