[2023-10-21T05:32:21.918+0000] {processor.py:157} INFO - Started process (PID=292) to work on /home/airflow/.local/lib/python3.8/site-packages/airflow/example_dags/example_sla_dag.py
[2023-10-21T05:32:21.918+0000] {processor.py:829} INFO - Processing file /home/airflow/.local/lib/python3.8/site-packages/airflow/example_dags/example_sla_dag.py for tasks to queue
[2023-10-21T05:32:21.919+0000] {logging_mixin.py:151} INFO - [2023-10-21T05:32:21.919+0000] {dagbag.py:536} INFO - Filling up the DagBag from /home/airflow/.local/lib/python3.8/site-packages/airflow/example_dags/example_sla_dag.py
[2023-10-21T05:32:21.926+0000] {processor.py:839} INFO - DAG(s) dict_keys(['example_sla_dag']) retrieved from /home/airflow/.local/lib/python3.8/site-packages/airflow/example_dags/example_sla_dag.py
[2023-10-21T05:32:21.936+0000] {logging_mixin.py:151} INFO - [2023-10-21T05:32:21.935+0000] {dag.py:2941} INFO - Sync 1 DAGs
[2023-10-21T05:32:21.967+0000] {logging_mixin.py:151} INFO - [2023-10-21T05:32:21.967+0000] {dag.py:3722} INFO - Setting next_dagrun for example_sla_dag to 2023-10-21T05:30:00+00:00, run_after=2023-10-21T05:32:00+00:00
[2023-10-21T05:32:21.988+0000] {processor.py:179} INFO - Processing /home/airflow/.local/lib/python3.8/site-packages/airflow/example_dags/example_sla_dag.py took 0.072 seconds
[2023-10-21T05:32:52.566+0000] {processor.py:157} INFO - Started process (PID=529) to work on /home/airflow/.local/lib/python3.8/site-packages/airflow/example_dags/example_sla_dag.py
[2023-10-21T05:32:52.567+0000] {processor.py:829} INFO - Processing file /home/airflow/.local/lib/python3.8/site-packages/airflow/example_dags/example_sla_dag.py for tasks to queue
[2023-10-21T05:32:52.568+0000] {logging_mixin.py:151} INFO - [2023-10-21T05:32:52.567+0000] {dagbag.py:536} INFO - Filling up the DagBag from /home/airflow/.local/lib/python3.8/site-packages/airflow/example_dags/example_sla_dag.py
[2023-10-21T05:32:52.574+0000] {processor.py:839} INFO - DAG(s) dict_keys(['example_sla_dag']) retrieved from /home/airflow/.local/lib/python3.8/site-packages/airflow/example_dags/example_sla_dag.py
[2023-10-21T05:32:52.589+0000] {logging_mixin.py:151} INFO - [2023-10-21T05:32:52.589+0000] {dag.py:2941} INFO - Sync 1 DAGs
[2023-10-21T05:32:52.610+0000] {logging_mixin.py:151} INFO - [2023-10-21T05:32:52.610+0000] {dag.py:3722} INFO - Setting next_dagrun for example_sla_dag to 2023-10-21T05:30:00+00:00, run_after=2023-10-21T05:32:00+00:00
[2023-10-21T05:32:52.627+0000] {processor.py:179} INFO - Processing /home/airflow/.local/lib/python3.8/site-packages/airflow/example_dags/example_sla_dag.py took 0.063 seconds
[2023-10-21T05:33:23.068+0000] {processor.py:157} INFO - Started process (PID=767) to work on /home/airflow/.local/lib/python3.8/site-packages/airflow/example_dags/example_sla_dag.py
[2023-10-21T05:33:23.069+0000] {processor.py:829} INFO - Processing file /home/airflow/.local/lib/python3.8/site-packages/airflow/example_dags/example_sla_dag.py for tasks to queue
[2023-10-21T05:33:23.071+0000] {logging_mixin.py:151} INFO - [2023-10-21T05:33:23.070+0000] {dagbag.py:536} INFO - Filling up the DagBag from /home/airflow/.local/lib/python3.8/site-packages/airflow/example_dags/example_sla_dag.py
[2023-10-21T05:33:23.086+0000] {processor.py:839} INFO - DAG(s) dict_keys(['example_sla_dag']) retrieved from /home/airflow/.local/lib/python3.8/site-packages/airflow/example_dags/example_sla_dag.py
[2023-10-21T05:33:23.136+0000] {logging_mixin.py:151} INFO - [2023-10-21T05:33:23.136+0000] {dag.py:2941} INFO - Sync 1 DAGs
[2023-10-21T05:33:23.195+0000] {logging_mixin.py:151} INFO - [2023-10-21T05:33:23.195+0000] {dag.py:3722} INFO - Setting next_dagrun for example_sla_dag to 2023-10-21T05:30:00+00:00, run_after=2023-10-21T05:32:00+00:00
[2023-10-21T05:33:23.227+0000] {processor.py:179} INFO - Processing /home/airflow/.local/lib/python3.8/site-packages/airflow/example_dags/example_sla_dag.py took 0.165 seconds
[2023-10-21T05:33:54.039+0000] {processor.py:157} INFO - Started process (PID=1005) to work on /home/airflow/.local/lib/python3.8/site-packages/airflow/example_dags/example_sla_dag.py
[2023-10-21T05:33:54.040+0000] {processor.py:829} INFO - Processing file /home/airflow/.local/lib/python3.8/site-packages/airflow/example_dags/example_sla_dag.py for tasks to queue
[2023-10-21T05:33:54.041+0000] {logging_mixin.py:151} INFO - [2023-10-21T05:33:54.041+0000] {dagbag.py:536} INFO - Filling up the DagBag from /home/airflow/.local/lib/python3.8/site-packages/airflow/example_dags/example_sla_dag.py
[2023-10-21T05:33:54.047+0000] {processor.py:839} INFO - DAG(s) dict_keys(['example_sla_dag']) retrieved from /home/airflow/.local/lib/python3.8/site-packages/airflow/example_dags/example_sla_dag.py
[2023-10-21T05:33:54.062+0000] {logging_mixin.py:151} INFO - [2023-10-21T05:33:54.062+0000] {dag.py:2941} INFO - Sync 1 DAGs
[2023-10-21T05:33:54.084+0000] {logging_mixin.py:151} INFO - [2023-10-21T05:33:54.083+0000] {dag.py:3722} INFO - Setting next_dagrun for example_sla_dag to 2023-10-21T05:30:00+00:00, run_after=2023-10-21T05:32:00+00:00
[2023-10-21T05:33:54.101+0000] {processor.py:179} INFO - Processing /home/airflow/.local/lib/python3.8/site-packages/airflow/example_dags/example_sla_dag.py took 0.063 seconds
[2023-10-21T05:34:24.777+0000] {processor.py:157} INFO - Started process (PID=1243) to work on /home/airflow/.local/lib/python3.8/site-packages/airflow/example_dags/example_sla_dag.py
[2023-10-21T05:34:24.777+0000] {processor.py:829} INFO - Processing file /home/airflow/.local/lib/python3.8/site-packages/airflow/example_dags/example_sla_dag.py for tasks to queue
[2023-10-21T05:34:24.778+0000] {logging_mixin.py:151} INFO - [2023-10-21T05:34:24.778+0000] {dagbag.py:536} INFO - Filling up the DagBag from /home/airflow/.local/lib/python3.8/site-packages/airflow/example_dags/example_sla_dag.py
[2023-10-21T05:34:24.789+0000] {processor.py:839} INFO - DAG(s) dict_keys(['example_sla_dag']) retrieved from /home/airflow/.local/lib/python3.8/site-packages/airflow/example_dags/example_sla_dag.py
[2023-10-21T05:34:24.815+0000] {logging_mixin.py:151} INFO - [2023-10-21T05:34:24.814+0000] {dag.py:2941} INFO - Sync 1 DAGs
[2023-10-21T05:34:24.854+0000] {logging_mixin.py:151} INFO - [2023-10-21T05:34:24.853+0000] {dag.py:3722} INFO - Setting next_dagrun for example_sla_dag to 2023-10-21T05:32:00+00:00, run_after=2023-10-21T05:34:00+00:00
[2023-10-21T05:34:24.912+0000] {processor.py:179} INFO - Processing /home/airflow/.local/lib/python3.8/site-packages/airflow/example_dags/example_sla_dag.py took 0.139 seconds
[2023-10-21T05:34:55.315+0000] {processor.py:157} INFO - Started process (PID=1481) to work on /home/airflow/.local/lib/python3.8/site-packages/airflow/example_dags/example_sla_dag.py
[2023-10-21T05:34:55.316+0000] {processor.py:829} INFO - Processing file /home/airflow/.local/lib/python3.8/site-packages/airflow/example_dags/example_sla_dag.py for tasks to queue
[2023-10-21T05:34:55.317+0000] {logging_mixin.py:151} INFO - [2023-10-21T05:34:55.317+0000] {dagbag.py:536} INFO - Filling up the DagBag from /home/airflow/.local/lib/python3.8/site-packages/airflow/example_dags/example_sla_dag.py
[2023-10-21T05:34:55.323+0000] {processor.py:839} INFO - DAG(s) dict_keys(['example_sla_dag']) retrieved from /home/airflow/.local/lib/python3.8/site-packages/airflow/example_dags/example_sla_dag.py
[2023-10-21T05:34:55.339+0000] {logging_mixin.py:151} INFO - [2023-10-21T05:34:55.339+0000] {dag.py:2941} INFO - Sync 1 DAGs
[2023-10-21T05:34:55.364+0000] {logging_mixin.py:151} INFO - [2023-10-21T05:34:55.364+0000] {dag.py:3722} INFO - Setting next_dagrun for example_sla_dag to 2023-10-21T05:32:00+00:00, run_after=2023-10-21T05:34:00+00:00
[2023-10-21T05:34:55.383+0000] {processor.py:179} INFO - Processing /home/airflow/.local/lib/python3.8/site-packages/airflow/example_dags/example_sla_dag.py took 0.070 seconds
[2023-10-21T05:35:25.655+0000] {processor.py:157} INFO - Started process (PID=1719) to work on /home/airflow/.local/lib/python3.8/site-packages/airflow/example_dags/example_sla_dag.py
[2023-10-21T05:35:25.656+0000] {processor.py:829} INFO - Processing file /home/airflow/.local/lib/python3.8/site-packages/airflow/example_dags/example_sla_dag.py for tasks to queue
[2023-10-21T05:35:25.657+0000] {logging_mixin.py:151} INFO - [2023-10-21T05:35:25.656+0000] {dagbag.py:536} INFO - Filling up the DagBag from /home/airflow/.local/lib/python3.8/site-packages/airflow/example_dags/example_sla_dag.py
[2023-10-21T05:35:25.664+0000] {processor.py:839} INFO - DAG(s) dict_keys(['example_sla_dag']) retrieved from /home/airflow/.local/lib/python3.8/site-packages/airflow/example_dags/example_sla_dag.py
[2023-10-21T05:35:25.681+0000] {logging_mixin.py:151} INFO - [2023-10-21T05:35:25.681+0000] {dag.py:2941} INFO - Sync 1 DAGs
[2023-10-21T05:35:25.703+0000] {logging_mixin.py:151} INFO - [2023-10-21T05:35:25.703+0000] {dag.py:3722} INFO - Setting next_dagrun for example_sla_dag to 2023-10-21T05:32:00+00:00, run_after=2023-10-21T05:34:00+00:00
[2023-10-21T05:35:25.722+0000] {processor.py:179} INFO - Processing /home/airflow/.local/lib/python3.8/site-packages/airflow/example_dags/example_sla_dag.py took 0.070 seconds
[2023-10-21T05:35:55.830+0000] {processor.py:157} INFO - Started process (PID=1957) to work on /home/airflow/.local/lib/python3.8/site-packages/airflow/example_dags/example_sla_dag.py
[2023-10-21T05:35:55.831+0000] {processor.py:829} INFO - Processing file /home/airflow/.local/lib/python3.8/site-packages/airflow/example_dags/example_sla_dag.py for tasks to queue
[2023-10-21T05:35:55.831+0000] {logging_mixin.py:151} INFO - [2023-10-21T05:35:55.831+0000] {dagbag.py:536} INFO - Filling up the DagBag from /home/airflow/.local/lib/python3.8/site-packages/airflow/example_dags/example_sla_dag.py
[2023-10-21T05:35:55.838+0000] {processor.py:839} INFO - DAG(s) dict_keys(['example_sla_dag']) retrieved from /home/airflow/.local/lib/python3.8/site-packages/airflow/example_dags/example_sla_dag.py
[2023-10-21T05:35:55.856+0000] {logging_mixin.py:151} INFO - [2023-10-21T05:35:55.856+0000] {dag.py:2941} INFO - Sync 1 DAGs
[2023-10-21T05:35:55.881+0000] {logging_mixin.py:151} INFO - [2023-10-21T05:35:55.881+0000] {dag.py:3722} INFO - Setting next_dagrun for example_sla_dag to 2023-10-21T05:32:00+00:00, run_after=2023-10-21T05:34:00+00:00
[2023-10-21T05:35:55.902+0000] {processor.py:179} INFO - Processing /home/airflow/.local/lib/python3.8/site-packages/airflow/example_dags/example_sla_dag.py took 0.074 seconds
[2023-10-21T05:36:26.413+0000] {processor.py:157} INFO - Started process (PID=2243) to work on /home/airflow/.local/lib/python3.8/site-packages/airflow/example_dags/example_sla_dag.py
[2023-10-21T05:36:26.414+0000] {processor.py:829} INFO - Processing file /home/airflow/.local/lib/python3.8/site-packages/airflow/example_dags/example_sla_dag.py for tasks to queue
[2023-10-21T05:36:26.414+0000] {logging_mixin.py:151} INFO - [2023-10-21T05:36:26.414+0000] {dagbag.py:536} INFO - Filling up the DagBag from /home/airflow/.local/lib/python3.8/site-packages/airflow/example_dags/example_sla_dag.py
[2023-10-21T05:36:26.420+0000] {processor.py:839} INFO - DAG(s) dict_keys(['example_sla_dag']) retrieved from /home/airflow/.local/lib/python3.8/site-packages/airflow/example_dags/example_sla_dag.py
[2023-10-21T05:36:26.436+0000] {logging_mixin.py:151} INFO - [2023-10-21T05:36:26.435+0000] {dag.py:2941} INFO - Sync 1 DAGs
[2023-10-21T05:36:26.458+0000] {logging_mixin.py:151} INFO - [2023-10-21T05:36:26.458+0000] {dag.py:3722} INFO - Setting next_dagrun for example_sla_dag to 2023-10-21T05:34:00+00:00, run_after=2023-10-21T05:36:00+00:00
[2023-10-21T05:36:26.478+0000] {processor.py:179} INFO - Processing /home/airflow/.local/lib/python3.8/site-packages/airflow/example_dags/example_sla_dag.py took 0.067 seconds
[2023-10-21T05:36:56.691+0000] {processor.py:157} INFO - Started process (PID=2481) to work on /home/airflow/.local/lib/python3.8/site-packages/airflow/example_dags/example_sla_dag.py
[2023-10-21T05:36:56.692+0000] {processor.py:829} INFO - Processing file /home/airflow/.local/lib/python3.8/site-packages/airflow/example_dags/example_sla_dag.py for tasks to queue
[2023-10-21T05:36:56.692+0000] {logging_mixin.py:151} INFO - [2023-10-21T05:36:56.692+0000] {dagbag.py:536} INFO - Filling up the DagBag from /home/airflow/.local/lib/python3.8/site-packages/airflow/example_dags/example_sla_dag.py
[2023-10-21T05:36:56.699+0000] {processor.py:839} INFO - DAG(s) dict_keys(['example_sla_dag']) retrieved from /home/airflow/.local/lib/python3.8/site-packages/airflow/example_dags/example_sla_dag.py
[2023-10-21T05:36:56.714+0000] {logging_mixin.py:151} INFO - [2023-10-21T05:36:56.714+0000] {dag.py:2941} INFO - Sync 1 DAGs
[2023-10-21T05:36:56.736+0000] {logging_mixin.py:151} INFO - [2023-10-21T05:36:56.736+0000] {dag.py:3722} INFO - Setting next_dagrun for example_sla_dag to 2023-10-21T05:34:00+00:00, run_after=2023-10-21T05:36:00+00:00
[2023-10-21T05:36:56.755+0000] {processor.py:179} INFO - Processing /home/airflow/.local/lib/python3.8/site-packages/airflow/example_dags/example_sla_dag.py took 0.066 seconds
[2023-10-21T05:37:26.870+0000] {processor.py:157} INFO - Started process (PID=2720) to work on /home/airflow/.local/lib/python3.8/site-packages/airflow/example_dags/example_sla_dag.py
[2023-10-21T05:37:26.871+0000] {processor.py:829} INFO - Processing file /home/airflow/.local/lib/python3.8/site-packages/airflow/example_dags/example_sla_dag.py for tasks to queue
[2023-10-21T05:37:26.872+0000] {logging_mixin.py:151} INFO - [2023-10-21T05:37:26.871+0000] {dagbag.py:536} INFO - Filling up the DagBag from /home/airflow/.local/lib/python3.8/site-packages/airflow/example_dags/example_sla_dag.py
[2023-10-21T05:37:26.880+0000] {processor.py:839} INFO - DAG(s) dict_keys(['example_sla_dag']) retrieved from /home/airflow/.local/lib/python3.8/site-packages/airflow/example_dags/example_sla_dag.py
[2023-10-21T05:37:26.897+0000] {logging_mixin.py:151} INFO - [2023-10-21T05:37:26.897+0000] {dag.py:2941} INFO - Sync 1 DAGs
[2023-10-21T05:37:26.919+0000] {logging_mixin.py:151} INFO - [2023-10-21T05:37:26.919+0000] {dag.py:3722} INFO - Setting next_dagrun for example_sla_dag to 2023-10-21T05:34:00+00:00, run_after=2023-10-21T05:36:00+00:00
[2023-10-21T05:37:26.938+0000] {processor.py:179} INFO - Processing /home/airflow/.local/lib/python3.8/site-packages/airflow/example_dags/example_sla_dag.py took 0.070 seconds
[2023-10-21T05:37:57.143+0000] {processor.py:157} INFO - Started process (PID=2957) to work on /home/airflow/.local/lib/python3.8/site-packages/airflow/example_dags/example_sla_dag.py
[2023-10-21T05:37:57.144+0000] {processor.py:829} INFO - Processing file /home/airflow/.local/lib/python3.8/site-packages/airflow/example_dags/example_sla_dag.py for tasks to queue
[2023-10-21T05:37:57.145+0000] {logging_mixin.py:151} INFO - [2023-10-21T05:37:57.145+0000] {dagbag.py:536} INFO - Filling up the DagBag from /home/airflow/.local/lib/python3.8/site-packages/airflow/example_dags/example_sla_dag.py
[2023-10-21T05:37:57.158+0000] {processor.py:839} INFO - DAG(s) dict_keys(['example_sla_dag']) retrieved from /home/airflow/.local/lib/python3.8/site-packages/airflow/example_dags/example_sla_dag.py
[2023-10-21T05:37:57.190+0000] {logging_mixin.py:151} INFO - [2023-10-21T05:37:57.189+0000] {dag.py:2941} INFO - Sync 1 DAGs
[2023-10-21T05:37:57.238+0000] {logging_mixin.py:151} INFO - [2023-10-21T05:37:57.238+0000] {dag.py:3722} INFO - Setting next_dagrun for example_sla_dag to 2023-10-21T05:34:00+00:00, run_after=2023-10-21T05:36:00+00:00
[2023-10-21T05:37:57.263+0000] {processor.py:179} INFO - Processing /home/airflow/.local/lib/python3.8/site-packages/airflow/example_dags/example_sla_dag.py took 0.123 seconds
[2023-10-21T05:38:27.710+0000] {processor.py:157} INFO - Started process (PID=3195) to work on /home/airflow/.local/lib/python3.8/site-packages/airflow/example_dags/example_sla_dag.py
[2023-10-21T05:38:27.711+0000] {processor.py:829} INFO - Processing file /home/airflow/.local/lib/python3.8/site-packages/airflow/example_dags/example_sla_dag.py for tasks to queue
[2023-10-21T05:38:27.712+0000] {logging_mixin.py:151} INFO - [2023-10-21T05:38:27.712+0000] {dagbag.py:536} INFO - Filling up the DagBag from /home/airflow/.local/lib/python3.8/site-packages/airflow/example_dags/example_sla_dag.py
[2023-10-21T05:38:27.719+0000] {processor.py:839} INFO - DAG(s) dict_keys(['example_sla_dag']) retrieved from /home/airflow/.local/lib/python3.8/site-packages/airflow/example_dags/example_sla_dag.py
[2023-10-21T05:38:27.737+0000] {logging_mixin.py:151} INFO - [2023-10-21T05:38:27.737+0000] {dag.py:2941} INFO - Sync 1 DAGs
[2023-10-21T05:38:27.765+0000] {logging_mixin.py:151} INFO - [2023-10-21T05:38:27.765+0000] {dag.py:3722} INFO - Setting next_dagrun for example_sla_dag to 2023-10-21T05:36:00+00:00, run_after=2023-10-21T05:38:00+00:00
[2023-10-21T05:38:27.784+0000] {processor.py:179} INFO - Processing /home/airflow/.local/lib/python3.8/site-packages/airflow/example_dags/example_sla_dag.py took 0.077 seconds
[2023-10-21T05:38:57.983+0000] {processor.py:157} INFO - Started process (PID=3433) to work on /home/airflow/.local/lib/python3.8/site-packages/airflow/example_dags/example_sla_dag.py
[2023-10-21T05:38:57.983+0000] {processor.py:829} INFO - Processing file /home/airflow/.local/lib/python3.8/site-packages/airflow/example_dags/example_sla_dag.py for tasks to queue
[2023-10-21T05:38:57.984+0000] {logging_mixin.py:151} INFO - [2023-10-21T05:38:57.984+0000] {dagbag.py:536} INFO - Filling up the DagBag from /home/airflow/.local/lib/python3.8/site-packages/airflow/example_dags/example_sla_dag.py
[2023-10-21T05:38:57.992+0000] {processor.py:839} INFO - DAG(s) dict_keys(['example_sla_dag']) retrieved from /home/airflow/.local/lib/python3.8/site-packages/airflow/example_dags/example_sla_dag.py
[2023-10-21T05:38:58.012+0000] {logging_mixin.py:151} INFO - [2023-10-21T05:38:58.012+0000] {dag.py:2941} INFO - Sync 1 DAGs
[2023-10-21T05:38:58.037+0000] {logging_mixin.py:151} INFO - [2023-10-21T05:38:58.036+0000] {dag.py:3722} INFO - Setting next_dagrun for example_sla_dag to 2023-10-21T05:36:00+00:00, run_after=2023-10-21T05:38:00+00:00
[2023-10-21T05:38:58.060+0000] {processor.py:179} INFO - Processing /home/airflow/.local/lib/python3.8/site-packages/airflow/example_dags/example_sla_dag.py took 0.080 seconds
[2023-10-21T05:39:28.177+0000] {processor.py:157} INFO - Started process (PID=3671) to work on /home/airflow/.local/lib/python3.8/site-packages/airflow/example_dags/example_sla_dag.py
[2023-10-21T05:39:28.178+0000] {processor.py:829} INFO - Processing file /home/airflow/.local/lib/python3.8/site-packages/airflow/example_dags/example_sla_dag.py for tasks to queue
[2023-10-21T05:39:28.179+0000] {logging_mixin.py:151} INFO - [2023-10-21T05:39:28.179+0000] {dagbag.py:536} INFO - Filling up the DagBag from /home/airflow/.local/lib/python3.8/site-packages/airflow/example_dags/example_sla_dag.py
[2023-10-21T05:39:28.192+0000] {processor.py:839} INFO - DAG(s) dict_keys(['example_sla_dag']) retrieved from /home/airflow/.local/lib/python3.8/site-packages/airflow/example_dags/example_sla_dag.py
[2023-10-21T05:39:28.215+0000] {logging_mixin.py:151} INFO - [2023-10-21T05:39:28.214+0000] {dag.py:2941} INFO - Sync 1 DAGs
[2023-10-21T05:39:28.242+0000] {logging_mixin.py:151} INFO - [2023-10-21T05:39:28.241+0000] {dag.py:3722} INFO - Setting next_dagrun for example_sla_dag to 2023-10-21T05:36:00+00:00, run_after=2023-10-21T05:38:00+00:00
[2023-10-21T05:39:28.264+0000] {processor.py:179} INFO - Processing /home/airflow/.local/lib/python3.8/site-packages/airflow/example_dags/example_sla_dag.py took 0.092 seconds
[2023-10-21T05:39:59.071+0000] {processor.py:157} INFO - Started process (PID=3909) to work on /home/airflow/.local/lib/python3.8/site-packages/airflow/example_dags/example_sla_dag.py
[2023-10-21T05:39:59.072+0000] {processor.py:829} INFO - Processing file /home/airflow/.local/lib/python3.8/site-packages/airflow/example_dags/example_sla_dag.py for tasks to queue
[2023-10-21T05:39:59.072+0000] {logging_mixin.py:151} INFO - [2023-10-21T05:39:59.072+0000] {dagbag.py:536} INFO - Filling up the DagBag from /home/airflow/.local/lib/python3.8/site-packages/airflow/example_dags/example_sla_dag.py
[2023-10-21T05:39:59.079+0000] {processor.py:839} INFO - DAG(s) dict_keys(['example_sla_dag']) retrieved from /home/airflow/.local/lib/python3.8/site-packages/airflow/example_dags/example_sla_dag.py
[2023-10-21T05:39:59.098+0000] {logging_mixin.py:151} INFO - [2023-10-21T05:39:59.098+0000] {dag.py:2941} INFO - Sync 1 DAGs
[2023-10-21T05:39:59.124+0000] {logging_mixin.py:151} INFO - [2023-10-21T05:39:59.124+0000] {dag.py:3722} INFO - Setting next_dagrun for example_sla_dag to 2023-10-21T05:36:00+00:00, run_after=2023-10-21T05:38:00+00:00
[2023-10-21T05:39:59.143+0000] {processor.py:179} INFO - Processing /home/airflow/.local/lib/python3.8/site-packages/airflow/example_dags/example_sla_dag.py took 0.075 seconds
[2023-10-21T05:40:29.820+0000] {processor.py:157} INFO - Started process (PID=4147) to work on /home/airflow/.local/lib/python3.8/site-packages/airflow/example_dags/example_sla_dag.py
[2023-10-21T05:40:29.821+0000] {processor.py:829} INFO - Processing file /home/airflow/.local/lib/python3.8/site-packages/airflow/example_dags/example_sla_dag.py for tasks to queue
[2023-10-21T05:40:29.822+0000] {logging_mixin.py:151} INFO - [2023-10-21T05:40:29.822+0000] {dagbag.py:536} INFO - Filling up the DagBag from /home/airflow/.local/lib/python3.8/site-packages/airflow/example_dags/example_sla_dag.py
[2023-10-21T05:40:29.828+0000] {processor.py:839} INFO - DAG(s) dict_keys(['example_sla_dag']) retrieved from /home/airflow/.local/lib/python3.8/site-packages/airflow/example_dags/example_sla_dag.py
[2023-10-21T05:40:29.845+0000] {logging_mixin.py:151} INFO - [2023-10-21T05:40:29.845+0000] {dag.py:2941} INFO - Sync 1 DAGs
[2023-10-21T05:40:29.867+0000] {logging_mixin.py:151} INFO - [2023-10-21T05:40:29.867+0000] {dag.py:3722} INFO - Setting next_dagrun for example_sla_dag to 2023-10-21T05:38:00+00:00, run_after=2023-10-21T05:40:00+00:00
[2023-10-21T05:40:29.886+0000] {processor.py:179} INFO - Processing /home/airflow/.local/lib/python3.8/site-packages/airflow/example_dags/example_sla_dag.py took 0.068 seconds
[2023-10-21T05:41:00.188+0000] {processor.py:157} INFO - Started process (PID=4386) to work on /home/airflow/.local/lib/python3.8/site-packages/airflow/example_dags/example_sla_dag.py
[2023-10-21T05:41:00.188+0000] {processor.py:829} INFO - Processing file /home/airflow/.local/lib/python3.8/site-packages/airflow/example_dags/example_sla_dag.py for tasks to queue
[2023-10-21T05:41:00.189+0000] {logging_mixin.py:151} INFO - [2023-10-21T05:41:00.188+0000] {dagbag.py:536} INFO - Filling up the DagBag from /home/airflow/.local/lib/python3.8/site-packages/airflow/example_dags/example_sla_dag.py
[2023-10-21T05:41:00.195+0000] {processor.py:839} INFO - DAG(s) dict_keys(['example_sla_dag']) retrieved from /home/airflow/.local/lib/python3.8/site-packages/airflow/example_dags/example_sla_dag.py
[2023-10-21T05:41:00.209+0000] {logging_mixin.py:151} INFO - [2023-10-21T05:41:00.209+0000] {dag.py:2941} INFO - Sync 1 DAGs
[2023-10-21T05:41:00.230+0000] {logging_mixin.py:151} INFO - [2023-10-21T05:41:00.230+0000] {dag.py:3722} INFO - Setting next_dagrun for example_sla_dag to 2023-10-21T05:38:00+00:00, run_after=2023-10-21T05:40:00+00:00
[2023-10-21T05:41:00.247+0000] {processor.py:179} INFO - Processing /home/airflow/.local/lib/python3.8/site-packages/airflow/example_dags/example_sla_dag.py took 0.061 seconds
