[2023-10-21T05:32:21.531+0000] {processor.py:157} INFO - Started process (PID=251) to work on /home/airflow/.local/lib/python3.8/site-packages/airflow/example_dags/example_dynamic_task_mapping.py
[2023-10-21T05:32:21.532+0000] {processor.py:829} INFO - Processing file /home/airflow/.local/lib/python3.8/site-packages/airflow/example_dags/example_dynamic_task_mapping.py for tasks to queue
[2023-10-21T05:32:21.533+0000] {logging_mixin.py:151} INFO - [2023-10-21T05:32:21.533+0000] {dagbag.py:536} INFO - Filling up the DagBag from /home/airflow/.local/lib/python3.8/site-packages/airflow/example_dags/example_dynamic_task_mapping.py
[2023-10-21T05:32:21.542+0000] {processor.py:839} INFO - DAG(s) dict_keys(['example_dynamic_task_mapping']) retrieved from /home/airflow/.local/lib/python3.8/site-packages/airflow/example_dags/example_dynamic_task_mapping.py
[2023-10-21T05:32:21.553+0000] {logging_mixin.py:151} INFO - [2023-10-21T05:32:21.553+0000] {dag.py:2941} INFO - Sync 1 DAGs
[2023-10-21T05:32:21.576+0000] {logging_mixin.py:151} INFO - [2023-10-21T05:32:21.576+0000] {dag.py:3722} INFO - Setting next_dagrun for example_dynamic_task_mapping to 2022-03-04T00:00:00+00:00, run_after=2022-03-05T00:00:00+00:00
[2023-10-21T05:32:21.596+0000] {processor.py:179} INFO - Processing /home/airflow/.local/lib/python3.8/site-packages/airflow/example_dags/example_dynamic_task_mapping.py took 0.067 seconds
[2023-10-21T05:32:52.086+0000] {processor.py:157} INFO - Started process (PID=489) to work on /home/airflow/.local/lib/python3.8/site-packages/airflow/example_dags/example_dynamic_task_mapping.py
[2023-10-21T05:32:52.087+0000] {processor.py:829} INFO - Processing file /home/airflow/.local/lib/python3.8/site-packages/airflow/example_dags/example_dynamic_task_mapping.py for tasks to queue
[2023-10-21T05:32:52.087+0000] {logging_mixin.py:151} INFO - [2023-10-21T05:32:52.087+0000] {dagbag.py:536} INFO - Filling up the DagBag from /home/airflow/.local/lib/python3.8/site-packages/airflow/example_dags/example_dynamic_task_mapping.py
[2023-10-21T05:32:52.093+0000] {processor.py:839} INFO - DAG(s) dict_keys(['example_dynamic_task_mapping']) retrieved from /home/airflow/.local/lib/python3.8/site-packages/airflow/example_dags/example_dynamic_task_mapping.py
[2023-10-21T05:32:52.108+0000] {logging_mixin.py:151} INFO - [2023-10-21T05:32:52.108+0000] {dag.py:2941} INFO - Sync 1 DAGs
[2023-10-21T05:32:52.126+0000] {logging_mixin.py:151} INFO - [2023-10-21T05:32:52.126+0000] {dag.py:3722} INFO - Setting next_dagrun for example_dynamic_task_mapping to 2022-03-04T00:00:00+00:00, run_after=2022-03-05T00:00:00+00:00
[2023-10-21T05:32:52.143+0000] {processor.py:179} INFO - Processing /home/airflow/.local/lib/python3.8/site-packages/airflow/example_dags/example_dynamic_task_mapping.py took 0.059 seconds
[2023-10-21T05:33:22.581+0000] {processor.py:157} INFO - Started process (PID=727) to work on /home/airflow/.local/lib/python3.8/site-packages/airflow/example_dags/example_dynamic_task_mapping.py
[2023-10-21T05:33:22.582+0000] {processor.py:829} INFO - Processing file /home/airflow/.local/lib/python3.8/site-packages/airflow/example_dags/example_dynamic_task_mapping.py for tasks to queue
[2023-10-21T05:33:22.582+0000] {logging_mixin.py:151} INFO - [2023-10-21T05:33:22.582+0000] {dagbag.py:536} INFO - Filling up the DagBag from /home/airflow/.local/lib/python3.8/site-packages/airflow/example_dags/example_dynamic_task_mapping.py
[2023-10-21T05:33:22.588+0000] {processor.py:839} INFO - DAG(s) dict_keys(['example_dynamic_task_mapping']) retrieved from /home/airflow/.local/lib/python3.8/site-packages/airflow/example_dags/example_dynamic_task_mapping.py
[2023-10-21T05:33:22.605+0000] {logging_mixin.py:151} INFO - [2023-10-21T05:33:22.605+0000] {dag.py:2941} INFO - Sync 1 DAGs
[2023-10-21T05:33:22.624+0000] {logging_mixin.py:151} INFO - [2023-10-21T05:33:22.624+0000] {dag.py:3722} INFO - Setting next_dagrun for example_dynamic_task_mapping to 2022-03-04T00:00:00+00:00, run_after=2022-03-05T00:00:00+00:00
[2023-10-21T05:33:22.644+0000] {processor.py:179} INFO - Processing /home/airflow/.local/lib/python3.8/site-packages/airflow/example_dags/example_dynamic_task_mapping.py took 0.067 seconds
[2023-10-21T05:33:53.599+0000] {processor.py:157} INFO - Started process (PID=965) to work on /home/airflow/.local/lib/python3.8/site-packages/airflow/example_dags/example_dynamic_task_mapping.py
[2023-10-21T05:33:53.600+0000] {processor.py:829} INFO - Processing file /home/airflow/.local/lib/python3.8/site-packages/airflow/example_dags/example_dynamic_task_mapping.py for tasks to queue
[2023-10-21T05:33:53.600+0000] {logging_mixin.py:151} INFO - [2023-10-21T05:33:53.600+0000] {dagbag.py:536} INFO - Filling up the DagBag from /home/airflow/.local/lib/python3.8/site-packages/airflow/example_dags/example_dynamic_task_mapping.py
[2023-10-21T05:33:53.605+0000] {processor.py:839} INFO - DAG(s) dict_keys(['example_dynamic_task_mapping']) retrieved from /home/airflow/.local/lib/python3.8/site-packages/airflow/example_dags/example_dynamic_task_mapping.py
[2023-10-21T05:33:53.619+0000] {logging_mixin.py:151} INFO - [2023-10-21T05:33:53.619+0000] {dag.py:2941} INFO - Sync 1 DAGs
[2023-10-21T05:33:53.637+0000] {logging_mixin.py:151} INFO - [2023-10-21T05:33:53.637+0000] {dag.py:3722} INFO - Setting next_dagrun for example_dynamic_task_mapping to 2022-03-04T00:00:00+00:00, run_after=2022-03-05T00:00:00+00:00
[2023-10-21T05:33:53.652+0000] {processor.py:179} INFO - Processing /home/airflow/.local/lib/python3.8/site-packages/airflow/example_dags/example_dynamic_task_mapping.py took 0.056 seconds
[2023-10-21T05:34:24.079+0000] {processor.py:157} INFO - Started process (PID=1203) to work on /home/airflow/.local/lib/python3.8/site-packages/airflow/example_dags/example_dynamic_task_mapping.py
[2023-10-21T05:34:24.080+0000] {processor.py:829} INFO - Processing file /home/airflow/.local/lib/python3.8/site-packages/airflow/example_dags/example_dynamic_task_mapping.py for tasks to queue
[2023-10-21T05:34:24.081+0000] {logging_mixin.py:151} INFO - [2023-10-21T05:34:24.080+0000] {dagbag.py:536} INFO - Filling up the DagBag from /home/airflow/.local/lib/python3.8/site-packages/airflow/example_dags/example_dynamic_task_mapping.py
[2023-10-21T05:34:24.089+0000] {processor.py:839} INFO - DAG(s) dict_keys(['example_dynamic_task_mapping']) retrieved from /home/airflow/.local/lib/python3.8/site-packages/airflow/example_dags/example_dynamic_task_mapping.py
[2023-10-21T05:34:24.112+0000] {logging_mixin.py:151} INFO - [2023-10-21T05:34:24.111+0000] {dag.py:2941} INFO - Sync 1 DAGs
[2023-10-21T05:34:24.140+0000] {logging_mixin.py:151} INFO - [2023-10-21T05:34:24.140+0000] {dag.py:3722} INFO - Setting next_dagrun for example_dynamic_task_mapping to 2022-03-04T00:00:00+00:00, run_after=2022-03-05T00:00:00+00:00
[2023-10-21T05:34:24.163+0000] {processor.py:179} INFO - Processing /home/airflow/.local/lib/python3.8/site-packages/airflow/example_dags/example_dynamic_task_mapping.py took 0.088 seconds
[2023-10-21T05:34:54.869+0000] {processor.py:157} INFO - Started process (PID=1441) to work on /home/airflow/.local/lib/python3.8/site-packages/airflow/example_dags/example_dynamic_task_mapping.py
[2023-10-21T05:34:54.870+0000] {processor.py:829} INFO - Processing file /home/airflow/.local/lib/python3.8/site-packages/airflow/example_dags/example_dynamic_task_mapping.py for tasks to queue
[2023-10-21T05:34:54.870+0000] {logging_mixin.py:151} INFO - [2023-10-21T05:34:54.870+0000] {dagbag.py:536} INFO - Filling up the DagBag from /home/airflow/.local/lib/python3.8/site-packages/airflow/example_dags/example_dynamic_task_mapping.py
[2023-10-21T05:34:54.876+0000] {processor.py:839} INFO - DAG(s) dict_keys(['example_dynamic_task_mapping']) retrieved from /home/airflow/.local/lib/python3.8/site-packages/airflow/example_dags/example_dynamic_task_mapping.py
[2023-10-21T05:34:54.891+0000] {logging_mixin.py:151} INFO - [2023-10-21T05:34:54.891+0000] {dag.py:2941} INFO - Sync 1 DAGs
[2023-10-21T05:34:54.910+0000] {logging_mixin.py:151} INFO - [2023-10-21T05:34:54.910+0000] {dag.py:3722} INFO - Setting next_dagrun for example_dynamic_task_mapping to 2022-03-04T00:00:00+00:00, run_after=2022-03-05T00:00:00+00:00
[2023-10-21T05:34:54.927+0000] {processor.py:179} INFO - Processing /home/airflow/.local/lib/python3.8/site-packages/airflow/example_dags/example_dynamic_task_mapping.py took 0.061 seconds
[2023-10-21T05:35:25.174+0000] {processor.py:157} INFO - Started process (PID=1679) to work on /home/airflow/.local/lib/python3.8/site-packages/airflow/example_dags/example_dynamic_task_mapping.py
[2023-10-21T05:35:25.174+0000] {processor.py:829} INFO - Processing file /home/airflow/.local/lib/python3.8/site-packages/airflow/example_dags/example_dynamic_task_mapping.py for tasks to queue
[2023-10-21T05:35:25.175+0000] {logging_mixin.py:151} INFO - [2023-10-21T05:35:25.175+0000] {dagbag.py:536} INFO - Filling up the DagBag from /home/airflow/.local/lib/python3.8/site-packages/airflow/example_dags/example_dynamic_task_mapping.py
[2023-10-21T05:35:25.180+0000] {processor.py:839} INFO - DAG(s) dict_keys(['example_dynamic_task_mapping']) retrieved from /home/airflow/.local/lib/python3.8/site-packages/airflow/example_dags/example_dynamic_task_mapping.py
[2023-10-21T05:35:25.197+0000] {logging_mixin.py:151} INFO - [2023-10-21T05:35:25.197+0000] {dag.py:2941} INFO - Sync 1 DAGs
[2023-10-21T05:35:25.217+0000] {logging_mixin.py:151} INFO - [2023-10-21T05:35:25.217+0000] {dag.py:3722} INFO - Setting next_dagrun for example_dynamic_task_mapping to 2022-03-04T00:00:00+00:00, run_after=2022-03-05T00:00:00+00:00
[2023-10-21T05:35:25.238+0000] {processor.py:179} INFO - Processing /home/airflow/.local/lib/python3.8/site-packages/airflow/example_dags/example_dynamic_task_mapping.py took 0.067 seconds
[2023-10-21T05:35:55.351+0000] {processor.py:157} INFO - Started process (PID=1919) to work on /home/airflow/.local/lib/python3.8/site-packages/airflow/example_dags/example_dynamic_task_mapping.py
[2023-10-21T05:35:55.353+0000] {processor.py:829} INFO - Processing file /home/airflow/.local/lib/python3.8/site-packages/airflow/example_dags/example_dynamic_task_mapping.py for tasks to queue
[2023-10-21T05:35:55.354+0000] {logging_mixin.py:151} INFO - [2023-10-21T05:35:55.354+0000] {dagbag.py:536} INFO - Filling up the DagBag from /home/airflow/.local/lib/python3.8/site-packages/airflow/example_dags/example_dynamic_task_mapping.py
[2023-10-21T05:35:55.363+0000] {processor.py:839} INFO - DAG(s) dict_keys(['example_dynamic_task_mapping']) retrieved from /home/airflow/.local/lib/python3.8/site-packages/airflow/example_dags/example_dynamic_task_mapping.py
[2023-10-21T05:35:55.383+0000] {logging_mixin.py:151} INFO - [2023-10-21T05:35:55.383+0000] {dag.py:2941} INFO - Sync 1 DAGs
[2023-10-21T05:35:55.403+0000] {logging_mixin.py:151} INFO - [2023-10-21T05:35:55.402+0000] {dag.py:3722} INFO - Setting next_dagrun for example_dynamic_task_mapping to 2022-03-04T00:00:00+00:00, run_after=2022-03-05T00:00:00+00:00
[2023-10-21T05:35:55.422+0000] {processor.py:179} INFO - Processing /home/airflow/.local/lib/python3.8/site-packages/airflow/example_dags/example_dynamic_task_mapping.py took 0.074 seconds
[2023-10-21T05:36:26.023+0000] {processor.py:157} INFO - Started process (PID=2203) to work on /home/airflow/.local/lib/python3.8/site-packages/airflow/example_dags/example_dynamic_task_mapping.py
[2023-10-21T05:36:26.024+0000] {processor.py:829} INFO - Processing file /home/airflow/.local/lib/python3.8/site-packages/airflow/example_dags/example_dynamic_task_mapping.py for tasks to queue
[2023-10-21T05:36:26.025+0000] {logging_mixin.py:151} INFO - [2023-10-21T05:36:26.024+0000] {dagbag.py:536} INFO - Filling up the DagBag from /home/airflow/.local/lib/python3.8/site-packages/airflow/example_dags/example_dynamic_task_mapping.py
[2023-10-21T05:36:26.029+0000] {processor.py:839} INFO - DAG(s) dict_keys(['example_dynamic_task_mapping']) retrieved from /home/airflow/.local/lib/python3.8/site-packages/airflow/example_dags/example_dynamic_task_mapping.py
[2023-10-21T05:36:26.045+0000] {logging_mixin.py:151} INFO - [2023-10-21T05:36:26.045+0000] {dag.py:2941} INFO - Sync 1 DAGs
[2023-10-21T05:36:26.063+0000] {logging_mixin.py:151} INFO - [2023-10-21T05:36:26.063+0000] {dag.py:3722} INFO - Setting next_dagrun for example_dynamic_task_mapping to 2022-03-04T00:00:00+00:00, run_after=2022-03-05T00:00:00+00:00
[2023-10-21T05:36:26.080+0000] {processor.py:179} INFO - Processing /home/airflow/.local/lib/python3.8/site-packages/airflow/example_dags/example_dynamic_task_mapping.py took 0.059 seconds
[2023-10-21T05:36:56.299+0000] {processor.py:157} INFO - Started process (PID=2441) to work on /home/airflow/.local/lib/python3.8/site-packages/airflow/example_dags/example_dynamic_task_mapping.py
[2023-10-21T05:36:56.300+0000] {processor.py:829} INFO - Processing file /home/airflow/.local/lib/python3.8/site-packages/airflow/example_dags/example_dynamic_task_mapping.py for tasks to queue
[2023-10-21T05:36:56.300+0000] {logging_mixin.py:151} INFO - [2023-10-21T05:36:56.300+0000] {dagbag.py:536} INFO - Filling up the DagBag from /home/airflow/.local/lib/python3.8/site-packages/airflow/example_dags/example_dynamic_task_mapping.py
[2023-10-21T05:36:56.305+0000] {processor.py:839} INFO - DAG(s) dict_keys(['example_dynamic_task_mapping']) retrieved from /home/airflow/.local/lib/python3.8/site-packages/airflow/example_dags/example_dynamic_task_mapping.py
[2023-10-21T05:36:56.320+0000] {logging_mixin.py:151} INFO - [2023-10-21T05:36:56.320+0000] {dag.py:2941} INFO - Sync 1 DAGs
[2023-10-21T05:36:56.338+0000] {logging_mixin.py:151} INFO - [2023-10-21T05:36:56.337+0000] {dag.py:3722} INFO - Setting next_dagrun for example_dynamic_task_mapping to 2022-03-04T00:00:00+00:00, run_after=2022-03-05T00:00:00+00:00
[2023-10-21T05:36:56.357+0000] {processor.py:179} INFO - Processing /home/airflow/.local/lib/python3.8/site-packages/airflow/example_dags/example_dynamic_task_mapping.py took 0.060 seconds
[2023-10-21T05:37:26.491+0000] {processor.py:157} INFO - Started process (PID=2679) to work on /home/airflow/.local/lib/python3.8/site-packages/airflow/example_dags/example_dynamic_task_mapping.py
[2023-10-21T05:37:26.492+0000] {processor.py:829} INFO - Processing file /home/airflow/.local/lib/python3.8/site-packages/airflow/example_dags/example_dynamic_task_mapping.py for tasks to queue
[2023-10-21T05:37:26.493+0000] {logging_mixin.py:151} INFO - [2023-10-21T05:37:26.493+0000] {dagbag.py:536} INFO - Filling up the DagBag from /home/airflow/.local/lib/python3.8/site-packages/airflow/example_dags/example_dynamic_task_mapping.py
[2023-10-21T05:37:26.498+0000] {processor.py:839} INFO - DAG(s) dict_keys(['example_dynamic_task_mapping']) retrieved from /home/airflow/.local/lib/python3.8/site-packages/airflow/example_dags/example_dynamic_task_mapping.py
[2023-10-21T05:37:26.513+0000] {logging_mixin.py:151} INFO - [2023-10-21T05:37:26.513+0000] {dag.py:2941} INFO - Sync 1 DAGs
[2023-10-21T05:37:26.531+0000] {logging_mixin.py:151} INFO - [2023-10-21T05:37:26.531+0000] {dag.py:3722} INFO - Setting next_dagrun for example_dynamic_task_mapping to 2022-03-04T00:00:00+00:00, run_after=2022-03-05T00:00:00+00:00
[2023-10-21T05:37:26.548+0000] {processor.py:179} INFO - Processing /home/airflow/.local/lib/python3.8/site-packages/airflow/example_dags/example_dynamic_task_mapping.py took 0.059 seconds
[2023-10-21T05:37:56.666+0000] {processor.py:157} INFO - Started process (PID=2917) to work on /home/airflow/.local/lib/python3.8/site-packages/airflow/example_dags/example_dynamic_task_mapping.py
[2023-10-21T05:37:56.667+0000] {processor.py:829} INFO - Processing file /home/airflow/.local/lib/python3.8/site-packages/airflow/example_dags/example_dynamic_task_mapping.py for tasks to queue
[2023-10-21T05:37:56.667+0000] {logging_mixin.py:151} INFO - [2023-10-21T05:37:56.667+0000] {dagbag.py:536} INFO - Filling up the DagBag from /home/airflow/.local/lib/python3.8/site-packages/airflow/example_dags/example_dynamic_task_mapping.py
[2023-10-21T05:37:56.674+0000] {processor.py:839} INFO - DAG(s) dict_keys(['example_dynamic_task_mapping']) retrieved from /home/airflow/.local/lib/python3.8/site-packages/airflow/example_dags/example_dynamic_task_mapping.py
[2023-10-21T05:37:56.695+0000] {logging_mixin.py:151} INFO - [2023-10-21T05:37:56.694+0000] {dag.py:2941} INFO - Sync 1 DAGs
[2023-10-21T05:37:56.719+0000] {logging_mixin.py:151} INFO - [2023-10-21T05:37:56.719+0000] {dag.py:3722} INFO - Setting next_dagrun for example_dynamic_task_mapping to 2022-03-04T00:00:00+00:00, run_after=2022-03-05T00:00:00+00:00
[2023-10-21T05:37:56.739+0000] {processor.py:179} INFO - Processing /home/airflow/.local/lib/python3.8/site-packages/airflow/example_dags/example_dynamic_task_mapping.py took 0.076 seconds
[2023-10-21T05:38:27.253+0000] {processor.py:157} INFO - Started process (PID=3155) to work on /home/airflow/.local/lib/python3.8/site-packages/airflow/example_dags/example_dynamic_task_mapping.py
[2023-10-21T05:38:27.254+0000] {processor.py:829} INFO - Processing file /home/airflow/.local/lib/python3.8/site-packages/airflow/example_dags/example_dynamic_task_mapping.py for tasks to queue
[2023-10-21T05:38:27.255+0000] {logging_mixin.py:151} INFO - [2023-10-21T05:38:27.255+0000] {dagbag.py:536} INFO - Filling up the DagBag from /home/airflow/.local/lib/python3.8/site-packages/airflow/example_dags/example_dynamic_task_mapping.py
[2023-10-21T05:38:27.262+0000] {processor.py:839} INFO - DAG(s) dict_keys(['example_dynamic_task_mapping']) retrieved from /home/airflow/.local/lib/python3.8/site-packages/airflow/example_dags/example_dynamic_task_mapping.py
[2023-10-21T05:38:27.280+0000] {logging_mixin.py:151} INFO - [2023-10-21T05:38:27.280+0000] {dag.py:2941} INFO - Sync 1 DAGs
[2023-10-21T05:38:27.303+0000] {logging_mixin.py:151} INFO - [2023-10-21T05:38:27.302+0000] {dag.py:3722} INFO - Setting next_dagrun for example_dynamic_task_mapping to 2022-03-04T00:00:00+00:00, run_after=2022-03-05T00:00:00+00:00
[2023-10-21T05:38:27.324+0000] {processor.py:179} INFO - Processing /home/airflow/.local/lib/python3.8/site-packages/airflow/example_dags/example_dynamic_task_mapping.py took 0.074 seconds
[2023-10-21T05:38:57.534+0000] {processor.py:157} INFO - Started process (PID=3393) to work on /home/airflow/.local/lib/python3.8/site-packages/airflow/example_dags/example_dynamic_task_mapping.py
[2023-10-21T05:38:57.534+0000] {processor.py:829} INFO - Processing file /home/airflow/.local/lib/python3.8/site-packages/airflow/example_dags/example_dynamic_task_mapping.py for tasks to queue
[2023-10-21T05:38:57.535+0000] {logging_mixin.py:151} INFO - [2023-10-21T05:38:57.535+0000] {dagbag.py:536} INFO - Filling up the DagBag from /home/airflow/.local/lib/python3.8/site-packages/airflow/example_dags/example_dynamic_task_mapping.py
[2023-10-21T05:38:57.543+0000] {processor.py:839} INFO - DAG(s) dict_keys(['example_dynamic_task_mapping']) retrieved from /home/airflow/.local/lib/python3.8/site-packages/airflow/example_dags/example_dynamic_task_mapping.py
[2023-10-21T05:38:57.563+0000] {logging_mixin.py:151} INFO - [2023-10-21T05:38:57.563+0000] {dag.py:2941} INFO - Sync 1 DAGs
[2023-10-21T05:38:57.587+0000] {logging_mixin.py:151} INFO - [2023-10-21T05:38:57.587+0000] {dag.py:3722} INFO - Setting next_dagrun for example_dynamic_task_mapping to 2022-03-04T00:00:00+00:00, run_after=2022-03-05T00:00:00+00:00
[2023-10-21T05:38:57.609+0000] {processor.py:179} INFO - Processing /home/airflow/.local/lib/python3.8/site-packages/airflow/example_dags/example_dynamic_task_mapping.py took 0.078 seconds
[2023-10-21T05:39:27.767+0000] {processor.py:157} INFO - Started process (PID=3633) to work on /home/airflow/.local/lib/python3.8/site-packages/airflow/example_dags/example_dynamic_task_mapping.py
[2023-10-21T05:39:27.768+0000] {processor.py:829} INFO - Processing file /home/airflow/.local/lib/python3.8/site-packages/airflow/example_dags/example_dynamic_task_mapping.py for tasks to queue
[2023-10-21T05:39:27.769+0000] {logging_mixin.py:151} INFO - [2023-10-21T05:39:27.769+0000] {dagbag.py:536} INFO - Filling up the DagBag from /home/airflow/.local/lib/python3.8/site-packages/airflow/example_dags/example_dynamic_task_mapping.py
[2023-10-21T05:39:27.775+0000] {processor.py:839} INFO - DAG(s) dict_keys(['example_dynamic_task_mapping']) retrieved from /home/airflow/.local/lib/python3.8/site-packages/airflow/example_dags/example_dynamic_task_mapping.py
[2023-10-21T05:39:27.791+0000] {logging_mixin.py:151} INFO - [2023-10-21T05:39:27.791+0000] {dag.py:2941} INFO - Sync 1 DAGs
[2023-10-21T05:39:27.813+0000] {logging_mixin.py:151} INFO - [2023-10-21T05:39:27.813+0000] {dag.py:3722} INFO - Setting next_dagrun for example_dynamic_task_mapping to 2022-03-04T00:00:00+00:00, run_after=2022-03-05T00:00:00+00:00
[2023-10-21T05:39:27.831+0000] {processor.py:179} INFO - Processing /home/airflow/.local/lib/python3.8/site-packages/airflow/example_dags/example_dynamic_task_mapping.py took 0.066 seconds
[2023-10-21T05:39:58.549+0000] {processor.py:157} INFO - Started process (PID=3871) to work on /home/airflow/.local/lib/python3.8/site-packages/airflow/example_dags/example_dynamic_task_mapping.py
[2023-10-21T05:39:58.550+0000] {processor.py:829} INFO - Processing file /home/airflow/.local/lib/python3.8/site-packages/airflow/example_dags/example_dynamic_task_mapping.py for tasks to queue
[2023-10-21T05:39:58.551+0000] {logging_mixin.py:151} INFO - [2023-10-21T05:39:58.550+0000] {dagbag.py:536} INFO - Filling up the DagBag from /home/airflow/.local/lib/python3.8/site-packages/airflow/example_dags/example_dynamic_task_mapping.py
[2023-10-21T05:39:58.559+0000] {processor.py:839} INFO - DAG(s) dict_keys(['example_dynamic_task_mapping']) retrieved from /home/airflow/.local/lib/python3.8/site-packages/airflow/example_dags/example_dynamic_task_mapping.py
[2023-10-21T05:39:58.581+0000] {logging_mixin.py:151} INFO - [2023-10-21T05:39:58.581+0000] {dag.py:2941} INFO - Sync 1 DAGs
[2023-10-21T05:39:58.608+0000] {logging_mixin.py:151} INFO - [2023-10-21T05:39:58.608+0000] {dag.py:3722} INFO - Setting next_dagrun for example_dynamic_task_mapping to 2022-03-04T00:00:00+00:00, run_after=2022-03-05T00:00:00+00:00
[2023-10-21T05:39:58.633+0000] {processor.py:179} INFO - Processing /home/airflow/.local/lib/python3.8/site-packages/airflow/example_dags/example_dynamic_task_mapping.py took 0.088 seconds
[2023-10-21T05:40:29.452+0000] {processor.py:157} INFO - Started process (PID=4107) to work on /home/airflow/.local/lib/python3.8/site-packages/airflow/example_dags/example_dynamic_task_mapping.py
[2023-10-21T05:40:29.453+0000] {processor.py:829} INFO - Processing file /home/airflow/.local/lib/python3.8/site-packages/airflow/example_dags/example_dynamic_task_mapping.py for tasks to queue
[2023-10-21T05:40:29.454+0000] {logging_mixin.py:151} INFO - [2023-10-21T05:40:29.453+0000] {dagbag.py:536} INFO - Filling up the DagBag from /home/airflow/.local/lib/python3.8/site-packages/airflow/example_dags/example_dynamic_task_mapping.py
[2023-10-21T05:40:29.459+0000] {processor.py:839} INFO - DAG(s) dict_keys(['example_dynamic_task_mapping']) retrieved from /home/airflow/.local/lib/python3.8/site-packages/airflow/example_dags/example_dynamic_task_mapping.py
[2023-10-21T05:40:29.475+0000] {logging_mixin.py:151} INFO - [2023-10-21T05:40:29.475+0000] {dag.py:2941} INFO - Sync 1 DAGs
[2023-10-21T05:40:29.495+0000] {logging_mixin.py:151} INFO - [2023-10-21T05:40:29.495+0000] {dag.py:3722} INFO - Setting next_dagrun for example_dynamic_task_mapping to 2022-03-04T00:00:00+00:00, run_after=2022-03-05T00:00:00+00:00
[2023-10-21T05:40:29.512+0000] {processor.py:179} INFO - Processing /home/airflow/.local/lib/python3.8/site-packages/airflow/example_dags/example_dynamic_task_mapping.py took 0.064 seconds
[2023-10-21T05:40:59.834+0000] {processor.py:157} INFO - Started process (PID=4346) to work on /home/airflow/.local/lib/python3.8/site-packages/airflow/example_dags/example_dynamic_task_mapping.py
[2023-10-21T05:40:59.834+0000] {processor.py:829} INFO - Processing file /home/airflow/.local/lib/python3.8/site-packages/airflow/example_dags/example_dynamic_task_mapping.py for tasks to queue
[2023-10-21T05:40:59.835+0000] {logging_mixin.py:151} INFO - [2023-10-21T05:40:59.835+0000] {dagbag.py:536} INFO - Filling up the DagBag from /home/airflow/.local/lib/python3.8/site-packages/airflow/example_dags/example_dynamic_task_mapping.py
[2023-10-21T05:40:59.840+0000] {processor.py:839} INFO - DAG(s) dict_keys(['example_dynamic_task_mapping']) retrieved from /home/airflow/.local/lib/python3.8/site-packages/airflow/example_dags/example_dynamic_task_mapping.py
[2023-10-21T05:40:59.856+0000] {logging_mixin.py:151} INFO - [2023-10-21T05:40:59.855+0000] {dag.py:2941} INFO - Sync 1 DAGs
[2023-10-21T05:40:59.875+0000] {logging_mixin.py:151} INFO - [2023-10-21T05:40:59.874+0000] {dag.py:3722} INFO - Setting next_dagrun for example_dynamic_task_mapping to 2022-03-04T00:00:00+00:00, run_after=2022-03-05T00:00:00+00:00
[2023-10-21T05:40:59.898+0000] {processor.py:179} INFO - Processing /home/airflow/.local/lib/python3.8/site-packages/airflow/example_dags/example_dynamic_task_mapping.py took 0.066 seconds
