[2023-10-21T05:32:21.448+0000] {processor.py:157} INFO - Started process (PID=241) to work on /home/airflow/.local/lib/python3.8/site-packages/airflow/example_dags/example_python_operator.py
[2023-10-21T05:32:21.448+0000] {processor.py:829} INFO - Processing file /home/airflow/.local/lib/python3.8/site-packages/airflow/example_dags/example_python_operator.py for tasks to queue
[2023-10-21T05:32:21.449+0000] {logging_mixin.py:151} INFO - [2023-10-21T05:32:21.448+0000] {dagbag.py:536} INFO - Filling up the DagBag from /home/airflow/.local/lib/python3.8/site-packages/airflow/example_dags/example_python_operator.py
[2023-10-21T05:32:21.462+0000] {processor.py:839} INFO - DAG(s) dict_keys(['example_python_operator']) retrieved from /home/airflow/.local/lib/python3.8/site-packages/airflow/example_dags/example_python_operator.py
[2023-10-21T05:32:21.473+0000] {logging_mixin.py:151} INFO - [2023-10-21T05:32:21.473+0000] {dag.py:2941} INFO - Sync 1 DAGs
[2023-10-21T05:32:21.487+0000] {logging_mixin.py:151} INFO - [2023-10-21T05:32:21.486+0000] {dag.py:3722} INFO - Setting next_dagrun for example_python_operator to None, run_after=None
[2023-10-21T05:32:21.508+0000] {processor.py:179} INFO - Processing /home/airflow/.local/lib/python3.8/site-packages/airflow/example_dags/example_python_operator.py took 0.063 seconds
[2023-10-21T05:32:51.913+0000] {processor.py:157} INFO - Started process (PID=481) to work on /home/airflow/.local/lib/python3.8/site-packages/airflow/example_dags/example_python_operator.py
[2023-10-21T05:32:51.914+0000] {processor.py:829} INFO - Processing file /home/airflow/.local/lib/python3.8/site-packages/airflow/example_dags/example_python_operator.py for tasks to queue
[2023-10-21T05:32:51.915+0000] {logging_mixin.py:151} INFO - [2023-10-21T05:32:51.914+0000] {dagbag.py:536} INFO - Filling up the DagBag from /home/airflow/.local/lib/python3.8/site-packages/airflow/example_dags/example_python_operator.py
[2023-10-21T05:32:51.926+0000] {processor.py:839} INFO - DAG(s) dict_keys(['example_python_operator']) retrieved from /home/airflow/.local/lib/python3.8/site-packages/airflow/example_dags/example_python_operator.py
[2023-10-21T05:32:52.028+0000] {logging_mixin.py:151} INFO - [2023-10-21T05:32:52.027+0000] {dag.py:2941} INFO - Sync 1 DAGs
[2023-10-21T05:32:52.039+0000] {logging_mixin.py:151} INFO - [2023-10-21T05:32:52.039+0000] {dag.py:3722} INFO - Setting next_dagrun for example_python_operator to None, run_after=None
[2023-10-21T05:32:52.058+0000] {processor.py:179} INFO - Processing /home/airflow/.local/lib/python3.8/site-packages/airflow/example_dags/example_python_operator.py took 0.149 seconds
[2023-10-21T05:33:22.479+0000] {processor.py:157} INFO - Started process (PID=719) to work on /home/airflow/.local/lib/python3.8/site-packages/airflow/example_dags/example_python_operator.py
[2023-10-21T05:33:22.480+0000] {processor.py:829} INFO - Processing file /home/airflow/.local/lib/python3.8/site-packages/airflow/example_dags/example_python_operator.py for tasks to queue
[2023-10-21T05:33:22.481+0000] {logging_mixin.py:151} INFO - [2023-10-21T05:33:22.481+0000] {dagbag.py:536} INFO - Filling up the DagBag from /home/airflow/.local/lib/python3.8/site-packages/airflow/example_dags/example_python_operator.py
[2023-10-21T05:33:22.496+0000] {processor.py:839} INFO - DAG(s) dict_keys(['example_python_operator']) retrieved from /home/airflow/.local/lib/python3.8/site-packages/airflow/example_dags/example_python_operator.py
[2023-10-21T05:33:22.518+0000] {logging_mixin.py:151} INFO - [2023-10-21T05:33:22.518+0000] {dag.py:2941} INFO - Sync 1 DAGs
[2023-10-21T05:33:22.530+0000] {logging_mixin.py:151} INFO - [2023-10-21T05:33:22.530+0000] {dag.py:3722} INFO - Setting next_dagrun for example_python_operator to None, run_after=None
[2023-10-21T05:33:22.551+0000] {processor.py:179} INFO - Processing /home/airflow/.local/lib/python3.8/site-packages/airflow/example_dags/example_python_operator.py took 0.074 seconds
[2023-10-21T05:33:52.583+0000] {processor.py:157} INFO - Started process (PID=957) to work on /home/airflow/.local/lib/python3.8/site-packages/airflow/example_dags/example_python_operator.py
[2023-10-21T05:33:52.583+0000] {processor.py:829} INFO - Processing file /home/airflow/.local/lib/python3.8/site-packages/airflow/example_dags/example_python_operator.py for tasks to queue
[2023-10-21T05:33:52.584+0000] {logging_mixin.py:151} INFO - [2023-10-21T05:33:52.583+0000] {dagbag.py:536} INFO - Filling up the DagBag from /home/airflow/.local/lib/python3.8/site-packages/airflow/example_dags/example_python_operator.py
[2023-10-21T05:33:52.591+0000] {processor.py:839} INFO - DAG(s) dict_keys(['example_python_operator']) retrieved from /home/airflow/.local/lib/python3.8/site-packages/airflow/example_dags/example_python_operator.py
[2023-10-21T05:33:52.609+0000] {logging_mixin.py:151} INFO - [2023-10-21T05:33:52.609+0000] {dag.py:2941} INFO - Sync 1 DAGs
[2023-10-21T05:33:52.621+0000] {logging_mixin.py:151} INFO - [2023-10-21T05:33:52.621+0000] {dag.py:3722} INFO - Setting next_dagrun for example_python_operator to None, run_after=None
[2023-10-21T05:33:52.637+0000] {processor.py:179} INFO - Processing /home/airflow/.local/lib/python3.8/site-packages/airflow/example_dags/example_python_operator.py took 0.056 seconds
[2023-10-21T05:34:22.998+0000] {processor.py:157} INFO - Started process (PID=1193) to work on /home/airflow/.local/lib/python3.8/site-packages/airflow/example_dags/example_python_operator.py
[2023-10-21T05:34:22.999+0000] {processor.py:829} INFO - Processing file /home/airflow/.local/lib/python3.8/site-packages/airflow/example_dags/example_python_operator.py for tasks to queue
[2023-10-21T05:34:23.000+0000] {logging_mixin.py:151} INFO - [2023-10-21T05:34:22.999+0000] {dagbag.py:536} INFO - Filling up the DagBag from /home/airflow/.local/lib/python3.8/site-packages/airflow/example_dags/example_python_operator.py
[2023-10-21T05:34:23.011+0000] {processor.py:839} INFO - DAG(s) dict_keys(['example_python_operator']) retrieved from /home/airflow/.local/lib/python3.8/site-packages/airflow/example_dags/example_python_operator.py
[2023-10-21T05:34:23.036+0000] {logging_mixin.py:151} INFO - [2023-10-21T05:34:23.035+0000] {dag.py:2941} INFO - Sync 1 DAGs
[2023-10-21T05:34:23.050+0000] {logging_mixin.py:151} INFO - [2023-10-21T05:34:23.050+0000] {dag.py:3722} INFO - Setting next_dagrun for example_python_operator to None, run_after=None
[2023-10-21T05:34:23.074+0000] {processor.py:179} INFO - Processing /home/airflow/.local/lib/python3.8/site-packages/airflow/example_dags/example_python_operator.py took 0.079 seconds
[2023-10-21T05:34:53.852+0000] {processor.py:157} INFO - Started process (PID=1433) to work on /home/airflow/.local/lib/python3.8/site-packages/airflow/example_dags/example_python_operator.py
[2023-10-21T05:34:53.852+0000] {processor.py:829} INFO - Processing file /home/airflow/.local/lib/python3.8/site-packages/airflow/example_dags/example_python_operator.py for tasks to queue
[2023-10-21T05:34:53.853+0000] {logging_mixin.py:151} INFO - [2023-10-21T05:34:53.853+0000] {dagbag.py:536} INFO - Filling up the DagBag from /home/airflow/.local/lib/python3.8/site-packages/airflow/example_dags/example_python_operator.py
[2023-10-21T05:34:53.861+0000] {processor.py:839} INFO - DAG(s) dict_keys(['example_python_operator']) retrieved from /home/airflow/.local/lib/python3.8/site-packages/airflow/example_dags/example_python_operator.py
[2023-10-21T05:34:53.879+0000] {logging_mixin.py:151} INFO - [2023-10-21T05:34:53.879+0000] {dag.py:2941} INFO - Sync 1 DAGs
[2023-10-21T05:34:53.890+0000] {logging_mixin.py:151} INFO - [2023-10-21T05:34:53.889+0000] {dag.py:3722} INFO - Setting next_dagrun for example_python_operator to None, run_after=None
[2023-10-21T05:34:53.906+0000] {processor.py:179} INFO - Processing /home/airflow/.local/lib/python3.8/site-packages/airflow/example_dags/example_python_operator.py took 0.056 seconds
[2023-10-21T05:35:24.127+0000] {processor.py:157} INFO - Started process (PID=1669) to work on /home/airflow/.local/lib/python3.8/site-packages/airflow/example_dags/example_python_operator.py
[2023-10-21T05:35:24.128+0000] {processor.py:829} INFO - Processing file /home/airflow/.local/lib/python3.8/site-packages/airflow/example_dags/example_python_operator.py for tasks to queue
[2023-10-21T05:35:24.128+0000] {logging_mixin.py:151} INFO - [2023-10-21T05:35:24.128+0000] {dagbag.py:536} INFO - Filling up the DagBag from /home/airflow/.local/lib/python3.8/site-packages/airflow/example_dags/example_python_operator.py
[2023-10-21T05:35:24.146+0000] {processor.py:839} INFO - DAG(s) dict_keys(['example_python_operator']) retrieved from /home/airflow/.local/lib/python3.8/site-packages/airflow/example_dags/example_python_operator.py
[2023-10-21T05:35:24.175+0000] {logging_mixin.py:151} INFO - [2023-10-21T05:35:24.174+0000] {dag.py:2941} INFO - Sync 1 DAGs
[2023-10-21T05:35:24.186+0000] {logging_mixin.py:151} INFO - [2023-10-21T05:35:24.186+0000] {dag.py:3722} INFO - Setting next_dagrun for example_python_operator to None, run_after=None
[2023-10-21T05:35:24.206+0000] {processor.py:179} INFO - Processing /home/airflow/.local/lib/python3.8/site-packages/airflow/example_dags/example_python_operator.py took 0.081 seconds
[2023-10-21T05:35:55.168+0000] {processor.py:157} INFO - Started process (PID=1907) to work on /home/airflow/.local/lib/python3.8/site-packages/airflow/example_dags/example_python_operator.py
[2023-10-21T05:35:55.169+0000] {processor.py:829} INFO - Processing file /home/airflow/.local/lib/python3.8/site-packages/airflow/example_dags/example_python_operator.py for tasks to queue
[2023-10-21T05:35:55.170+0000] {logging_mixin.py:151} INFO - [2023-10-21T05:35:55.170+0000] {dagbag.py:536} INFO - Filling up the DagBag from /home/airflow/.local/lib/python3.8/site-packages/airflow/example_dags/example_python_operator.py
[2023-10-21T05:35:55.181+0000] {processor.py:839} INFO - DAG(s) dict_keys(['example_python_operator']) retrieved from /home/airflow/.local/lib/python3.8/site-packages/airflow/example_dags/example_python_operator.py
[2023-10-21T05:35:55.203+0000] {logging_mixin.py:151} INFO - [2023-10-21T05:35:55.203+0000] {dag.py:2941} INFO - Sync 1 DAGs
[2023-10-21T05:35:55.215+0000] {logging_mixin.py:151} INFO - [2023-10-21T05:35:55.214+0000] {dag.py:3722} INFO - Setting next_dagrun for example_python_operator to None, run_after=None
[2023-10-21T05:35:55.235+0000] {processor.py:179} INFO - Processing /home/airflow/.local/lib/python3.8/site-packages/airflow/example_dags/example_python_operator.py took 0.070 seconds
[2023-10-21T05:36:25.948+0000] {processor.py:157} INFO - Started process (PID=2195) to work on /home/airflow/.local/lib/python3.8/site-packages/airflow/example_dags/example_python_operator.py
[2023-10-21T05:36:25.949+0000] {processor.py:829} INFO - Processing file /home/airflow/.local/lib/python3.8/site-packages/airflow/example_dags/example_python_operator.py for tasks to queue
[2023-10-21T05:36:25.949+0000] {logging_mixin.py:151} INFO - [2023-10-21T05:36:25.949+0000] {dagbag.py:536} INFO - Filling up the DagBag from /home/airflow/.local/lib/python3.8/site-packages/airflow/example_dags/example_python_operator.py
[2023-10-21T05:36:25.957+0000] {processor.py:839} INFO - DAG(s) dict_keys(['example_python_operator']) retrieved from /home/airflow/.local/lib/python3.8/site-packages/airflow/example_dags/example_python_operator.py
[2023-10-21T05:36:25.976+0000] {logging_mixin.py:151} INFO - [2023-10-21T05:36:25.975+0000] {dag.py:2941} INFO - Sync 1 DAGs
[2023-10-21T05:36:25.985+0000] {logging_mixin.py:151} INFO - [2023-10-21T05:36:25.985+0000] {dag.py:3722} INFO - Setting next_dagrun for example_python_operator to None, run_after=None
[2023-10-21T05:36:26.003+0000] {processor.py:179} INFO - Processing /home/airflow/.local/lib/python3.8/site-packages/airflow/example_dags/example_python_operator.py took 0.057 seconds
[2023-10-21T05:36:56.225+0000] {processor.py:157} INFO - Started process (PID=2433) to work on /home/airflow/.local/lib/python3.8/site-packages/airflow/example_dags/example_python_operator.py
[2023-10-21T05:36:56.226+0000] {processor.py:829} INFO - Processing file /home/airflow/.local/lib/python3.8/site-packages/airflow/example_dags/example_python_operator.py for tasks to queue
[2023-10-21T05:36:56.227+0000] {logging_mixin.py:151} INFO - [2023-10-21T05:36:56.226+0000] {dagbag.py:536} INFO - Filling up the DagBag from /home/airflow/.local/lib/python3.8/site-packages/airflow/example_dags/example_python_operator.py
[2023-10-21T05:36:56.234+0000] {processor.py:839} INFO - DAG(s) dict_keys(['example_python_operator']) retrieved from /home/airflow/.local/lib/python3.8/site-packages/airflow/example_dags/example_python_operator.py
[2023-10-21T05:36:56.252+0000] {logging_mixin.py:151} INFO - [2023-10-21T05:36:56.252+0000] {dag.py:2941} INFO - Sync 1 DAGs
[2023-10-21T05:36:56.263+0000] {logging_mixin.py:151} INFO - [2023-10-21T05:36:56.262+0000] {dag.py:3722} INFO - Setting next_dagrun for example_python_operator to None, run_after=None
[2023-10-21T05:36:56.280+0000] {processor.py:179} INFO - Processing /home/airflow/.local/lib/python3.8/site-packages/airflow/example_dags/example_python_operator.py took 0.056 seconds
[2023-10-21T05:37:26.412+0000] {processor.py:157} INFO - Started process (PID=2669) to work on /home/airflow/.local/lib/python3.8/site-packages/airflow/example_dags/example_python_operator.py
[2023-10-21T05:37:26.413+0000] {processor.py:829} INFO - Processing file /home/airflow/.local/lib/python3.8/site-packages/airflow/example_dags/example_python_operator.py for tasks to queue
[2023-10-21T05:37:26.413+0000] {logging_mixin.py:151} INFO - [2023-10-21T05:37:26.413+0000] {dagbag.py:536} INFO - Filling up the DagBag from /home/airflow/.local/lib/python3.8/site-packages/airflow/example_dags/example_python_operator.py
[2023-10-21T05:37:26.421+0000] {processor.py:839} INFO - DAG(s) dict_keys(['example_python_operator']) retrieved from /home/airflow/.local/lib/python3.8/site-packages/airflow/example_dags/example_python_operator.py
[2023-10-21T05:37:26.441+0000] {logging_mixin.py:151} INFO - [2023-10-21T05:37:26.441+0000] {dag.py:2941} INFO - Sync 1 DAGs
[2023-10-21T05:37:26.451+0000] {logging_mixin.py:151} INFO - [2023-10-21T05:37:26.451+0000] {dag.py:3722} INFO - Setting next_dagrun for example_python_operator to None, run_after=None
[2023-10-21T05:37:26.469+0000] {processor.py:179} INFO - Processing /home/airflow/.local/lib/python3.8/site-packages/airflow/example_dags/example_python_operator.py took 0.060 seconds
[2023-10-21T05:37:56.567+0000] {processor.py:157} INFO - Started process (PID=2909) to work on /home/airflow/.local/lib/python3.8/site-packages/airflow/example_dags/example_python_operator.py
[2023-10-21T05:37:56.568+0000] {processor.py:829} INFO - Processing file /home/airflow/.local/lib/python3.8/site-packages/airflow/example_dags/example_python_operator.py for tasks to queue
[2023-10-21T05:37:56.568+0000] {logging_mixin.py:151} INFO - [2023-10-21T05:37:56.568+0000] {dagbag.py:536} INFO - Filling up the DagBag from /home/airflow/.local/lib/python3.8/site-packages/airflow/example_dags/example_python_operator.py
[2023-10-21T05:37:56.578+0000] {processor.py:839} INFO - DAG(s) dict_keys(['example_python_operator']) retrieved from /home/airflow/.local/lib/python3.8/site-packages/airflow/example_dags/example_python_operator.py
[2023-10-21T05:37:56.603+0000] {logging_mixin.py:151} INFO - [2023-10-21T05:37:56.602+0000] {dag.py:2941} INFO - Sync 1 DAGs
[2023-10-21T05:37:56.616+0000] {logging_mixin.py:151} INFO - [2023-10-21T05:37:56.616+0000] {dag.py:3722} INFO - Setting next_dagrun for example_python_operator to None, run_after=None
[2023-10-21T05:37:56.638+0000] {processor.py:179} INFO - Processing /home/airflow/.local/lib/python3.8/site-packages/airflow/example_dags/example_python_operator.py took 0.073 seconds
[2023-10-21T05:38:27.151+0000] {processor.py:157} INFO - Started process (PID=3145) to work on /home/airflow/.local/lib/python3.8/site-packages/airflow/example_dags/example_python_operator.py
[2023-10-21T05:38:27.152+0000] {processor.py:829} INFO - Processing file /home/airflow/.local/lib/python3.8/site-packages/airflow/example_dags/example_python_operator.py for tasks to queue
[2023-10-21T05:38:27.153+0000] {logging_mixin.py:151} INFO - [2023-10-21T05:38:27.152+0000] {dagbag.py:536} INFO - Filling up the DagBag from /home/airflow/.local/lib/python3.8/site-packages/airflow/example_dags/example_python_operator.py
[2023-10-21T05:38:27.163+0000] {processor.py:839} INFO - DAG(s) dict_keys(['example_python_operator']) retrieved from /home/airflow/.local/lib/python3.8/site-packages/airflow/example_dags/example_python_operator.py
[2023-10-21T05:38:27.188+0000] {logging_mixin.py:151} INFO - [2023-10-21T05:38:27.187+0000] {dag.py:2941} INFO - Sync 1 DAGs
[2023-10-21T05:38:27.202+0000] {logging_mixin.py:151} INFO - [2023-10-21T05:38:27.202+0000] {dag.py:3722} INFO - Setting next_dagrun for example_python_operator to None, run_after=None
[2023-10-21T05:38:27.225+0000] {processor.py:179} INFO - Processing /home/airflow/.local/lib/python3.8/site-packages/airflow/example_dags/example_python_operator.py took 0.076 seconds
[2023-10-21T05:38:57.425+0000] {processor.py:157} INFO - Started process (PID=3385) to work on /home/airflow/.local/lib/python3.8/site-packages/airflow/example_dags/example_python_operator.py
[2023-10-21T05:38:57.426+0000] {processor.py:829} INFO - Processing file /home/airflow/.local/lib/python3.8/site-packages/airflow/example_dags/example_python_operator.py for tasks to queue
[2023-10-21T05:38:57.427+0000] {logging_mixin.py:151} INFO - [2023-10-21T05:38:57.426+0000] {dagbag.py:536} INFO - Filling up the DagBag from /home/airflow/.local/lib/python3.8/site-packages/airflow/example_dags/example_python_operator.py
[2023-10-21T05:38:57.436+0000] {processor.py:839} INFO - DAG(s) dict_keys(['example_python_operator']) retrieved from /home/airflow/.local/lib/python3.8/site-packages/airflow/example_dags/example_python_operator.py
[2023-10-21T05:38:57.461+0000] {logging_mixin.py:151} INFO - [2023-10-21T05:38:57.461+0000] {dag.py:2941} INFO - Sync 1 DAGs
[2023-10-21T05:38:57.477+0000] {logging_mixin.py:151} INFO - [2023-10-21T05:38:57.477+0000] {dag.py:3722} INFO - Setting next_dagrun for example_python_operator to None, run_after=None
[2023-10-21T05:38:57.503+0000] {processor.py:179} INFO - Processing /home/airflow/.local/lib/python3.8/site-packages/airflow/example_dags/example_python_operator.py took 0.081 seconds
[2023-10-21T05:39:27.681+0000] {processor.py:157} INFO - Started process (PID=3623) to work on /home/airflow/.local/lib/python3.8/site-packages/airflow/example_dags/example_python_operator.py
[2023-10-21T05:39:27.682+0000] {processor.py:829} INFO - Processing file /home/airflow/.local/lib/python3.8/site-packages/airflow/example_dags/example_python_operator.py for tasks to queue
[2023-10-21T05:39:27.683+0000] {logging_mixin.py:151} INFO - [2023-10-21T05:39:27.683+0000] {dagbag.py:536} INFO - Filling up the DagBag from /home/airflow/.local/lib/python3.8/site-packages/airflow/example_dags/example_python_operator.py
[2023-10-21T05:39:27.691+0000] {processor.py:839} INFO - DAG(s) dict_keys(['example_python_operator']) retrieved from /home/airflow/.local/lib/python3.8/site-packages/airflow/example_dags/example_python_operator.py
[2023-10-21T05:39:27.713+0000] {logging_mixin.py:151} INFO - [2023-10-21T05:39:27.712+0000] {dag.py:2941} INFO - Sync 1 DAGs
[2023-10-21T05:39:27.727+0000] {logging_mixin.py:151} INFO - [2023-10-21T05:39:27.726+0000] {dag.py:3722} INFO - Setting next_dagrun for example_python_operator to None, run_after=None
[2023-10-21T05:39:27.745+0000] {processor.py:179} INFO - Processing /home/airflow/.local/lib/python3.8/site-packages/airflow/example_dags/example_python_operator.py took 0.066 seconds
[2023-10-21T05:39:58.421+0000] {processor.py:157} INFO - Started process (PID=3861) to work on /home/airflow/.local/lib/python3.8/site-packages/airflow/example_dags/example_python_operator.py
[2023-10-21T05:39:58.422+0000] {processor.py:829} INFO - Processing file /home/airflow/.local/lib/python3.8/site-packages/airflow/example_dags/example_python_operator.py for tasks to queue
[2023-10-21T05:39:58.423+0000] {logging_mixin.py:151} INFO - [2023-10-21T05:39:58.423+0000] {dagbag.py:536} INFO - Filling up the DagBag from /home/airflow/.local/lib/python3.8/site-packages/airflow/example_dags/example_python_operator.py
[2023-10-21T05:39:58.434+0000] {processor.py:839} INFO - DAG(s) dict_keys(['example_python_operator']) retrieved from /home/airflow/.local/lib/python3.8/site-packages/airflow/example_dags/example_python_operator.py
[2023-10-21T05:39:58.465+0000] {logging_mixin.py:151} INFO - [2023-10-21T05:39:58.464+0000] {dag.py:2941} INFO - Sync 1 DAGs
[2023-10-21T05:39:58.483+0000] {logging_mixin.py:151} INFO - [2023-10-21T05:39:58.483+0000] {dag.py:3722} INFO - Setting next_dagrun for example_python_operator to None, run_after=None
[2023-10-21T05:39:58.513+0000] {processor.py:179} INFO - Processing /home/airflow/.local/lib/python3.8/site-packages/airflow/example_dags/example_python_operator.py took 0.096 seconds
[2023-10-21T05:40:29.369+0000] {processor.py:157} INFO - Started process (PID=4098) to work on /home/airflow/.local/lib/python3.8/site-packages/airflow/example_dags/example_python_operator.py
[2023-10-21T05:40:29.370+0000] {processor.py:829} INFO - Processing file /home/airflow/.local/lib/python3.8/site-packages/airflow/example_dags/example_python_operator.py for tasks to queue
[2023-10-21T05:40:29.370+0000] {logging_mixin.py:151} INFO - [2023-10-21T05:40:29.370+0000] {dagbag.py:536} INFO - Filling up the DagBag from /home/airflow/.local/lib/python3.8/site-packages/airflow/example_dags/example_python_operator.py
[2023-10-21T05:40:29.378+0000] {processor.py:839} INFO - DAG(s) dict_keys(['example_python_operator']) retrieved from /home/airflow/.local/lib/python3.8/site-packages/airflow/example_dags/example_python_operator.py
[2023-10-21T05:40:29.398+0000] {logging_mixin.py:151} INFO - [2023-10-21T05:40:29.398+0000] {dag.py:2941} INFO - Sync 1 DAGs
[2023-10-21T05:40:29.410+0000] {logging_mixin.py:151} INFO - [2023-10-21T05:40:29.410+0000] {dag.py:3722} INFO - Setting next_dagrun for example_python_operator to None, run_after=None
[2023-10-21T05:40:29.428+0000] {processor.py:179} INFO - Processing /home/airflow/.local/lib/python3.8/site-packages/airflow/example_dags/example_python_operator.py took 0.062 seconds
[2023-10-21T05:40:59.742+0000] {processor.py:157} INFO - Started process (PID=4336) to work on /home/airflow/.local/lib/python3.8/site-packages/airflow/example_dags/example_python_operator.py
[2023-10-21T05:40:59.743+0000] {processor.py:829} INFO - Processing file /home/airflow/.local/lib/python3.8/site-packages/airflow/example_dags/example_python_operator.py for tasks to queue
[2023-10-21T05:40:59.744+0000] {logging_mixin.py:151} INFO - [2023-10-21T05:40:59.743+0000] {dagbag.py:536} INFO - Filling up the DagBag from /home/airflow/.local/lib/python3.8/site-packages/airflow/example_dags/example_python_operator.py
[2023-10-21T05:40:59.755+0000] {processor.py:839} INFO - DAG(s) dict_keys(['example_python_operator']) retrieved from /home/airflow/.local/lib/python3.8/site-packages/airflow/example_dags/example_python_operator.py
[2023-10-21T05:40:59.782+0000] {logging_mixin.py:151} INFO - [2023-10-21T05:40:59.781+0000] {dag.py:2941} INFO - Sync 1 DAGs
[2023-10-21T05:40:59.796+0000] {logging_mixin.py:151} INFO - [2023-10-21T05:40:59.796+0000] {dag.py:3722} INFO - Setting next_dagrun for example_python_operator to None, run_after=None
[2023-10-21T05:40:59.814+0000] {processor.py:179} INFO - Processing /home/airflow/.local/lib/python3.8/site-packages/airflow/example_dags/example_python_operator.py took 0.075 seconds
