[2023-10-21T05:32:21.358+0000] {processor.py:157} INFO - Started process (PID=231) to work on /home/airflow/.local/lib/python3.8/site-packages/airflow/example_dags/example_task_group.py
[2023-10-21T05:32:21.359+0000] {processor.py:829} INFO - Processing file /home/airflow/.local/lib/python3.8/site-packages/airflow/example_dags/example_task_group.py for tasks to queue
[2023-10-21T05:32:21.359+0000] {logging_mixin.py:151} INFO - [2023-10-21T05:32:21.359+0000] {dagbag.py:536} INFO - Filling up the DagBag from /home/airflow/.local/lib/python3.8/site-packages/airflow/example_dags/example_task_group.py
[2023-10-21T05:32:21.368+0000] {processor.py:839} INFO - DAG(s) dict_keys(['example_task_group']) retrieved from /home/airflow/.local/lib/python3.8/site-packages/airflow/example_dags/example_task_group.py
[2023-10-21T05:32:21.378+0000] {logging_mixin.py:151} INFO - [2023-10-21T05:32:21.378+0000] {dag.py:2941} INFO - Sync 1 DAGs
[2023-10-21T05:32:21.400+0000] {logging_mixin.py:151} INFO - [2023-10-21T05:32:21.400+0000] {dag.py:3722} INFO - Setting next_dagrun for example_task_group to 2023-10-20T05:32:21.400492+00:00, run_after=2023-10-21T05:32:21.400492+00:00
[2023-10-21T05:32:21.421+0000] {processor.py:179} INFO - Processing /home/airflow/.local/lib/python3.8/site-packages/airflow/example_dags/example_task_group.py took 0.066 seconds
[2023-10-21T05:32:51.823+0000] {processor.py:157} INFO - Started process (PID=471) to work on /home/airflow/.local/lib/python3.8/site-packages/airflow/example_dags/example_task_group.py
[2023-10-21T05:32:51.823+0000] {processor.py:829} INFO - Processing file /home/airflow/.local/lib/python3.8/site-packages/airflow/example_dags/example_task_group.py for tasks to queue
[2023-10-21T05:32:51.824+0000] {logging_mixin.py:151} INFO - [2023-10-21T05:32:51.824+0000] {dagbag.py:536} INFO - Filling up the DagBag from /home/airflow/.local/lib/python3.8/site-packages/airflow/example_dags/example_task_group.py
[2023-10-21T05:32:51.830+0000] {processor.py:839} INFO - DAG(s) dict_keys(['example_task_group']) retrieved from /home/airflow/.local/lib/python3.8/site-packages/airflow/example_dags/example_task_group.py
[2023-10-21T05:32:51.849+0000] {logging_mixin.py:151} INFO - [2023-10-21T05:32:51.849+0000] {dag.py:2941} INFO - Sync 1 DAGs
[2023-10-21T05:32:51.868+0000] {logging_mixin.py:151} INFO - [2023-10-21T05:32:51.868+0000] {dag.py:3722} INFO - Setting next_dagrun for example_task_group to 2023-10-20T05:32:51.868346+00:00, run_after=2023-10-21T05:32:51.868346+00:00
[2023-10-21T05:32:51.886+0000] {processor.py:179} INFO - Processing /home/airflow/.local/lib/python3.8/site-packages/airflow/example_dags/example_task_group.py took 0.065 seconds
[2023-10-21T05:33:22.392+0000] {processor.py:157} INFO - Started process (PID=709) to work on /home/airflow/.local/lib/python3.8/site-packages/airflow/example_dags/example_task_group.py
[2023-10-21T05:33:22.393+0000] {processor.py:829} INFO - Processing file /home/airflow/.local/lib/python3.8/site-packages/airflow/example_dags/example_task_group.py for tasks to queue
[2023-10-21T05:33:22.393+0000] {logging_mixin.py:151} INFO - [2023-10-21T05:33:22.393+0000] {dagbag.py:536} INFO - Filling up the DagBag from /home/airflow/.local/lib/python3.8/site-packages/airflow/example_dags/example_task_group.py
[2023-10-21T05:33:22.401+0000] {processor.py:839} INFO - DAG(s) dict_keys(['example_task_group']) retrieved from /home/airflow/.local/lib/python3.8/site-packages/airflow/example_dags/example_task_group.py
[2023-10-21T05:33:22.421+0000] {logging_mixin.py:151} INFO - [2023-10-21T05:33:22.421+0000] {dag.py:2941} INFO - Sync 1 DAGs
[2023-10-21T05:33:22.444+0000] {logging_mixin.py:151} INFO - [2023-10-21T05:33:22.443+0000] {dag.py:3722} INFO - Setting next_dagrun for example_task_group to 2023-10-20T05:33:22.443564+00:00, run_after=2023-10-21T05:33:22.443564+00:00
[2023-10-21T05:33:22.466+0000] {processor.py:179} INFO - Processing /home/airflow/.local/lib/python3.8/site-packages/airflow/example_dags/example_task_group.py took 0.077 seconds
[2023-10-21T05:33:52.511+0000] {processor.py:157} INFO - Started process (PID=947) to work on /home/airflow/.local/lib/python3.8/site-packages/airflow/example_dags/example_task_group.py
[2023-10-21T05:33:52.512+0000] {processor.py:829} INFO - Processing file /home/airflow/.local/lib/python3.8/site-packages/airflow/example_dags/example_task_group.py for tasks to queue
[2023-10-21T05:33:52.512+0000] {logging_mixin.py:151} INFO - [2023-10-21T05:33:52.512+0000] {dagbag.py:536} INFO - Filling up the DagBag from /home/airflow/.local/lib/python3.8/site-packages/airflow/example_dags/example_task_group.py
[2023-10-21T05:33:52.518+0000] {processor.py:839} INFO - DAG(s) dict_keys(['example_task_group']) retrieved from /home/airflow/.local/lib/python3.8/site-packages/airflow/example_dags/example_task_group.py
[2023-10-21T05:33:52.535+0000] {logging_mixin.py:151} INFO - [2023-10-21T05:33:52.535+0000] {dag.py:2941} INFO - Sync 1 DAGs
[2023-10-21T05:33:52.553+0000] {logging_mixin.py:151} INFO - [2023-10-21T05:33:52.553+0000] {dag.py:3722} INFO - Setting next_dagrun for example_task_group to 2023-10-20T05:33:52.552847+00:00, run_after=2023-10-21T05:33:52.552847+00:00
[2023-10-21T05:33:52.571+0000] {processor.py:179} INFO - Processing /home/airflow/.local/lib/python3.8/site-packages/airflow/example_dags/example_task_group.py took 0.061 seconds
[2023-10-21T05:34:22.870+0000] {processor.py:157} INFO - Started process (PID=1183) to work on /home/airflow/.local/lib/python3.8/site-packages/airflow/example_dags/example_task_group.py
[2023-10-21T05:34:22.871+0000] {processor.py:829} INFO - Processing file /home/airflow/.local/lib/python3.8/site-packages/airflow/example_dags/example_task_group.py for tasks to queue
[2023-10-21T05:34:22.872+0000] {logging_mixin.py:151} INFO - [2023-10-21T05:34:22.872+0000] {dagbag.py:536} INFO - Filling up the DagBag from /home/airflow/.local/lib/python3.8/site-packages/airflow/example_dags/example_task_group.py
[2023-10-21T05:34:22.881+0000] {processor.py:839} INFO - DAG(s) dict_keys(['example_task_group']) retrieved from /home/airflow/.local/lib/python3.8/site-packages/airflow/example_dags/example_task_group.py
[2023-10-21T05:34:22.908+0000] {logging_mixin.py:151} INFO - [2023-10-21T05:34:22.908+0000] {dag.py:2941} INFO - Sync 1 DAGs
[2023-10-21T05:34:22.933+0000] {logging_mixin.py:151} INFO - [2023-10-21T05:34:22.933+0000] {dag.py:3722} INFO - Setting next_dagrun for example_task_group to 2023-10-20T05:34:22.933228+00:00, run_after=2023-10-21T05:34:22.933228+00:00
[2023-10-21T05:34:22.966+0000] {processor.py:179} INFO - Processing /home/airflow/.local/lib/python3.8/site-packages/airflow/example_dags/example_task_group.py took 0.099 seconds
[2023-10-21T05:34:53.769+0000] {processor.py:157} INFO - Started process (PID=1423) to work on /home/airflow/.local/lib/python3.8/site-packages/airflow/example_dags/example_task_group.py
[2023-10-21T05:34:53.770+0000] {processor.py:829} INFO - Processing file /home/airflow/.local/lib/python3.8/site-packages/airflow/example_dags/example_task_group.py for tasks to queue
[2023-10-21T05:34:53.771+0000] {logging_mixin.py:151} INFO - [2023-10-21T05:34:53.771+0000] {dagbag.py:536} INFO - Filling up the DagBag from /home/airflow/.local/lib/python3.8/site-packages/airflow/example_dags/example_task_group.py
[2023-10-21T05:34:53.777+0000] {processor.py:839} INFO - DAG(s) dict_keys(['example_task_group']) retrieved from /home/airflow/.local/lib/python3.8/site-packages/airflow/example_dags/example_task_group.py
[2023-10-21T05:34:53.795+0000] {logging_mixin.py:151} INFO - [2023-10-21T05:34:53.795+0000] {dag.py:2941} INFO - Sync 1 DAGs
[2023-10-21T05:34:53.814+0000] {logging_mixin.py:151} INFO - [2023-10-21T05:34:53.814+0000] {dag.py:3722} INFO - Setting next_dagrun for example_task_group to 2023-10-20T05:34:53.813864+00:00, run_after=2023-10-21T05:34:53.813864+00:00
[2023-10-21T05:34:53.831+0000] {processor.py:179} INFO - Processing /home/airflow/.local/lib/python3.8/site-packages/airflow/example_dags/example_task_group.py took 0.063 seconds
[2023-10-21T05:35:24.026+0000] {processor.py:157} INFO - Started process (PID=1659) to work on /home/airflow/.local/lib/python3.8/site-packages/airflow/example_dags/example_task_group.py
[2023-10-21T05:35:24.027+0000] {processor.py:829} INFO - Processing file /home/airflow/.local/lib/python3.8/site-packages/airflow/example_dags/example_task_group.py for tasks to queue
[2023-10-21T05:35:24.027+0000] {logging_mixin.py:151} INFO - [2023-10-21T05:35:24.027+0000] {dagbag.py:536} INFO - Filling up the DagBag from /home/airflow/.local/lib/python3.8/site-packages/airflow/example_dags/example_task_group.py
[2023-10-21T05:35:24.033+0000] {processor.py:839} INFO - DAG(s) dict_keys(['example_task_group']) retrieved from /home/airflow/.local/lib/python3.8/site-packages/airflow/example_dags/example_task_group.py
[2023-10-21T05:35:24.053+0000] {logging_mixin.py:151} INFO - [2023-10-21T05:35:24.053+0000] {dag.py:2941} INFO - Sync 1 DAGs
[2023-10-21T05:35:24.077+0000] {logging_mixin.py:151} INFO - [2023-10-21T05:35:24.077+0000] {dag.py:3722} INFO - Setting next_dagrun for example_task_group to 2023-10-20T05:35:24.077061+00:00, run_after=2023-10-21T05:35:24.077061+00:00
[2023-10-21T05:35:24.094+0000] {processor.py:179} INFO - Processing /home/airflow/.local/lib/python3.8/site-packages/airflow/example_dags/example_task_group.py took 0.071 seconds
[2023-10-21T05:35:54.973+0000] {processor.py:157} INFO - Started process (PID=1897) to work on /home/airflow/.local/lib/python3.8/site-packages/airflow/example_dags/example_task_group.py
[2023-10-21T05:35:54.978+0000] {processor.py:829} INFO - Processing file /home/airflow/.local/lib/python3.8/site-packages/airflow/example_dags/example_task_group.py for tasks to queue
[2023-10-21T05:35:54.984+0000] {logging_mixin.py:151} INFO - [2023-10-21T05:35:54.982+0000] {dagbag.py:536} INFO - Filling up the DagBag from /home/airflow/.local/lib/python3.8/site-packages/airflow/example_dags/example_task_group.py
[2023-10-21T05:35:55.023+0000] {processor.py:839} INFO - DAG(s) dict_keys(['example_task_group']) retrieved from /home/airflow/.local/lib/python3.8/site-packages/airflow/example_dags/example_task_group.py
[2023-10-21T05:35:55.067+0000] {logging_mixin.py:151} INFO - [2023-10-21T05:35:55.066+0000] {dag.py:2941} INFO - Sync 1 DAGs
[2023-10-21T05:35:55.107+0000] {logging_mixin.py:151} INFO - [2023-10-21T05:35:55.107+0000] {dag.py:3722} INFO - Setting next_dagrun for example_task_group to 2023-10-20T05:35:55.106696+00:00, run_after=2023-10-21T05:35:55.106696+00:00
[2023-10-21T05:35:55.138+0000] {processor.py:179} INFO - Processing /home/airflow/.local/lib/python3.8/site-packages/airflow/example_dags/example_task_group.py took 0.186 seconds
[2023-10-21T05:36:25.869+0000] {processor.py:157} INFO - Started process (PID=2183) to work on /home/airflow/.local/lib/python3.8/site-packages/airflow/example_dags/example_task_group.py
[2023-10-21T05:36:25.870+0000] {processor.py:829} INFO - Processing file /home/airflow/.local/lib/python3.8/site-packages/airflow/example_dags/example_task_group.py for tasks to queue
[2023-10-21T05:36:25.870+0000] {logging_mixin.py:151} INFO - [2023-10-21T05:36:25.870+0000] {dagbag.py:536} INFO - Filling up the DagBag from /home/airflow/.local/lib/python3.8/site-packages/airflow/example_dags/example_task_group.py
[2023-10-21T05:36:25.876+0000] {processor.py:839} INFO - DAG(s) dict_keys(['example_task_group']) retrieved from /home/airflow/.local/lib/python3.8/site-packages/airflow/example_dags/example_task_group.py
[2023-10-21T05:36:25.893+0000] {logging_mixin.py:151} INFO - [2023-10-21T05:36:25.893+0000] {dag.py:2941} INFO - Sync 1 DAGs
[2023-10-21T05:36:25.911+0000] {logging_mixin.py:151} INFO - [2023-10-21T05:36:25.911+0000] {dag.py:3722} INFO - Setting next_dagrun for example_task_group to 2023-10-20T05:36:25.911120+00:00, run_after=2023-10-21T05:36:25.911120+00:00
[2023-10-21T05:36:25.928+0000] {processor.py:179} INFO - Processing /home/airflow/.local/lib/python3.8/site-packages/airflow/example_dags/example_task_group.py took 0.061 seconds
[2023-10-21T05:36:56.138+0000] {processor.py:157} INFO - Started process (PID=2421) to work on /home/airflow/.local/lib/python3.8/site-packages/airflow/example_dags/example_task_group.py
[2023-10-21T05:36:56.139+0000] {processor.py:829} INFO - Processing file /home/airflow/.local/lib/python3.8/site-packages/airflow/example_dags/example_task_group.py for tasks to queue
[2023-10-21T05:36:56.139+0000] {logging_mixin.py:151} INFO - [2023-10-21T05:36:56.139+0000] {dagbag.py:536} INFO - Filling up the DagBag from /home/airflow/.local/lib/python3.8/site-packages/airflow/example_dags/example_task_group.py
[2023-10-21T05:36:56.145+0000] {processor.py:839} INFO - DAG(s) dict_keys(['example_task_group']) retrieved from /home/airflow/.local/lib/python3.8/site-packages/airflow/example_dags/example_task_group.py
[2023-10-21T05:36:56.165+0000] {logging_mixin.py:151} INFO - [2023-10-21T05:36:56.164+0000] {dag.py:2941} INFO - Sync 1 DAGs
[2023-10-21T05:36:56.186+0000] {logging_mixin.py:151} INFO - [2023-10-21T05:36:56.185+0000] {dag.py:3722} INFO - Setting next_dagrun for example_task_group to 2023-10-20T05:36:56.185722+00:00, run_after=2023-10-21T05:36:56.185722+00:00
[2023-10-21T05:36:56.204+0000] {processor.py:179} INFO - Processing /home/airflow/.local/lib/python3.8/site-packages/airflow/example_dags/example_task_group.py took 0.068 seconds
[2023-10-21T05:37:26.322+0000] {processor.py:157} INFO - Started process (PID=2661) to work on /home/airflow/.local/lib/python3.8/site-packages/airflow/example_dags/example_task_group.py
[2023-10-21T05:37:26.323+0000] {processor.py:829} INFO - Processing file /home/airflow/.local/lib/python3.8/site-packages/airflow/example_dags/example_task_group.py for tasks to queue
[2023-10-21T05:37:26.323+0000] {logging_mixin.py:151} INFO - [2023-10-21T05:37:26.323+0000] {dagbag.py:536} INFO - Filling up the DagBag from /home/airflow/.local/lib/python3.8/site-packages/airflow/example_dags/example_task_group.py
[2023-10-21T05:37:26.329+0000] {processor.py:839} INFO - DAG(s) dict_keys(['example_task_group']) retrieved from /home/airflow/.local/lib/python3.8/site-packages/airflow/example_dags/example_task_group.py
[2023-10-21T05:37:26.346+0000] {logging_mixin.py:151} INFO - [2023-10-21T05:37:26.346+0000] {dag.py:2941} INFO - Sync 1 DAGs
[2023-10-21T05:37:26.365+0000] {logging_mixin.py:151} INFO - [2023-10-21T05:37:26.364+0000] {dag.py:3722} INFO - Setting next_dagrun for example_task_group to 2023-10-20T05:37:26.364708+00:00, run_after=2023-10-21T05:37:26.364708+00:00
[2023-10-21T05:37:26.382+0000] {processor.py:179} INFO - Processing /home/airflow/.local/lib/python3.8/site-packages/airflow/example_dags/example_task_group.py took 0.062 seconds
[2023-10-21T05:37:56.456+0000] {processor.py:157} INFO - Started process (PID=2897) to work on /home/airflow/.local/lib/python3.8/site-packages/airflow/example_dags/example_task_group.py
[2023-10-21T05:37:56.457+0000] {processor.py:829} INFO - Processing file /home/airflow/.local/lib/python3.8/site-packages/airflow/example_dags/example_task_group.py for tasks to queue
[2023-10-21T05:37:56.458+0000] {logging_mixin.py:151} INFO - [2023-10-21T05:37:56.457+0000] {dagbag.py:536} INFO - Filling up the DagBag from /home/airflow/.local/lib/python3.8/site-packages/airflow/example_dags/example_task_group.py
[2023-10-21T05:37:56.466+0000] {processor.py:839} INFO - DAG(s) dict_keys(['example_task_group']) retrieved from /home/airflow/.local/lib/python3.8/site-packages/airflow/example_dags/example_task_group.py
[2023-10-21T05:37:56.490+0000] {logging_mixin.py:151} INFO - [2023-10-21T05:37:56.490+0000] {dag.py:2941} INFO - Sync 1 DAGs
[2023-10-21T05:37:56.519+0000] {logging_mixin.py:151} INFO - [2023-10-21T05:37:56.518+0000] {dag.py:3722} INFO - Setting next_dagrun for example_task_group to 2023-10-20T05:37:56.518576+00:00, run_after=2023-10-21T05:37:56.518576+00:00
[2023-10-21T05:37:56.541+0000] {processor.py:179} INFO - Processing /home/airflow/.local/lib/python3.8/site-packages/airflow/example_dags/example_task_group.py took 0.087 seconds
[2023-10-21T05:38:27.046+0000] {processor.py:157} INFO - Started process (PID=3135) to work on /home/airflow/.local/lib/python3.8/site-packages/airflow/example_dags/example_task_group.py
[2023-10-21T05:38:27.047+0000] {processor.py:829} INFO - Processing file /home/airflow/.local/lib/python3.8/site-packages/airflow/example_dags/example_task_group.py for tasks to queue
[2023-10-21T05:38:27.047+0000] {logging_mixin.py:151} INFO - [2023-10-21T05:38:27.047+0000] {dagbag.py:536} INFO - Filling up the DagBag from /home/airflow/.local/lib/python3.8/site-packages/airflow/example_dags/example_task_group.py
[2023-10-21T05:38:27.054+0000] {processor.py:839} INFO - DAG(s) dict_keys(['example_task_group']) retrieved from /home/airflow/.local/lib/python3.8/site-packages/airflow/example_dags/example_task_group.py
[2023-10-21T05:38:27.077+0000] {logging_mixin.py:151} INFO - [2023-10-21T05:38:27.077+0000] {dag.py:2941} INFO - Sync 1 DAGs
[2023-10-21T05:38:27.099+0000] {logging_mixin.py:151} INFO - [2023-10-21T05:38:27.099+0000] {dag.py:3722} INFO - Setting next_dagrun for example_task_group to 2023-10-20T05:38:27.098991+00:00, run_after=2023-10-21T05:38:27.098991+00:00
[2023-10-21T05:38:27.118+0000] {processor.py:179} INFO - Processing /home/airflow/.local/lib/python3.8/site-packages/airflow/example_dags/example_task_group.py took 0.075 seconds
[2023-10-21T05:38:57.240+0000] {processor.py:157} INFO - Started process (PID=3373) to work on /home/airflow/.local/lib/python3.8/site-packages/airflow/example_dags/example_task_group.py
[2023-10-21T05:38:57.241+0000] {processor.py:829} INFO - Processing file /home/airflow/.local/lib/python3.8/site-packages/airflow/example_dags/example_task_group.py for tasks to queue
[2023-10-21T05:38:57.241+0000] {logging_mixin.py:151} INFO - [2023-10-21T05:38:57.241+0000] {dagbag.py:536} INFO - Filling up the DagBag from /home/airflow/.local/lib/python3.8/site-packages/airflow/example_dags/example_task_group.py
[2023-10-21T05:38:57.248+0000] {processor.py:839} INFO - DAG(s) dict_keys(['example_task_group']) retrieved from /home/airflow/.local/lib/python3.8/site-packages/airflow/example_dags/example_task_group.py
[2023-10-21T05:38:57.269+0000] {logging_mixin.py:151} INFO - [2023-10-21T05:38:57.268+0000] {dag.py:2941} INFO - Sync 1 DAGs
[2023-10-21T05:38:57.294+0000] {logging_mixin.py:151} INFO - [2023-10-21T05:38:57.294+0000] {dag.py:3722} INFO - Setting next_dagrun for example_task_group to 2023-10-20T05:38:57.293858+00:00, run_after=2023-10-21T05:38:57.293858+00:00
[2023-10-21T05:38:57.316+0000] {processor.py:179} INFO - Processing /home/airflow/.local/lib/python3.8/site-packages/airflow/example_dags/example_task_group.py took 0.079 seconds
[2023-10-21T05:39:27.526+0000] {processor.py:157} INFO - Started process (PID=3613) to work on /home/airflow/.local/lib/python3.8/site-packages/airflow/example_dags/example_task_group.py
[2023-10-21T05:39:27.527+0000] {processor.py:829} INFO - Processing file /home/airflow/.local/lib/python3.8/site-packages/airflow/example_dags/example_task_group.py for tasks to queue
[2023-10-21T05:39:27.528+0000] {logging_mixin.py:151} INFO - [2023-10-21T05:39:27.528+0000] {dagbag.py:536} INFO - Filling up the DagBag from /home/airflow/.local/lib/python3.8/site-packages/airflow/example_dags/example_task_group.py
[2023-10-21T05:39:27.533+0000] {processor.py:839} INFO - DAG(s) dict_keys(['example_task_group']) retrieved from /home/airflow/.local/lib/python3.8/site-packages/airflow/example_dags/example_task_group.py
[2023-10-21T05:39:27.552+0000] {logging_mixin.py:151} INFO - [2023-10-21T05:39:27.552+0000] {dag.py:2941} INFO - Sync 1 DAGs
[2023-10-21T05:39:27.572+0000] {logging_mixin.py:151} INFO - [2023-10-21T05:39:27.572+0000] {dag.py:3722} INFO - Setting next_dagrun for example_task_group to 2023-10-20T05:39:27.571836+00:00, run_after=2023-10-21T05:39:27.571836+00:00
[2023-10-21T05:39:27.589+0000] {processor.py:179} INFO - Processing /home/airflow/.local/lib/python3.8/site-packages/airflow/example_dags/example_task_group.py took 0.065 seconds
[2023-10-21T05:39:58.307+0000] {processor.py:157} INFO - Started process (PID=3851) to work on /home/airflow/.local/lib/python3.8/site-packages/airflow/example_dags/example_task_group.py
[2023-10-21T05:39:58.308+0000] {processor.py:829} INFO - Processing file /home/airflow/.local/lib/python3.8/site-packages/airflow/example_dags/example_task_group.py for tasks to queue
[2023-10-21T05:39:58.308+0000] {logging_mixin.py:151} INFO - [2023-10-21T05:39:58.308+0000] {dagbag.py:536} INFO - Filling up the DagBag from /home/airflow/.local/lib/python3.8/site-packages/airflow/example_dags/example_task_group.py
[2023-10-21T05:39:58.317+0000] {processor.py:839} INFO - DAG(s) dict_keys(['example_task_group']) retrieved from /home/airflow/.local/lib/python3.8/site-packages/airflow/example_dags/example_task_group.py
[2023-10-21T05:39:58.343+0000] {logging_mixin.py:151} INFO - [2023-10-21T05:39:58.343+0000] {dag.py:2941} INFO - Sync 1 DAGs
[2023-10-21T05:39:58.367+0000] {logging_mixin.py:151} INFO - [2023-10-21T05:39:58.367+0000] {dag.py:3722} INFO - Setting next_dagrun for example_task_group to 2023-10-20T05:39:58.367111+00:00, run_after=2023-10-21T05:39:58.367111+00:00
[2023-10-21T05:39:58.393+0000] {processor.py:179} INFO - Processing /home/airflow/.local/lib/python3.8/site-packages/airflow/example_dags/example_task_group.py took 0.090 seconds
[2023-10-21T05:40:29.280+0000] {processor.py:157} INFO - Started process (PID=4087) to work on /home/airflow/.local/lib/python3.8/site-packages/airflow/example_dags/example_task_group.py
[2023-10-21T05:40:29.281+0000] {processor.py:829} INFO - Processing file /home/airflow/.local/lib/python3.8/site-packages/airflow/example_dags/example_task_group.py for tasks to queue
[2023-10-21T05:40:29.282+0000] {logging_mixin.py:151} INFO - [2023-10-21T05:40:29.282+0000] {dagbag.py:536} INFO - Filling up the DagBag from /home/airflow/.local/lib/python3.8/site-packages/airflow/example_dags/example_task_group.py
[2023-10-21T05:40:29.288+0000] {processor.py:839} INFO - DAG(s) dict_keys(['example_task_group']) retrieved from /home/airflow/.local/lib/python3.8/site-packages/airflow/example_dags/example_task_group.py
[2023-10-21T05:40:29.307+0000] {logging_mixin.py:151} INFO - [2023-10-21T05:40:29.307+0000] {dag.py:2941} INFO - Sync 1 DAGs
[2023-10-21T05:40:29.328+0000] {logging_mixin.py:151} INFO - [2023-10-21T05:40:29.328+0000] {dag.py:3722} INFO - Setting next_dagrun for example_task_group to 2023-10-20T05:40:29.327851+00:00, run_after=2023-10-21T05:40:29.327851+00:00
[2023-10-21T05:40:29.346+0000] {processor.py:179} INFO - Processing /home/airflow/.local/lib/python3.8/site-packages/airflow/example_dags/example_task_group.py took 0.068 seconds
[2023-10-21T05:40:59.657+0000] {processor.py:157} INFO - Started process (PID=4326) to work on /home/airflow/.local/lib/python3.8/site-packages/airflow/example_dags/example_task_group.py
[2023-10-21T05:40:59.658+0000] {processor.py:829} INFO - Processing file /home/airflow/.local/lib/python3.8/site-packages/airflow/example_dags/example_task_group.py for tasks to queue
[2023-10-21T05:40:59.658+0000] {logging_mixin.py:151} INFO - [2023-10-21T05:40:59.658+0000] {dagbag.py:536} INFO - Filling up the DagBag from /home/airflow/.local/lib/python3.8/site-packages/airflow/example_dags/example_task_group.py
[2023-10-21T05:40:59.664+0000] {processor.py:839} INFO - DAG(s) dict_keys(['example_task_group']) retrieved from /home/airflow/.local/lib/python3.8/site-packages/airflow/example_dags/example_task_group.py
[2023-10-21T05:40:59.681+0000] {logging_mixin.py:151} INFO - [2023-10-21T05:40:59.681+0000] {dag.py:2941} INFO - Sync 1 DAGs
[2023-10-21T05:40:59.699+0000] {logging_mixin.py:151} INFO - [2023-10-21T05:40:59.699+0000] {dag.py:3722} INFO - Setting next_dagrun for example_task_group to 2023-10-20T05:40:59.699495+00:00, run_after=2023-10-21T05:40:59.699495+00:00
[2023-10-21T05:40:59.717+0000] {processor.py:179} INFO - Processing /home/airflow/.local/lib/python3.8/site-packages/airflow/example_dags/example_task_group.py took 0.061 seconds
