[2023-10-21T05:32:21.674+0000] {processor.py:157} INFO - Started process (PID=266) to work on /home/airflow/.local/lib/python3.8/site-packages/airflow/example_dags/example_short_circuit_decorator.py
[2023-10-21T05:32:21.674+0000] {processor.py:829} INFO - Processing file /home/airflow/.local/lib/python3.8/site-packages/airflow/example_dags/example_short_circuit_decorator.py for tasks to queue
[2023-10-21T05:32:21.675+0000] {logging_mixin.py:151} INFO - [2023-10-21T05:32:21.674+0000] {dagbag.py:536} INFO - Filling up the DagBag from /home/airflow/.local/lib/python3.8/site-packages/airflow/example_dags/example_short_circuit_decorator.py
[2023-10-21T05:32:21.687+0000] {processor.py:839} INFO - DAG(s) dict_keys(['example_short_circuit_decorator']) retrieved from /home/airflow/.local/lib/python3.8/site-packages/airflow/example_dags/example_short_circuit_decorator.py
[2023-10-21T05:32:21.698+0000] {logging_mixin.py:151} INFO - [2023-10-21T05:32:21.698+0000] {dag.py:2941} INFO - Sync 1 DAGs
[2023-10-21T05:32:21.722+0000] {logging_mixin.py:151} INFO - [2023-10-21T05:32:21.721+0000] {dag.py:3722} INFO - Setting next_dagrun for example_short_circuit_decorator to 2023-10-20T05:32:21.721734+00:00, run_after=2023-10-21T05:32:21.721734+00:00
[2023-10-21T05:32:21.744+0000] {processor.py:179} INFO - Processing /home/airflow/.local/lib/python3.8/site-packages/airflow/example_dags/example_short_circuit_decorator.py took 0.073 seconds
[2023-10-21T05:32:52.324+0000] {processor.py:157} INFO - Started process (PID=506) to work on /home/airflow/.local/lib/python3.8/site-packages/airflow/example_dags/example_short_circuit_decorator.py
[2023-10-21T05:32:52.325+0000] {processor.py:829} INFO - Processing file /home/airflow/.local/lib/python3.8/site-packages/airflow/example_dags/example_short_circuit_decorator.py for tasks to queue
[2023-10-21T05:32:52.326+0000] {logging_mixin.py:151} INFO - [2023-10-21T05:32:52.325+0000] {dagbag.py:536} INFO - Filling up the DagBag from /home/airflow/.local/lib/python3.8/site-packages/airflow/example_dags/example_short_circuit_decorator.py
[2023-10-21T05:32:52.334+0000] {processor.py:839} INFO - DAG(s) dict_keys(['example_short_circuit_decorator']) retrieved from /home/airflow/.local/lib/python3.8/site-packages/airflow/example_dags/example_short_circuit_decorator.py
[2023-10-21T05:32:52.352+0000] {logging_mixin.py:151} INFO - [2023-10-21T05:32:52.352+0000] {dag.py:2941} INFO - Sync 1 DAGs
[2023-10-21T05:32:52.371+0000] {logging_mixin.py:151} INFO - [2023-10-21T05:32:52.371+0000] {dag.py:3722} INFO - Setting next_dagrun for example_short_circuit_decorator to 2023-10-20T05:32:52.370994+00:00, run_after=2023-10-21T05:32:52.370994+00:00
[2023-10-21T05:32:52.388+0000] {processor.py:179} INFO - Processing /home/airflow/.local/lib/python3.8/site-packages/airflow/example_dags/example_short_circuit_decorator.py took 0.066 seconds
[2023-10-21T05:33:22.750+0000] {processor.py:157} INFO - Started process (PID=742) to work on /home/airflow/.local/lib/python3.8/site-packages/airflow/example_dags/example_short_circuit_decorator.py
[2023-10-21T05:33:22.751+0000] {processor.py:829} INFO - Processing file /home/airflow/.local/lib/python3.8/site-packages/airflow/example_dags/example_short_circuit_decorator.py for tasks to queue
[2023-10-21T05:33:22.752+0000] {logging_mixin.py:151} INFO - [2023-10-21T05:33:22.752+0000] {dagbag.py:536} INFO - Filling up the DagBag from /home/airflow/.local/lib/python3.8/site-packages/airflow/example_dags/example_short_circuit_decorator.py
[2023-10-21T05:33:22.759+0000] {processor.py:839} INFO - DAG(s) dict_keys(['example_short_circuit_decorator']) retrieved from /home/airflow/.local/lib/python3.8/site-packages/airflow/example_dags/example_short_circuit_decorator.py
[2023-10-21T05:33:22.780+0000] {logging_mixin.py:151} INFO - [2023-10-21T05:33:22.779+0000] {dag.py:2941} INFO - Sync 1 DAGs
[2023-10-21T05:33:22.800+0000] {logging_mixin.py:151} INFO - [2023-10-21T05:33:22.800+0000] {dag.py:3722} INFO - Setting next_dagrun for example_short_circuit_decorator to 2023-10-20T05:33:22.799917+00:00, run_after=2023-10-21T05:33:22.799917+00:00
[2023-10-21T05:33:22.820+0000] {processor.py:179} INFO - Processing /home/airflow/.local/lib/python3.8/site-packages/airflow/example_dags/example_short_circuit_decorator.py took 0.072 seconds
[2023-10-21T05:33:53.763+0000] {processor.py:157} INFO - Started process (PID=980) to work on /home/airflow/.local/lib/python3.8/site-packages/airflow/example_dags/example_short_circuit_decorator.py
[2023-10-21T05:33:53.764+0000] {processor.py:829} INFO - Processing file /home/airflow/.local/lib/python3.8/site-packages/airflow/example_dags/example_short_circuit_decorator.py for tasks to queue
[2023-10-21T05:33:53.764+0000] {logging_mixin.py:151} INFO - [2023-10-21T05:33:53.764+0000] {dagbag.py:536} INFO - Filling up the DagBag from /home/airflow/.local/lib/python3.8/site-packages/airflow/example_dags/example_short_circuit_decorator.py
[2023-10-21T05:33:53.773+0000] {processor.py:839} INFO - DAG(s) dict_keys(['example_short_circuit_decorator']) retrieved from /home/airflow/.local/lib/python3.8/site-packages/airflow/example_dags/example_short_circuit_decorator.py
[2023-10-21T05:33:53.797+0000] {logging_mixin.py:151} INFO - [2023-10-21T05:33:53.797+0000] {dag.py:2941} INFO - Sync 1 DAGs
[2023-10-21T05:33:53.816+0000] {logging_mixin.py:151} INFO - [2023-10-21T05:33:53.815+0000] {dag.py:3722} INFO - Setting next_dagrun for example_short_circuit_decorator to 2023-10-20T05:33:53.815710+00:00, run_after=2023-10-21T05:33:53.815710+00:00
[2023-10-21T05:33:53.832+0000] {processor.py:179} INFO - Processing /home/airflow/.local/lib/python3.8/site-packages/airflow/example_dags/example_short_circuit_decorator.py took 0.071 seconds
[2023-10-21T05:34:24.312+0000] {processor.py:157} INFO - Started process (PID=1218) to work on /home/airflow/.local/lib/python3.8/site-packages/airflow/example_dags/example_short_circuit_decorator.py
[2023-10-21T05:34:24.314+0000] {processor.py:829} INFO - Processing file /home/airflow/.local/lib/python3.8/site-packages/airflow/example_dags/example_short_circuit_decorator.py for tasks to queue
[2023-10-21T05:34:24.315+0000] {logging_mixin.py:151} INFO - [2023-10-21T05:34:24.314+0000] {dagbag.py:536} INFO - Filling up the DagBag from /home/airflow/.local/lib/python3.8/site-packages/airflow/example_dags/example_short_circuit_decorator.py
[2023-10-21T05:34:24.328+0000] {processor.py:839} INFO - DAG(s) dict_keys(['example_short_circuit_decorator']) retrieved from /home/airflow/.local/lib/python3.8/site-packages/airflow/example_dags/example_short_circuit_decorator.py
[2023-10-21T05:34:24.364+0000] {logging_mixin.py:151} INFO - [2023-10-21T05:34:24.364+0000] {dag.py:2941} INFO - Sync 1 DAGs
[2023-10-21T05:34:24.403+0000] {logging_mixin.py:151} INFO - [2023-10-21T05:34:24.402+0000] {dag.py:3722} INFO - Setting next_dagrun for example_short_circuit_decorator to 2023-10-20T05:34:24.401802+00:00, run_after=2023-10-21T05:34:24.401802+00:00
[2023-10-21T05:34:24.433+0000] {processor.py:179} INFO - Processing /home/airflow/.local/lib/python3.8/site-packages/airflow/example_dags/example_short_circuit_decorator.py took 0.124 seconds
[2023-10-21T05:34:55.022+0000] {processor.py:157} INFO - Started process (PID=1456) to work on /home/airflow/.local/lib/python3.8/site-packages/airflow/example_dags/example_short_circuit_decorator.py
[2023-10-21T05:34:55.023+0000] {processor.py:829} INFO - Processing file /home/airflow/.local/lib/python3.8/site-packages/airflow/example_dags/example_short_circuit_decorator.py for tasks to queue
[2023-10-21T05:34:55.023+0000] {logging_mixin.py:151} INFO - [2023-10-21T05:34:55.023+0000] {dagbag.py:536} INFO - Filling up the DagBag from /home/airflow/.local/lib/python3.8/site-packages/airflow/example_dags/example_short_circuit_decorator.py
[2023-10-21T05:34:55.031+0000] {processor.py:839} INFO - DAG(s) dict_keys(['example_short_circuit_decorator']) retrieved from /home/airflow/.local/lib/python3.8/site-packages/airflow/example_dags/example_short_circuit_decorator.py
[2023-10-21T05:34:55.049+0000] {logging_mixin.py:151} INFO - [2023-10-21T05:34:55.049+0000] {dag.py:2941} INFO - Sync 1 DAGs
[2023-10-21T05:34:55.069+0000] {logging_mixin.py:151} INFO - [2023-10-21T05:34:55.069+0000] {dag.py:3722} INFO - Setting next_dagrun for example_short_circuit_decorator to 2023-10-20T05:34:55.068975+00:00, run_after=2023-10-21T05:34:55.068975+00:00
[2023-10-21T05:34:55.088+0000] {processor.py:179} INFO - Processing /home/airflow/.local/lib/python3.8/site-packages/airflow/example_dags/example_short_circuit_decorator.py took 0.068 seconds
[2023-10-21T05:35:25.341+0000] {processor.py:157} INFO - Started process (PID=1694) to work on /home/airflow/.local/lib/python3.8/site-packages/airflow/example_dags/example_short_circuit_decorator.py
[2023-10-21T05:35:25.342+0000] {processor.py:829} INFO - Processing file /home/airflow/.local/lib/python3.8/site-packages/airflow/example_dags/example_short_circuit_decorator.py for tasks to queue
[2023-10-21T05:35:25.343+0000] {logging_mixin.py:151} INFO - [2023-10-21T05:35:25.343+0000] {dagbag.py:536} INFO - Filling up the DagBag from /home/airflow/.local/lib/python3.8/site-packages/airflow/example_dags/example_short_circuit_decorator.py
[2023-10-21T05:35:25.350+0000] {processor.py:839} INFO - DAG(s) dict_keys(['example_short_circuit_decorator']) retrieved from /home/airflow/.local/lib/python3.8/site-packages/airflow/example_dags/example_short_circuit_decorator.py
[2023-10-21T05:35:25.371+0000] {logging_mixin.py:151} INFO - [2023-10-21T05:35:25.370+0000] {dag.py:2941} INFO - Sync 1 DAGs
[2023-10-21T05:35:25.391+0000] {logging_mixin.py:151} INFO - [2023-10-21T05:35:25.390+0000] {dag.py:3722} INFO - Setting next_dagrun for example_short_circuit_decorator to 2023-10-20T05:35:25.390640+00:00, run_after=2023-10-21T05:35:25.390640+00:00
[2023-10-21T05:35:25.409+0000] {processor.py:179} INFO - Processing /home/airflow/.local/lib/python3.8/site-packages/airflow/example_dags/example_short_circuit_decorator.py took 0.069 seconds
[2023-10-21T05:35:55.454+0000] {processor.py:157} INFO - Started process (PID=1932) to work on /home/airflow/.local/lib/python3.8/site-packages/airflow/example_dags/example_short_circuit_decorator.py
[2023-10-21T05:35:55.455+0000] {processor.py:829} INFO - Processing file /home/airflow/.local/lib/python3.8/site-packages/airflow/example_dags/example_short_circuit_decorator.py for tasks to queue
[2023-10-21T05:35:55.455+0000] {logging_mixin.py:151} INFO - [2023-10-21T05:35:55.455+0000] {dagbag.py:536} INFO - Filling up the DagBag from /home/airflow/.local/lib/python3.8/site-packages/airflow/example_dags/example_short_circuit_decorator.py
[2023-10-21T05:35:55.463+0000] {processor.py:839} INFO - DAG(s) dict_keys(['example_short_circuit_decorator']) retrieved from /home/airflow/.local/lib/python3.8/site-packages/airflow/example_dags/example_short_circuit_decorator.py
[2023-10-21T05:35:55.482+0000] {logging_mixin.py:151} INFO - [2023-10-21T05:35:55.482+0000] {dag.py:2941} INFO - Sync 1 DAGs
[2023-10-21T05:35:55.502+0000] {logging_mixin.py:151} INFO - [2023-10-21T05:35:55.502+0000] {dag.py:3722} INFO - Setting next_dagrun for example_short_circuit_decorator to 2023-10-20T05:35:55.502296+00:00, run_after=2023-10-21T05:35:55.502296+00:00
[2023-10-21T05:35:55.521+0000] {processor.py:179} INFO - Processing /home/airflow/.local/lib/python3.8/site-packages/airflow/example_dags/example_short_circuit_decorator.py took 0.069 seconds
[2023-10-21T05:36:26.112+0000] {processor.py:157} INFO - Started process (PID=2218) to work on /home/airflow/.local/lib/python3.8/site-packages/airflow/example_dags/example_short_circuit_decorator.py
[2023-10-21T05:36:26.113+0000] {processor.py:829} INFO - Processing file /home/airflow/.local/lib/python3.8/site-packages/airflow/example_dags/example_short_circuit_decorator.py for tasks to queue
[2023-10-21T05:36:26.113+0000] {logging_mixin.py:151} INFO - [2023-10-21T05:36:26.113+0000] {dagbag.py:536} INFO - Filling up the DagBag from /home/airflow/.local/lib/python3.8/site-packages/airflow/example_dags/example_short_circuit_decorator.py
[2023-10-21T05:36:26.120+0000] {processor.py:839} INFO - DAG(s) dict_keys(['example_short_circuit_decorator']) retrieved from /home/airflow/.local/lib/python3.8/site-packages/airflow/example_dags/example_short_circuit_decorator.py
[2023-10-21T05:36:26.139+0000] {logging_mixin.py:151} INFO - [2023-10-21T05:36:26.139+0000] {dag.py:2941} INFO - Sync 1 DAGs
[2023-10-21T05:36:26.160+0000] {logging_mixin.py:151} INFO - [2023-10-21T05:36:26.159+0000] {dag.py:3722} INFO - Setting next_dagrun for example_short_circuit_decorator to 2023-10-20T05:36:26.159671+00:00, run_after=2023-10-21T05:36:26.159671+00:00
[2023-10-21T05:36:26.177+0000] {processor.py:179} INFO - Processing /home/airflow/.local/lib/python3.8/site-packages/airflow/example_dags/example_short_circuit_decorator.py took 0.067 seconds
[2023-10-21T05:36:56.388+0000] {processor.py:157} INFO - Started process (PID=2456) to work on /home/airflow/.local/lib/python3.8/site-packages/airflow/example_dags/example_short_circuit_decorator.py
[2023-10-21T05:36:56.389+0000] {processor.py:829} INFO - Processing file /home/airflow/.local/lib/python3.8/site-packages/airflow/example_dags/example_short_circuit_decorator.py for tasks to queue
[2023-10-21T05:36:56.389+0000] {logging_mixin.py:151} INFO - [2023-10-21T05:36:56.389+0000] {dagbag.py:536} INFO - Filling up the DagBag from /home/airflow/.local/lib/python3.8/site-packages/airflow/example_dags/example_short_circuit_decorator.py
[2023-10-21T05:36:56.396+0000] {processor.py:839} INFO - DAG(s) dict_keys(['example_short_circuit_decorator']) retrieved from /home/airflow/.local/lib/python3.8/site-packages/airflow/example_dags/example_short_circuit_decorator.py
[2023-10-21T05:36:56.415+0000] {logging_mixin.py:151} INFO - [2023-10-21T05:36:56.415+0000] {dag.py:2941} INFO - Sync 1 DAGs
[2023-10-21T05:36:56.433+0000] {logging_mixin.py:151} INFO - [2023-10-21T05:36:56.432+0000] {dag.py:3722} INFO - Setting next_dagrun for example_short_circuit_decorator to 2023-10-20T05:36:56.432548+00:00, run_after=2023-10-21T05:36:56.432548+00:00
[2023-10-21T05:36:56.450+0000] {processor.py:179} INFO - Processing /home/airflow/.local/lib/python3.8/site-packages/airflow/example_dags/example_short_circuit_decorator.py took 0.065 seconds
[2023-10-21T05:37:26.631+0000] {processor.py:157} INFO - Started process (PID=2694) to work on /home/airflow/.local/lib/python3.8/site-packages/airflow/example_dags/example_short_circuit_decorator.py
[2023-10-21T05:37:26.632+0000] {processor.py:829} INFO - Processing file /home/airflow/.local/lib/python3.8/site-packages/airflow/example_dags/example_short_circuit_decorator.py for tasks to queue
[2023-10-21T05:37:26.632+0000] {logging_mixin.py:151} INFO - [2023-10-21T05:37:26.632+0000] {dagbag.py:536} INFO - Filling up the DagBag from /home/airflow/.local/lib/python3.8/site-packages/airflow/example_dags/example_short_circuit_decorator.py
[2023-10-21T05:37:26.640+0000] {processor.py:839} INFO - DAG(s) dict_keys(['example_short_circuit_decorator']) retrieved from /home/airflow/.local/lib/python3.8/site-packages/airflow/example_dags/example_short_circuit_decorator.py
[2023-10-21T05:37:26.660+0000] {logging_mixin.py:151} INFO - [2023-10-21T05:37:26.660+0000] {dag.py:2941} INFO - Sync 1 DAGs
[2023-10-21T05:37:26.680+0000] {logging_mixin.py:151} INFO - [2023-10-21T05:37:26.680+0000] {dag.py:3722} INFO - Setting next_dagrun for example_short_circuit_decorator to 2023-10-20T05:37:26.680497+00:00, run_after=2023-10-21T05:37:26.680497+00:00
[2023-10-21T05:37:26.698+0000] {processor.py:179} INFO - Processing /home/airflow/.local/lib/python3.8/site-packages/airflow/example_dags/example_short_circuit_decorator.py took 0.070 seconds
[2023-10-21T05:37:56.783+0000] {processor.py:157} INFO - Started process (PID=2932) to work on /home/airflow/.local/lib/python3.8/site-packages/airflow/example_dags/example_short_circuit_decorator.py
[2023-10-21T05:37:56.783+0000] {processor.py:829} INFO - Processing file /home/airflow/.local/lib/python3.8/site-packages/airflow/example_dags/example_short_circuit_decorator.py for tasks to queue
[2023-10-21T05:37:56.784+0000] {logging_mixin.py:151} INFO - [2023-10-21T05:37:56.784+0000] {dagbag.py:536} INFO - Filling up the DagBag from /home/airflow/.local/lib/python3.8/site-packages/airflow/example_dags/example_short_circuit_decorator.py
[2023-10-21T05:37:56.793+0000] {processor.py:839} INFO - DAG(s) dict_keys(['example_short_circuit_decorator']) retrieved from /home/airflow/.local/lib/python3.8/site-packages/airflow/example_dags/example_short_circuit_decorator.py
[2023-10-21T05:37:56.816+0000] {logging_mixin.py:151} INFO - [2023-10-21T05:37:56.816+0000] {dag.py:2941} INFO - Sync 1 DAGs
[2023-10-21T05:37:56.838+0000] {logging_mixin.py:151} INFO - [2023-10-21T05:37:56.838+0000] {dag.py:3722} INFO - Setting next_dagrun for example_short_circuit_decorator to 2023-10-20T05:37:56.838316+00:00, run_after=2023-10-21T05:37:56.838316+00:00
[2023-10-21T05:37:56.862+0000] {processor.py:179} INFO - Processing /home/airflow/.local/lib/python3.8/site-packages/airflow/example_dags/example_short_circuit_decorator.py took 0.082 seconds
[2023-10-21T05:38:27.433+0000] {processor.py:157} INFO - Started process (PID=3170) to work on /home/airflow/.local/lib/python3.8/site-packages/airflow/example_dags/example_short_circuit_decorator.py
[2023-10-21T05:38:27.435+0000] {processor.py:829} INFO - Processing file /home/airflow/.local/lib/python3.8/site-packages/airflow/example_dags/example_short_circuit_decorator.py for tasks to queue
[2023-10-21T05:38:27.436+0000] {logging_mixin.py:151} INFO - [2023-10-21T05:38:27.435+0000] {dagbag.py:536} INFO - Filling up the DagBag from /home/airflow/.local/lib/python3.8/site-packages/airflow/example_dags/example_short_circuit_decorator.py
[2023-10-21T05:38:27.447+0000] {processor.py:839} INFO - DAG(s) dict_keys(['example_short_circuit_decorator']) retrieved from /home/airflow/.local/lib/python3.8/site-packages/airflow/example_dags/example_short_circuit_decorator.py
[2023-10-21T05:38:27.471+0000] {logging_mixin.py:151} INFO - [2023-10-21T05:38:27.471+0000] {dag.py:2941} INFO - Sync 1 DAGs
[2023-10-21T05:38:27.497+0000] {logging_mixin.py:151} INFO - [2023-10-21T05:38:27.496+0000] {dag.py:3722} INFO - Setting next_dagrun for example_short_circuit_decorator to 2023-10-20T05:38:27.496542+00:00, run_after=2023-10-21T05:38:27.496542+00:00
[2023-10-21T05:38:27.517+0000] {processor.py:179} INFO - Processing /home/airflow/.local/lib/python3.8/site-packages/airflow/example_dags/example_short_circuit_decorator.py took 0.088 seconds
[2023-10-21T05:38:57.648+0000] {processor.py:157} INFO - Started process (PID=3408) to work on /home/airflow/.local/lib/python3.8/site-packages/airflow/example_dags/example_short_circuit_decorator.py
[2023-10-21T05:38:57.649+0000] {processor.py:829} INFO - Processing file /home/airflow/.local/lib/python3.8/site-packages/airflow/example_dags/example_short_circuit_decorator.py for tasks to queue
[2023-10-21T05:38:57.649+0000] {logging_mixin.py:151} INFO - [2023-10-21T05:38:57.649+0000] {dagbag.py:536} INFO - Filling up the DagBag from /home/airflow/.local/lib/python3.8/site-packages/airflow/example_dags/example_short_circuit_decorator.py
[2023-10-21T05:38:57.660+0000] {processor.py:839} INFO - DAG(s) dict_keys(['example_short_circuit_decorator']) retrieved from /home/airflow/.local/lib/python3.8/site-packages/airflow/example_dags/example_short_circuit_decorator.py
[2023-10-21T05:38:57.681+0000] {logging_mixin.py:151} INFO - [2023-10-21T05:38:57.681+0000] {dag.py:2941} INFO - Sync 1 DAGs
[2023-10-21T05:38:57.702+0000] {logging_mixin.py:151} INFO - [2023-10-21T05:38:57.702+0000] {dag.py:3722} INFO - Setting next_dagrun for example_short_circuit_decorator to 2023-10-20T05:38:57.702259+00:00, run_after=2023-10-21T05:38:57.702259+00:00
[2023-10-21T05:38:57.724+0000] {processor.py:179} INFO - Processing /home/airflow/.local/lib/python3.8/site-packages/airflow/example_dags/example_short_circuit_decorator.py took 0.079 seconds
[2023-10-21T05:39:27.862+0000] {processor.py:157} INFO - Started process (PID=3646) to work on /home/airflow/.local/lib/python3.8/site-packages/airflow/example_dags/example_short_circuit_decorator.py
[2023-10-21T05:39:27.862+0000] {processor.py:829} INFO - Processing file /home/airflow/.local/lib/python3.8/site-packages/airflow/example_dags/example_short_circuit_decorator.py for tasks to queue
[2023-10-21T05:39:27.863+0000] {logging_mixin.py:151} INFO - [2023-10-21T05:39:27.863+0000] {dagbag.py:536} INFO - Filling up the DagBag from /home/airflow/.local/lib/python3.8/site-packages/airflow/example_dags/example_short_circuit_decorator.py
[2023-10-21T05:39:27.871+0000] {processor.py:839} INFO - DAG(s) dict_keys(['example_short_circuit_decorator']) retrieved from /home/airflow/.local/lib/python3.8/site-packages/airflow/example_dags/example_short_circuit_decorator.py
[2023-10-21T05:39:27.891+0000] {logging_mixin.py:151} INFO - [2023-10-21T05:39:27.890+0000] {dag.py:2941} INFO - Sync 1 DAGs
[2023-10-21T05:39:27.910+0000] {logging_mixin.py:151} INFO - [2023-10-21T05:39:27.910+0000] {dag.py:3722} INFO - Setting next_dagrun for example_short_circuit_decorator to 2023-10-20T05:39:27.910349+00:00, run_after=2023-10-21T05:39:27.910349+00:00
[2023-10-21T05:39:27.929+0000] {processor.py:179} INFO - Processing /home/airflow/.local/lib/python3.8/site-packages/airflow/example_dags/example_short_circuit_decorator.py took 0.069 seconds
[2023-10-21T05:39:58.770+0000] {processor.py:157} INFO - Started process (PID=3884) to work on /home/airflow/.local/lib/python3.8/site-packages/airflow/example_dags/example_short_circuit_decorator.py
[2023-10-21T05:39:58.772+0000] {processor.py:829} INFO - Processing file /home/airflow/.local/lib/python3.8/site-packages/airflow/example_dags/example_short_circuit_decorator.py for tasks to queue
[2023-10-21T05:39:58.773+0000] {logging_mixin.py:151} INFO - [2023-10-21T05:39:58.772+0000] {dagbag.py:536} INFO - Filling up the DagBag from /home/airflow/.local/lib/python3.8/site-packages/airflow/example_dags/example_short_circuit_decorator.py
[2023-10-21T05:39:58.785+0000] {processor.py:839} INFO - DAG(s) dict_keys(['example_short_circuit_decorator']) retrieved from /home/airflow/.local/lib/python3.8/site-packages/airflow/example_dags/example_short_circuit_decorator.py
[2023-10-21T05:39:58.812+0000] {logging_mixin.py:151} INFO - [2023-10-21T05:39:58.812+0000] {dag.py:2941} INFO - Sync 1 DAGs
[2023-10-21T05:39:58.837+0000] {logging_mixin.py:151} INFO - [2023-10-21T05:39:58.837+0000] {dag.py:3722} INFO - Setting next_dagrun for example_short_circuit_decorator to 2023-10-20T05:39:58.837245+00:00, run_after=2023-10-21T05:39:58.837245+00:00
[2023-10-21T05:39:58.860+0000] {processor.py:179} INFO - Processing /home/airflow/.local/lib/python3.8/site-packages/airflow/example_dags/example_short_circuit_decorator.py took 0.094 seconds
[2023-10-21T05:40:29.554+0000] {processor.py:157} INFO - Started process (PID=4122) to work on /home/airflow/.local/lib/python3.8/site-packages/airflow/example_dags/example_short_circuit_decorator.py
[2023-10-21T05:40:29.554+0000] {processor.py:829} INFO - Processing file /home/airflow/.local/lib/python3.8/site-packages/airflow/example_dags/example_short_circuit_decorator.py for tasks to queue
[2023-10-21T05:40:29.555+0000] {logging_mixin.py:151} INFO - [2023-10-21T05:40:29.555+0000] {dagbag.py:536} INFO - Filling up the DagBag from /home/airflow/.local/lib/python3.8/site-packages/airflow/example_dags/example_short_circuit_decorator.py
[2023-10-21T05:40:29.562+0000] {processor.py:839} INFO - DAG(s) dict_keys(['example_short_circuit_decorator']) retrieved from /home/airflow/.local/lib/python3.8/site-packages/airflow/example_dags/example_short_circuit_decorator.py
[2023-10-21T05:40:29.583+0000] {logging_mixin.py:151} INFO - [2023-10-21T05:40:29.582+0000] {dag.py:2941} INFO - Sync 1 DAGs
[2023-10-21T05:40:29.604+0000] {logging_mixin.py:151} INFO - [2023-10-21T05:40:29.604+0000] {dag.py:3722} INFO - Setting next_dagrun for example_short_circuit_decorator to 2023-10-20T05:40:29.604009+00:00, run_after=2023-10-21T05:40:29.604009+00:00
[2023-10-21T05:40:29.622+0000] {processor.py:179} INFO - Processing /home/airflow/.local/lib/python3.8/site-packages/airflow/example_dags/example_short_circuit_decorator.py took 0.071 seconds
[2023-10-21T05:40:59.933+0000] {processor.py:157} INFO - Started process (PID=4361) to work on /home/airflow/.local/lib/python3.8/site-packages/airflow/example_dags/example_short_circuit_decorator.py
[2023-10-21T05:40:59.934+0000] {processor.py:829} INFO - Processing file /home/airflow/.local/lib/python3.8/site-packages/airflow/example_dags/example_short_circuit_decorator.py for tasks to queue
[2023-10-21T05:40:59.934+0000] {logging_mixin.py:151} INFO - [2023-10-21T05:40:59.934+0000] {dagbag.py:536} INFO - Filling up the DagBag from /home/airflow/.local/lib/python3.8/site-packages/airflow/example_dags/example_short_circuit_decorator.py
[2023-10-21T05:40:59.941+0000] {processor.py:839} INFO - DAG(s) dict_keys(['example_short_circuit_decorator']) retrieved from /home/airflow/.local/lib/python3.8/site-packages/airflow/example_dags/example_short_circuit_decorator.py
[2023-10-21T05:40:59.960+0000] {logging_mixin.py:151} INFO - [2023-10-21T05:40:59.959+0000] {dag.py:2941} INFO - Sync 1 DAGs
[2023-10-21T05:40:59.979+0000] {logging_mixin.py:151} INFO - [2023-10-21T05:40:59.979+0000] {dag.py:3722} INFO - Setting next_dagrun for example_short_circuit_decorator to 2023-10-20T05:40:59.979252+00:00, run_after=2023-10-21T05:40:59.979252+00:00
[2023-10-21T05:41:00.000+0000] {processor.py:179} INFO - Processing /home/airflow/.local/lib/python3.8/site-packages/airflow/example_dags/example_short_circuit_decorator.py took 0.069 seconds
