[2023-10-21T05:32:21.190+0000] {processor.py:157} INFO - Started process (PID=211) to work on /home/airflow/.local/lib/python3.8/site-packages/airflow/example_dags/example_sensors.py
[2023-10-21T05:32:21.190+0000] {processor.py:829} INFO - Processing file /home/airflow/.local/lib/python3.8/site-packages/airflow/example_dags/example_sensors.py for tasks to queue
[2023-10-21T05:32:21.191+0000] {logging_mixin.py:151} INFO - [2023-10-21T05:32:21.191+0000] {dagbag.py:536} INFO - Filling up the DagBag from /home/airflow/.local/lib/python3.8/site-packages/airflow/example_dags/example_sensors.py
[2023-10-21T05:32:21.202+0000] {processor.py:839} INFO - DAG(s) dict_keys(['example_sensors']) retrieved from /home/airflow/.local/lib/python3.8/site-packages/airflow/example_dags/example_sensors.py
[2023-10-21T05:32:21.212+0000] {logging_mixin.py:151} INFO - [2023-10-21T05:32:21.212+0000] {dag.py:2941} INFO - Sync 1 DAGs
[2023-10-21T05:32:21.225+0000] {logging_mixin.py:151} INFO - [2023-10-21T05:32:21.225+0000] {dag.py:3722} INFO - Setting next_dagrun for example_sensors to None, run_after=None
[2023-10-21T05:32:21.245+0000] {processor.py:179} INFO - Processing /home/airflow/.local/lib/python3.8/site-packages/airflow/example_dags/example_sensors.py took 0.058 seconds
[2023-10-21T05:32:51.568+0000] {processor.py:157} INFO - Started process (PID=449) to work on /home/airflow/.local/lib/python3.8/site-packages/airflow/example_dags/example_sensors.py
[2023-10-21T05:32:51.568+0000] {processor.py:829} INFO - Processing file /home/airflow/.local/lib/python3.8/site-packages/airflow/example_dags/example_sensors.py for tasks to queue
[2023-10-21T05:32:51.569+0000] {logging_mixin.py:151} INFO - [2023-10-21T05:32:51.568+0000] {dagbag.py:536} INFO - Filling up the DagBag from /home/airflow/.local/lib/python3.8/site-packages/airflow/example_dags/example_sensors.py
[2023-10-21T05:32:51.575+0000] {processor.py:839} INFO - DAG(s) dict_keys(['example_sensors']) retrieved from /home/airflow/.local/lib/python3.8/site-packages/airflow/example_dags/example_sensors.py
[2023-10-21T05:32:51.597+0000] {logging_mixin.py:151} INFO - [2023-10-21T05:32:51.597+0000] {dag.py:2941} INFO - Sync 1 DAGs
[2023-10-21T05:32:51.608+0000] {logging_mixin.py:151} INFO - [2023-10-21T05:32:51.608+0000] {dag.py:3722} INFO - Setting next_dagrun for example_sensors to None, run_after=None
[2023-10-21T05:32:51.627+0000] {processor.py:179} INFO - Processing /home/airflow/.local/lib/python3.8/site-packages/airflow/example_dags/example_sensors.py took 0.062 seconds
[2023-10-21T05:33:22.106+0000] {processor.py:157} INFO - Started process (PID=689) to work on /home/airflow/.local/lib/python3.8/site-packages/airflow/example_dags/example_sensors.py
[2023-10-21T05:33:22.107+0000] {processor.py:829} INFO - Processing file /home/airflow/.local/lib/python3.8/site-packages/airflow/example_dags/example_sensors.py for tasks to queue
[2023-10-21T05:33:22.108+0000] {logging_mixin.py:151} INFO - [2023-10-21T05:33:22.107+0000] {dagbag.py:536} INFO - Filling up the DagBag from /home/airflow/.local/lib/python3.8/site-packages/airflow/example_dags/example_sensors.py
[2023-10-21T05:33:22.115+0000] {processor.py:839} INFO - DAG(s) dict_keys(['example_sensors']) retrieved from /home/airflow/.local/lib/python3.8/site-packages/airflow/example_dags/example_sensors.py
[2023-10-21T05:33:22.136+0000] {logging_mixin.py:151} INFO - [2023-10-21T05:33:22.136+0000] {dag.py:2941} INFO - Sync 1 DAGs
[2023-10-21T05:33:22.148+0000] {logging_mixin.py:151} INFO - [2023-10-21T05:33:22.148+0000] {dag.py:3722} INFO - Setting next_dagrun for example_sensors to None, run_after=None
[2023-10-21T05:33:22.169+0000] {processor.py:179} INFO - Processing /home/airflow/.local/lib/python3.8/site-packages/airflow/example_dags/example_sensors.py took 0.065 seconds
[2023-10-21T05:33:52.280+0000] {processor.py:157} INFO - Started process (PID=927) to work on /home/airflow/.local/lib/python3.8/site-packages/airflow/example_dags/example_sensors.py
[2023-10-21T05:33:52.280+0000] {processor.py:829} INFO - Processing file /home/airflow/.local/lib/python3.8/site-packages/airflow/example_dags/example_sensors.py for tasks to queue
[2023-10-21T05:33:52.281+0000] {logging_mixin.py:151} INFO - [2023-10-21T05:33:52.280+0000] {dagbag.py:536} INFO - Filling up the DagBag from /home/airflow/.local/lib/python3.8/site-packages/airflow/example_dags/example_sensors.py
[2023-10-21T05:33:52.287+0000] {processor.py:839} INFO - DAG(s) dict_keys(['example_sensors']) retrieved from /home/airflow/.local/lib/python3.8/site-packages/airflow/example_dags/example_sensors.py
[2023-10-21T05:33:52.307+0000] {logging_mixin.py:151} INFO - [2023-10-21T05:33:52.307+0000] {dag.py:2941} INFO - Sync 1 DAGs
[2023-10-21T05:33:52.318+0000] {logging_mixin.py:151} INFO - [2023-10-21T05:33:52.318+0000] {dag.py:3722} INFO - Setting next_dagrun for example_sensors to None, run_after=None
[2023-10-21T05:33:52.335+0000] {processor.py:179} INFO - Processing /home/airflow/.local/lib/python3.8/site-packages/airflow/example_dags/example_sensors.py took 0.057 seconds
[2023-10-21T05:34:22.625+0000] {processor.py:157} INFO - Started process (PID=1163) to work on /home/airflow/.local/lib/python3.8/site-packages/airflow/example_dags/example_sensors.py
[2023-10-21T05:34:22.627+0000] {processor.py:829} INFO - Processing file /home/airflow/.local/lib/python3.8/site-packages/airflow/example_dags/example_sensors.py for tasks to queue
[2023-10-21T05:34:22.627+0000] {logging_mixin.py:151} INFO - [2023-10-21T05:34:22.627+0000] {dagbag.py:536} INFO - Filling up the DagBag from /home/airflow/.local/lib/python3.8/site-packages/airflow/example_dags/example_sensors.py
[2023-10-21T05:34:22.636+0000] {processor.py:839} INFO - DAG(s) dict_keys(['example_sensors']) retrieved from /home/airflow/.local/lib/python3.8/site-packages/airflow/example_dags/example_sensors.py
[2023-10-21T05:34:22.665+0000] {logging_mixin.py:151} INFO - [2023-10-21T05:34:22.664+0000] {dag.py:2941} INFO - Sync 1 DAGs
[2023-10-21T05:34:22.681+0000] {logging_mixin.py:151} INFO - [2023-10-21T05:34:22.681+0000] {dag.py:3722} INFO - Setting next_dagrun for example_sensors to None, run_after=None
[2023-10-21T05:34:22.705+0000] {processor.py:179} INFO - Processing /home/airflow/.local/lib/python3.8/site-packages/airflow/example_dags/example_sensors.py took 0.083 seconds
[2023-10-21T05:34:53.538+0000] {processor.py:157} INFO - Started process (PID=1401) to work on /home/airflow/.local/lib/python3.8/site-packages/airflow/example_dags/example_sensors.py
[2023-10-21T05:34:53.539+0000] {processor.py:829} INFO - Processing file /home/airflow/.local/lib/python3.8/site-packages/airflow/example_dags/example_sensors.py for tasks to queue
[2023-10-21T05:34:53.539+0000] {logging_mixin.py:151} INFO - [2023-10-21T05:34:53.539+0000] {dagbag.py:536} INFO - Filling up the DagBag from /home/airflow/.local/lib/python3.8/site-packages/airflow/example_dags/example_sensors.py
[2023-10-21T05:34:53.547+0000] {processor.py:839} INFO - DAG(s) dict_keys(['example_sensors']) retrieved from /home/airflow/.local/lib/python3.8/site-packages/airflow/example_dags/example_sensors.py
[2023-10-21T05:34:53.568+0000] {logging_mixin.py:151} INFO - [2023-10-21T05:34:53.568+0000] {dag.py:2941} INFO - Sync 1 DAGs
[2023-10-21T05:34:53.578+0000] {logging_mixin.py:151} INFO - [2023-10-21T05:34:53.578+0000] {dag.py:3722} INFO - Setting next_dagrun for example_sensors to None, run_after=None
[2023-10-21T05:34:53.596+0000] {processor.py:179} INFO - Processing /home/airflow/.local/lib/python3.8/site-packages/airflow/example_dags/example_sensors.py took 0.060 seconds
[2023-10-21T05:35:23.846+0000] {processor.py:157} INFO - Started process (PID=1639) to work on /home/airflow/.local/lib/python3.8/site-packages/airflow/example_dags/example_sensors.py
[2023-10-21T05:35:23.847+0000] {processor.py:829} INFO - Processing file /home/airflow/.local/lib/python3.8/site-packages/airflow/example_dags/example_sensors.py for tasks to queue
[2023-10-21T05:35:23.847+0000] {logging_mixin.py:151} INFO - [2023-10-21T05:35:23.847+0000] {dagbag.py:536} INFO - Filling up the DagBag from /home/airflow/.local/lib/python3.8/site-packages/airflow/example_dags/example_sensors.py
[2023-10-21T05:35:23.855+0000] {processor.py:839} INFO - DAG(s) dict_keys(['example_sensors']) retrieved from /home/airflow/.local/lib/python3.8/site-packages/airflow/example_dags/example_sensors.py
[2023-10-21T05:35:23.877+0000] {logging_mixin.py:151} INFO - [2023-10-21T05:35:23.877+0000] {dag.py:2941} INFO - Sync 1 DAGs
[2023-10-21T05:35:23.888+0000] {logging_mixin.py:151} INFO - [2023-10-21T05:35:23.888+0000] {dag.py:3722} INFO - Setting next_dagrun for example_sensors to None, run_after=None
[2023-10-21T05:35:23.909+0000] {processor.py:179} INFO - Processing /home/airflow/.local/lib/python3.8/site-packages/airflow/example_dags/example_sensors.py took 0.065 seconds
[2023-10-21T05:35:54.550+0000] {processor.py:157} INFO - Started process (PID=1877) to work on /home/airflow/.local/lib/python3.8/site-packages/airflow/example_dags/example_sensors.py
[2023-10-21T05:35:54.553+0000] {processor.py:829} INFO - Processing file /home/airflow/.local/lib/python3.8/site-packages/airflow/example_dags/example_sensors.py for tasks to queue
[2023-10-21T05:35:54.554+0000] {logging_mixin.py:151} INFO - [2023-10-21T05:35:54.554+0000] {dagbag.py:536} INFO - Filling up the DagBag from /home/airflow/.local/lib/python3.8/site-packages/airflow/example_dags/example_sensors.py
[2023-10-21T05:35:54.567+0000] {processor.py:839} INFO - DAG(s) dict_keys(['example_sensors']) retrieved from /home/airflow/.local/lib/python3.8/site-packages/airflow/example_dags/example_sensors.py
[2023-10-21T05:35:54.624+0000] {logging_mixin.py:151} INFO - [2023-10-21T05:35:54.623+0000] {dag.py:2941} INFO - Sync 1 DAGs
[2023-10-21T05:35:54.659+0000] {logging_mixin.py:151} INFO - [2023-10-21T05:35:54.658+0000] {dag.py:3722} INFO - Setting next_dagrun for example_sensors to None, run_after=None
[2023-10-21T05:35:54.720+0000] {processor.py:179} INFO - Processing /home/airflow/.local/lib/python3.8/site-packages/airflow/example_dags/example_sensors.py took 0.177 seconds
[2023-10-21T05:36:25.704+0000] {processor.py:157} INFO - Started process (PID=2165) to work on /home/airflow/.local/lib/python3.8/site-packages/airflow/example_dags/example_sensors.py
[2023-10-21T05:36:25.707+0000] {processor.py:829} INFO - Processing file /home/airflow/.local/lib/python3.8/site-packages/airflow/example_dags/example_sensors.py for tasks to queue
[2023-10-21T05:36:25.708+0000] {logging_mixin.py:151} INFO - [2023-10-21T05:36:25.708+0000] {dagbag.py:536} INFO - Filling up the DagBag from /home/airflow/.local/lib/python3.8/site-packages/airflow/example_dags/example_sensors.py
[2023-10-21T05:36:25.718+0000] {processor.py:839} INFO - DAG(s) dict_keys(['example_sensors']) retrieved from /home/airflow/.local/lib/python3.8/site-packages/airflow/example_dags/example_sensors.py
[2023-10-21T05:36:25.743+0000] {logging_mixin.py:151} INFO - [2023-10-21T05:36:25.742+0000] {dag.py:2941} INFO - Sync 1 DAGs
[2023-10-21T05:36:25.754+0000] {logging_mixin.py:151} INFO - [2023-10-21T05:36:25.753+0000] {dag.py:3722} INFO - Setting next_dagrun for example_sensors to None, run_after=None
[2023-10-21T05:36:25.773+0000] {processor.py:179} INFO - Processing /home/airflow/.local/lib/python3.8/site-packages/airflow/example_dags/example_sensors.py took 0.072 seconds
[2023-10-21T05:36:55.967+0000] {processor.py:157} INFO - Started process (PID=2403) to work on /home/airflow/.local/lib/python3.8/site-packages/airflow/example_dags/example_sensors.py
[2023-10-21T05:36:55.968+0000] {processor.py:829} INFO - Processing file /home/airflow/.local/lib/python3.8/site-packages/airflow/example_dags/example_sensors.py for tasks to queue
[2023-10-21T05:36:55.969+0000] {logging_mixin.py:151} INFO - [2023-10-21T05:36:55.969+0000] {dagbag.py:536} INFO - Filling up the DagBag from /home/airflow/.local/lib/python3.8/site-packages/airflow/example_dags/example_sensors.py
[2023-10-21T05:36:55.976+0000] {processor.py:839} INFO - DAG(s) dict_keys(['example_sensors']) retrieved from /home/airflow/.local/lib/python3.8/site-packages/airflow/example_dags/example_sensors.py
[2023-10-21T05:36:55.999+0000] {logging_mixin.py:151} INFO - [2023-10-21T05:36:55.999+0000] {dag.py:2941} INFO - Sync 1 DAGs
[2023-10-21T05:36:56.011+0000] {logging_mixin.py:151} INFO - [2023-10-21T05:36:56.011+0000] {dag.py:3722} INFO - Setting next_dagrun for example_sensors to None, run_after=None
[2023-10-21T05:36:56.030+0000] {processor.py:179} INFO - Processing /home/airflow/.local/lib/python3.8/site-packages/airflow/example_dags/example_sensors.py took 0.065 seconds
[2023-10-21T05:37:26.127+0000] {processor.py:157} INFO - Started process (PID=2641) to work on /home/airflow/.local/lib/python3.8/site-packages/airflow/example_dags/example_sensors.py
[2023-10-21T05:37:26.130+0000] {processor.py:829} INFO - Processing file /home/airflow/.local/lib/python3.8/site-packages/airflow/example_dags/example_sensors.py for tasks to queue
[2023-10-21T05:37:26.130+0000] {logging_mixin.py:151} INFO - [2023-10-21T05:37:26.130+0000] {dagbag.py:536} INFO - Filling up the DagBag from /home/airflow/.local/lib/python3.8/site-packages/airflow/example_dags/example_sensors.py
[2023-10-21T05:37:26.138+0000] {processor.py:839} INFO - DAG(s) dict_keys(['example_sensors']) retrieved from /home/airflow/.local/lib/python3.8/site-packages/airflow/example_dags/example_sensors.py
[2023-10-21T05:37:26.158+0000] {logging_mixin.py:151} INFO - [2023-10-21T05:37:26.158+0000] {dag.py:2941} INFO - Sync 1 DAGs
[2023-10-21T05:37:26.168+0000] {logging_mixin.py:151} INFO - [2023-10-21T05:37:26.168+0000] {dag.py:3722} INFO - Setting next_dagrun for example_sensors to None, run_after=None
[2023-10-21T05:37:26.199+0000] {processor.py:179} INFO - Processing /home/airflow/.local/lib/python3.8/site-packages/airflow/example_dags/example_sensors.py took 0.074 seconds
[2023-10-21T05:37:56.266+0000] {processor.py:157} INFO - Started process (PID=2879) to work on /home/airflow/.local/lib/python3.8/site-packages/airflow/example_dags/example_sensors.py
[2023-10-21T05:37:56.267+0000] {processor.py:829} INFO - Processing file /home/airflow/.local/lib/python3.8/site-packages/airflow/example_dags/example_sensors.py for tasks to queue
[2023-10-21T05:37:56.267+0000] {logging_mixin.py:151} INFO - [2023-10-21T05:37:56.267+0000] {dagbag.py:536} INFO - Filling up the DagBag from /home/airflow/.local/lib/python3.8/site-packages/airflow/example_dags/example_sensors.py
[2023-10-21T05:37:56.276+0000] {processor.py:839} INFO - DAG(s) dict_keys(['example_sensors']) retrieved from /home/airflow/.local/lib/python3.8/site-packages/airflow/example_dags/example_sensors.py
[2023-10-21T05:37:56.299+0000] {logging_mixin.py:151} INFO - [2023-10-21T05:37:56.299+0000] {dag.py:2941} INFO - Sync 1 DAGs
[2023-10-21T05:37:56.312+0000] {logging_mixin.py:151} INFO - [2023-10-21T05:37:56.311+0000] {dag.py:3722} INFO - Setting next_dagrun for example_sensors to None, run_after=None
[2023-10-21T05:37:56.331+0000] {processor.py:179} INFO - Processing /home/airflow/.local/lib/python3.8/site-packages/airflow/example_dags/example_sensors.py took 0.067 seconds
[2023-10-21T05:38:26.843+0000] {processor.py:157} INFO - Started process (PID=3117) to work on /home/airflow/.local/lib/python3.8/site-packages/airflow/example_dags/example_sensors.py
[2023-10-21T05:38:26.844+0000] {processor.py:829} INFO - Processing file /home/airflow/.local/lib/python3.8/site-packages/airflow/example_dags/example_sensors.py for tasks to queue
[2023-10-21T05:38:26.845+0000] {logging_mixin.py:151} INFO - [2023-10-21T05:38:26.845+0000] {dagbag.py:536} INFO - Filling up the DagBag from /home/airflow/.local/lib/python3.8/site-packages/airflow/example_dags/example_sensors.py
[2023-10-21T05:38:26.854+0000] {processor.py:839} INFO - DAG(s) dict_keys(['example_sensors']) retrieved from /home/airflow/.local/lib/python3.8/site-packages/airflow/example_dags/example_sensors.py
[2023-10-21T05:38:26.877+0000] {logging_mixin.py:151} INFO - [2023-10-21T05:38:26.877+0000] {dag.py:2941} INFO - Sync 1 DAGs
[2023-10-21T05:38:26.888+0000] {logging_mixin.py:151} INFO - [2023-10-21T05:38:26.887+0000] {dag.py:3722} INFO - Setting next_dagrun for example_sensors to None, run_after=None
[2023-10-21T05:38:26.908+0000] {processor.py:179} INFO - Processing /home/airflow/.local/lib/python3.8/site-packages/airflow/example_dags/example_sensors.py took 0.070 seconds
[2023-10-21T05:38:57.022+0000] {processor.py:157} INFO - Started process (PID=3355) to work on /home/airflow/.local/lib/python3.8/site-packages/airflow/example_dags/example_sensors.py
[2023-10-21T05:38:57.024+0000] {processor.py:829} INFO - Processing file /home/airflow/.local/lib/python3.8/site-packages/airflow/example_dags/example_sensors.py for tasks to queue
[2023-10-21T05:38:57.025+0000] {logging_mixin.py:151} INFO - [2023-10-21T05:38:57.024+0000] {dagbag.py:536} INFO - Filling up the DagBag from /home/airflow/.local/lib/python3.8/site-packages/airflow/example_dags/example_sensors.py
[2023-10-21T05:38:57.034+0000] {processor.py:839} INFO - DAG(s) dict_keys(['example_sensors']) retrieved from /home/airflow/.local/lib/python3.8/site-packages/airflow/example_dags/example_sensors.py
[2023-10-21T05:38:57.063+0000] {logging_mixin.py:151} INFO - [2023-10-21T05:38:57.063+0000] {dag.py:2941} INFO - Sync 1 DAGs
[2023-10-21T05:38:57.079+0000] {logging_mixin.py:151} INFO - [2023-10-21T05:38:57.078+0000] {dag.py:3722} INFO - Setting next_dagrun for example_sensors to None, run_after=None
[2023-10-21T05:38:57.106+0000] {processor.py:179} INFO - Processing /home/airflow/.local/lib/python3.8/site-packages/airflow/example_dags/example_sensors.py took 0.088 seconds
[2023-10-21T05:39:27.141+0000] {processor.py:157} INFO - Started process (PID=3591) to work on /home/airflow/.local/lib/python3.8/site-packages/airflow/example_dags/example_sensors.py
[2023-10-21T05:39:27.142+0000] {processor.py:829} INFO - Processing file /home/airflow/.local/lib/python3.8/site-packages/airflow/example_dags/example_sensors.py for tasks to queue
[2023-10-21T05:39:27.142+0000] {logging_mixin.py:151} INFO - [2023-10-21T05:39:27.142+0000] {dagbag.py:536} INFO - Filling up the DagBag from /home/airflow/.local/lib/python3.8/site-packages/airflow/example_dags/example_sensors.py
[2023-10-21T05:39:27.149+0000] {processor.py:839} INFO - DAG(s) dict_keys(['example_sensors']) retrieved from /home/airflow/.local/lib/python3.8/site-packages/airflow/example_dags/example_sensors.py
[2023-10-21T05:39:27.171+0000] {logging_mixin.py:151} INFO - [2023-10-21T05:39:27.171+0000] {dag.py:2941} INFO - Sync 1 DAGs
[2023-10-21T05:39:27.184+0000] {logging_mixin.py:151} INFO - [2023-10-21T05:39:27.183+0000] {dag.py:3722} INFO - Setting next_dagrun for example_sensors to None, run_after=None
[2023-10-21T05:39:27.205+0000] {processor.py:179} INFO - Processing /home/airflow/.local/lib/python3.8/site-packages/airflow/example_dags/example_sensors.py took 0.066 seconds
[2023-10-21T05:39:57.811+0000] {processor.py:157} INFO - Started process (PID=3829) to work on /home/airflow/.local/lib/python3.8/site-packages/airflow/example_dags/example_sensors.py
[2023-10-21T05:39:57.812+0000] {processor.py:829} INFO - Processing file /home/airflow/.local/lib/python3.8/site-packages/airflow/example_dags/example_sensors.py for tasks to queue
[2023-10-21T05:39:57.813+0000] {logging_mixin.py:151} INFO - [2023-10-21T05:39:57.813+0000] {dagbag.py:536} INFO - Filling up the DagBag from /home/airflow/.local/lib/python3.8/site-packages/airflow/example_dags/example_sensors.py
[2023-10-21T05:39:57.825+0000] {processor.py:839} INFO - DAG(s) dict_keys(['example_sensors']) retrieved from /home/airflow/.local/lib/python3.8/site-packages/airflow/example_dags/example_sensors.py
[2023-10-21T05:39:57.855+0000] {logging_mixin.py:151} INFO - [2023-10-21T05:39:57.854+0000] {dag.py:2941} INFO - Sync 1 DAGs
[2023-10-21T05:39:57.870+0000] {logging_mixin.py:151} INFO - [2023-10-21T05:39:57.870+0000] {dag.py:3722} INFO - Setting next_dagrun for example_sensors to None, run_after=None
[2023-10-21T05:39:57.894+0000] {processor.py:179} INFO - Processing /home/airflow/.local/lib/python3.8/site-packages/airflow/example_dags/example_sensors.py took 0.088 seconds
[2023-10-21T05:40:28.011+0000] {processor.py:157} INFO - Started process (PID=4064) to work on /home/airflow/.local/lib/python3.8/site-packages/airflow/example_dags/example_sensors.py
[2023-10-21T05:40:28.015+0000] {processor.py:829} INFO - Processing file /home/airflow/.local/lib/python3.8/site-packages/airflow/example_dags/example_sensors.py for tasks to queue
[2023-10-21T05:40:28.016+0000] {logging_mixin.py:151} INFO - [2023-10-21T05:40:28.016+0000] {dagbag.py:536} INFO - Filling up the DagBag from /home/airflow/.local/lib/python3.8/site-packages/airflow/example_dags/example_sensors.py
[2023-10-21T05:40:28.023+0000] {processor.py:839} INFO - DAG(s) dict_keys(['example_sensors']) retrieved from /home/airflow/.local/lib/python3.8/site-packages/airflow/example_dags/example_sensors.py
[2023-10-21T05:40:28.043+0000] {logging_mixin.py:151} INFO - [2023-10-21T05:40:28.043+0000] {dag.py:2941} INFO - Sync 1 DAGs
[2023-10-21T05:40:28.055+0000] {logging_mixin.py:151} INFO - [2023-10-21T05:40:28.055+0000] {dag.py:3722} INFO - Setting next_dagrun for example_sensors to None, run_after=None
[2023-10-21T05:40:28.074+0000] {processor.py:179} INFO - Processing /home/airflow/.local/lib/python3.8/site-packages/airflow/example_dags/example_sensors.py took 0.065 seconds
[2023-10-21T05:40:58.396+0000] {processor.py:157} INFO - Started process (PID=4303) to work on /home/airflow/.local/lib/python3.8/site-packages/airflow/example_dags/example_sensors.py
[2023-10-21T05:40:58.396+0000] {processor.py:829} INFO - Processing file /home/airflow/.local/lib/python3.8/site-packages/airflow/example_dags/example_sensors.py for tasks to queue
[2023-10-21T05:40:58.397+0000] {logging_mixin.py:151} INFO - [2023-10-21T05:40:58.397+0000] {dagbag.py:536} INFO - Filling up the DagBag from /home/airflow/.local/lib/python3.8/site-packages/airflow/example_dags/example_sensors.py
[2023-10-21T05:40:58.408+0000] {processor.py:839} INFO - DAG(s) dict_keys(['example_sensors']) retrieved from /home/airflow/.local/lib/python3.8/site-packages/airflow/example_dags/example_sensors.py
[2023-10-21T05:40:58.435+0000] {logging_mixin.py:151} INFO - [2023-10-21T05:40:58.435+0000] {dag.py:2941} INFO - Sync 1 DAGs
[2023-10-21T05:40:58.445+0000] {logging_mixin.py:151} INFO - [2023-10-21T05:40:58.445+0000] {dag.py:3722} INFO - Setting next_dagrun for example_sensors to None, run_after=None
[2023-10-21T05:40:58.467+0000] {processor.py:179} INFO - Processing /home/airflow/.local/lib/python3.8/site-packages/airflow/example_dags/example_sensors.py took 0.074 seconds
