[2023-10-21T05:32:22.597+0000] {processor.py:157} INFO - Started process (PID=356) to work on /home/airflow/.local/lib/python3.8/site-packages/airflow/example_dags/example_params_trigger_ui.py
[2023-10-21T05:32:22.598+0000] {processor.py:829} INFO - Processing file /home/airflow/.local/lib/python3.8/site-packages/airflow/example_dags/example_params_trigger_ui.py for tasks to queue
[2023-10-21T05:32:22.599+0000] {logging_mixin.py:151} INFO - [2023-10-21T05:32:22.599+0000] {dagbag.py:536} INFO - Filling up the DagBag from /home/airflow/.local/lib/python3.8/site-packages/airflow/example_dags/example_params_trigger_ui.py
[2023-10-21T05:32:22.617+0000] {processor.py:839} INFO - DAG(s) dict_keys(['example_params_trigger_ui']) retrieved from /home/airflow/.local/lib/python3.8/site-packages/airflow/example_dags/example_params_trigger_ui.py
[2023-10-21T05:32:22.629+0000] {logging_mixin.py:151} INFO - [2023-10-21T05:32:22.629+0000] {dag.py:2941} INFO - Sync 1 DAGs
[2023-10-21T05:32:22.644+0000] {logging_mixin.py:151} INFO - [2023-10-21T05:32:22.644+0000] {dag.py:3722} INFO - Setting next_dagrun for example_params_trigger_ui to None, run_after=None
[2023-10-21T05:32:22.672+0000] {processor.py:179} INFO - Processing /home/airflow/.local/lib/python3.8/site-packages/airflow/example_dags/example_params_trigger_ui.py took 0.077 seconds
[2023-10-21T05:32:53.108+0000] {processor.py:157} INFO - Started process (PID=594) to work on /home/airflow/.local/lib/python3.8/site-packages/airflow/example_dags/example_params_trigger_ui.py
[2023-10-21T05:32:53.108+0000] {processor.py:829} INFO - Processing file /home/airflow/.local/lib/python3.8/site-packages/airflow/example_dags/example_params_trigger_ui.py for tasks to queue
[2023-10-21T05:32:53.109+0000] {logging_mixin.py:151} INFO - [2023-10-21T05:32:53.109+0000] {dagbag.py:536} INFO - Filling up the DagBag from /home/airflow/.local/lib/python3.8/site-packages/airflow/example_dags/example_params_trigger_ui.py
[2023-10-21T05:32:53.122+0000] {processor.py:839} INFO - DAG(s) dict_keys(['example_params_trigger_ui']) retrieved from /home/airflow/.local/lib/python3.8/site-packages/airflow/example_dags/example_params_trigger_ui.py
[2023-10-21T05:32:53.167+0000] {logging_mixin.py:151} INFO - [2023-10-21T05:32:53.167+0000] {dag.py:2941} INFO - Sync 1 DAGs
[2023-10-21T05:32:53.178+0000] {logging_mixin.py:151} INFO - [2023-10-21T05:32:53.177+0000] {dag.py:3722} INFO - Setting next_dagrun for example_params_trigger_ui to None, run_after=None
[2023-10-21T05:32:53.195+0000] {processor.py:179} INFO - Processing /home/airflow/.local/lib/python3.8/site-packages/airflow/example_dags/example_params_trigger_ui.py took 0.089 seconds
[2023-10-21T05:33:23.894+0000] {processor.py:157} INFO - Started process (PID=832) to work on /home/airflow/.local/lib/python3.8/site-packages/airflow/example_dags/example_params_trigger_ui.py
[2023-10-21T05:33:23.895+0000] {processor.py:829} INFO - Processing file /home/airflow/.local/lib/python3.8/site-packages/airflow/example_dags/example_params_trigger_ui.py for tasks to queue
[2023-10-21T05:33:23.895+0000] {logging_mixin.py:151} INFO - [2023-10-21T05:33:23.895+0000] {dagbag.py:536} INFO - Filling up the DagBag from /home/airflow/.local/lib/python3.8/site-packages/airflow/example_dags/example_params_trigger_ui.py
[2023-10-21T05:33:23.910+0000] {processor.py:839} INFO - DAG(s) dict_keys(['example_params_trigger_ui']) retrieved from /home/airflow/.local/lib/python3.8/site-packages/airflow/example_dags/example_params_trigger_ui.py
[2023-10-21T05:33:24.110+0000] {logging_mixin.py:151} INFO - [2023-10-21T05:33:24.108+0000] {dag.py:2941} INFO - Sync 1 DAGs
[2023-10-21T05:33:24.134+0000] {logging_mixin.py:151} INFO - [2023-10-21T05:33:24.134+0000] {dag.py:3722} INFO - Setting next_dagrun for example_params_trigger_ui to None, run_after=None
[2023-10-21T05:33:24.177+0000] {processor.py:179} INFO - Processing /home/airflow/.local/lib/python3.8/site-packages/airflow/example_dags/example_params_trigger_ui.py took 0.286 seconds
[2023-10-21T05:33:54.546+0000] {processor.py:157} INFO - Started process (PID=1070) to work on /home/airflow/.local/lib/python3.8/site-packages/airflow/example_dags/example_params_trigger_ui.py
[2023-10-21T05:33:54.546+0000] {processor.py:829} INFO - Processing file /home/airflow/.local/lib/python3.8/site-packages/airflow/example_dags/example_params_trigger_ui.py for tasks to queue
[2023-10-21T05:33:54.546+0000] {logging_mixin.py:151} INFO - [2023-10-21T05:33:54.546+0000] {dagbag.py:536} INFO - Filling up the DagBag from /home/airflow/.local/lib/python3.8/site-packages/airflow/example_dags/example_params_trigger_ui.py
[2023-10-21T05:33:54.559+0000] {processor.py:839} INFO - DAG(s) dict_keys(['example_params_trigger_ui']) retrieved from /home/airflow/.local/lib/python3.8/site-packages/airflow/example_dags/example_params_trigger_ui.py
[2023-10-21T05:33:54.605+0000] {logging_mixin.py:151} INFO - [2023-10-21T05:33:54.605+0000] {dag.py:2941} INFO - Sync 1 DAGs
[2023-10-21T05:33:54.616+0000] {logging_mixin.py:151} INFO - [2023-10-21T05:33:54.616+0000] {dag.py:3722} INFO - Setting next_dagrun for example_params_trigger_ui to None, run_after=None
[2023-10-21T05:33:54.635+0000] {processor.py:179} INFO - Processing /home/airflow/.local/lib/python3.8/site-packages/airflow/example_dags/example_params_trigger_ui.py took 0.091 seconds
[2023-10-21T05:34:25.649+0000] {processor.py:157} INFO - Started process (PID=1308) to work on /home/airflow/.local/lib/python3.8/site-packages/airflow/example_dags/example_params_trigger_ui.py
[2023-10-21T05:34:25.650+0000] {processor.py:829} INFO - Processing file /home/airflow/.local/lib/python3.8/site-packages/airflow/example_dags/example_params_trigger_ui.py for tasks to queue
[2023-10-21T05:34:25.651+0000] {logging_mixin.py:151} INFO - [2023-10-21T05:34:25.650+0000] {dagbag.py:536} INFO - Filling up the DagBag from /home/airflow/.local/lib/python3.8/site-packages/airflow/example_dags/example_params_trigger_ui.py
[2023-10-21T05:34:25.670+0000] {processor.py:839} INFO - DAG(s) dict_keys(['example_params_trigger_ui']) retrieved from /home/airflow/.local/lib/python3.8/site-packages/airflow/example_dags/example_params_trigger_ui.py
[2023-10-21T05:34:25.734+0000] {logging_mixin.py:151} INFO - [2023-10-21T05:34:25.734+0000] {dag.py:2941} INFO - Sync 1 DAGs
[2023-10-21T05:34:25.747+0000] {logging_mixin.py:151} INFO - [2023-10-21T05:34:25.746+0000] {dag.py:3722} INFO - Setting next_dagrun for example_params_trigger_ui to None, run_after=None
[2023-10-21T05:34:25.771+0000] {processor.py:179} INFO - Processing /home/airflow/.local/lib/python3.8/site-packages/airflow/example_dags/example_params_trigger_ui.py took 0.125 seconds
[2023-10-21T05:34:55.872+0000] {processor.py:157} INFO - Started process (PID=1546) to work on /home/airflow/.local/lib/python3.8/site-packages/airflow/example_dags/example_params_trigger_ui.py
[2023-10-21T05:34:55.873+0000] {processor.py:829} INFO - Processing file /home/airflow/.local/lib/python3.8/site-packages/airflow/example_dags/example_params_trigger_ui.py for tasks to queue
[2023-10-21T05:34:55.873+0000] {logging_mixin.py:151} INFO - [2023-10-21T05:34:55.873+0000] {dagbag.py:536} INFO - Filling up the DagBag from /home/airflow/.local/lib/python3.8/site-packages/airflow/example_dags/example_params_trigger_ui.py
[2023-10-21T05:34:55.886+0000] {processor.py:839} INFO - DAG(s) dict_keys(['example_params_trigger_ui']) retrieved from /home/airflow/.local/lib/python3.8/site-packages/airflow/example_dags/example_params_trigger_ui.py
[2023-10-21T05:34:55.935+0000] {logging_mixin.py:151} INFO - [2023-10-21T05:34:55.935+0000] {dag.py:2941} INFO - Sync 1 DAGs
[2023-10-21T05:34:55.960+0000] {logging_mixin.py:151} INFO - [2023-10-21T05:34:55.960+0000] {dag.py:3722} INFO - Setting next_dagrun for example_params_trigger_ui to None, run_after=None
[2023-10-21T05:34:55.996+0000] {processor.py:179} INFO - Processing /home/airflow/.local/lib/python3.8/site-packages/airflow/example_dags/example_params_trigger_ui.py took 0.126 seconds
[2023-10-21T05:35:26.295+0000] {processor.py:157} INFO - Started process (PID=1784) to work on /home/airflow/.local/lib/python3.8/site-packages/airflow/example_dags/example_params_trigger_ui.py
[2023-10-21T05:35:26.296+0000] {processor.py:829} INFO - Processing file /home/airflow/.local/lib/python3.8/site-packages/airflow/example_dags/example_params_trigger_ui.py for tasks to queue
[2023-10-21T05:35:26.297+0000] {logging_mixin.py:151} INFO - [2023-10-21T05:35:26.297+0000] {dagbag.py:536} INFO - Filling up the DagBag from /home/airflow/.local/lib/python3.8/site-packages/airflow/example_dags/example_params_trigger_ui.py
[2023-10-21T05:35:26.327+0000] {processor.py:839} INFO - DAG(s) dict_keys(['example_params_trigger_ui']) retrieved from /home/airflow/.local/lib/python3.8/site-packages/airflow/example_dags/example_params_trigger_ui.py
[2023-10-21T05:35:26.456+0000] {logging_mixin.py:151} INFO - [2023-10-21T05:35:26.455+0000] {dag.py:2941} INFO - Sync 1 DAGs
[2023-10-21T05:35:26.480+0000] {logging_mixin.py:151} INFO - [2023-10-21T05:35:26.480+0000] {dag.py:3722} INFO - Setting next_dagrun for example_params_trigger_ui to None, run_after=None
[2023-10-21T05:35:26.522+0000] {processor.py:179} INFO - Processing /home/airflow/.local/lib/python3.8/site-packages/airflow/example_dags/example_params_trigger_ui.py took 0.231 seconds
[2023-10-21T05:35:56.627+0000] {processor.py:157} INFO - Started process (PID=2022) to work on /home/airflow/.local/lib/python3.8/site-packages/airflow/example_dags/example_params_trigger_ui.py
[2023-10-21T05:35:56.628+0000] {processor.py:829} INFO - Processing file /home/airflow/.local/lib/python3.8/site-packages/airflow/example_dags/example_params_trigger_ui.py for tasks to queue
[2023-10-21T05:35:56.629+0000] {logging_mixin.py:151} INFO - [2023-10-21T05:35:56.629+0000] {dagbag.py:536} INFO - Filling up the DagBag from /home/airflow/.local/lib/python3.8/site-packages/airflow/example_dags/example_params_trigger_ui.py
[2023-10-21T05:35:56.653+0000] {processor.py:839} INFO - DAG(s) dict_keys(['example_params_trigger_ui']) retrieved from /home/airflow/.local/lib/python3.8/site-packages/airflow/example_dags/example_params_trigger_ui.py
[2023-10-21T05:35:56.725+0000] {logging_mixin.py:151} INFO - [2023-10-21T05:35:56.725+0000] {dag.py:2941} INFO - Sync 1 DAGs
[2023-10-21T05:35:56.740+0000] {logging_mixin.py:151} INFO - [2023-10-21T05:35:56.740+0000] {dag.py:3722} INFO - Setting next_dagrun for example_params_trigger_ui to None, run_after=None
[2023-10-21T05:35:56.763+0000] {processor.py:179} INFO - Processing /home/airflow/.local/lib/python3.8/site-packages/airflow/example_dags/example_params_trigger_ui.py took 0.143 seconds
[2023-10-21T05:36:26.958+0000] {processor.py:157} INFO - Started process (PID=2308) to work on /home/airflow/.local/lib/python3.8/site-packages/airflow/example_dags/example_params_trigger_ui.py
[2023-10-21T05:36:26.959+0000] {processor.py:829} INFO - Processing file /home/airflow/.local/lib/python3.8/site-packages/airflow/example_dags/example_params_trigger_ui.py for tasks to queue
[2023-10-21T05:36:26.959+0000] {logging_mixin.py:151} INFO - [2023-10-21T05:36:26.959+0000] {dagbag.py:536} INFO - Filling up the DagBag from /home/airflow/.local/lib/python3.8/site-packages/airflow/example_dags/example_params_trigger_ui.py
[2023-10-21T05:36:26.973+0000] {processor.py:839} INFO - DAG(s) dict_keys(['example_params_trigger_ui']) retrieved from /home/airflow/.local/lib/python3.8/site-packages/airflow/example_dags/example_params_trigger_ui.py
[2023-10-21T05:36:27.020+0000] {logging_mixin.py:151} INFO - [2023-10-21T05:36:27.020+0000] {dag.py:2941} INFO - Sync 1 DAGs
[2023-10-21T05:36:27.031+0000] {logging_mixin.py:151} INFO - [2023-10-21T05:36:27.031+0000] {dag.py:3722} INFO - Setting next_dagrun for example_params_trigger_ui to None, run_after=None
[2023-10-21T05:36:27.048+0000] {processor.py:179} INFO - Processing /home/airflow/.local/lib/python3.8/site-packages/airflow/example_dags/example_params_trigger_ui.py took 0.092 seconds
[2023-10-21T05:36:57.231+0000] {processor.py:157} INFO - Started process (PID=2546) to work on /home/airflow/.local/lib/python3.8/site-packages/airflow/example_dags/example_params_trigger_ui.py
[2023-10-21T05:36:57.232+0000] {processor.py:829} INFO - Processing file /home/airflow/.local/lib/python3.8/site-packages/airflow/example_dags/example_params_trigger_ui.py for tasks to queue
[2023-10-21T05:36:57.233+0000] {logging_mixin.py:151} INFO - [2023-10-21T05:36:57.232+0000] {dagbag.py:536} INFO - Filling up the DagBag from /home/airflow/.local/lib/python3.8/site-packages/airflow/example_dags/example_params_trigger_ui.py
[2023-10-21T05:36:57.245+0000] {processor.py:839} INFO - DAG(s) dict_keys(['example_params_trigger_ui']) retrieved from /home/airflow/.local/lib/python3.8/site-packages/airflow/example_dags/example_params_trigger_ui.py
[2023-10-21T05:36:57.297+0000] {logging_mixin.py:151} INFO - [2023-10-21T05:36:57.297+0000] {dag.py:2941} INFO - Sync 1 DAGs
[2023-10-21T05:36:57.308+0000] {logging_mixin.py:151} INFO - [2023-10-21T05:36:57.308+0000] {dag.py:3722} INFO - Setting next_dagrun for example_params_trigger_ui to None, run_after=None
[2023-10-21T05:36:57.328+0000] {processor.py:179} INFO - Processing /home/airflow/.local/lib/python3.8/site-packages/airflow/example_dags/example_params_trigger_ui.py took 0.099 seconds
[2023-10-21T05:37:27.467+0000] {processor.py:157} INFO - Started process (PID=2784) to work on /home/airflow/.local/lib/python3.8/site-packages/airflow/example_dags/example_params_trigger_ui.py
[2023-10-21T05:37:27.468+0000] {processor.py:829} INFO - Processing file /home/airflow/.local/lib/python3.8/site-packages/airflow/example_dags/example_params_trigger_ui.py for tasks to queue
[2023-10-21T05:37:27.468+0000] {logging_mixin.py:151} INFO - [2023-10-21T05:37:27.468+0000] {dagbag.py:536} INFO - Filling up the DagBag from /home/airflow/.local/lib/python3.8/site-packages/airflow/example_dags/example_params_trigger_ui.py
[2023-10-21T05:37:27.481+0000] {processor.py:839} INFO - DAG(s) dict_keys(['example_params_trigger_ui']) retrieved from /home/airflow/.local/lib/python3.8/site-packages/airflow/example_dags/example_params_trigger_ui.py
[2023-10-21T05:37:27.528+0000] {logging_mixin.py:151} INFO - [2023-10-21T05:37:27.528+0000] {dag.py:2941} INFO - Sync 1 DAGs
[2023-10-21T05:37:27.539+0000] {logging_mixin.py:151} INFO - [2023-10-21T05:37:27.539+0000] {dag.py:3722} INFO - Setting next_dagrun for example_params_trigger_ui to None, run_after=None
[2023-10-21T05:37:27.556+0000] {processor.py:179} INFO - Processing /home/airflow/.local/lib/python3.8/site-packages/airflow/example_dags/example_params_trigger_ui.py took 0.091 seconds
[2023-10-21T05:37:57.948+0000] {processor.py:157} INFO - Started process (PID=3022) to work on /home/airflow/.local/lib/python3.8/site-packages/airflow/example_dags/example_params_trigger_ui.py
[2023-10-21T05:37:57.949+0000] {processor.py:829} INFO - Processing file /home/airflow/.local/lib/python3.8/site-packages/airflow/example_dags/example_params_trigger_ui.py for tasks to queue
[2023-10-21T05:37:57.949+0000] {logging_mixin.py:151} INFO - [2023-10-21T05:37:57.949+0000] {dagbag.py:536} INFO - Filling up the DagBag from /home/airflow/.local/lib/python3.8/site-packages/airflow/example_dags/example_params_trigger_ui.py
[2023-10-21T05:37:57.966+0000] {processor.py:839} INFO - DAG(s) dict_keys(['example_params_trigger_ui']) retrieved from /home/airflow/.local/lib/python3.8/site-packages/airflow/example_dags/example_params_trigger_ui.py
[2023-10-21T05:37:58.024+0000] {logging_mixin.py:151} INFO - [2023-10-21T05:37:58.024+0000] {dag.py:2941} INFO - Sync 1 DAGs
[2023-10-21T05:37:58.038+0000] {logging_mixin.py:151} INFO - [2023-10-21T05:37:58.037+0000] {dag.py:3722} INFO - Setting next_dagrun for example_params_trigger_ui to None, run_after=None
[2023-10-21T05:37:58.060+0000] {processor.py:179} INFO - Processing /home/airflow/.local/lib/python3.8/site-packages/airflow/example_dags/example_params_trigger_ui.py took 0.115 seconds
[2023-10-21T05:38:28.413+0000] {processor.py:157} INFO - Started process (PID=3260) to work on /home/airflow/.local/lib/python3.8/site-packages/airflow/example_dags/example_params_trigger_ui.py
[2023-10-21T05:38:28.413+0000] {processor.py:829} INFO - Processing file /home/airflow/.local/lib/python3.8/site-packages/airflow/example_dags/example_params_trigger_ui.py for tasks to queue
[2023-10-21T05:38:28.414+0000] {logging_mixin.py:151} INFO - [2023-10-21T05:38:28.414+0000] {dagbag.py:536} INFO - Filling up the DagBag from /home/airflow/.local/lib/python3.8/site-packages/airflow/example_dags/example_params_trigger_ui.py
[2023-10-21T05:38:28.434+0000] {processor.py:839} INFO - DAG(s) dict_keys(['example_params_trigger_ui']) retrieved from /home/airflow/.local/lib/python3.8/site-packages/airflow/example_dags/example_params_trigger_ui.py
[2023-10-21T05:38:28.503+0000] {logging_mixin.py:151} INFO - [2023-10-21T05:38:28.503+0000] {dag.py:2941} INFO - Sync 1 DAGs
[2023-10-21T05:38:28.519+0000] {logging_mixin.py:151} INFO - [2023-10-21T05:38:28.518+0000] {dag.py:3722} INFO - Setting next_dagrun for example_params_trigger_ui to None, run_after=None
[2023-10-21T05:38:28.567+0000] {processor.py:179} INFO - Processing /home/airflow/.local/lib/python3.8/site-packages/airflow/example_dags/example_params_trigger_ui.py took 0.159 seconds
[2023-10-21T05:38:58.680+0000] {processor.py:157} INFO - Started process (PID=3498) to work on /home/airflow/.local/lib/python3.8/site-packages/airflow/example_dags/example_params_trigger_ui.py
[2023-10-21T05:38:58.681+0000] {processor.py:829} INFO - Processing file /home/airflow/.local/lib/python3.8/site-packages/airflow/example_dags/example_params_trigger_ui.py for tasks to queue
[2023-10-21T05:38:58.681+0000] {logging_mixin.py:151} INFO - [2023-10-21T05:38:58.681+0000] {dagbag.py:536} INFO - Filling up the DagBag from /home/airflow/.local/lib/python3.8/site-packages/airflow/example_dags/example_params_trigger_ui.py
[2023-10-21T05:38:58.697+0000] {processor.py:839} INFO - DAG(s) dict_keys(['example_params_trigger_ui']) retrieved from /home/airflow/.local/lib/python3.8/site-packages/airflow/example_dags/example_params_trigger_ui.py
[2023-10-21T05:38:58.761+0000] {logging_mixin.py:151} INFO - [2023-10-21T05:38:58.761+0000] {dag.py:2941} INFO - Sync 1 DAGs
[2023-10-21T05:38:58.776+0000] {logging_mixin.py:151} INFO - [2023-10-21T05:38:58.775+0000] {dag.py:3722} INFO - Setting next_dagrun for example_params_trigger_ui to None, run_after=None
[2023-10-21T05:38:58.801+0000] {processor.py:179} INFO - Processing /home/airflow/.local/lib/python3.8/site-packages/airflow/example_dags/example_params_trigger_ui.py took 0.124 seconds
[2023-10-21T05:39:28.844+0000] {processor.py:157} INFO - Started process (PID=3738) to work on /home/airflow/.local/lib/python3.8/site-packages/airflow/example_dags/example_params_trigger_ui.py
[2023-10-21T05:39:28.845+0000] {processor.py:829} INFO - Processing file /home/airflow/.local/lib/python3.8/site-packages/airflow/example_dags/example_params_trigger_ui.py for tasks to queue
[2023-10-21T05:39:28.846+0000] {logging_mixin.py:151} INFO - [2023-10-21T05:39:28.846+0000] {dagbag.py:536} INFO - Filling up the DagBag from /home/airflow/.local/lib/python3.8/site-packages/airflow/example_dags/example_params_trigger_ui.py
[2023-10-21T05:39:28.859+0000] {processor.py:839} INFO - DAG(s) dict_keys(['example_params_trigger_ui']) retrieved from /home/airflow/.local/lib/python3.8/site-packages/airflow/example_dags/example_params_trigger_ui.py
[2023-10-21T05:39:28.906+0000] {logging_mixin.py:151} INFO - [2023-10-21T05:39:28.906+0000] {dag.py:2941} INFO - Sync 1 DAGs
[2023-10-21T05:39:28.917+0000] {logging_mixin.py:151} INFO - [2023-10-21T05:39:28.916+0000] {dag.py:3722} INFO - Setting next_dagrun for example_params_trigger_ui to None, run_after=None
[2023-10-21T05:39:28.935+0000] {processor.py:179} INFO - Processing /home/airflow/.local/lib/python3.8/site-packages/airflow/example_dags/example_params_trigger_ui.py took 0.092 seconds
[2023-10-21T05:39:59.688+0000] {processor.py:157} INFO - Started process (PID=3974) to work on /home/airflow/.local/lib/python3.8/site-packages/airflow/example_dags/example_params_trigger_ui.py
[2023-10-21T05:39:59.689+0000] {processor.py:829} INFO - Processing file /home/airflow/.local/lib/python3.8/site-packages/airflow/example_dags/example_params_trigger_ui.py for tasks to queue
[2023-10-21T05:39:59.689+0000] {logging_mixin.py:151} INFO - [2023-10-21T05:39:59.689+0000] {dagbag.py:536} INFO - Filling up the DagBag from /home/airflow/.local/lib/python3.8/site-packages/airflow/example_dags/example_params_trigger_ui.py
[2023-10-21T05:39:59.705+0000] {processor.py:839} INFO - DAG(s) dict_keys(['example_params_trigger_ui']) retrieved from /home/airflow/.local/lib/python3.8/site-packages/airflow/example_dags/example_params_trigger_ui.py
[2023-10-21T05:39:59.757+0000] {logging_mixin.py:151} INFO - [2023-10-21T05:39:59.757+0000] {dag.py:2941} INFO - Sync 1 DAGs
[2023-10-21T05:39:59.769+0000] {logging_mixin.py:151} INFO - [2023-10-21T05:39:59.769+0000] {dag.py:3722} INFO - Setting next_dagrun for example_params_trigger_ui to None, run_after=None
[2023-10-21T05:39:59.789+0000] {processor.py:179} INFO - Processing /home/airflow/.local/lib/python3.8/site-packages/airflow/example_dags/example_params_trigger_ui.py took 0.104 seconds
[2023-10-21T05:40:30.558+0000] {processor.py:157} INFO - Started process (PID=4212) to work on /home/airflow/.local/lib/python3.8/site-packages/airflow/example_dags/example_params_trigger_ui.py
[2023-10-21T05:40:30.559+0000] {processor.py:829} INFO - Processing file /home/airflow/.local/lib/python3.8/site-packages/airflow/example_dags/example_params_trigger_ui.py for tasks to queue
[2023-10-21T05:40:30.560+0000] {logging_mixin.py:151} INFO - [2023-10-21T05:40:30.560+0000] {dagbag.py:536} INFO - Filling up the DagBag from /home/airflow/.local/lib/python3.8/site-packages/airflow/example_dags/example_params_trigger_ui.py
[2023-10-21T05:40:30.586+0000] {processor.py:839} INFO - DAG(s) dict_keys(['example_params_trigger_ui']) retrieved from /home/airflow/.local/lib/python3.8/site-packages/airflow/example_dags/example_params_trigger_ui.py
[2023-10-21T05:40:30.648+0000] {logging_mixin.py:151} INFO - [2023-10-21T05:40:30.648+0000] {dag.py:2941} INFO - Sync 1 DAGs
[2023-10-21T05:40:30.662+0000] {logging_mixin.py:151} INFO - [2023-10-21T05:40:30.661+0000] {dag.py:3722} INFO - Setting next_dagrun for example_params_trigger_ui to None, run_after=None
[2023-10-21T05:40:30.692+0000] {processor.py:179} INFO - Processing /home/airflow/.local/lib/python3.8/site-packages/airflow/example_dags/example_params_trigger_ui.py took 0.138 seconds
[2023-10-21T05:41:00.729+0000] {processor.py:157} INFO - Started process (PID=4451) to work on /home/airflow/.local/lib/python3.8/site-packages/airflow/example_dags/example_params_trigger_ui.py
[2023-10-21T05:41:00.730+0000] {processor.py:829} INFO - Processing file /home/airflow/.local/lib/python3.8/site-packages/airflow/example_dags/example_params_trigger_ui.py for tasks to queue
[2023-10-21T05:41:00.730+0000] {logging_mixin.py:151} INFO - [2023-10-21T05:41:00.730+0000] {dagbag.py:536} INFO - Filling up the DagBag from /home/airflow/.local/lib/python3.8/site-packages/airflow/example_dags/example_params_trigger_ui.py
[2023-10-21T05:41:00.743+0000] {processor.py:839} INFO - DAG(s) dict_keys(['example_params_trigger_ui']) retrieved from /home/airflow/.local/lib/python3.8/site-packages/airflow/example_dags/example_params_trigger_ui.py
[2023-10-21T05:41:00.788+0000] {logging_mixin.py:151} INFO - [2023-10-21T05:41:00.788+0000] {dag.py:2941} INFO - Sync 1 DAGs
[2023-10-21T05:41:00.800+0000] {logging_mixin.py:151} INFO - [2023-10-21T05:41:00.800+0000] {dag.py:3722} INFO - Setting next_dagrun for example_params_trigger_ui to None, run_after=None
[2023-10-21T05:41:00.818+0000] {processor.py:179} INFO - Processing /home/airflow/.local/lib/python3.8/site-packages/airflow/example_dags/example_params_trigger_ui.py took 0.090 seconds
