[2023-10-21T05:32:21.494+0000] {processor.py:157} INFO - Started process (PID=246) to work on /home/airflow/.local/lib/python3.8/site-packages/airflow/example_dags/example_setup_teardown_taskflow.py
[2023-10-21T05:32:21.494+0000] {processor.py:829} INFO - Processing file /home/airflow/.local/lib/python3.8/site-packages/airflow/example_dags/example_setup_teardown_taskflow.py for tasks to queue
[2023-10-21T05:32:21.495+0000] {logging_mixin.py:151} INFO - [2023-10-21T05:32:21.494+0000] {dagbag.py:536} INFO - Filling up the DagBag from /home/airflow/.local/lib/python3.8/site-packages/airflow/example_dags/example_setup_teardown_taskflow.py
[2023-10-21T05:32:21.506+0000] {processor.py:839} INFO - DAG(s) dict_keys(['example_setup_teardown_taskflow']) retrieved from /home/airflow/.local/lib/python3.8/site-packages/airflow/example_dags/example_setup_teardown_taskflow.py
[2023-10-21T05:32:21.517+0000] {logging_mixin.py:151} INFO - [2023-10-21T05:32:21.516+0000] {dag.py:2941} INFO - Sync 1 DAGs
[2023-10-21T05:32:21.541+0000] {logging_mixin.py:151} INFO - [2023-10-21T05:32:21.541+0000] {dag.py:3722} INFO - Setting next_dagrun for example_setup_teardown_taskflow to 2023-10-20T05:32:21.541309+00:00, run_after=2023-10-21T05:32:21.541309+00:00
[2023-10-21T05:32:21.562+0000] {processor.py:179} INFO - Processing /home/airflow/.local/lib/python3.8/site-packages/airflow/example_dags/example_setup_teardown_taskflow.py took 0.070 seconds
[2023-10-21T05:32:52.080+0000] {processor.py:157} INFO - Started process (PID=486) to work on /home/airflow/.local/lib/python3.8/site-packages/airflow/example_dags/example_setup_teardown_taskflow.py
[2023-10-21T05:32:52.080+0000] {processor.py:829} INFO - Processing file /home/airflow/.local/lib/python3.8/site-packages/airflow/example_dags/example_setup_teardown_taskflow.py for tasks to queue
[2023-10-21T05:32:52.081+0000] {logging_mixin.py:151} INFO - [2023-10-21T05:32:52.081+0000] {dagbag.py:536} INFO - Filling up the DagBag from /home/airflow/.local/lib/python3.8/site-packages/airflow/example_dags/example_setup_teardown_taskflow.py
[2023-10-21T05:32:52.089+0000] {processor.py:839} INFO - DAG(s) dict_keys(['example_setup_teardown_taskflow']) retrieved from /home/airflow/.local/lib/python3.8/site-packages/airflow/example_dags/example_setup_teardown_taskflow.py
[2023-10-21T05:32:52.108+0000] {logging_mixin.py:151} INFO - [2023-10-21T05:32:52.108+0000] {dag.py:2941} INFO - Sync 1 DAGs
[2023-10-21T05:32:52.126+0000] {logging_mixin.py:151} INFO - [2023-10-21T05:32:52.126+0000] {dag.py:3722} INFO - Setting next_dagrun for example_setup_teardown_taskflow to 2023-10-20T05:32:52.126579+00:00, run_after=2023-10-21T05:32:52.126579+00:00
[2023-10-21T05:32:52.145+0000] {processor.py:179} INFO - Processing /home/airflow/.local/lib/python3.8/site-packages/airflow/example_dags/example_setup_teardown_taskflow.py took 0.068 seconds
[2023-10-21T05:33:22.573+0000] {processor.py:157} INFO - Started process (PID=724) to work on /home/airflow/.local/lib/python3.8/site-packages/airflow/example_dags/example_setup_teardown_taskflow.py
[2023-10-21T05:33:22.574+0000] {processor.py:829} INFO - Processing file /home/airflow/.local/lib/python3.8/site-packages/airflow/example_dags/example_setup_teardown_taskflow.py for tasks to queue
[2023-10-21T05:33:22.575+0000] {logging_mixin.py:151} INFO - [2023-10-21T05:33:22.575+0000] {dagbag.py:536} INFO - Filling up the DagBag from /home/airflow/.local/lib/python3.8/site-packages/airflow/example_dags/example_setup_teardown_taskflow.py
[2023-10-21T05:33:22.583+0000] {processor.py:839} INFO - DAG(s) dict_keys(['example_setup_teardown_taskflow']) retrieved from /home/airflow/.local/lib/python3.8/site-packages/airflow/example_dags/example_setup_teardown_taskflow.py
[2023-10-21T05:33:22.603+0000] {logging_mixin.py:151} INFO - [2023-10-21T05:33:22.602+0000] {dag.py:2941} INFO - Sync 1 DAGs
[2023-10-21T05:33:22.624+0000] {logging_mixin.py:151} INFO - [2023-10-21T05:33:22.624+0000] {dag.py:3722} INFO - Setting next_dagrun for example_setup_teardown_taskflow to 2023-10-20T05:33:22.623971+00:00, run_after=2023-10-21T05:33:22.623971+00:00
[2023-10-21T05:33:22.647+0000] {processor.py:179} INFO - Processing /home/airflow/.local/lib/python3.8/site-packages/airflow/example_dags/example_setup_teardown_taskflow.py took 0.076 seconds
[2023-10-21T05:33:53.593+0000] {processor.py:157} INFO - Started process (PID=962) to work on /home/airflow/.local/lib/python3.8/site-packages/airflow/example_dags/example_setup_teardown_taskflow.py
[2023-10-21T05:33:53.594+0000] {processor.py:829} INFO - Processing file /home/airflow/.local/lib/python3.8/site-packages/airflow/example_dags/example_setup_teardown_taskflow.py for tasks to queue
[2023-10-21T05:33:53.594+0000] {logging_mixin.py:151} INFO - [2023-10-21T05:33:53.594+0000] {dagbag.py:536} INFO - Filling up the DagBag from /home/airflow/.local/lib/python3.8/site-packages/airflow/example_dags/example_setup_teardown_taskflow.py
[2023-10-21T05:33:53.602+0000] {processor.py:839} INFO - DAG(s) dict_keys(['example_setup_teardown_taskflow']) retrieved from /home/airflow/.local/lib/python3.8/site-packages/airflow/example_dags/example_setup_teardown_taskflow.py
[2023-10-21T05:33:53.619+0000] {logging_mixin.py:151} INFO - [2023-10-21T05:33:53.619+0000] {dag.py:2941} INFO - Sync 1 DAGs
[2023-10-21T05:33:53.638+0000] {logging_mixin.py:151} INFO - [2023-10-21T05:33:53.638+0000] {dag.py:3722} INFO - Setting next_dagrun for example_setup_teardown_taskflow to 2023-10-20T05:33:53.638188+00:00, run_after=2023-10-21T05:33:53.638188+00:00
[2023-10-21T05:33:53.654+0000] {processor.py:179} INFO - Processing /home/airflow/.local/lib/python3.8/site-packages/airflow/example_dags/example_setup_teardown_taskflow.py took 0.063 seconds
[2023-10-21T05:34:24.065+0000] {processor.py:157} INFO - Started process (PID=1200) to work on /home/airflow/.local/lib/python3.8/site-packages/airflow/example_dags/example_setup_teardown_taskflow.py
[2023-10-21T05:34:24.066+0000] {processor.py:829} INFO - Processing file /home/airflow/.local/lib/python3.8/site-packages/airflow/example_dags/example_setup_teardown_taskflow.py for tasks to queue
[2023-10-21T05:34:24.066+0000] {logging_mixin.py:151} INFO - [2023-10-21T05:34:24.066+0000] {dagbag.py:536} INFO - Filling up the DagBag from /home/airflow/.local/lib/python3.8/site-packages/airflow/example_dags/example_setup_teardown_taskflow.py
[2023-10-21T05:34:24.082+0000] {processor.py:839} INFO - DAG(s) dict_keys(['example_setup_teardown_taskflow']) retrieved from /home/airflow/.local/lib/python3.8/site-packages/airflow/example_dags/example_setup_teardown_taskflow.py
[2023-10-21T05:34:24.109+0000] {logging_mixin.py:151} INFO - [2023-10-21T05:34:24.109+0000] {dag.py:2941} INFO - Sync 1 DAGs
[2023-10-21T05:34:24.140+0000] {logging_mixin.py:151} INFO - [2023-10-21T05:34:24.140+0000] {dag.py:3722} INFO - Setting next_dagrun for example_setup_teardown_taskflow to 2023-10-20T05:34:24.139812+00:00, run_after=2023-10-21T05:34:24.139812+00:00
[2023-10-21T05:34:24.165+0000] {processor.py:179} INFO - Processing /home/airflow/.local/lib/python3.8/site-packages/airflow/example_dags/example_setup_teardown_taskflow.py took 0.105 seconds
[2023-10-21T05:34:54.861+0000] {processor.py:157} INFO - Started process (PID=1438) to work on /home/airflow/.local/lib/python3.8/site-packages/airflow/example_dags/example_setup_teardown_taskflow.py
[2023-10-21T05:34:54.862+0000] {processor.py:829} INFO - Processing file /home/airflow/.local/lib/python3.8/site-packages/airflow/example_dags/example_setup_teardown_taskflow.py for tasks to queue
[2023-10-21T05:34:54.863+0000] {logging_mixin.py:151} INFO - [2023-10-21T05:34:54.863+0000] {dagbag.py:536} INFO - Filling up the DagBag from /home/airflow/.local/lib/python3.8/site-packages/airflow/example_dags/example_setup_teardown_taskflow.py
[2023-10-21T05:34:54.871+0000] {processor.py:839} INFO - DAG(s) dict_keys(['example_setup_teardown_taskflow']) retrieved from /home/airflow/.local/lib/python3.8/site-packages/airflow/example_dags/example_setup_teardown_taskflow.py
[2023-10-21T05:34:54.890+0000] {logging_mixin.py:151} INFO - [2023-10-21T05:34:54.890+0000] {dag.py:2941} INFO - Sync 1 DAGs
[2023-10-21T05:34:54.910+0000] {logging_mixin.py:151} INFO - [2023-10-21T05:34:54.910+0000] {dag.py:3722} INFO - Setting next_dagrun for example_setup_teardown_taskflow to 2023-10-20T05:34:54.910344+00:00, run_after=2023-10-21T05:34:54.910344+00:00
[2023-10-21T05:34:54.929+0000] {processor.py:179} INFO - Processing /home/airflow/.local/lib/python3.8/site-packages/airflow/example_dags/example_setup_teardown_taskflow.py took 0.071 seconds
[2023-10-21T05:35:25.167+0000] {processor.py:157} INFO - Started process (PID=1676) to work on /home/airflow/.local/lib/python3.8/site-packages/airflow/example_dags/example_setup_teardown_taskflow.py
[2023-10-21T05:35:25.168+0000] {processor.py:829} INFO - Processing file /home/airflow/.local/lib/python3.8/site-packages/airflow/example_dags/example_setup_teardown_taskflow.py for tasks to queue
[2023-10-21T05:35:25.169+0000] {logging_mixin.py:151} INFO - [2023-10-21T05:35:25.168+0000] {dagbag.py:536} INFO - Filling up the DagBag from /home/airflow/.local/lib/python3.8/site-packages/airflow/example_dags/example_setup_teardown_taskflow.py
[2023-10-21T05:35:25.178+0000] {processor.py:839} INFO - DAG(s) dict_keys(['example_setup_teardown_taskflow']) retrieved from /home/airflow/.local/lib/python3.8/site-packages/airflow/example_dags/example_setup_teardown_taskflow.py
[2023-10-21T05:35:25.196+0000] {logging_mixin.py:151} INFO - [2023-10-21T05:35:25.196+0000] {dag.py:2941} INFO - Sync 1 DAGs
[2023-10-21T05:35:25.216+0000] {logging_mixin.py:151} INFO - [2023-10-21T05:35:25.216+0000] {dag.py:3722} INFO - Setting next_dagrun for example_setup_teardown_taskflow to 2023-10-20T05:35:25.216337+00:00, run_after=2023-10-21T05:35:25.216337+00:00
[2023-10-21T05:35:25.235+0000] {processor.py:179} INFO - Processing /home/airflow/.local/lib/python3.8/site-packages/airflow/example_dags/example_setup_teardown_taskflow.py took 0.070 seconds
[2023-10-21T05:35:55.262+0000] {processor.py:157} INFO - Started process (PID=1914) to work on /home/airflow/.local/lib/python3.8/site-packages/airflow/example_dags/example_setup_teardown_taskflow.py
[2023-10-21T05:35:55.263+0000] {processor.py:829} INFO - Processing file /home/airflow/.local/lib/python3.8/site-packages/airflow/example_dags/example_setup_teardown_taskflow.py for tasks to queue
[2023-10-21T05:35:55.264+0000] {logging_mixin.py:151} INFO - [2023-10-21T05:35:55.263+0000] {dagbag.py:536} INFO - Filling up the DagBag from /home/airflow/.local/lib/python3.8/site-packages/airflow/example_dags/example_setup_teardown_taskflow.py
[2023-10-21T05:35:55.271+0000] {processor.py:839} INFO - DAG(s) dict_keys(['example_setup_teardown_taskflow']) retrieved from /home/airflow/.local/lib/python3.8/site-packages/airflow/example_dags/example_setup_teardown_taskflow.py
[2023-10-21T05:35:55.289+0000] {logging_mixin.py:151} INFO - [2023-10-21T05:35:55.289+0000] {dag.py:2941} INFO - Sync 1 DAGs
[2023-10-21T05:35:55.310+0000] {logging_mixin.py:151} INFO - [2023-10-21T05:35:55.310+0000] {dag.py:3722} INFO - Setting next_dagrun for example_setup_teardown_taskflow to 2023-10-20T05:35:55.309844+00:00, run_after=2023-10-21T05:35:55.309844+00:00
[2023-10-21T05:35:55.327+0000] {processor.py:179} INFO - Processing /home/airflow/.local/lib/python3.8/site-packages/airflow/example_dags/example_setup_teardown_taskflow.py took 0.067 seconds
[2023-10-21T05:36:25.958+0000] {processor.py:157} INFO - Started process (PID=2198) to work on /home/airflow/.local/lib/python3.8/site-packages/airflow/example_dags/example_setup_teardown_taskflow.py
[2023-10-21T05:36:25.958+0000] {processor.py:829} INFO - Processing file /home/airflow/.local/lib/python3.8/site-packages/airflow/example_dags/example_setup_teardown_taskflow.py for tasks to queue
[2023-10-21T05:36:25.959+0000] {logging_mixin.py:151} INFO - [2023-10-21T05:36:25.959+0000] {dagbag.py:536} INFO - Filling up the DagBag from /home/airflow/.local/lib/python3.8/site-packages/airflow/example_dags/example_setup_teardown_taskflow.py
[2023-10-21T05:36:25.967+0000] {processor.py:839} INFO - DAG(s) dict_keys(['example_setup_teardown_taskflow']) retrieved from /home/airflow/.local/lib/python3.8/site-packages/airflow/example_dags/example_setup_teardown_taskflow.py
[2023-10-21T05:36:25.983+0000] {logging_mixin.py:151} INFO - [2023-10-21T05:36:25.983+0000] {dag.py:2941} INFO - Sync 1 DAGs
[2023-10-21T05:36:26.002+0000] {logging_mixin.py:151} INFO - [2023-10-21T05:36:26.001+0000] {dag.py:3722} INFO - Setting next_dagrun for example_setup_teardown_taskflow to 2023-10-20T05:36:26.001711+00:00, run_after=2023-10-21T05:36:26.001711+00:00
[2023-10-21T05:36:26.020+0000] {processor.py:179} INFO - Processing /home/airflow/.local/lib/python3.8/site-packages/airflow/example_dags/example_setup_teardown_taskflow.py took 0.065 seconds
[2023-10-21T05:36:56.236+0000] {processor.py:157} INFO - Started process (PID=2436) to work on /home/airflow/.local/lib/python3.8/site-packages/airflow/example_dags/example_setup_teardown_taskflow.py
[2023-10-21T05:36:56.237+0000] {processor.py:829} INFO - Processing file /home/airflow/.local/lib/python3.8/site-packages/airflow/example_dags/example_setup_teardown_taskflow.py for tasks to queue
[2023-10-21T05:36:56.237+0000] {logging_mixin.py:151} INFO - [2023-10-21T05:36:56.237+0000] {dagbag.py:536} INFO - Filling up the DagBag from /home/airflow/.local/lib/python3.8/site-packages/airflow/example_dags/example_setup_teardown_taskflow.py
[2023-10-21T05:36:56.244+0000] {processor.py:839} INFO - DAG(s) dict_keys(['example_setup_teardown_taskflow']) retrieved from /home/airflow/.local/lib/python3.8/site-packages/airflow/example_dags/example_setup_teardown_taskflow.py
[2023-10-21T05:36:56.261+0000] {logging_mixin.py:151} INFO - [2023-10-21T05:36:56.261+0000] {dag.py:2941} INFO - Sync 1 DAGs
[2023-10-21T05:36:56.278+0000] {logging_mixin.py:151} INFO - [2023-10-21T05:36:56.278+0000] {dag.py:3722} INFO - Setting next_dagrun for example_setup_teardown_taskflow to 2023-10-20T05:36:56.278569+00:00, run_after=2023-10-21T05:36:56.278569+00:00
[2023-10-21T05:36:56.295+0000] {processor.py:179} INFO - Processing /home/airflow/.local/lib/python3.8/site-packages/airflow/example_dags/example_setup_teardown_taskflow.py took 0.061 seconds
[2023-10-21T05:37:26.476+0000] {processor.py:157} INFO - Started process (PID=2674) to work on /home/airflow/.local/lib/python3.8/site-packages/airflow/example_dags/example_setup_teardown_taskflow.py
[2023-10-21T05:37:26.477+0000] {processor.py:829} INFO - Processing file /home/airflow/.local/lib/python3.8/site-packages/airflow/example_dags/example_setup_teardown_taskflow.py for tasks to queue
[2023-10-21T05:37:26.478+0000] {logging_mixin.py:151} INFO - [2023-10-21T05:37:26.477+0000] {dagbag.py:536} INFO - Filling up the DagBag from /home/airflow/.local/lib/python3.8/site-packages/airflow/example_dags/example_setup_teardown_taskflow.py
[2023-10-21T05:37:26.485+0000] {processor.py:839} INFO - DAG(s) dict_keys(['example_setup_teardown_taskflow']) retrieved from /home/airflow/.local/lib/python3.8/site-packages/airflow/example_dags/example_setup_teardown_taskflow.py
[2023-10-21T05:37:26.503+0000] {logging_mixin.py:151} INFO - [2023-10-21T05:37:26.503+0000] {dag.py:2941} INFO - Sync 1 DAGs
[2023-10-21T05:37:26.522+0000] {logging_mixin.py:151} INFO - [2023-10-21T05:37:26.521+0000] {dag.py:3722} INFO - Setting next_dagrun for example_setup_teardown_taskflow to 2023-10-20T05:37:26.521604+00:00, run_after=2023-10-21T05:37:26.521604+00:00
[2023-10-21T05:37:26.539+0000] {processor.py:179} INFO - Processing /home/airflow/.local/lib/python3.8/site-packages/airflow/example_dags/example_setup_teardown_taskflow.py took 0.065 seconds
[2023-10-21T05:37:56.576+0000] {processor.py:157} INFO - Started process (PID=2912) to work on /home/airflow/.local/lib/python3.8/site-packages/airflow/example_dags/example_setup_teardown_taskflow.py
[2023-10-21T05:37:56.577+0000] {processor.py:829} INFO - Processing file /home/airflow/.local/lib/python3.8/site-packages/airflow/example_dags/example_setup_teardown_taskflow.py for tasks to queue
[2023-10-21T05:37:56.577+0000] {logging_mixin.py:151} INFO - [2023-10-21T05:37:56.577+0000] {dagbag.py:536} INFO - Filling up the DagBag from /home/airflow/.local/lib/python3.8/site-packages/airflow/example_dags/example_setup_teardown_taskflow.py
[2023-10-21T05:37:56.587+0000] {processor.py:839} INFO - DAG(s) dict_keys(['example_setup_teardown_taskflow']) retrieved from /home/airflow/.local/lib/python3.8/site-packages/airflow/example_dags/example_setup_teardown_taskflow.py
[2023-10-21T05:37:56.611+0000] {logging_mixin.py:151} INFO - [2023-10-21T05:37:56.610+0000] {dag.py:2941} INFO - Sync 1 DAGs
[2023-10-21T05:37:56.634+0000] {logging_mixin.py:151} INFO - [2023-10-21T05:37:56.634+0000] {dag.py:3722} INFO - Setting next_dagrun for example_setup_teardown_taskflow to 2023-10-20T05:37:56.634251+00:00, run_after=2023-10-21T05:37:56.634251+00:00
[2023-10-21T05:37:56.657+0000] {processor.py:179} INFO - Processing /home/airflow/.local/lib/python3.8/site-packages/airflow/example_dags/example_setup_teardown_taskflow.py took 0.084 seconds
[2023-10-21T05:38:27.234+0000] {processor.py:157} INFO - Started process (PID=3150) to work on /home/airflow/.local/lib/python3.8/site-packages/airflow/example_dags/example_setup_teardown_taskflow.py
[2023-10-21T05:38:27.235+0000] {processor.py:829} INFO - Processing file /home/airflow/.local/lib/python3.8/site-packages/airflow/example_dags/example_setup_teardown_taskflow.py for tasks to queue
[2023-10-21T05:38:27.236+0000] {logging_mixin.py:151} INFO - [2023-10-21T05:38:27.235+0000] {dagbag.py:536} INFO - Filling up the DagBag from /home/airflow/.local/lib/python3.8/site-packages/airflow/example_dags/example_setup_teardown_taskflow.py
[2023-10-21T05:38:27.244+0000] {processor.py:839} INFO - DAG(s) dict_keys(['example_setup_teardown_taskflow']) retrieved from /home/airflow/.local/lib/python3.8/site-packages/airflow/example_dags/example_setup_teardown_taskflow.py
[2023-10-21T05:38:27.266+0000] {logging_mixin.py:151} INFO - [2023-10-21T05:38:27.265+0000] {dag.py:2941} INFO - Sync 1 DAGs
[2023-10-21T05:38:27.288+0000] {logging_mixin.py:151} INFO - [2023-10-21T05:38:27.288+0000] {dag.py:3722} INFO - Setting next_dagrun for example_setup_teardown_taskflow to 2023-10-20T05:38:27.288423+00:00, run_after=2023-10-21T05:38:27.288423+00:00
[2023-10-21T05:38:27.311+0000] {processor.py:179} INFO - Processing /home/airflow/.local/lib/python3.8/site-packages/airflow/example_dags/example_setup_teardown_taskflow.py took 0.081 seconds
[2023-10-21T05:38:57.433+0000] {processor.py:157} INFO - Started process (PID=3388) to work on /home/airflow/.local/lib/python3.8/site-packages/airflow/example_dags/example_setup_teardown_taskflow.py
[2023-10-21T05:38:57.434+0000] {processor.py:829} INFO - Processing file /home/airflow/.local/lib/python3.8/site-packages/airflow/example_dags/example_setup_teardown_taskflow.py for tasks to queue
[2023-10-21T05:38:57.435+0000] {logging_mixin.py:151} INFO - [2023-10-21T05:38:57.435+0000] {dagbag.py:536} INFO - Filling up the DagBag from /home/airflow/.local/lib/python3.8/site-packages/airflow/example_dags/example_setup_teardown_taskflow.py
[2023-10-21T05:38:57.447+0000] {processor.py:839} INFO - DAG(s) dict_keys(['example_setup_teardown_taskflow']) retrieved from /home/airflow/.local/lib/python3.8/site-packages/airflow/example_dags/example_setup_teardown_taskflow.py
[2023-10-21T05:38:57.469+0000] {logging_mixin.py:151} INFO - [2023-10-21T05:38:57.469+0000] {dag.py:2941} INFO - Sync 1 DAGs
[2023-10-21T05:38:57.499+0000] {logging_mixin.py:151} INFO - [2023-10-21T05:38:57.499+0000] {dag.py:3722} INFO - Setting next_dagrun for example_setup_teardown_taskflow to 2023-10-20T05:38:57.498924+00:00, run_after=2023-10-21T05:38:57.498924+00:00
[2023-10-21T05:38:57.527+0000] {processor.py:179} INFO - Processing /home/airflow/.local/lib/python3.8/site-packages/airflow/example_dags/example_setup_teardown_taskflow.py took 0.096 seconds
[2023-10-21T05:39:27.688+0000] {processor.py:157} INFO - Started process (PID=3626) to work on /home/airflow/.local/lib/python3.8/site-packages/airflow/example_dags/example_setup_teardown_taskflow.py
[2023-10-21T05:39:27.689+0000] {processor.py:829} INFO - Processing file /home/airflow/.local/lib/python3.8/site-packages/airflow/example_dags/example_setup_teardown_taskflow.py for tasks to queue
[2023-10-21T05:39:27.690+0000] {logging_mixin.py:151} INFO - [2023-10-21T05:39:27.690+0000] {dagbag.py:536} INFO - Filling up the DagBag from /home/airflow/.local/lib/python3.8/site-packages/airflow/example_dags/example_setup_teardown_taskflow.py
[2023-10-21T05:39:27.698+0000] {processor.py:839} INFO - DAG(s) dict_keys(['example_setup_teardown_taskflow']) retrieved from /home/airflow/.local/lib/python3.8/site-packages/airflow/example_dags/example_setup_teardown_taskflow.py
[2023-10-21T05:39:27.716+0000] {logging_mixin.py:151} INFO - [2023-10-21T05:39:27.716+0000] {dag.py:2941} INFO - Sync 1 DAGs
[2023-10-21T05:39:27.737+0000] {logging_mixin.py:151} INFO - [2023-10-21T05:39:27.737+0000] {dag.py:3722} INFO - Setting next_dagrun for example_setup_teardown_taskflow to 2023-10-20T05:39:27.737167+00:00, run_after=2023-10-21T05:39:27.737167+00:00
[2023-10-21T05:39:27.757+0000] {processor.py:179} INFO - Processing /home/airflow/.local/lib/python3.8/site-packages/airflow/example_dags/example_setup_teardown_taskflow.py took 0.071 seconds
[2023-10-21T05:39:58.431+0000] {processor.py:157} INFO - Started process (PID=3864) to work on /home/airflow/.local/lib/python3.8/site-packages/airflow/example_dags/example_setup_teardown_taskflow.py
[2023-10-21T05:39:58.432+0000] {processor.py:829} INFO - Processing file /home/airflow/.local/lib/python3.8/site-packages/airflow/example_dags/example_setup_teardown_taskflow.py for tasks to queue
[2023-10-21T05:39:58.432+0000] {logging_mixin.py:151} INFO - [2023-10-21T05:39:58.432+0000] {dagbag.py:536} INFO - Filling up the DagBag from /home/airflow/.local/lib/python3.8/site-packages/airflow/example_dags/example_setup_teardown_taskflow.py
[2023-10-21T05:39:58.443+0000] {processor.py:839} INFO - DAG(s) dict_keys(['example_setup_teardown_taskflow']) retrieved from /home/airflow/.local/lib/python3.8/site-packages/airflow/example_dags/example_setup_teardown_taskflow.py
[2023-10-21T05:39:58.469+0000] {logging_mixin.py:151} INFO - [2023-10-21T05:39:58.468+0000] {dag.py:2941} INFO - Sync 1 DAGs
[2023-10-21T05:39:58.499+0000] {logging_mixin.py:151} INFO - [2023-10-21T05:39:58.499+0000] {dag.py:3722} INFO - Setting next_dagrun for example_setup_teardown_taskflow to 2023-10-20T05:39:58.498839+00:00, run_after=2023-10-21T05:39:58.498839+00:00
[2023-10-21T05:39:58.530+0000] {processor.py:179} INFO - Processing /home/airflow/.local/lib/python3.8/site-packages/airflow/example_dags/example_setup_teardown_taskflow.py took 0.102 seconds
[2023-10-21T05:40:29.386+0000] {processor.py:157} INFO - Started process (PID=4102) to work on /home/airflow/.local/lib/python3.8/site-packages/airflow/example_dags/example_setup_teardown_taskflow.py
[2023-10-21T05:40:29.386+0000] {processor.py:829} INFO - Processing file /home/airflow/.local/lib/python3.8/site-packages/airflow/example_dags/example_setup_teardown_taskflow.py for tasks to queue
[2023-10-21T05:40:29.387+0000] {logging_mixin.py:151} INFO - [2023-10-21T05:40:29.387+0000] {dagbag.py:536} INFO - Filling up the DagBag from /home/airflow/.local/lib/python3.8/site-packages/airflow/example_dags/example_setup_teardown_taskflow.py
[2023-10-21T05:40:29.394+0000] {processor.py:839} INFO - DAG(s) dict_keys(['example_setup_teardown_taskflow']) retrieved from /home/airflow/.local/lib/python3.8/site-packages/airflow/example_dags/example_setup_teardown_taskflow.py
[2023-10-21T05:40:29.412+0000] {logging_mixin.py:151} INFO - [2023-10-21T05:40:29.412+0000] {dag.py:2941} INFO - Sync 1 DAGs
[2023-10-21T05:40:29.431+0000] {logging_mixin.py:151} INFO - [2023-10-21T05:40:29.431+0000] {dag.py:3722} INFO - Setting next_dagrun for example_setup_teardown_taskflow to 2023-10-20T05:40:29.431313+00:00, run_after=2023-10-21T05:40:29.431313+00:00
[2023-10-21T05:40:29.455+0000] {processor.py:179} INFO - Processing /home/airflow/.local/lib/python3.8/site-packages/airflow/example_dags/example_setup_teardown_taskflow.py took 0.073 seconds
[2023-10-21T05:40:59.766+0000] {processor.py:157} INFO - Started process (PID=4341) to work on /home/airflow/.local/lib/python3.8/site-packages/airflow/example_dags/example_setup_teardown_taskflow.py
[2023-10-21T05:40:59.766+0000] {processor.py:829} INFO - Processing file /home/airflow/.local/lib/python3.8/site-packages/airflow/example_dags/example_setup_teardown_taskflow.py for tasks to queue
[2023-10-21T05:40:59.767+0000] {logging_mixin.py:151} INFO - [2023-10-21T05:40:59.766+0000] {dagbag.py:536} INFO - Filling up the DagBag from /home/airflow/.local/lib/python3.8/site-packages/airflow/example_dags/example_setup_teardown_taskflow.py
[2023-10-21T05:40:59.777+0000] {processor.py:839} INFO - DAG(s) dict_keys(['example_setup_teardown_taskflow']) retrieved from /home/airflow/.local/lib/python3.8/site-packages/airflow/example_dags/example_setup_teardown_taskflow.py
[2023-10-21T05:40:59.799+0000] {logging_mixin.py:151} INFO - [2023-10-21T05:40:59.799+0000] {dag.py:2941} INFO - Sync 1 DAGs
[2023-10-21T05:40:59.818+0000] {logging_mixin.py:151} INFO - [2023-10-21T05:40:59.818+0000] {dag.py:3722} INFO - Setting next_dagrun for example_setup_teardown_taskflow to 2023-10-20T05:40:59.818272+00:00, run_after=2023-10-21T05:40:59.818272+00:00
[2023-10-21T05:40:59.836+0000] {processor.py:179} INFO - Processing /home/airflow/.local/lib/python3.8/site-packages/airflow/example_dags/example_setup_teardown_taskflow.py took 0.074 seconds
