[2023-10-21T05:32:21.150+0000] {processor.py:157} INFO - Started process (PID=206) to work on /home/airflow/.local/lib/python3.8/site-packages/airflow/example_dags/example_complex.py
[2023-10-21T05:32:21.150+0000] {processor.py:829} INFO - Processing file /home/airflow/.local/lib/python3.8/site-packages/airflow/example_dags/example_complex.py for tasks to queue
[2023-10-21T05:32:21.151+0000] {logging_mixin.py:151} INFO - [2023-10-21T05:32:21.151+0000] {dagbag.py:536} INFO - Filling up the DagBag from /home/airflow/.local/lib/python3.8/site-packages/airflow/example_dags/example_complex.py
[2023-10-21T05:32:21.166+0000] {processor.py:839} INFO - DAG(s) dict_keys(['example_complex']) retrieved from /home/airflow/.local/lib/python3.8/site-packages/airflow/example_dags/example_complex.py
[2023-10-21T05:32:21.176+0000] {logging_mixin.py:151} INFO - [2023-10-21T05:32:21.176+0000] {dag.py:2941} INFO - Sync 1 DAGs
[2023-10-21T05:32:21.189+0000] {logging_mixin.py:151} INFO - [2023-10-21T05:32:21.189+0000] {dag.py:3722} INFO - Setting next_dagrun for example_complex to None, run_after=None
[2023-10-21T05:32:21.209+0000] {processor.py:179} INFO - Processing /home/airflow/.local/lib/python3.8/site-packages/airflow/example_dags/example_complex.py took 0.062 seconds
[2023-10-21T05:32:51.559+0000] {processor.py:157} INFO - Started process (PID=446) to work on /home/airflow/.local/lib/python3.8/site-packages/airflow/example_dags/example_complex.py
[2023-10-21T05:32:51.560+0000] {processor.py:829} INFO - Processing file /home/airflow/.local/lib/python3.8/site-packages/airflow/example_dags/example_complex.py for tasks to queue
[2023-10-21T05:32:51.560+0000] {logging_mixin.py:151} INFO - [2023-10-21T05:32:51.560+0000] {dagbag.py:536} INFO - Filling up the DagBag from /home/airflow/.local/lib/python3.8/site-packages/airflow/example_dags/example_complex.py
[2023-10-21T05:32:51.572+0000] {processor.py:839} INFO - DAG(s) dict_keys(['example_complex']) retrieved from /home/airflow/.local/lib/python3.8/site-packages/airflow/example_dags/example_complex.py
[2023-10-21T05:32:51.600+0000] {logging_mixin.py:151} INFO - [2023-10-21T05:32:51.599+0000] {dag.py:2941} INFO - Sync 1 DAGs
[2023-10-21T05:32:51.610+0000] {logging_mixin.py:151} INFO - [2023-10-21T05:32:51.610+0000] {dag.py:3722} INFO - Setting next_dagrun for example_complex to None, run_after=None
[2023-10-21T05:32:51.628+0000] {processor.py:179} INFO - Processing /home/airflow/.local/lib/python3.8/site-packages/airflow/example_dags/example_complex.py took 0.071 seconds
[2023-10-21T05:33:22.020+0000] {processor.py:157} INFO - Started process (PID=682) to work on /home/airflow/.local/lib/python3.8/site-packages/airflow/example_dags/example_complex.py
[2023-10-21T05:33:22.021+0000] {processor.py:829} INFO - Processing file /home/airflow/.local/lib/python3.8/site-packages/airflow/example_dags/example_complex.py for tasks to queue
[2023-10-21T05:33:22.022+0000] {logging_mixin.py:151} INFO - [2023-10-21T05:33:22.022+0000] {dagbag.py:536} INFO - Filling up the DagBag from /home/airflow/.local/lib/python3.8/site-packages/airflow/example_dags/example_complex.py
[2023-10-21T05:33:22.032+0000] {processor.py:839} INFO - DAG(s) dict_keys(['example_complex']) retrieved from /home/airflow/.local/lib/python3.8/site-packages/airflow/example_dags/example_complex.py
[2023-10-21T05:33:22.062+0000] {logging_mixin.py:151} INFO - [2023-10-21T05:33:22.062+0000] {dag.py:2941} INFO - Sync 1 DAGs
[2023-10-21T05:33:22.074+0000] {logging_mixin.py:151} INFO - [2023-10-21T05:33:22.074+0000] {dag.py:3722} INFO - Setting next_dagrun for example_complex to None, run_after=None
[2023-10-21T05:33:22.094+0000] {processor.py:179} INFO - Processing /home/airflow/.local/lib/python3.8/site-packages/airflow/example_dags/example_complex.py took 0.076 seconds
[2023-10-21T05:33:52.197+0000] {processor.py:157} INFO - Started process (PID=920) to work on /home/airflow/.local/lib/python3.8/site-packages/airflow/example_dags/example_complex.py
[2023-10-21T05:33:52.197+0000] {processor.py:829} INFO - Processing file /home/airflow/.local/lib/python3.8/site-packages/airflow/example_dags/example_complex.py for tasks to queue
[2023-10-21T05:33:52.198+0000] {logging_mixin.py:151} INFO - [2023-10-21T05:33:52.198+0000] {dagbag.py:536} INFO - Filling up the DagBag from /home/airflow/.local/lib/python3.8/site-packages/airflow/example_dags/example_complex.py
[2023-10-21T05:33:52.211+0000] {processor.py:839} INFO - DAG(s) dict_keys(['example_complex']) retrieved from /home/airflow/.local/lib/python3.8/site-packages/airflow/example_dags/example_complex.py
[2023-10-21T05:33:52.239+0000] {logging_mixin.py:151} INFO - [2023-10-21T05:33:52.239+0000] {dag.py:2941} INFO - Sync 1 DAGs
[2023-10-21T05:33:52.252+0000] {logging_mixin.py:151} INFO - [2023-10-21T05:33:52.252+0000] {dag.py:3722} INFO - Setting next_dagrun for example_complex to None, run_after=None
[2023-10-21T05:33:52.270+0000] {processor.py:179} INFO - Processing /home/airflow/.local/lib/python3.8/site-packages/airflow/example_dags/example_complex.py took 0.076 seconds
[2023-10-21T05:34:22.566+0000] {processor.py:157} INFO - Started process (PID=1158) to work on /home/airflow/.local/lib/python3.8/site-packages/airflow/example_dags/example_complex.py
[2023-10-21T05:34:22.567+0000] {processor.py:829} INFO - Processing file /home/airflow/.local/lib/python3.8/site-packages/airflow/example_dags/example_complex.py for tasks to queue
[2023-10-21T05:34:22.568+0000] {logging_mixin.py:151} INFO - [2023-10-21T05:34:22.568+0000] {dagbag.py:536} INFO - Filling up the DagBag from /home/airflow/.local/lib/python3.8/site-packages/airflow/example_dags/example_complex.py
[2023-10-21T05:34:22.579+0000] {processor.py:839} INFO - DAG(s) dict_keys(['example_complex']) retrieved from /home/airflow/.local/lib/python3.8/site-packages/airflow/example_dags/example_complex.py
[2023-10-21T05:34:22.617+0000] {logging_mixin.py:151} INFO - [2023-10-21T05:34:22.616+0000] {dag.py:2941} INFO - Sync 1 DAGs
[2023-10-21T05:34:22.632+0000] {logging_mixin.py:151} INFO - [2023-10-21T05:34:22.632+0000] {dag.py:3722} INFO - Setting next_dagrun for example_complex to None, run_after=None
[2023-10-21T05:34:22.657+0000] {processor.py:179} INFO - Processing /home/airflow/.local/lib/python3.8/site-packages/airflow/example_dags/example_complex.py took 0.093 seconds
[2023-10-21T05:34:53.526+0000] {processor.py:157} INFO - Started process (PID=1398) to work on /home/airflow/.local/lib/python3.8/site-packages/airflow/example_dags/example_complex.py
[2023-10-21T05:34:53.527+0000] {processor.py:829} INFO - Processing file /home/airflow/.local/lib/python3.8/site-packages/airflow/example_dags/example_complex.py for tasks to queue
[2023-10-21T05:34:53.527+0000] {logging_mixin.py:151} INFO - [2023-10-21T05:34:53.527+0000] {dagbag.py:536} INFO - Filling up the DagBag from /home/airflow/.local/lib/python3.8/site-packages/airflow/example_dags/example_complex.py
[2023-10-21T05:34:53.536+0000] {processor.py:839} INFO - DAG(s) dict_keys(['example_complex']) retrieved from /home/airflow/.local/lib/python3.8/site-packages/airflow/example_dags/example_complex.py
[2023-10-21T05:34:53.562+0000] {logging_mixin.py:151} INFO - [2023-10-21T05:34:53.562+0000] {dag.py:2941} INFO - Sync 1 DAGs
[2023-10-21T05:34:53.572+0000] {logging_mixin.py:151} INFO - [2023-10-21T05:34:53.572+0000] {dag.py:3722} INFO - Setting next_dagrun for example_complex to None, run_after=None
[2023-10-21T05:34:53.590+0000] {processor.py:179} INFO - Processing /home/airflow/.local/lib/python3.8/site-packages/airflow/example_dags/example_complex.py took 0.066 seconds
[2023-10-21T05:35:23.774+0000] {processor.py:157} INFO - Started process (PID=1634) to work on /home/airflow/.local/lib/python3.8/site-packages/airflow/example_dags/example_complex.py
[2023-10-21T05:35:23.775+0000] {processor.py:829} INFO - Processing file /home/airflow/.local/lib/python3.8/site-packages/airflow/example_dags/example_complex.py for tasks to queue
[2023-10-21T05:35:23.775+0000] {logging_mixin.py:151} INFO - [2023-10-21T05:35:23.775+0000] {dagbag.py:536} INFO - Filling up the DagBag from /home/airflow/.local/lib/python3.8/site-packages/airflow/example_dags/example_complex.py
[2023-10-21T05:35:23.784+0000] {processor.py:839} INFO - DAG(s) dict_keys(['example_complex']) retrieved from /home/airflow/.local/lib/python3.8/site-packages/airflow/example_dags/example_complex.py
[2023-10-21T05:35:23.812+0000] {logging_mixin.py:151} INFO - [2023-10-21T05:35:23.812+0000] {dag.py:2941} INFO - Sync 1 DAGs
[2023-10-21T05:35:23.824+0000] {logging_mixin.py:151} INFO - [2023-10-21T05:35:23.823+0000] {dag.py:3722} INFO - Setting next_dagrun for example_complex to None, run_after=None
[2023-10-21T05:35:23.843+0000] {processor.py:179} INFO - Processing /home/airflow/.local/lib/python3.8/site-packages/airflow/example_dags/example_complex.py took 0.073 seconds
[2023-10-21T05:35:54.408+0000] {processor.py:157} INFO - Started process (PID=1872) to work on /home/airflow/.local/lib/python3.8/site-packages/airflow/example_dags/example_complex.py
[2023-10-21T05:35:54.409+0000] {processor.py:829} INFO - Processing file /home/airflow/.local/lib/python3.8/site-packages/airflow/example_dags/example_complex.py for tasks to queue
[2023-10-21T05:35:54.410+0000] {logging_mixin.py:151} INFO - [2023-10-21T05:35:54.409+0000] {dagbag.py:536} INFO - Filling up the DagBag from /home/airflow/.local/lib/python3.8/site-packages/airflow/example_dags/example_complex.py
[2023-10-21T05:35:54.421+0000] {processor.py:839} INFO - DAG(s) dict_keys(['example_complex']) retrieved from /home/airflow/.local/lib/python3.8/site-packages/airflow/example_dags/example_complex.py
[2023-10-21T05:35:54.452+0000] {logging_mixin.py:151} INFO - [2023-10-21T05:35:54.452+0000] {dag.py:2941} INFO - Sync 1 DAGs
[2023-10-21T05:35:54.469+0000] {logging_mixin.py:151} INFO - [2023-10-21T05:35:54.469+0000] {dag.py:3722} INFO - Setting next_dagrun for example_complex to None, run_after=None
[2023-10-21T05:35:54.529+0000] {processor.py:179} INFO - Processing /home/airflow/.local/lib/python3.8/site-packages/airflow/example_dags/example_complex.py took 0.123 seconds
[2023-10-21T05:36:24.622+0000] {processor.py:157} INFO - Started process (PID=2158) to work on /home/airflow/.local/lib/python3.8/site-packages/airflow/example_dags/example_complex.py
[2023-10-21T05:36:24.622+0000] {processor.py:829} INFO - Processing file /home/airflow/.local/lib/python3.8/site-packages/airflow/example_dags/example_complex.py for tasks to queue
[2023-10-21T05:36:24.623+0000] {logging_mixin.py:151} INFO - [2023-10-21T05:36:24.623+0000] {dagbag.py:536} INFO - Filling up the DagBag from /home/airflow/.local/lib/python3.8/site-packages/airflow/example_dags/example_complex.py
[2023-10-21T05:36:24.632+0000] {processor.py:839} INFO - DAG(s) dict_keys(['example_complex']) retrieved from /home/airflow/.local/lib/python3.8/site-packages/airflow/example_dags/example_complex.py
[2023-10-21T05:36:24.659+0000] {logging_mixin.py:151} INFO - [2023-10-21T05:36:24.658+0000] {dag.py:2941} INFO - Sync 1 DAGs
[2023-10-21T05:36:24.668+0000] {logging_mixin.py:151} INFO - [2023-10-21T05:36:24.668+0000] {dag.py:3722} INFO - Setting next_dagrun for example_complex to None, run_after=None
[2023-10-21T05:36:24.686+0000] {processor.py:179} INFO - Processing /home/airflow/.local/lib/python3.8/site-packages/airflow/example_dags/example_complex.py took 0.066 seconds
[2023-10-21T05:36:54.947+0000] {processor.py:157} INFO - Started process (PID=2397) to work on /home/airflow/.local/lib/python3.8/site-packages/airflow/example_dags/example_complex.py
[2023-10-21T05:36:54.948+0000] {processor.py:829} INFO - Processing file /home/airflow/.local/lib/python3.8/site-packages/airflow/example_dags/example_complex.py for tasks to queue
[2023-10-21T05:36:54.948+0000] {logging_mixin.py:151} INFO - [2023-10-21T05:36:54.948+0000] {dagbag.py:536} INFO - Filling up the DagBag from /home/airflow/.local/lib/python3.8/site-packages/airflow/example_dags/example_complex.py
[2023-10-21T05:36:54.957+0000] {processor.py:839} INFO - DAG(s) dict_keys(['example_complex']) retrieved from /home/airflow/.local/lib/python3.8/site-packages/airflow/example_dags/example_complex.py
[2023-10-21T05:36:54.983+0000] {logging_mixin.py:151} INFO - [2023-10-21T05:36:54.983+0000] {dag.py:2941} INFO - Sync 1 DAGs
[2023-10-21T05:36:54.993+0000] {logging_mixin.py:151} INFO - [2023-10-21T05:36:54.993+0000] {dag.py:3722} INFO - Setting next_dagrun for example_complex to None, run_after=None
[2023-10-21T05:36:55.011+0000] {processor.py:179} INFO - Processing /home/airflow/.local/lib/python3.8/site-packages/airflow/example_dags/example_complex.py took 0.066 seconds
[2023-10-21T05:37:25.040+0000] {processor.py:157} INFO - Started process (PID=2634) to work on /home/airflow/.local/lib/python3.8/site-packages/airflow/example_dags/example_complex.py
[2023-10-21T05:37:25.041+0000] {processor.py:829} INFO - Processing file /home/airflow/.local/lib/python3.8/site-packages/airflow/example_dags/example_complex.py for tasks to queue
[2023-10-21T05:37:25.042+0000] {logging_mixin.py:151} INFO - [2023-10-21T05:37:25.041+0000] {dagbag.py:536} INFO - Filling up the DagBag from /home/airflow/.local/lib/python3.8/site-packages/airflow/example_dags/example_complex.py
[2023-10-21T05:37:25.050+0000] {processor.py:839} INFO - DAG(s) dict_keys(['example_complex']) retrieved from /home/airflow/.local/lib/python3.8/site-packages/airflow/example_dags/example_complex.py
[2023-10-21T05:37:25.076+0000] {logging_mixin.py:151} INFO - [2023-10-21T05:37:25.076+0000] {dag.py:2941} INFO - Sync 1 DAGs
[2023-10-21T05:37:25.086+0000] {logging_mixin.py:151} INFO - [2023-10-21T05:37:25.086+0000] {dag.py:3722} INFO - Setting next_dagrun for example_complex to None, run_after=None
[2023-10-21T05:37:25.103+0000] {processor.py:179} INFO - Processing /home/airflow/.local/lib/python3.8/site-packages/airflow/example_dags/example_complex.py took 0.064 seconds
[2023-10-21T05:37:55.165+0000] {processor.py:157} INFO - Started process (PID=2867) to work on /home/airflow/.local/lib/python3.8/site-packages/airflow/example_dags/example_complex.py
[2023-10-21T05:37:55.165+0000] {processor.py:829} INFO - Processing file /home/airflow/.local/lib/python3.8/site-packages/airflow/example_dags/example_complex.py for tasks to queue
[2023-10-21T05:37:55.166+0000] {logging_mixin.py:151} INFO - [2023-10-21T05:37:55.165+0000] {dagbag.py:536} INFO - Filling up the DagBag from /home/airflow/.local/lib/python3.8/site-packages/airflow/example_dags/example_complex.py
[2023-10-21T05:37:55.174+0000] {processor.py:839} INFO - DAG(s) dict_keys(['example_complex']) retrieved from /home/airflow/.local/lib/python3.8/site-packages/airflow/example_dags/example_complex.py
[2023-10-21T05:37:55.204+0000] {logging_mixin.py:151} INFO - [2023-10-21T05:37:55.203+0000] {dag.py:2941} INFO - Sync 1 DAGs
[2023-10-21T05:37:55.216+0000] {logging_mixin.py:151} INFO - [2023-10-21T05:37:55.216+0000] {dag.py:3722} INFO - Setting next_dagrun for example_complex to None, run_after=None
[2023-10-21T05:37:55.237+0000] {processor.py:179} INFO - Processing /home/airflow/.local/lib/python3.8/site-packages/airflow/example_dags/example_complex.py took 0.075 seconds
[2023-10-21T05:38:25.736+0000] {processor.py:157} INFO - Started process (PID=3105) to work on /home/airflow/.local/lib/python3.8/site-packages/airflow/example_dags/example_complex.py
[2023-10-21T05:38:25.737+0000] {processor.py:829} INFO - Processing file /home/airflow/.local/lib/python3.8/site-packages/airflow/example_dags/example_complex.py for tasks to queue
[2023-10-21T05:38:25.738+0000] {logging_mixin.py:151} INFO - [2023-10-21T05:38:25.738+0000] {dagbag.py:536} INFO - Filling up the DagBag from /home/airflow/.local/lib/python3.8/site-packages/airflow/example_dags/example_complex.py
[2023-10-21T05:38:25.749+0000] {processor.py:839} INFO - DAG(s) dict_keys(['example_complex']) retrieved from /home/airflow/.local/lib/python3.8/site-packages/airflow/example_dags/example_complex.py
[2023-10-21T05:38:25.779+0000] {logging_mixin.py:151} INFO - [2023-10-21T05:38:25.778+0000] {dag.py:2941} INFO - Sync 1 DAGs
[2023-10-21T05:38:25.791+0000] {logging_mixin.py:151} INFO - [2023-10-21T05:38:25.791+0000] {dag.py:3722} INFO - Setting next_dagrun for example_complex to None, run_after=None
[2023-10-21T05:38:25.812+0000] {processor.py:179} INFO - Processing /home/airflow/.local/lib/python3.8/site-packages/airflow/example_dags/example_complex.py took 0.078 seconds
[2023-10-21T05:38:55.915+0000] {processor.py:157} INFO - Started process (PID=3343) to work on /home/airflow/.local/lib/python3.8/site-packages/airflow/example_dags/example_complex.py
[2023-10-21T05:38:55.916+0000] {processor.py:829} INFO - Processing file /home/airflow/.local/lib/python3.8/site-packages/airflow/example_dags/example_complex.py for tasks to queue
[2023-10-21T05:38:55.917+0000] {logging_mixin.py:151} INFO - [2023-10-21T05:38:55.916+0000] {dagbag.py:536} INFO - Filling up the DagBag from /home/airflow/.local/lib/python3.8/site-packages/airflow/example_dags/example_complex.py
[2023-10-21T05:38:55.926+0000] {processor.py:839} INFO - DAG(s) dict_keys(['example_complex']) retrieved from /home/airflow/.local/lib/python3.8/site-packages/airflow/example_dags/example_complex.py
[2023-10-21T05:38:55.956+0000] {logging_mixin.py:151} INFO - [2023-10-21T05:38:55.956+0000] {dag.py:2941} INFO - Sync 1 DAGs
[2023-10-21T05:38:55.967+0000] {logging_mixin.py:151} INFO - [2023-10-21T05:38:55.967+0000] {dag.py:3722} INFO - Setting next_dagrun for example_complex to None, run_after=None
[2023-10-21T05:38:55.986+0000] {processor.py:179} INFO - Processing /home/airflow/.local/lib/python3.8/site-packages/airflow/example_dags/example_complex.py took 0.073 seconds
[2023-10-21T05:39:26.094+0000] {processor.py:157} INFO - Started process (PID=3581) to work on /home/airflow/.local/lib/python3.8/site-packages/airflow/example_dags/example_complex.py
[2023-10-21T05:39:26.095+0000] {processor.py:829} INFO - Processing file /home/airflow/.local/lib/python3.8/site-packages/airflow/example_dags/example_complex.py for tasks to queue
[2023-10-21T05:39:26.095+0000] {logging_mixin.py:151} INFO - [2023-10-21T05:39:26.095+0000] {dagbag.py:536} INFO - Filling up the DagBag from /home/airflow/.local/lib/python3.8/site-packages/airflow/example_dags/example_complex.py
[2023-10-21T05:39:26.105+0000] {processor.py:839} INFO - DAG(s) dict_keys(['example_complex']) retrieved from /home/airflow/.local/lib/python3.8/site-packages/airflow/example_dags/example_complex.py
[2023-10-21T05:39:26.132+0000] {logging_mixin.py:151} INFO - [2023-10-21T05:39:26.132+0000] {dag.py:2941} INFO - Sync 1 DAGs
[2023-10-21T05:39:26.144+0000] {logging_mixin.py:151} INFO - [2023-10-21T05:39:26.144+0000] {dag.py:3722} INFO - Setting next_dagrun for example_complex to None, run_after=None
[2023-10-21T05:39:26.162+0000] {processor.py:179} INFO - Processing /home/airflow/.local/lib/python3.8/site-packages/airflow/example_dags/example_complex.py took 0.071 seconds
[2023-10-21T05:39:56.693+0000] {processor.py:157} INFO - Started process (PID=3819) to work on /home/airflow/.local/lib/python3.8/site-packages/airflow/example_dags/example_complex.py
[2023-10-21T05:39:56.694+0000] {processor.py:829} INFO - Processing file /home/airflow/.local/lib/python3.8/site-packages/airflow/example_dags/example_complex.py for tasks to queue
[2023-10-21T05:39:56.695+0000] {logging_mixin.py:151} INFO - [2023-10-21T05:39:56.694+0000] {dagbag.py:536} INFO - Filling up the DagBag from /home/airflow/.local/lib/python3.8/site-packages/airflow/example_dags/example_complex.py
[2023-10-21T05:39:56.707+0000] {processor.py:839} INFO - DAG(s) dict_keys(['example_complex']) retrieved from /home/airflow/.local/lib/python3.8/site-packages/airflow/example_dags/example_complex.py
[2023-10-21T05:39:56.742+0000] {logging_mixin.py:151} INFO - [2023-10-21T05:39:56.742+0000] {dag.py:2941} INFO - Sync 1 DAGs
[2023-10-21T05:39:56.756+0000] {logging_mixin.py:151} INFO - [2023-10-21T05:39:56.755+0000] {dag.py:3722} INFO - Setting next_dagrun for example_complex to None, run_after=None
[2023-10-21T05:39:56.778+0000] {processor.py:179} INFO - Processing /home/airflow/.local/lib/python3.8/site-packages/airflow/example_dags/example_complex.py took 0.088 seconds
[2023-10-21T05:40:26.946+0000] {processor.py:157} INFO - Started process (PID=4057) to work on /home/airflow/.local/lib/python3.8/site-packages/airflow/example_dags/example_complex.py
[2023-10-21T05:40:26.948+0000] {processor.py:829} INFO - Processing file /home/airflow/.local/lib/python3.8/site-packages/airflow/example_dags/example_complex.py for tasks to queue
[2023-10-21T05:40:26.948+0000] {logging_mixin.py:151} INFO - [2023-10-21T05:40:26.948+0000] {dagbag.py:536} INFO - Filling up the DagBag from /home/airflow/.local/lib/python3.8/site-packages/airflow/example_dags/example_complex.py
[2023-10-21T05:40:26.958+0000] {processor.py:839} INFO - DAG(s) dict_keys(['example_complex']) retrieved from /home/airflow/.local/lib/python3.8/site-packages/airflow/example_dags/example_complex.py
[2023-10-21T05:40:26.987+0000] {logging_mixin.py:151} INFO - [2023-10-21T05:40:26.987+0000] {dag.py:2941} INFO - Sync 1 DAGs
[2023-10-21T05:40:27.001+0000] {logging_mixin.py:151} INFO - [2023-10-21T05:40:27.000+0000] {dag.py:3722} INFO - Setting next_dagrun for example_complex to None, run_after=None
[2023-10-21T05:40:27.019+0000] {processor.py:179} INFO - Processing /home/airflow/.local/lib/python3.8/site-packages/airflow/example_dags/example_complex.py took 0.075 seconds
[2023-10-21T05:40:57.338+0000] {processor.py:157} INFO - Started process (PID=4296) to work on /home/airflow/.local/lib/python3.8/site-packages/airflow/example_dags/example_complex.py
[2023-10-21T05:40:57.338+0000] {processor.py:829} INFO - Processing file /home/airflow/.local/lib/python3.8/site-packages/airflow/example_dags/example_complex.py for tasks to queue
[2023-10-21T05:40:57.339+0000] {logging_mixin.py:151} INFO - [2023-10-21T05:40:57.338+0000] {dagbag.py:536} INFO - Filling up the DagBag from /home/airflow/.local/lib/python3.8/site-packages/airflow/example_dags/example_complex.py
[2023-10-21T05:40:57.347+0000] {processor.py:839} INFO - DAG(s) dict_keys(['example_complex']) retrieved from /home/airflow/.local/lib/python3.8/site-packages/airflow/example_dags/example_complex.py
[2023-10-21T05:40:57.373+0000] {logging_mixin.py:151} INFO - [2023-10-21T05:40:57.373+0000] {dag.py:2941} INFO - Sync 1 DAGs
[2023-10-21T05:40:57.383+0000] {logging_mixin.py:151} INFO - [2023-10-21T05:40:57.383+0000] {dag.py:3722} INFO - Setting next_dagrun for example_complex to None, run_after=None
[2023-10-21T05:40:57.400+0000] {processor.py:179} INFO - Processing /home/airflow/.local/lib/python3.8/site-packages/airflow/example_dags/example_complex.py took 0.064 seconds
