[2023-10-21T05:32:22.872+0000] {processor.py:157} INFO - Started process (PID=376) to work on /home/airflow/.local/lib/python3.8/site-packages/airflow/example_dags/example_datasets.py
[2023-10-21T05:32:22.872+0000] {processor.py:829} INFO - Processing file /home/airflow/.local/lib/python3.8/site-packages/airflow/example_dags/example_datasets.py for tasks to queue
[2023-10-21T05:32:22.873+0000] {logging_mixin.py:151} INFO - [2023-10-21T05:32:22.873+0000] {dagbag.py:536} INFO - Filling up the DagBag from /home/airflow/.local/lib/python3.8/site-packages/airflow/example_dags/example_datasets.py
[2023-10-21T05:32:22.885+0000] {processor.py:839} INFO - DAG(s) dict_keys(['dataset_produces_1', 'dataset_consumes_1', 'dataset_consumes_1_and_2', 'dataset_consumes_unknown_never_scheduled', 'dataset_consumes_1_never_scheduled', 'dataset_produces_2']) retrieved from /home/airflow/.local/lib/python3.8/site-packages/airflow/example_dags/example_datasets.py
[2023-10-21T05:32:22.900+0000] {logging_mixin.py:151} INFO - [2023-10-21T05:32:22.899+0000] {dag.py:2941} INFO - Sync 6 DAGs
[2023-10-21T05:32:22.925+0000] {logging_mixin.py:151} INFO - [2023-10-21T05:32:22.925+0000] {dag.py:3722} INFO - Setting next_dagrun for dataset_consumes_1 to None, run_after=None
[2023-10-21T05:32:22.929+0000] {logging_mixin.py:151} INFO - [2023-10-21T05:32:22.928+0000] {dag.py:3722} INFO - Setting next_dagrun for dataset_consumes_1_and_2 to None, run_after=None
[2023-10-21T05:32:22.930+0000] {logging_mixin.py:151} INFO - [2023-10-21T05:32:22.930+0000] {dag.py:3722} INFO - Setting next_dagrun for dataset_consumes_1_never_scheduled to None, run_after=None
[2023-10-21T05:32:22.931+0000] {logging_mixin.py:151} INFO - [2023-10-21T05:32:22.931+0000] {dag.py:3722} INFO - Setting next_dagrun for dataset_consumes_unknown_never_scheduled to None, run_after=None
[2023-10-21T05:32:22.935+0000] {logging_mixin.py:151} INFO - [2023-10-21T05:32:22.935+0000] {dag.py:3722} INFO - Setting next_dagrun for dataset_produces_1 to 2023-10-20T00:00:00+00:00, run_after=2023-10-21T00:00:00+00:00
[2023-10-21T05:32:22.938+0000] {logging_mixin.py:151} INFO - [2023-10-21T05:32:22.937+0000] {dag.py:3722} INFO - Setting next_dagrun for dataset_produces_2 to None, run_after=None
[2023-10-21T05:32:22.975+0000] {processor.py:179} INFO - Processing /home/airflow/.local/lib/python3.8/site-packages/airflow/example_dags/example_datasets.py took 0.106 seconds
[2023-10-21T05:32:53.295+0000] {processor.py:157} INFO - Started process (PID=614) to work on /home/airflow/.local/lib/python3.8/site-packages/airflow/example_dags/example_datasets.py
[2023-10-21T05:32:53.295+0000] {processor.py:829} INFO - Processing file /home/airflow/.local/lib/python3.8/site-packages/airflow/example_dags/example_datasets.py for tasks to queue
[2023-10-21T05:32:53.296+0000] {logging_mixin.py:151} INFO - [2023-10-21T05:32:53.296+0000] {dagbag.py:536} INFO - Filling up the DagBag from /home/airflow/.local/lib/python3.8/site-packages/airflow/example_dags/example_datasets.py
[2023-10-21T05:32:53.302+0000] {processor.py:839} INFO - DAG(s) dict_keys(['dataset_consumes_unknown_never_scheduled', 'dataset_consumes_1_never_scheduled', 'dataset_consumes_1', 'dataset_produces_1', 'dataset_consumes_1_and_2', 'dataset_produces_2']) retrieved from /home/airflow/.local/lib/python3.8/site-packages/airflow/example_dags/example_datasets.py
[2023-10-21T05:32:53.333+0000] {logging_mixin.py:151} INFO - [2023-10-21T05:32:53.332+0000] {dag.py:2941} INFO - Sync 6 DAGs
[2023-10-21T05:32:53.352+0000] {logging_mixin.py:151} INFO - [2023-10-21T05:32:53.352+0000] {dag.py:3722} INFO - Setting next_dagrun for dataset_consumes_1 to None, run_after=None
[2023-10-21T05:32:53.355+0000] {logging_mixin.py:151} INFO - [2023-10-21T05:32:53.355+0000] {dag.py:3722} INFO - Setting next_dagrun for dataset_consumes_1_and_2 to None, run_after=None
[2023-10-21T05:32:53.356+0000] {logging_mixin.py:151} INFO - [2023-10-21T05:32:53.356+0000] {dag.py:3722} INFO - Setting next_dagrun for dataset_consumes_1_never_scheduled to None, run_after=None
[2023-10-21T05:32:53.357+0000] {logging_mixin.py:151} INFO - [2023-10-21T05:32:53.357+0000] {dag.py:3722} INFO - Setting next_dagrun for dataset_consumes_unknown_never_scheduled to None, run_after=None
[2023-10-21T05:32:53.360+0000] {logging_mixin.py:151} INFO - [2023-10-21T05:32:53.360+0000] {dag.py:3722} INFO - Setting next_dagrun for dataset_produces_1 to 2023-10-20T00:00:00+00:00, run_after=2023-10-21T00:00:00+00:00
[2023-10-21T05:32:53.361+0000] {logging_mixin.py:151} INFO - [2023-10-21T05:32:53.361+0000] {dag.py:3722} INFO - Setting next_dagrun for dataset_produces_2 to None, run_after=None
[2023-10-21T05:32:53.389+0000] {processor.py:179} INFO - Processing /home/airflow/.local/lib/python3.8/site-packages/airflow/example_dags/example_datasets.py took 0.096 seconds
[2023-10-21T05:33:24.510+0000] {processor.py:157} INFO - Started process (PID=852) to work on /home/airflow/.local/lib/python3.8/site-packages/airflow/example_dags/example_datasets.py
[2023-10-21T05:33:24.511+0000] {processor.py:829} INFO - Processing file /home/airflow/.local/lib/python3.8/site-packages/airflow/example_dags/example_datasets.py for tasks to queue
[2023-10-21T05:33:24.512+0000] {logging_mixin.py:151} INFO - [2023-10-21T05:33:24.511+0000] {dagbag.py:536} INFO - Filling up the DagBag from /home/airflow/.local/lib/python3.8/site-packages/airflow/example_dags/example_datasets.py
[2023-10-21T05:33:24.527+0000] {processor.py:839} INFO - DAG(s) dict_keys(['dataset_produces_1', 'dataset_consumes_unknown_never_scheduled', 'dataset_consumes_1_and_2', 'dataset_produces_2', 'dataset_consumes_1_never_scheduled', 'dataset_consumes_1']) retrieved from /home/airflow/.local/lib/python3.8/site-packages/airflow/example_dags/example_datasets.py
[2023-10-21T05:33:24.598+0000] {logging_mixin.py:151} INFO - [2023-10-21T05:33:24.598+0000] {dag.py:2941} INFO - Sync 6 DAGs
[2023-10-21T05:33:24.637+0000] {logging_mixin.py:151} INFO - [2023-10-21T05:33:24.637+0000] {dag.py:3722} INFO - Setting next_dagrun for dataset_consumes_1 to None, run_after=None
[2023-10-21T05:33:24.643+0000] {logging_mixin.py:151} INFO - [2023-10-21T05:33:24.643+0000] {dag.py:3722} INFO - Setting next_dagrun for dataset_consumes_1_and_2 to None, run_after=None
[2023-10-21T05:33:24.645+0000] {logging_mixin.py:151} INFO - [2023-10-21T05:33:24.645+0000] {dag.py:3722} INFO - Setting next_dagrun for dataset_consumes_1_never_scheduled to None, run_after=None
[2023-10-21T05:33:24.648+0000] {logging_mixin.py:151} INFO - [2023-10-21T05:33:24.647+0000] {dag.py:3722} INFO - Setting next_dagrun for dataset_consumes_unknown_never_scheduled to None, run_after=None
[2023-10-21T05:33:24.655+0000] {logging_mixin.py:151} INFO - [2023-10-21T05:33:24.654+0000] {dag.py:3722} INFO - Setting next_dagrun for dataset_produces_1 to 2023-10-20T00:00:00+00:00, run_after=2023-10-21T00:00:00+00:00
[2023-10-21T05:33:24.658+0000] {logging_mixin.py:151} INFO - [2023-10-21T05:33:24.658+0000] {dag.py:3722} INFO - Setting next_dagrun for dataset_produces_2 to None, run_after=None
[2023-10-21T05:33:24.705+0000] {processor.py:179} INFO - Processing /home/airflow/.local/lib/python3.8/site-packages/airflow/example_dags/example_datasets.py took 0.199 seconds
[2023-10-21T05:33:54.734+0000] {processor.py:157} INFO - Started process (PID=1090) to work on /home/airflow/.local/lib/python3.8/site-packages/airflow/example_dags/example_datasets.py
[2023-10-21T05:33:54.734+0000] {processor.py:829} INFO - Processing file /home/airflow/.local/lib/python3.8/site-packages/airflow/example_dags/example_datasets.py for tasks to queue
[2023-10-21T05:33:54.735+0000] {logging_mixin.py:151} INFO - [2023-10-21T05:33:54.735+0000] {dagbag.py:536} INFO - Filling up the DagBag from /home/airflow/.local/lib/python3.8/site-packages/airflow/example_dags/example_datasets.py
[2023-10-21T05:33:54.742+0000] {processor.py:839} INFO - DAG(s) dict_keys(['dataset_produces_1', 'dataset_consumes_1_and_2', 'dataset_consumes_1', 'dataset_produces_2', 'dataset_consumes_unknown_never_scheduled', 'dataset_consumes_1_never_scheduled']) retrieved from /home/airflow/.local/lib/python3.8/site-packages/airflow/example_dags/example_datasets.py
[2023-10-21T05:33:54.772+0000] {logging_mixin.py:151} INFO - [2023-10-21T05:33:54.772+0000] {dag.py:2941} INFO - Sync 6 DAGs
[2023-10-21T05:33:54.793+0000] {logging_mixin.py:151} INFO - [2023-10-21T05:33:54.793+0000] {dag.py:3722} INFO - Setting next_dagrun for dataset_consumes_1 to None, run_after=None
[2023-10-21T05:33:54.796+0000] {logging_mixin.py:151} INFO - [2023-10-21T05:33:54.796+0000] {dag.py:3722} INFO - Setting next_dagrun for dataset_consumes_1_and_2 to None, run_after=None
[2023-10-21T05:33:54.797+0000] {logging_mixin.py:151} INFO - [2023-10-21T05:33:54.797+0000] {dag.py:3722} INFO - Setting next_dagrun for dataset_consumes_1_never_scheduled to None, run_after=None
[2023-10-21T05:33:54.798+0000] {logging_mixin.py:151} INFO - [2023-10-21T05:33:54.798+0000] {dag.py:3722} INFO - Setting next_dagrun for dataset_consumes_unknown_never_scheduled to None, run_after=None
[2023-10-21T05:33:54.801+0000] {logging_mixin.py:151} INFO - [2023-10-21T05:33:54.800+0000] {dag.py:3722} INFO - Setting next_dagrun for dataset_produces_1 to 2023-10-20T00:00:00+00:00, run_after=2023-10-21T00:00:00+00:00
[2023-10-21T05:33:54.802+0000] {logging_mixin.py:151} INFO - [2023-10-21T05:33:54.802+0000] {dag.py:3722} INFO - Setting next_dagrun for dataset_produces_2 to None, run_after=None
[2023-10-21T05:33:54.829+0000] {processor.py:179} INFO - Processing /home/airflow/.local/lib/python3.8/site-packages/airflow/example_dags/example_datasets.py took 0.098 seconds
[2023-10-21T05:34:25.990+0000] {processor.py:157} INFO - Started process (PID=1330) to work on /home/airflow/.local/lib/python3.8/site-packages/airflow/example_dags/example_datasets.py
[2023-10-21T05:34:25.992+0000] {processor.py:829} INFO - Processing file /home/airflow/.local/lib/python3.8/site-packages/airflow/example_dags/example_datasets.py for tasks to queue
[2023-10-21T05:34:25.993+0000] {logging_mixin.py:151} INFO - [2023-10-21T05:34:25.992+0000] {dagbag.py:536} INFO - Filling up the DagBag from /home/airflow/.local/lib/python3.8/site-packages/airflow/example_dags/example_datasets.py
[2023-10-21T05:34:26.001+0000] {processor.py:839} INFO - DAG(s) dict_keys(['dataset_consumes_1_and_2', 'dataset_produces_1', 'dataset_produces_2', 'dataset_consumes_1', 'dataset_consumes_1_never_scheduled', 'dataset_consumes_unknown_never_scheduled']) retrieved from /home/airflow/.local/lib/python3.8/site-packages/airflow/example_dags/example_datasets.py
[2023-10-21T05:34:26.036+0000] {logging_mixin.py:151} INFO - [2023-10-21T05:34:26.036+0000] {dag.py:2941} INFO - Sync 6 DAGs
[2023-10-21T05:34:26.058+0000] {logging_mixin.py:151} INFO - [2023-10-21T05:34:26.058+0000] {dag.py:3722} INFO - Setting next_dagrun for dataset_consumes_1 to None, run_after=None
[2023-10-21T05:34:26.063+0000] {logging_mixin.py:151} INFO - [2023-10-21T05:34:26.063+0000] {dag.py:3722} INFO - Setting next_dagrun for dataset_consumes_1_and_2 to None, run_after=None
[2023-10-21T05:34:26.065+0000] {logging_mixin.py:151} INFO - [2023-10-21T05:34:26.065+0000] {dag.py:3722} INFO - Setting next_dagrun for dataset_consumes_1_never_scheduled to None, run_after=None
[2023-10-21T05:34:26.066+0000] {logging_mixin.py:151} INFO - [2023-10-21T05:34:26.066+0000] {dag.py:3722} INFO - Setting next_dagrun for dataset_consumes_unknown_never_scheduled to None, run_after=None
[2023-10-21T05:34:26.069+0000] {logging_mixin.py:151} INFO - [2023-10-21T05:34:26.069+0000] {dag.py:3722} INFO - Setting next_dagrun for dataset_produces_1 to 2023-10-20T00:00:00+00:00, run_after=2023-10-21T00:00:00+00:00
[2023-10-21T05:34:26.071+0000] {logging_mixin.py:151} INFO - [2023-10-21T05:34:26.070+0000] {dag.py:3722} INFO - Setting next_dagrun for dataset_produces_2 to None, run_after=None
[2023-10-21T05:34:26.110+0000] {processor.py:179} INFO - Processing /home/airflow/.local/lib/python3.8/site-packages/airflow/example_dags/example_datasets.py took 0.122 seconds
[2023-10-21T05:34:56.189+0000] {processor.py:157} INFO - Started process (PID=1568) to work on /home/airflow/.local/lib/python3.8/site-packages/airflow/example_dags/example_datasets.py
[2023-10-21T05:34:56.189+0000] {processor.py:829} INFO - Processing file /home/airflow/.local/lib/python3.8/site-packages/airflow/example_dags/example_datasets.py for tasks to queue
[2023-10-21T05:34:56.190+0000] {logging_mixin.py:151} INFO - [2023-10-21T05:34:56.190+0000] {dagbag.py:536} INFO - Filling up the DagBag from /home/airflow/.local/lib/python3.8/site-packages/airflow/example_dags/example_datasets.py
[2023-10-21T05:34:56.197+0000] {processor.py:839} INFO - DAG(s) dict_keys(['dataset_consumes_unknown_never_scheduled', 'dataset_produces_2', 'dataset_consumes_1', 'dataset_consumes_1_never_scheduled', 'dataset_produces_1', 'dataset_consumes_1_and_2']) retrieved from /home/airflow/.local/lib/python3.8/site-packages/airflow/example_dags/example_datasets.py
[2023-10-21T05:34:56.230+0000] {logging_mixin.py:151} INFO - [2023-10-21T05:34:56.230+0000] {dag.py:2941} INFO - Sync 6 DAGs
[2023-10-21T05:34:56.249+0000] {logging_mixin.py:151} INFO - [2023-10-21T05:34:56.249+0000] {dag.py:3722} INFO - Setting next_dagrun for dataset_consumes_1 to None, run_after=None
[2023-10-21T05:34:56.253+0000] {logging_mixin.py:151} INFO - [2023-10-21T05:34:56.252+0000] {dag.py:3722} INFO - Setting next_dagrun for dataset_consumes_1_and_2 to None, run_after=None
[2023-10-21T05:34:56.254+0000] {logging_mixin.py:151} INFO - [2023-10-21T05:34:56.254+0000] {dag.py:3722} INFO - Setting next_dagrun for dataset_consumes_1_never_scheduled to None, run_after=None
[2023-10-21T05:34:56.255+0000] {logging_mixin.py:151} INFO - [2023-10-21T05:34:56.255+0000] {dag.py:3722} INFO - Setting next_dagrun for dataset_consumes_unknown_never_scheduled to None, run_after=None
[2023-10-21T05:34:56.258+0000] {logging_mixin.py:151} INFO - [2023-10-21T05:34:56.258+0000] {dag.py:3722} INFO - Setting next_dagrun for dataset_produces_1 to 2023-10-20T00:00:00+00:00, run_after=2023-10-21T00:00:00+00:00
[2023-10-21T05:34:56.259+0000] {logging_mixin.py:151} INFO - [2023-10-21T05:34:56.259+0000] {dag.py:3722} INFO - Setting next_dagrun for dataset_produces_2 to None, run_after=None
[2023-10-21T05:34:56.292+0000] {processor.py:179} INFO - Processing /home/airflow/.local/lib/python3.8/site-packages/airflow/example_dags/example_datasets.py took 0.105 seconds
[2023-10-21T05:35:26.715+0000] {processor.py:157} INFO - Started process (PID=1804) to work on /home/airflow/.local/lib/python3.8/site-packages/airflow/example_dags/example_datasets.py
[2023-10-21T05:35:26.716+0000] {processor.py:829} INFO - Processing file /home/airflow/.local/lib/python3.8/site-packages/airflow/example_dags/example_datasets.py for tasks to queue
[2023-10-21T05:35:26.717+0000] {logging_mixin.py:151} INFO - [2023-10-21T05:35:26.717+0000] {dagbag.py:536} INFO - Filling up the DagBag from /home/airflow/.local/lib/python3.8/site-packages/airflow/example_dags/example_datasets.py
[2023-10-21T05:35:26.725+0000] {processor.py:839} INFO - DAG(s) dict_keys(['dataset_consumes_unknown_never_scheduled', 'dataset_consumes_1', 'dataset_consumes_1_and_2', 'dataset_produces_2', 'dataset_produces_1', 'dataset_consumes_1_never_scheduled']) retrieved from /home/airflow/.local/lib/python3.8/site-packages/airflow/example_dags/example_datasets.py
[2023-10-21T05:35:26.764+0000] {logging_mixin.py:151} INFO - [2023-10-21T05:35:26.764+0000] {dag.py:2941} INFO - Sync 6 DAGs
[2023-10-21T05:35:26.806+0000] {logging_mixin.py:151} INFO - [2023-10-21T05:35:26.806+0000] {dag.py:3722} INFO - Setting next_dagrun for dataset_consumes_1 to None, run_after=None
[2023-10-21T05:35:26.814+0000] {logging_mixin.py:151} INFO - [2023-10-21T05:35:26.814+0000] {dag.py:3722} INFO - Setting next_dagrun for dataset_consumes_1_and_2 to None, run_after=None
[2023-10-21T05:35:26.816+0000] {logging_mixin.py:151} INFO - [2023-10-21T05:35:26.816+0000] {dag.py:3722} INFO - Setting next_dagrun for dataset_consumes_1_never_scheduled to None, run_after=None
[2023-10-21T05:35:26.818+0000] {logging_mixin.py:151} INFO - [2023-10-21T05:35:26.818+0000] {dag.py:3722} INFO - Setting next_dagrun for dataset_consumes_unknown_never_scheduled to None, run_after=None
[2023-10-21T05:35:26.822+0000] {logging_mixin.py:151} INFO - [2023-10-21T05:35:26.822+0000] {dag.py:3722} INFO - Setting next_dagrun for dataset_produces_1 to 2023-10-20T00:00:00+00:00, run_after=2023-10-21T00:00:00+00:00
[2023-10-21T05:35:26.824+0000] {logging_mixin.py:151} INFO - [2023-10-21T05:35:26.823+0000] {dag.py:3722} INFO - Setting next_dagrun for dataset_produces_2 to None, run_after=None
[2023-10-21T05:35:26.865+0000] {processor.py:179} INFO - Processing /home/airflow/.local/lib/python3.8/site-packages/airflow/example_dags/example_datasets.py took 0.152 seconds
[2023-10-21T05:35:56.904+0000] {processor.py:157} INFO - Started process (PID=2052) to work on /home/airflow/.local/lib/python3.8/site-packages/airflow/example_dags/example_datasets.py
[2023-10-21T05:35:56.904+0000] {processor.py:829} INFO - Processing file /home/airflow/.local/lib/python3.8/site-packages/airflow/example_dags/example_datasets.py for tasks to queue
[2023-10-21T05:35:56.905+0000] {logging_mixin.py:151} INFO - [2023-10-21T05:35:56.905+0000] {dagbag.py:536} INFO - Filling up the DagBag from /home/airflow/.local/lib/python3.8/site-packages/airflow/example_dags/example_datasets.py
[2023-10-21T05:35:56.912+0000] {processor.py:839} INFO - DAG(s) dict_keys(['dataset_produces_2', 'dataset_produces_1', 'dataset_consumes_1', 'dataset_consumes_unknown_never_scheduled', 'dataset_consumes_1_never_scheduled', 'dataset_consumes_1_and_2']) retrieved from /home/airflow/.local/lib/python3.8/site-packages/airflow/example_dags/example_datasets.py
[2023-10-21T05:35:56.946+0000] {logging_mixin.py:151} INFO - [2023-10-21T05:35:56.946+0000] {dag.py:2941} INFO - Sync 6 DAGs
[2023-10-21T05:35:56.967+0000] {logging_mixin.py:151} INFO - [2023-10-21T05:35:56.967+0000] {dag.py:3722} INFO - Setting next_dagrun for dataset_consumes_1 to None, run_after=None
[2023-10-21T05:35:56.971+0000] {logging_mixin.py:151} INFO - [2023-10-21T05:35:56.970+0000] {dag.py:3722} INFO - Setting next_dagrun for dataset_consumes_1_and_2 to None, run_after=None
[2023-10-21T05:35:56.972+0000] {logging_mixin.py:151} INFO - [2023-10-21T05:35:56.972+0000] {dag.py:3722} INFO - Setting next_dagrun for dataset_consumes_1_never_scheduled to None, run_after=None
[2023-10-21T05:35:56.973+0000] {logging_mixin.py:151} INFO - [2023-10-21T05:35:56.973+0000] {dag.py:3722} INFO - Setting next_dagrun for dataset_consumes_unknown_never_scheduled to None, run_after=None
[2023-10-21T05:35:56.976+0000] {logging_mixin.py:151} INFO - [2023-10-21T05:35:56.976+0000] {dag.py:3722} INFO - Setting next_dagrun for dataset_produces_1 to 2023-10-20T00:00:00+00:00, run_after=2023-10-21T00:00:00+00:00
[2023-10-21T05:35:56.977+0000] {logging_mixin.py:151} INFO - [2023-10-21T05:35:56.977+0000] {dag.py:3722} INFO - Setting next_dagrun for dataset_produces_2 to None, run_after=None
[2023-10-21T05:35:57.006+0000] {processor.py:179} INFO - Processing /home/airflow/.local/lib/python3.8/site-packages/airflow/example_dags/example_datasets.py took 0.105 seconds
[2023-10-21T05:36:27.198+0000] {processor.py:157} INFO - Started process (PID=2343) to work on /home/airflow/.local/lib/python3.8/site-packages/airflow/example_dags/example_datasets.py
[2023-10-21T05:36:27.199+0000] {processor.py:829} INFO - Processing file /home/airflow/.local/lib/python3.8/site-packages/airflow/example_dags/example_datasets.py for tasks to queue
[2023-10-21T05:36:27.199+0000] {logging_mixin.py:151} INFO - [2023-10-21T05:36:27.199+0000] {dagbag.py:536} INFO - Filling up the DagBag from /home/airflow/.local/lib/python3.8/site-packages/airflow/example_dags/example_datasets.py
[2023-10-21T05:36:27.208+0000] {processor.py:839} INFO - DAG(s) dict_keys(['dataset_consumes_unknown_never_scheduled', 'dataset_consumes_1', 'dataset_produces_2', 'dataset_consumes_1_never_scheduled', 'dataset_produces_1', 'dataset_consumes_1_and_2']) retrieved from /home/airflow/.local/lib/python3.8/site-packages/airflow/example_dags/example_datasets.py
[2023-10-21T05:36:27.239+0000] {logging_mixin.py:151} INFO - [2023-10-21T05:36:27.239+0000] {dag.py:2941} INFO - Sync 6 DAGs
[2023-10-21T05:36:27.262+0000] {logging_mixin.py:151} INFO - [2023-10-21T05:36:27.261+0000] {dag.py:3722} INFO - Setting next_dagrun for dataset_consumes_1 to None, run_after=None
[2023-10-21T05:36:27.265+0000] {logging_mixin.py:151} INFO - [2023-10-21T05:36:27.265+0000] {dag.py:3722} INFO - Setting next_dagrun for dataset_consumes_1_and_2 to None, run_after=None
[2023-10-21T05:36:27.267+0000] {logging_mixin.py:151} INFO - [2023-10-21T05:36:27.266+0000] {dag.py:3722} INFO - Setting next_dagrun for dataset_consumes_1_never_scheduled to None, run_after=None
[2023-10-21T05:36:27.268+0000] {logging_mixin.py:151} INFO - [2023-10-21T05:36:27.268+0000] {dag.py:3722} INFO - Setting next_dagrun for dataset_consumes_unknown_never_scheduled to None, run_after=None
[2023-10-21T05:36:27.270+0000] {logging_mixin.py:151} INFO - [2023-10-21T05:36:27.270+0000] {dag.py:3722} INFO - Setting next_dagrun for dataset_produces_1 to 2023-10-20T00:00:00+00:00, run_after=2023-10-21T00:00:00+00:00
[2023-10-21T05:36:27.271+0000] {logging_mixin.py:151} INFO - [2023-10-21T05:36:27.271+0000] {dag.py:3722} INFO - Setting next_dagrun for dataset_produces_2 to None, run_after=None
[2023-10-21T05:36:27.301+0000] {processor.py:179} INFO - Processing /home/airflow/.local/lib/python3.8/site-packages/airflow/example_dags/example_datasets.py took 0.104 seconds
[2023-10-21T05:36:57.426+0000] {processor.py:157} INFO - Started process (PID=2566) to work on /home/airflow/.local/lib/python3.8/site-packages/airflow/example_dags/example_datasets.py
[2023-10-21T05:36:57.426+0000] {processor.py:829} INFO - Processing file /home/airflow/.local/lib/python3.8/site-packages/airflow/example_dags/example_datasets.py for tasks to queue
[2023-10-21T05:36:57.427+0000] {logging_mixin.py:151} INFO - [2023-10-21T05:36:57.427+0000] {dagbag.py:536} INFO - Filling up the DagBag from /home/airflow/.local/lib/python3.8/site-packages/airflow/example_dags/example_datasets.py
[2023-10-21T05:36:57.434+0000] {processor.py:839} INFO - DAG(s) dict_keys(['dataset_produces_2', 'dataset_consumes_1_never_scheduled', 'dataset_consumes_1', 'dataset_consumes_unknown_never_scheduled', 'dataset_consumes_1_and_2', 'dataset_produces_1']) retrieved from /home/airflow/.local/lib/python3.8/site-packages/airflow/example_dags/example_datasets.py
[2023-10-21T05:36:57.464+0000] {logging_mixin.py:151} INFO - [2023-10-21T05:36:57.464+0000] {dag.py:2941} INFO - Sync 6 DAGs
[2023-10-21T05:36:57.485+0000] {logging_mixin.py:151} INFO - [2023-10-21T05:36:57.485+0000] {dag.py:3722} INFO - Setting next_dagrun for dataset_consumes_1 to None, run_after=None
[2023-10-21T05:36:57.488+0000] {logging_mixin.py:151} INFO - [2023-10-21T05:36:57.488+0000] {dag.py:3722} INFO - Setting next_dagrun for dataset_consumes_1_and_2 to None, run_after=None
[2023-10-21T05:36:57.489+0000] {logging_mixin.py:151} INFO - [2023-10-21T05:36:57.489+0000] {dag.py:3722} INFO - Setting next_dagrun for dataset_consumes_1_never_scheduled to None, run_after=None
[2023-10-21T05:36:57.490+0000] {logging_mixin.py:151} INFO - [2023-10-21T05:36:57.489+0000] {dag.py:3722} INFO - Setting next_dagrun for dataset_consumes_unknown_never_scheduled to None, run_after=None
[2023-10-21T05:36:57.492+0000] {logging_mixin.py:151} INFO - [2023-10-21T05:36:57.492+0000] {dag.py:3722} INFO - Setting next_dagrun for dataset_produces_1 to 2023-10-20T00:00:00+00:00, run_after=2023-10-21T00:00:00+00:00
[2023-10-21T05:36:57.493+0000] {logging_mixin.py:151} INFO - [2023-10-21T05:36:57.493+0000] {dag.py:3722} INFO - Setting next_dagrun for dataset_produces_2 to None, run_after=None
[2023-10-21T05:36:57.520+0000] {processor.py:179} INFO - Processing /home/airflow/.local/lib/python3.8/site-packages/airflow/example_dags/example_datasets.py took 0.096 seconds
[2023-10-21T05:37:27.656+0000] {processor.py:157} INFO - Started process (PID=2804) to work on /home/airflow/.local/lib/python3.8/site-packages/airflow/example_dags/example_datasets.py
[2023-10-21T05:37:27.657+0000] {processor.py:829} INFO - Processing file /home/airflow/.local/lib/python3.8/site-packages/airflow/example_dags/example_datasets.py for tasks to queue
[2023-10-21T05:37:27.657+0000] {logging_mixin.py:151} INFO - [2023-10-21T05:37:27.657+0000] {dagbag.py:536} INFO - Filling up the DagBag from /home/airflow/.local/lib/python3.8/site-packages/airflow/example_dags/example_datasets.py
[2023-10-21T05:37:27.664+0000] {processor.py:839} INFO - DAG(s) dict_keys(['dataset_consumes_1_never_scheduled', 'dataset_consumes_unknown_never_scheduled', 'dataset_consumes_1_and_2', 'dataset_consumes_1', 'dataset_produces_1', 'dataset_produces_2']) retrieved from /home/airflow/.local/lib/python3.8/site-packages/airflow/example_dags/example_datasets.py
[2023-10-21T05:37:27.693+0000] {logging_mixin.py:151} INFO - [2023-10-21T05:37:27.692+0000] {dag.py:2941} INFO - Sync 6 DAGs
[2023-10-21T05:37:27.712+0000] {logging_mixin.py:151} INFO - [2023-10-21T05:37:27.712+0000] {dag.py:3722} INFO - Setting next_dagrun for dataset_consumes_1 to None, run_after=None
[2023-10-21T05:37:27.715+0000] {logging_mixin.py:151} INFO - [2023-10-21T05:37:27.715+0000] {dag.py:3722} INFO - Setting next_dagrun for dataset_consumes_1_and_2 to None, run_after=None
[2023-10-21T05:37:27.716+0000] {logging_mixin.py:151} INFO - [2023-10-21T05:37:27.716+0000] {dag.py:3722} INFO - Setting next_dagrun for dataset_consumes_1_never_scheduled to None, run_after=None
[2023-10-21T05:37:27.717+0000] {logging_mixin.py:151} INFO - [2023-10-21T05:37:27.717+0000] {dag.py:3722} INFO - Setting next_dagrun for dataset_consumes_unknown_never_scheduled to None, run_after=None
[2023-10-21T05:37:27.720+0000] {logging_mixin.py:151} INFO - [2023-10-21T05:37:27.719+0000] {dag.py:3722} INFO - Setting next_dagrun for dataset_produces_1 to 2023-10-20T00:00:00+00:00, run_after=2023-10-21T00:00:00+00:00
[2023-10-21T05:37:27.721+0000] {logging_mixin.py:151} INFO - [2023-10-21T05:37:27.721+0000] {dag.py:3722} INFO - Setting next_dagrun for dataset_produces_2 to None, run_after=None
[2023-10-21T05:37:27.750+0000] {processor.py:179} INFO - Processing /home/airflow/.local/lib/python3.8/site-packages/airflow/example_dags/example_datasets.py took 0.096 seconds
[2023-10-21T05:37:58.193+0000] {processor.py:157} INFO - Started process (PID=3042) to work on /home/airflow/.local/lib/python3.8/site-packages/airflow/example_dags/example_datasets.py
[2023-10-21T05:37:58.194+0000] {processor.py:829} INFO - Processing file /home/airflow/.local/lib/python3.8/site-packages/airflow/example_dags/example_datasets.py for tasks to queue
[2023-10-21T05:37:58.195+0000] {logging_mixin.py:151} INFO - [2023-10-21T05:37:58.195+0000] {dagbag.py:536} INFO - Filling up the DagBag from /home/airflow/.local/lib/python3.8/site-packages/airflow/example_dags/example_datasets.py
[2023-10-21T05:37:58.206+0000] {processor.py:839} INFO - DAG(s) dict_keys(['dataset_consumes_1_and_2', 'dataset_consumes_unknown_never_scheduled', 'dataset_consumes_1_never_scheduled', 'dataset_produces_2', 'dataset_produces_1', 'dataset_consumes_1']) retrieved from /home/airflow/.local/lib/python3.8/site-packages/airflow/example_dags/example_datasets.py
[2023-10-21T05:37:58.246+0000] {logging_mixin.py:151} INFO - [2023-10-21T05:37:58.246+0000] {dag.py:2941} INFO - Sync 6 DAGs
[2023-10-21T05:37:58.271+0000] {logging_mixin.py:151} INFO - [2023-10-21T05:37:58.271+0000] {dag.py:3722} INFO - Setting next_dagrun for dataset_consumes_1 to None, run_after=None
[2023-10-21T05:37:58.275+0000] {logging_mixin.py:151} INFO - [2023-10-21T05:37:58.275+0000] {dag.py:3722} INFO - Setting next_dagrun for dataset_consumes_1_and_2 to None, run_after=None
[2023-10-21T05:37:58.277+0000] {logging_mixin.py:151} INFO - [2023-10-21T05:37:58.277+0000] {dag.py:3722} INFO - Setting next_dagrun for dataset_consumes_1_never_scheduled to None, run_after=None
[2023-10-21T05:37:58.279+0000] {logging_mixin.py:151} INFO - [2023-10-21T05:37:58.278+0000] {dag.py:3722} INFO - Setting next_dagrun for dataset_consumes_unknown_never_scheduled to None, run_after=None
[2023-10-21T05:37:58.283+0000] {logging_mixin.py:151} INFO - [2023-10-21T05:37:58.283+0000] {dag.py:3722} INFO - Setting next_dagrun for dataset_produces_1 to 2023-10-20T00:00:00+00:00, run_after=2023-10-21T00:00:00+00:00
[2023-10-21T05:37:58.284+0000] {logging_mixin.py:151} INFO - [2023-10-21T05:37:58.284+0000] {dag.py:3722} INFO - Setting next_dagrun for dataset_produces_2 to None, run_after=None
[2023-10-21T05:37:58.321+0000] {processor.py:179} INFO - Processing /home/airflow/.local/lib/python3.8/site-packages/airflow/example_dags/example_datasets.py took 0.131 seconds
[2023-10-21T05:38:28.745+0000] {processor.py:157} INFO - Started process (PID=3280) to work on /home/airflow/.local/lib/python3.8/site-packages/airflow/example_dags/example_datasets.py
[2023-10-21T05:38:28.746+0000] {processor.py:829} INFO - Processing file /home/airflow/.local/lib/python3.8/site-packages/airflow/example_dags/example_datasets.py for tasks to queue
[2023-10-21T05:38:28.746+0000] {logging_mixin.py:151} INFO - [2023-10-21T05:38:28.746+0000] {dagbag.py:536} INFO - Filling up the DagBag from /home/airflow/.local/lib/python3.8/site-packages/airflow/example_dags/example_datasets.py
[2023-10-21T05:38:28.756+0000] {processor.py:839} INFO - DAG(s) dict_keys(['dataset_produces_2', 'dataset_consumes_unknown_never_scheduled', 'dataset_consumes_1', 'dataset_consumes_1_never_scheduled', 'dataset_produces_1', 'dataset_consumes_1_and_2']) retrieved from /home/airflow/.local/lib/python3.8/site-packages/airflow/example_dags/example_datasets.py
[2023-10-21T05:38:28.798+0000] {logging_mixin.py:151} INFO - [2023-10-21T05:38:28.798+0000] {dag.py:2941} INFO - Sync 6 DAGs
[2023-10-21T05:38:28.824+0000] {logging_mixin.py:151} INFO - [2023-10-21T05:38:28.824+0000] {dag.py:3722} INFO - Setting next_dagrun for dataset_consumes_1 to None, run_after=None
[2023-10-21T05:38:28.830+0000] {logging_mixin.py:151} INFO - [2023-10-21T05:38:28.829+0000] {dag.py:3722} INFO - Setting next_dagrun for dataset_consumes_1_and_2 to None, run_after=None
[2023-10-21T05:38:28.831+0000] {logging_mixin.py:151} INFO - [2023-10-21T05:38:28.831+0000] {dag.py:3722} INFO - Setting next_dagrun for dataset_consumes_1_never_scheduled to None, run_after=None
[2023-10-21T05:38:28.833+0000] {logging_mixin.py:151} INFO - [2023-10-21T05:38:28.833+0000] {dag.py:3722} INFO - Setting next_dagrun for dataset_consumes_unknown_never_scheduled to None, run_after=None
[2023-10-21T05:38:28.836+0000] {logging_mixin.py:151} INFO - [2023-10-21T05:38:28.836+0000] {dag.py:3722} INFO - Setting next_dagrun for dataset_produces_1 to 2023-10-20T00:00:00+00:00, run_after=2023-10-21T00:00:00+00:00
[2023-10-21T05:38:28.838+0000] {logging_mixin.py:151} INFO - [2023-10-21T05:38:28.838+0000] {dag.py:3722} INFO - Setting next_dagrun for dataset_produces_2 to None, run_after=None
[2023-10-21T05:38:28.881+0000] {processor.py:179} INFO - Processing /home/airflow/.local/lib/python3.8/site-packages/airflow/example_dags/example_datasets.py took 0.139 seconds
[2023-10-21T05:38:58.973+0000] {processor.py:157} INFO - Started process (PID=3525) to work on /home/airflow/.local/lib/python3.8/site-packages/airflow/example_dags/example_datasets.py
[2023-10-21T05:38:58.974+0000] {processor.py:829} INFO - Processing file /home/airflow/.local/lib/python3.8/site-packages/airflow/example_dags/example_datasets.py for tasks to queue
[2023-10-21T05:38:58.975+0000] {logging_mixin.py:151} INFO - [2023-10-21T05:38:58.975+0000] {dagbag.py:536} INFO - Filling up the DagBag from /home/airflow/.local/lib/python3.8/site-packages/airflow/example_dags/example_datasets.py
[2023-10-21T05:38:58.986+0000] {processor.py:839} INFO - DAG(s) dict_keys(['dataset_consumes_1_and_2', 'dataset_produces_1', 'dataset_consumes_1', 'dataset_consumes_1_never_scheduled', 'dataset_consumes_unknown_never_scheduled', 'dataset_produces_2']) retrieved from /home/airflow/.local/lib/python3.8/site-packages/airflow/example_dags/example_datasets.py
[2023-10-21T05:38:59.023+0000] {logging_mixin.py:151} INFO - [2023-10-21T05:38:59.023+0000] {dag.py:2941} INFO - Sync 6 DAGs
[2023-10-21T05:38:59.046+0000] {logging_mixin.py:151} INFO - [2023-10-21T05:38:59.046+0000] {dag.py:3722} INFO - Setting next_dagrun for dataset_consumes_1 to None, run_after=None
[2023-10-21T05:38:59.049+0000] {logging_mixin.py:151} INFO - [2023-10-21T05:38:59.049+0000] {dag.py:3722} INFO - Setting next_dagrun for dataset_consumes_1_and_2 to None, run_after=None
[2023-10-21T05:38:59.051+0000] {logging_mixin.py:151} INFO - [2023-10-21T05:38:59.051+0000] {dag.py:3722} INFO - Setting next_dagrun for dataset_consumes_1_never_scheduled to None, run_after=None
[2023-10-21T05:38:59.052+0000] {logging_mixin.py:151} INFO - [2023-10-21T05:38:59.052+0000] {dag.py:3722} INFO - Setting next_dagrun for dataset_consumes_unknown_never_scheduled to None, run_after=None
[2023-10-21T05:38:59.054+0000] {logging_mixin.py:151} INFO - [2023-10-21T05:38:59.054+0000] {dag.py:3722} INFO - Setting next_dagrun for dataset_produces_1 to 2023-10-20T00:00:00+00:00, run_after=2023-10-21T00:00:00+00:00
[2023-10-21T05:38:59.055+0000] {logging_mixin.py:151} INFO - [2023-10-21T05:38:59.055+0000] {dag.py:3722} INFO - Setting next_dagrun for dataset_produces_2 to None, run_after=None
[2023-10-21T05:38:59.085+0000] {processor.py:179} INFO - Processing /home/airflow/.local/lib/python3.8/site-packages/airflow/example_dags/example_datasets.py took 0.115 seconds
[2023-10-21T05:39:29.175+0000] {processor.py:157} INFO - Started process (PID=3763) to work on /home/airflow/.local/lib/python3.8/site-packages/airflow/example_dags/example_datasets.py
[2023-10-21T05:39:29.176+0000] {processor.py:829} INFO - Processing file /home/airflow/.local/lib/python3.8/site-packages/airflow/example_dags/example_datasets.py for tasks to queue
[2023-10-21T05:39:29.177+0000] {logging_mixin.py:151} INFO - [2023-10-21T05:39:29.176+0000] {dagbag.py:536} INFO - Filling up the DagBag from /home/airflow/.local/lib/python3.8/site-packages/airflow/example_dags/example_datasets.py
[2023-10-21T05:39:29.185+0000] {processor.py:839} INFO - DAG(s) dict_keys(['dataset_consumes_unknown_never_scheduled', 'dataset_produces_1', 'dataset_consumes_1_never_scheduled', 'dataset_consumes_1_and_2', 'dataset_produces_2', 'dataset_consumes_1']) retrieved from /home/airflow/.local/lib/python3.8/site-packages/airflow/example_dags/example_datasets.py
[2023-10-21T05:39:29.224+0000] {logging_mixin.py:151} INFO - [2023-10-21T05:39:29.224+0000] {dag.py:2941} INFO - Sync 6 DAGs
[2023-10-21T05:39:29.247+0000] {logging_mixin.py:151} INFO - [2023-10-21T05:39:29.246+0000] {dag.py:3722} INFO - Setting next_dagrun for dataset_consumes_1 to None, run_after=None
[2023-10-21T05:39:29.250+0000] {logging_mixin.py:151} INFO - [2023-10-21T05:39:29.249+0000] {dag.py:3722} INFO - Setting next_dagrun for dataset_consumes_1_and_2 to None, run_after=None
[2023-10-21T05:39:29.250+0000] {logging_mixin.py:151} INFO - [2023-10-21T05:39:29.250+0000] {dag.py:3722} INFO - Setting next_dagrun for dataset_consumes_1_never_scheduled to None, run_after=None
[2023-10-21T05:39:29.251+0000] {logging_mixin.py:151} INFO - [2023-10-21T05:39:29.251+0000] {dag.py:3722} INFO - Setting next_dagrun for dataset_consumes_unknown_never_scheduled to None, run_after=None
[2023-10-21T05:39:29.255+0000] {logging_mixin.py:151} INFO - [2023-10-21T05:39:29.255+0000] {dag.py:3722} INFO - Setting next_dagrun for dataset_produces_1 to 2023-10-20T00:00:00+00:00, run_after=2023-10-21T00:00:00+00:00
[2023-10-21T05:39:29.256+0000] {logging_mixin.py:151} INFO - [2023-10-21T05:39:29.256+0000] {dag.py:3722} INFO - Setting next_dagrun for dataset_produces_2 to None, run_after=None
[2023-10-21T05:39:29.288+0000] {processor.py:179} INFO - Processing /home/airflow/.local/lib/python3.8/site-packages/airflow/example_dags/example_datasets.py took 0.116 seconds
[2023-10-21T05:39:59.938+0000] {processor.py:157} INFO - Started process (PID=3994) to work on /home/airflow/.local/lib/python3.8/site-packages/airflow/example_dags/example_datasets.py
[2023-10-21T05:39:59.939+0000] {processor.py:829} INFO - Processing file /home/airflow/.local/lib/python3.8/site-packages/airflow/example_dags/example_datasets.py for tasks to queue
[2023-10-21T05:39:59.940+0000] {logging_mixin.py:151} INFO - [2023-10-21T05:39:59.939+0000] {dagbag.py:536} INFO - Filling up the DagBag from /home/airflow/.local/lib/python3.8/site-packages/airflow/example_dags/example_datasets.py
[2023-10-21T05:39:59.947+0000] {processor.py:839} INFO - DAG(s) dict_keys(['dataset_consumes_1_never_scheduled', 'dataset_consumes_unknown_never_scheduled', 'dataset_consumes_1', 'dataset_consumes_1_and_2', 'dataset_produces_2', 'dataset_produces_1']) retrieved from /home/airflow/.local/lib/python3.8/site-packages/airflow/example_dags/example_datasets.py
[2023-10-21T05:39:59.982+0000] {logging_mixin.py:151} INFO - [2023-10-21T05:39:59.982+0000] {dag.py:2941} INFO - Sync 6 DAGs
[2023-10-21T05:40:00.008+0000] {logging_mixin.py:151} INFO - [2023-10-21T05:40:00.008+0000] {dag.py:3722} INFO - Setting next_dagrun for dataset_consumes_1 to None, run_after=None
[2023-10-21T05:40:00.011+0000] {logging_mixin.py:151} INFO - [2023-10-21T05:40:00.011+0000] {dag.py:3722} INFO - Setting next_dagrun for dataset_consumes_1_and_2 to None, run_after=None
[2023-10-21T05:40:00.013+0000] {logging_mixin.py:151} INFO - [2023-10-21T05:40:00.013+0000] {dag.py:3722} INFO - Setting next_dagrun for dataset_consumes_1_never_scheduled to None, run_after=None
[2023-10-21T05:40:00.014+0000] {logging_mixin.py:151} INFO - [2023-10-21T05:40:00.014+0000] {dag.py:3722} INFO - Setting next_dagrun for dataset_consumes_unknown_never_scheduled to None, run_after=None
[2023-10-21T05:40:00.019+0000] {logging_mixin.py:151} INFO - [2023-10-21T05:40:00.018+0000] {dag.py:3722} INFO - Setting next_dagrun for dataset_produces_1 to 2023-10-20T00:00:00+00:00, run_after=2023-10-21T00:00:00+00:00
[2023-10-21T05:40:00.021+0000] {logging_mixin.py:151} INFO - [2023-10-21T05:40:00.021+0000] {dag.py:3722} INFO - Setting next_dagrun for dataset_produces_2 to None, run_after=None
[2023-10-21T05:40:00.061+0000] {processor.py:179} INFO - Processing /home/airflow/.local/lib/python3.8/site-packages/airflow/example_dags/example_datasets.py took 0.126 seconds
[2023-10-21T05:40:30.821+0000] {processor.py:157} INFO - Started process (PID=4232) to work on /home/airflow/.local/lib/python3.8/site-packages/airflow/example_dags/example_datasets.py
[2023-10-21T05:40:30.822+0000] {processor.py:829} INFO - Processing file /home/airflow/.local/lib/python3.8/site-packages/airflow/example_dags/example_datasets.py for tasks to queue
[2023-10-21T05:40:30.823+0000] {logging_mixin.py:151} INFO - [2023-10-21T05:40:30.822+0000] {dagbag.py:536} INFO - Filling up the DagBag from /home/airflow/.local/lib/python3.8/site-packages/airflow/example_dags/example_datasets.py
[2023-10-21T05:40:30.831+0000] {processor.py:839} INFO - DAG(s) dict_keys(['dataset_produces_2', 'dataset_consumes_1_and_2', 'dataset_produces_1', 'dataset_consumes_unknown_never_scheduled', 'dataset_consumes_1_never_scheduled', 'dataset_consumes_1']) retrieved from /home/airflow/.local/lib/python3.8/site-packages/airflow/example_dags/example_datasets.py
[2023-10-21T05:40:30.871+0000] {logging_mixin.py:151} INFO - [2023-10-21T05:40:30.871+0000] {dag.py:2941} INFO - Sync 6 DAGs
[2023-10-21T05:40:30.899+0000] {logging_mixin.py:151} INFO - [2023-10-21T05:40:30.898+0000] {dag.py:3722} INFO - Setting next_dagrun for dataset_consumes_1 to None, run_after=None
[2023-10-21T05:40:30.903+0000] {logging_mixin.py:151} INFO - [2023-10-21T05:40:30.903+0000] {dag.py:3722} INFO - Setting next_dagrun for dataset_consumes_1_and_2 to None, run_after=None
[2023-10-21T05:40:30.905+0000] {logging_mixin.py:151} INFO - [2023-10-21T05:40:30.905+0000] {dag.py:3722} INFO - Setting next_dagrun for dataset_consumes_1_never_scheduled to None, run_after=None
[2023-10-21T05:40:30.906+0000] {logging_mixin.py:151} INFO - [2023-10-21T05:40:30.906+0000] {dag.py:3722} INFO - Setting next_dagrun for dataset_consumes_unknown_never_scheduled to None, run_after=None
[2023-10-21T05:40:30.910+0000] {logging_mixin.py:151} INFO - [2023-10-21T05:40:30.909+0000] {dag.py:3722} INFO - Setting next_dagrun for dataset_produces_1 to 2023-10-20T00:00:00+00:00, run_after=2023-10-21T00:00:00+00:00
[2023-10-21T05:40:30.911+0000] {logging_mixin.py:151} INFO - [2023-10-21T05:40:30.911+0000] {dag.py:3722} INFO - Setting next_dagrun for dataset_produces_2 to None, run_after=None
[2023-10-21T05:40:30.951+0000] {processor.py:179} INFO - Processing /home/airflow/.local/lib/python3.8/site-packages/airflow/example_dags/example_datasets.py took 0.133 seconds
[2023-10-21T05:41:01.001+0000] {processor.py:157} INFO - Started process (PID=4473) to work on /home/airflow/.local/lib/python3.8/site-packages/airflow/example_dags/example_datasets.py
[2023-10-21T05:41:01.001+0000] {processor.py:829} INFO - Processing file /home/airflow/.local/lib/python3.8/site-packages/airflow/example_dags/example_datasets.py for tasks to queue
[2023-10-21T05:41:01.002+0000] {logging_mixin.py:151} INFO - [2023-10-21T05:41:01.002+0000] {dagbag.py:536} INFO - Filling up the DagBag from /home/airflow/.local/lib/python3.8/site-packages/airflow/example_dags/example_datasets.py
[2023-10-21T05:41:01.009+0000] {processor.py:839} INFO - DAG(s) dict_keys(['dataset_consumes_1', 'dataset_consumes_1_and_2', 'dataset_produces_2', 'dataset_consumes_unknown_never_scheduled', 'dataset_produces_1', 'dataset_consumes_1_never_scheduled']) retrieved from /home/airflow/.local/lib/python3.8/site-packages/airflow/example_dags/example_datasets.py
[2023-10-21T05:41:01.039+0000] {logging_mixin.py:151} INFO - [2023-10-21T05:41:01.038+0000] {dag.py:2941} INFO - Sync 6 DAGs
[2023-10-21T05:41:01.058+0000] {logging_mixin.py:151} INFO - [2023-10-21T05:41:01.058+0000] {dag.py:3722} INFO - Setting next_dagrun for dataset_consumes_1 to None, run_after=None
[2023-10-21T05:41:01.062+0000] {logging_mixin.py:151} INFO - [2023-10-21T05:41:01.061+0000] {dag.py:3722} INFO - Setting next_dagrun for dataset_consumes_1_and_2 to None, run_after=None
[2023-10-21T05:41:01.063+0000] {logging_mixin.py:151} INFO - [2023-10-21T05:41:01.063+0000] {dag.py:3722} INFO - Setting next_dagrun for dataset_consumes_1_never_scheduled to None, run_after=None
[2023-10-21T05:41:01.064+0000] {logging_mixin.py:151} INFO - [2023-10-21T05:41:01.064+0000] {dag.py:3722} INFO - Setting next_dagrun for dataset_consumes_unknown_never_scheduled to None, run_after=None
[2023-10-21T05:41:01.066+0000] {logging_mixin.py:151} INFO - [2023-10-21T05:41:01.066+0000] {dag.py:3722} INFO - Setting next_dagrun for dataset_produces_1 to 2023-10-20T00:00:00+00:00, run_after=2023-10-21T00:00:00+00:00
[2023-10-21T05:41:01.067+0000] {logging_mixin.py:151} INFO - [2023-10-21T05:41:01.067+0000] {dag.py:3722} INFO - Setting next_dagrun for dataset_produces_2 to None, run_after=None
[2023-10-21T05:41:01.096+0000] {processor.py:179} INFO - Processing /home/airflow/.local/lib/python3.8/site-packages/airflow/example_dags/example_datasets.py took 0.097 seconds
