[2023-10-21T05:32:22.762+0000] {processor.py:157} INFO - Started process (PID=371) to work on /home/airflow/.local/lib/python3.8/site-packages/airflow/example_dags/example_branch_python_dop_operator_3.py
[2023-10-21T05:32:22.763+0000] {processor.py:829} INFO - Processing file /home/airflow/.local/lib/python3.8/site-packages/airflow/example_dags/example_branch_python_dop_operator_3.py for tasks to queue
[2023-10-21T05:32:22.763+0000] {logging_mixin.py:151} INFO - [2023-10-21T05:32:22.763+0000] {dagbag.py:536} INFO - Filling up the DagBag from /home/airflow/.local/lib/python3.8/site-packages/airflow/example_dags/example_branch_python_dop_operator_3.py
[2023-10-21T05:32:22.772+0000] {processor.py:839} INFO - DAG(s) dict_keys(['example_branch_dop_operator_v3']) retrieved from /home/airflow/.local/lib/python3.8/site-packages/airflow/example_dags/example_branch_python_dop_operator_3.py
[2023-10-21T05:32:22.782+0000] {logging_mixin.py:151} INFO - [2023-10-21T05:32:22.782+0000] {dag.py:2941} INFO - Sync 1 DAGs
[2023-10-21T05:32:22.826+0000] {logging_mixin.py:151} INFO - [2023-10-21T05:32:22.825+0000] {dag.py:3722} INFO - Setting next_dagrun for example_branch_dop_operator_v3 to 2023-10-21T05:31:00+00:00, run_after=2023-10-21T05:32:00+00:00
[2023-10-21T05:32:22.859+0000] {processor.py:179} INFO - Processing /home/airflow/.local/lib/python3.8/site-packages/airflow/example_dags/example_branch_python_dop_operator_3.py took 0.099 seconds
[2023-10-21T05:32:53.260+0000] {processor.py:157} INFO - Started process (PID=609) to work on /home/airflow/.local/lib/python3.8/site-packages/airflow/example_dags/example_branch_python_dop_operator_3.py
[2023-10-21T05:32:53.260+0000] {processor.py:829} INFO - Processing file /home/airflow/.local/lib/python3.8/site-packages/airflow/example_dags/example_branch_python_dop_operator_3.py for tasks to queue
[2023-10-21T05:32:53.261+0000] {logging_mixin.py:151} INFO - [2023-10-21T05:32:53.261+0000] {dagbag.py:536} INFO - Filling up the DagBag from /home/airflow/.local/lib/python3.8/site-packages/airflow/example_dags/example_branch_python_dop_operator_3.py
[2023-10-21T05:32:53.268+0000] {processor.py:839} INFO - DAG(s) dict_keys(['example_branch_dop_operator_v3']) retrieved from /home/airflow/.local/lib/python3.8/site-packages/airflow/example_dags/example_branch_python_dop_operator_3.py
[2023-10-21T05:32:53.283+0000] {logging_mixin.py:151} INFO - [2023-10-21T05:32:53.283+0000] {dag.py:2941} INFO - Sync 1 DAGs
[2023-10-21T05:32:53.306+0000] {logging_mixin.py:151} INFO - [2023-10-21T05:32:53.306+0000] {dag.py:3722} INFO - Setting next_dagrun for example_branch_dop_operator_v3 to 2023-10-21T05:31:00+00:00, run_after=2023-10-21T05:32:00+00:00
[2023-10-21T05:32:53.322+0000] {processor.py:179} INFO - Processing /home/airflow/.local/lib/python3.8/site-packages/airflow/example_dags/example_branch_python_dop_operator_3.py took 0.064 seconds
[2023-10-21T05:33:24.497+0000] {processor.py:157} INFO - Started process (PID=849) to work on /home/airflow/.local/lib/python3.8/site-packages/airflow/example_dags/example_branch_python_dop_operator_3.py
[2023-10-21T05:33:24.499+0000] {processor.py:829} INFO - Processing file /home/airflow/.local/lib/python3.8/site-packages/airflow/example_dags/example_branch_python_dop_operator_3.py for tasks to queue
[2023-10-21T05:33:24.500+0000] {logging_mixin.py:151} INFO - [2023-10-21T05:33:24.499+0000] {dagbag.py:536} INFO - Filling up the DagBag from /home/airflow/.local/lib/python3.8/site-packages/airflow/example_dags/example_branch_python_dop_operator_3.py
[2023-10-21T05:33:24.513+0000] {processor.py:839} INFO - DAG(s) dict_keys(['example_branch_dop_operator_v3']) retrieved from /home/airflow/.local/lib/python3.8/site-packages/airflow/example_dags/example_branch_python_dop_operator_3.py
[2023-10-21T05:33:24.552+0000] {logging_mixin.py:151} INFO - [2023-10-21T05:33:24.551+0000] {dag.py:2941} INFO - Sync 1 DAGs
[2023-10-21T05:33:24.599+0000] {logging_mixin.py:151} INFO - [2023-10-21T05:33:24.599+0000] {dag.py:3722} INFO - Setting next_dagrun for example_branch_dop_operator_v3 to 2023-10-21T05:32:00+00:00, run_after=2023-10-21T05:33:00+00:00
[2023-10-21T05:33:24.632+0000] {processor.py:179} INFO - Processing /home/airflow/.local/lib/python3.8/site-packages/airflow/example_dags/example_branch_python_dop_operator_3.py took 0.140 seconds
[2023-10-21T05:33:54.671+0000] {processor.py:157} INFO - Started process (PID=1085) to work on /home/airflow/.local/lib/python3.8/site-packages/airflow/example_dags/example_branch_python_dop_operator_3.py
[2023-10-21T05:33:54.672+0000] {processor.py:829} INFO - Processing file /home/airflow/.local/lib/python3.8/site-packages/airflow/example_dags/example_branch_python_dop_operator_3.py for tasks to queue
[2023-10-21T05:33:54.672+0000] {logging_mixin.py:151} INFO - [2023-10-21T05:33:54.672+0000] {dagbag.py:536} INFO - Filling up the DagBag from /home/airflow/.local/lib/python3.8/site-packages/airflow/example_dags/example_branch_python_dop_operator_3.py
[2023-10-21T05:33:54.678+0000] {processor.py:839} INFO - DAG(s) dict_keys(['example_branch_dop_operator_v3']) retrieved from /home/airflow/.local/lib/python3.8/site-packages/airflow/example_dags/example_branch_python_dop_operator_3.py
[2023-10-21T05:33:54.694+0000] {logging_mixin.py:151} INFO - [2023-10-21T05:33:54.694+0000] {dag.py:2941} INFO - Sync 1 DAGs
[2023-10-21T05:33:54.715+0000] {logging_mixin.py:151} INFO - [2023-10-21T05:33:54.715+0000] {dag.py:3722} INFO - Setting next_dagrun for example_branch_dop_operator_v3 to 2023-10-21T05:32:00+00:00, run_after=2023-10-21T05:33:00+00:00
[2023-10-21T05:33:54.734+0000] {processor.py:179} INFO - Processing /home/airflow/.local/lib/python3.8/site-packages/airflow/example_dags/example_branch_python_dop_operator_3.py took 0.065 seconds
[2023-10-21T05:34:25.892+0000] {processor.py:157} INFO - Started process (PID=1325) to work on /home/airflow/.local/lib/python3.8/site-packages/airflow/example_dags/example_branch_python_dop_operator_3.py
[2023-10-21T05:34:25.893+0000] {processor.py:829} INFO - Processing file /home/airflow/.local/lib/python3.8/site-packages/airflow/example_dags/example_branch_python_dop_operator_3.py for tasks to queue
[2023-10-21T05:34:25.893+0000] {logging_mixin.py:151} INFO - [2023-10-21T05:34:25.893+0000] {dagbag.py:536} INFO - Filling up the DagBag from /home/airflow/.local/lib/python3.8/site-packages/airflow/example_dags/example_branch_python_dop_operator_3.py
[2023-10-21T05:34:25.900+0000] {processor.py:839} INFO - DAG(s) dict_keys(['example_branch_dop_operator_v3']) retrieved from /home/airflow/.local/lib/python3.8/site-packages/airflow/example_dags/example_branch_python_dop_operator_3.py
[2023-10-21T05:34:25.919+0000] {logging_mixin.py:151} INFO - [2023-10-21T05:34:25.919+0000] {dag.py:2941} INFO - Sync 1 DAGs
[2023-10-21T05:34:25.945+0000] {logging_mixin.py:151} INFO - [2023-10-21T05:34:25.945+0000] {dag.py:3722} INFO - Setting next_dagrun for example_branch_dop_operator_v3 to 2023-10-21T05:33:00+00:00, run_after=2023-10-21T05:34:00+00:00
[2023-10-21T05:34:25.965+0000] {processor.py:179} INFO - Processing /home/airflow/.local/lib/python3.8/site-packages/airflow/example_dags/example_branch_python_dop_operator_3.py took 0.078 seconds
[2023-10-21T05:34:56.109+0000] {processor.py:157} INFO - Started process (PID=1563) to work on /home/airflow/.local/lib/python3.8/site-packages/airflow/example_dags/example_branch_python_dop_operator_3.py
[2023-10-21T05:34:56.109+0000] {processor.py:829} INFO - Processing file /home/airflow/.local/lib/python3.8/site-packages/airflow/example_dags/example_branch_python_dop_operator_3.py for tasks to queue
[2023-10-21T05:34:56.110+0000] {logging_mixin.py:151} INFO - [2023-10-21T05:34:56.109+0000] {dagbag.py:536} INFO - Filling up the DagBag from /home/airflow/.local/lib/python3.8/site-packages/airflow/example_dags/example_branch_python_dop_operator_3.py
[2023-10-21T05:34:56.116+0000] {processor.py:839} INFO - DAG(s) dict_keys(['example_branch_dop_operator_v3']) retrieved from /home/airflow/.local/lib/python3.8/site-packages/airflow/example_dags/example_branch_python_dop_operator_3.py
[2023-10-21T05:34:56.131+0000] {logging_mixin.py:151} INFO - [2023-10-21T05:34:56.131+0000] {dag.py:2941} INFO - Sync 1 DAGs
[2023-10-21T05:34:56.152+0000] {logging_mixin.py:151} INFO - [2023-10-21T05:34:56.152+0000] {dag.py:3722} INFO - Setting next_dagrun for example_branch_dop_operator_v3 to 2023-10-21T05:33:00+00:00, run_after=2023-10-21T05:34:00+00:00
[2023-10-21T05:34:56.169+0000] {processor.py:179} INFO - Processing /home/airflow/.local/lib/python3.8/site-packages/airflow/example_dags/example_branch_python_dop_operator_3.py took 0.062 seconds
[2023-10-21T05:35:26.644+0000] {processor.py:157} INFO - Started process (PID=1799) to work on /home/airflow/.local/lib/python3.8/site-packages/airflow/example_dags/example_branch_python_dop_operator_3.py
[2023-10-21T05:35:26.646+0000] {processor.py:829} INFO - Processing file /home/airflow/.local/lib/python3.8/site-packages/airflow/example_dags/example_branch_python_dop_operator_3.py for tasks to queue
[2023-10-21T05:35:26.647+0000] {logging_mixin.py:151} INFO - [2023-10-21T05:35:26.647+0000] {dagbag.py:536} INFO - Filling up the DagBag from /home/airflow/.local/lib/python3.8/site-packages/airflow/example_dags/example_branch_python_dop_operator_3.py
[2023-10-21T05:35:26.659+0000] {processor.py:839} INFO - DAG(s) dict_keys(['example_branch_dop_operator_v3']) retrieved from /home/airflow/.local/lib/python3.8/site-packages/airflow/example_dags/example_branch_python_dop_operator_3.py
[2023-10-21T05:35:26.686+0000] {logging_mixin.py:151} INFO - [2023-10-21T05:35:26.685+0000] {dag.py:2941} INFO - Sync 1 DAGs
[2023-10-21T05:35:26.721+0000] {logging_mixin.py:151} INFO - [2023-10-21T05:35:26.720+0000] {dag.py:3722} INFO - Setting next_dagrun for example_branch_dop_operator_v3 to 2023-10-21T05:34:00+00:00, run_after=2023-10-21T05:35:00+00:00
[2023-10-21T05:35:26.741+0000] {processor.py:179} INFO - Processing /home/airflow/.local/lib/python3.8/site-packages/airflow/example_dags/example_branch_python_dop_operator_3.py took 0.101 seconds
[2023-10-21T05:35:56.787+0000] {processor.py:157} INFO - Started process (PID=2037) to work on /home/airflow/.local/lib/python3.8/site-packages/airflow/example_dags/example_branch_python_dop_operator_3.py
[2023-10-21T05:35:56.788+0000] {processor.py:829} INFO - Processing file /home/airflow/.local/lib/python3.8/site-packages/airflow/example_dags/example_branch_python_dop_operator_3.py for tasks to queue
[2023-10-21T05:35:56.788+0000] {logging_mixin.py:151} INFO - [2023-10-21T05:35:56.788+0000] {dagbag.py:536} INFO - Filling up the DagBag from /home/airflow/.local/lib/python3.8/site-packages/airflow/example_dags/example_branch_python_dop_operator_3.py
[2023-10-21T05:35:56.795+0000] {processor.py:839} INFO - DAG(s) dict_keys(['example_branch_dop_operator_v3']) retrieved from /home/airflow/.local/lib/python3.8/site-packages/airflow/example_dags/example_branch_python_dop_operator_3.py
[2023-10-21T05:35:56.813+0000] {logging_mixin.py:151} INFO - [2023-10-21T05:35:56.813+0000] {dag.py:2941} INFO - Sync 1 DAGs
[2023-10-21T05:35:56.837+0000] {logging_mixin.py:151} INFO - [2023-10-21T05:35:56.836+0000] {dag.py:3722} INFO - Setting next_dagrun for example_branch_dop_operator_v3 to 2023-10-21T05:34:00+00:00, run_after=2023-10-21T05:35:00+00:00
[2023-10-21T05:35:56.856+0000] {processor.py:179} INFO - Processing /home/airflow/.local/lib/python3.8/site-packages/airflow/example_dags/example_branch_python_dop_operator_3.py took 0.071 seconds
[2023-10-21T05:36:27.077+0000] {processor.py:157} INFO - Started process (PID=2323) to work on /home/airflow/.local/lib/python3.8/site-packages/airflow/example_dags/example_branch_python_dop_operator_3.py
[2023-10-21T05:36:27.078+0000] {processor.py:829} INFO - Processing file /home/airflow/.local/lib/python3.8/site-packages/airflow/example_dags/example_branch_python_dop_operator_3.py for tasks to queue
[2023-10-21T05:36:27.079+0000] {logging_mixin.py:151} INFO - [2023-10-21T05:36:27.079+0000] {dagbag.py:536} INFO - Filling up the DagBag from /home/airflow/.local/lib/python3.8/site-packages/airflow/example_dags/example_branch_python_dop_operator_3.py
[2023-10-21T05:36:27.085+0000] {processor.py:839} INFO - DAG(s) dict_keys(['example_branch_dop_operator_v3']) retrieved from /home/airflow/.local/lib/python3.8/site-packages/airflow/example_dags/example_branch_python_dop_operator_3.py
[2023-10-21T05:36:27.102+0000] {logging_mixin.py:151} INFO - [2023-10-21T05:36:27.102+0000] {dag.py:2941} INFO - Sync 1 DAGs
[2023-10-21T05:36:27.124+0000] {logging_mixin.py:151} INFO - [2023-10-21T05:36:27.124+0000] {dag.py:3722} INFO - Setting next_dagrun for example_branch_dop_operator_v3 to 2023-10-21T05:35:00+00:00, run_after=2023-10-21T05:36:00+00:00
[2023-10-21T05:36:27.142+0000] {processor.py:179} INFO - Processing /home/airflow/.local/lib/python3.8/site-packages/airflow/example_dags/example_branch_python_dop_operator_3.py took 0.067 seconds
[2023-10-21T05:36:57.357+0000] {processor.py:157} INFO - Started process (PID=2561) to work on /home/airflow/.local/lib/python3.8/site-packages/airflow/example_dags/example_branch_python_dop_operator_3.py
[2023-10-21T05:36:57.358+0000] {processor.py:829} INFO - Processing file /home/airflow/.local/lib/python3.8/site-packages/airflow/example_dags/example_branch_python_dop_operator_3.py for tasks to queue
[2023-10-21T05:36:57.359+0000] {logging_mixin.py:151} INFO - [2023-10-21T05:36:57.358+0000] {dagbag.py:536} INFO - Filling up the DagBag from /home/airflow/.local/lib/python3.8/site-packages/airflow/example_dags/example_branch_python_dop_operator_3.py
[2023-10-21T05:36:57.365+0000] {processor.py:839} INFO - DAG(s) dict_keys(['example_branch_dop_operator_v3']) retrieved from /home/airflow/.local/lib/python3.8/site-packages/airflow/example_dags/example_branch_python_dop_operator_3.py
[2023-10-21T05:36:57.381+0000] {logging_mixin.py:151} INFO - [2023-10-21T05:36:57.381+0000] {dag.py:2941} INFO - Sync 1 DAGs
[2023-10-21T05:36:57.404+0000] {logging_mixin.py:151} INFO - [2023-10-21T05:36:57.404+0000] {dag.py:3722} INFO - Setting next_dagrun for example_branch_dop_operator_v3 to 2023-10-21T05:35:00+00:00, run_after=2023-10-21T05:36:00+00:00
[2023-10-21T05:36:57.420+0000] {processor.py:179} INFO - Processing /home/airflow/.local/lib/python3.8/site-packages/airflow/example_dags/example_branch_python_dop_operator_3.py took 0.065 seconds
[2023-10-21T05:37:27.626+0000] {processor.py:157} INFO - Started process (PID=2799) to work on /home/airflow/.local/lib/python3.8/site-packages/airflow/example_dags/example_branch_python_dop_operator_3.py
[2023-10-21T05:37:27.627+0000] {processor.py:829} INFO - Processing file /home/airflow/.local/lib/python3.8/site-packages/airflow/example_dags/example_branch_python_dop_operator_3.py for tasks to queue
[2023-10-21T05:37:27.628+0000] {logging_mixin.py:151} INFO - [2023-10-21T05:37:27.628+0000] {dagbag.py:536} INFO - Filling up the DagBag from /home/airflow/.local/lib/python3.8/site-packages/airflow/example_dags/example_branch_python_dop_operator_3.py
[2023-10-21T05:37:27.634+0000] {processor.py:839} INFO - DAG(s) dict_keys(['example_branch_dop_operator_v3']) retrieved from /home/airflow/.local/lib/python3.8/site-packages/airflow/example_dags/example_branch_python_dop_operator_3.py
[2023-10-21T05:37:27.650+0000] {logging_mixin.py:151} INFO - [2023-10-21T05:37:27.650+0000] {dag.py:2941} INFO - Sync 1 DAGs
[2023-10-21T05:37:27.674+0000] {logging_mixin.py:151} INFO - [2023-10-21T05:37:27.674+0000] {dag.py:3722} INFO - Setting next_dagrun for example_branch_dop_operator_v3 to 2023-10-21T05:36:00+00:00, run_after=2023-10-21T05:37:00+00:00
[2023-10-21T05:37:27.691+0000] {processor.py:179} INFO - Processing /home/airflow/.local/lib/python3.8/site-packages/airflow/example_dags/example_branch_python_dop_operator_3.py took 0.067 seconds
[2023-10-21T05:37:58.159+0000] {processor.py:157} INFO - Started process (PID=3037) to work on /home/airflow/.local/lib/python3.8/site-packages/airflow/example_dags/example_branch_python_dop_operator_3.py
[2023-10-21T05:37:58.160+0000] {processor.py:829} INFO - Processing file /home/airflow/.local/lib/python3.8/site-packages/airflow/example_dags/example_branch_python_dop_operator_3.py for tasks to queue
[2023-10-21T05:37:58.161+0000] {logging_mixin.py:151} INFO - [2023-10-21T05:37:58.160+0000] {dagbag.py:536} INFO - Filling up the DagBag from /home/airflow/.local/lib/python3.8/site-packages/airflow/example_dags/example_branch_python_dop_operator_3.py
[2023-10-21T05:37:58.169+0000] {processor.py:839} INFO - DAG(s) dict_keys(['example_branch_dop_operator_v3']) retrieved from /home/airflow/.local/lib/python3.8/site-packages/airflow/example_dags/example_branch_python_dop_operator_3.py
[2023-10-21T05:37:58.189+0000] {logging_mixin.py:151} INFO - [2023-10-21T05:37:58.189+0000] {dag.py:2941} INFO - Sync 1 DAGs
[2023-10-21T05:37:58.223+0000] {logging_mixin.py:151} INFO - [2023-10-21T05:37:58.223+0000] {dag.py:3722} INFO - Setting next_dagrun for example_branch_dop_operator_v3 to 2023-10-21T05:36:00+00:00, run_after=2023-10-21T05:37:00+00:00
[2023-10-21T05:37:58.247+0000] {processor.py:179} INFO - Processing /home/airflow/.local/lib/python3.8/site-packages/airflow/example_dags/example_branch_python_dop_operator_3.py took 0.090 seconds
[2023-10-21T05:38:28.703+0000] {processor.py:157} INFO - Started process (PID=3275) to work on /home/airflow/.local/lib/python3.8/site-packages/airflow/example_dags/example_branch_python_dop_operator_3.py
[2023-10-21T05:38:28.704+0000] {processor.py:829} INFO - Processing file /home/airflow/.local/lib/python3.8/site-packages/airflow/example_dags/example_branch_python_dop_operator_3.py for tasks to queue
[2023-10-21T05:38:28.705+0000] {logging_mixin.py:151} INFO - [2023-10-21T05:38:28.705+0000] {dagbag.py:536} INFO - Filling up the DagBag from /home/airflow/.local/lib/python3.8/site-packages/airflow/example_dags/example_branch_python_dop_operator_3.py
[2023-10-21T05:38:28.715+0000] {processor.py:839} INFO - DAG(s) dict_keys(['example_branch_dop_operator_v3']) retrieved from /home/airflow/.local/lib/python3.8/site-packages/airflow/example_dags/example_branch_python_dop_operator_3.py
[2023-10-21T05:38:28.736+0000] {logging_mixin.py:151} INFO - [2023-10-21T05:38:28.735+0000] {dag.py:2941} INFO - Sync 1 DAGs
[2023-10-21T05:38:28.765+0000] {logging_mixin.py:151} INFO - [2023-10-21T05:38:28.765+0000] {dag.py:3722} INFO - Setting next_dagrun for example_branch_dop_operator_v3 to 2023-10-21T05:37:00+00:00, run_after=2023-10-21T05:38:00+00:00
[2023-10-21T05:38:28.788+0000] {processor.py:179} INFO - Processing /home/airflow/.local/lib/python3.8/site-packages/airflow/example_dags/example_branch_python_dop_operator_3.py took 0.087 seconds
[2023-10-21T05:38:58.868+0000] {processor.py:157} INFO - Started process (PID=3513) to work on /home/airflow/.local/lib/python3.8/site-packages/airflow/example_dags/example_branch_python_dop_operator_3.py
[2023-10-21T05:38:58.868+0000] {processor.py:829} INFO - Processing file /home/airflow/.local/lib/python3.8/site-packages/airflow/example_dags/example_branch_python_dop_operator_3.py for tasks to queue
[2023-10-21T05:38:58.869+0000] {logging_mixin.py:151} INFO - [2023-10-21T05:38:58.869+0000] {dagbag.py:536} INFO - Filling up the DagBag from /home/airflow/.local/lib/python3.8/site-packages/airflow/example_dags/example_branch_python_dop_operator_3.py
[2023-10-21T05:38:58.879+0000] {processor.py:839} INFO - DAG(s) dict_keys(['example_branch_dop_operator_v3']) retrieved from /home/airflow/.local/lib/python3.8/site-packages/airflow/example_dags/example_branch_python_dop_operator_3.py
[2023-10-21T05:38:58.901+0000] {logging_mixin.py:151} INFO - [2023-10-21T05:38:58.900+0000] {dag.py:2941} INFO - Sync 1 DAGs
[2023-10-21T05:38:58.930+0000] {logging_mixin.py:151} INFO - [2023-10-21T05:38:58.929+0000] {dag.py:3722} INFO - Setting next_dagrun for example_branch_dop_operator_v3 to 2023-10-21T05:37:00+00:00, run_after=2023-10-21T05:38:00+00:00
[2023-10-21T05:38:58.951+0000] {processor.py:179} INFO - Processing /home/airflow/.local/lib/python3.8/site-packages/airflow/example_dags/example_branch_python_dop_operator_3.py took 0.085 seconds
[2023-10-21T05:39:29.049+0000] {processor.py:157} INFO - Started process (PID=3753) to work on /home/airflow/.local/lib/python3.8/site-packages/airflow/example_dags/example_branch_python_dop_operator_3.py
[2023-10-21T05:39:29.050+0000] {processor.py:829} INFO - Processing file /home/airflow/.local/lib/python3.8/site-packages/airflow/example_dags/example_branch_python_dop_operator_3.py for tasks to queue
[2023-10-21T05:39:29.050+0000] {logging_mixin.py:151} INFO - [2023-10-21T05:39:29.050+0000] {dagbag.py:536} INFO - Filling up the DagBag from /home/airflow/.local/lib/python3.8/site-packages/airflow/example_dags/example_branch_python_dop_operator_3.py
[2023-10-21T05:39:29.057+0000] {processor.py:839} INFO - DAG(s) dict_keys(['example_branch_dop_operator_v3']) retrieved from /home/airflow/.local/lib/python3.8/site-packages/airflow/example_dags/example_branch_python_dop_operator_3.py
[2023-10-21T05:39:29.075+0000] {logging_mixin.py:151} INFO - [2023-10-21T05:39:29.074+0000] {dag.py:2941} INFO - Sync 1 DAGs
[2023-10-21T05:39:29.097+0000] {logging_mixin.py:151} INFO - [2023-10-21T05:39:29.097+0000] {dag.py:3722} INFO - Setting next_dagrun for example_branch_dop_operator_v3 to 2023-10-21T05:38:00+00:00, run_after=2023-10-21T05:39:00+00:00
[2023-10-21T05:39:29.116+0000] {processor.py:179} INFO - Processing /home/airflow/.local/lib/python3.8/site-packages/airflow/example_dags/example_branch_python_dop_operator_3.py took 0.069 seconds
[2023-10-21T05:39:59.880+0000] {processor.py:157} INFO - Started process (PID=3989) to work on /home/airflow/.local/lib/python3.8/site-packages/airflow/example_dags/example_branch_python_dop_operator_3.py
[2023-10-21T05:39:59.881+0000] {processor.py:829} INFO - Processing file /home/airflow/.local/lib/python3.8/site-packages/airflow/example_dags/example_branch_python_dop_operator_3.py for tasks to queue
[2023-10-21T05:39:59.881+0000] {logging_mixin.py:151} INFO - [2023-10-21T05:39:59.881+0000] {dagbag.py:536} INFO - Filling up the DagBag from /home/airflow/.local/lib/python3.8/site-packages/airflow/example_dags/example_branch_python_dop_operator_3.py
[2023-10-21T05:39:59.894+0000] {processor.py:839} INFO - DAG(s) dict_keys(['example_branch_dop_operator_v3']) retrieved from /home/airflow/.local/lib/python3.8/site-packages/airflow/example_dags/example_branch_python_dop_operator_3.py
[2023-10-21T05:39:59.916+0000] {logging_mixin.py:151} INFO - [2023-10-21T05:39:59.916+0000] {dag.py:2941} INFO - Sync 1 DAGs
[2023-10-21T05:39:59.944+0000] {logging_mixin.py:151} INFO - [2023-10-21T05:39:59.944+0000] {dag.py:3722} INFO - Setting next_dagrun for example_branch_dop_operator_v3 to 2023-10-21T05:38:00+00:00, run_after=2023-10-21T05:39:00+00:00
[2023-10-21T05:39:59.964+0000] {processor.py:179} INFO - Processing /home/airflow/.local/lib/python3.8/site-packages/airflow/example_dags/example_branch_python_dop_operator_3.py took 0.089 seconds
[2023-10-21T05:40:30.783+0000] {processor.py:157} INFO - Started process (PID=4227) to work on /home/airflow/.local/lib/python3.8/site-packages/airflow/example_dags/example_branch_python_dop_operator_3.py
[2023-10-21T05:40:30.784+0000] {processor.py:829} INFO - Processing file /home/airflow/.local/lib/python3.8/site-packages/airflow/example_dags/example_branch_python_dop_operator_3.py for tasks to queue
[2023-10-21T05:40:30.785+0000] {logging_mixin.py:151} INFO - [2023-10-21T05:40:30.785+0000] {dagbag.py:536} INFO - Filling up the DagBag from /home/airflow/.local/lib/python3.8/site-packages/airflow/example_dags/example_branch_python_dop_operator_3.py
[2023-10-21T05:40:30.793+0000] {processor.py:839} INFO - DAG(s) dict_keys(['example_branch_dop_operator_v3']) retrieved from /home/airflow/.local/lib/python3.8/site-packages/airflow/example_dags/example_branch_python_dop_operator_3.py
[2023-10-21T05:40:30.813+0000] {logging_mixin.py:151} INFO - [2023-10-21T05:40:30.813+0000] {dag.py:2941} INFO - Sync 1 DAGs
[2023-10-21T05:40:30.842+0000] {logging_mixin.py:151} INFO - [2023-10-21T05:40:30.841+0000] {dag.py:3722} INFO - Setting next_dagrun for example_branch_dop_operator_v3 to 2023-10-21T05:39:00+00:00, run_after=2023-10-21T05:40:00+00:00
[2023-10-21T05:40:30.864+0000] {processor.py:179} INFO - Processing /home/airflow/.local/lib/python3.8/site-packages/airflow/example_dags/example_branch_python_dop_operator_3.py took 0.083 seconds
[2023-10-21T05:41:00.917+0000] {processor.py:157} INFO - Started process (PID=4468) to work on /home/airflow/.local/lib/python3.8/site-packages/airflow/example_dags/example_branch_python_dop_operator_3.py
[2023-10-21T05:41:00.918+0000] {processor.py:829} INFO - Processing file /home/airflow/.local/lib/python3.8/site-packages/airflow/example_dags/example_branch_python_dop_operator_3.py for tasks to queue
[2023-10-21T05:41:00.918+0000] {logging_mixin.py:151} INFO - [2023-10-21T05:41:00.918+0000] {dagbag.py:536} INFO - Filling up the DagBag from /home/airflow/.local/lib/python3.8/site-packages/airflow/example_dags/example_branch_python_dop_operator_3.py
[2023-10-21T05:41:00.925+0000] {processor.py:839} INFO - DAG(s) dict_keys(['example_branch_dop_operator_v3']) retrieved from /home/airflow/.local/lib/python3.8/site-packages/airflow/example_dags/example_branch_python_dop_operator_3.py
[2023-10-21T05:41:00.940+0000] {logging_mixin.py:151} INFO - [2023-10-21T05:41:00.940+0000] {dag.py:2941} INFO - Sync 1 DAGs
[2023-10-21T05:41:00.963+0000] {logging_mixin.py:151} INFO - [2023-10-21T05:41:00.963+0000] {dag.py:3722} INFO - Setting next_dagrun for example_branch_dop_operator_v3 to 2023-10-21T05:40:00+00:00, run_after=2023-10-21T05:41:00+00:00
[2023-10-21T05:41:00.979+0000] {processor.py:179} INFO - Processing /home/airflow/.local/lib/python3.8/site-packages/airflow/example_dags/example_branch_python_dop_operator_3.py took 0.064 seconds
