[2023-10-21T05:32:22.755+0000] {processor.py:157} INFO - Started process (PID=368) to work on /home/airflow/.local/lib/python3.8/site-packages/airflow/example_dags/example_skip_dag.py
[2023-10-21T05:32:22.756+0000] {processor.py:829} INFO - Processing file /home/airflow/.local/lib/python3.8/site-packages/airflow/example_dags/example_skip_dag.py for tasks to queue
[2023-10-21T05:32:22.757+0000] {logging_mixin.py:151} INFO - [2023-10-21T05:32:22.757+0000] {dagbag.py:536} INFO - Filling up the DagBag from /home/airflow/.local/lib/python3.8/site-packages/airflow/example_dags/example_skip_dag.py
[2023-10-21T05:32:22.763+0000] {processor.py:839} INFO - DAG(s) dict_keys(['example_skip_dag']) retrieved from /home/airflow/.local/lib/python3.8/site-packages/airflow/example_dags/example_skip_dag.py
[2023-10-21T05:32:22.774+0000] {logging_mixin.py:151} INFO - [2023-10-21T05:32:22.774+0000] {dag.py:2941} INFO - Sync 1 DAGs
[2023-10-21T05:32:22.802+0000] {logging_mixin.py:151} INFO - [2023-10-21T05:32:22.802+0000] {dag.py:3722} INFO - Setting next_dagrun for example_skip_dag to 2023-10-20T05:32:22.802146+00:00, run_after=2023-10-21T05:32:22.802146+00:00
[2023-10-21T05:32:22.828+0000] {processor.py:179} INFO - Processing /home/airflow/.local/lib/python3.8/site-packages/airflow/example_dags/example_skip_dag.py took 0.075 seconds
[2023-10-21T05:32:53.217+0000] {processor.py:157} INFO - Started process (PID=604) to work on /home/airflow/.local/lib/python3.8/site-packages/airflow/example_dags/example_skip_dag.py
[2023-10-21T05:32:53.217+0000] {processor.py:829} INFO - Processing file /home/airflow/.local/lib/python3.8/site-packages/airflow/example_dags/example_skip_dag.py for tasks to queue
[2023-10-21T05:32:53.218+0000] {logging_mixin.py:151} INFO - [2023-10-21T05:32:53.217+0000] {dagbag.py:536} INFO - Filling up the DagBag from /home/airflow/.local/lib/python3.8/site-packages/airflow/example_dags/example_skip_dag.py
[2023-10-21T05:32:53.223+0000] {processor.py:839} INFO - DAG(s) dict_keys(['example_skip_dag']) retrieved from /home/airflow/.local/lib/python3.8/site-packages/airflow/example_dags/example_skip_dag.py
[2023-10-21T05:32:53.239+0000] {logging_mixin.py:151} INFO - [2023-10-21T05:32:53.238+0000] {dag.py:2941} INFO - Sync 1 DAGs
[2023-10-21T05:32:53.257+0000] {logging_mixin.py:151} INFO - [2023-10-21T05:32:53.256+0000] {dag.py:3722} INFO - Setting next_dagrun for example_skip_dag to 2023-10-20T05:32:53.256683+00:00, run_after=2023-10-21T05:32:53.256683+00:00
[2023-10-21T05:32:53.274+0000] {processor.py:179} INFO - Processing /home/airflow/.local/lib/python3.8/site-packages/airflow/example_dags/example_skip_dag.py took 0.060 seconds
[2023-10-21T05:33:24.223+0000] {processor.py:157} INFO - Started process (PID=844) to work on /home/airflow/.local/lib/python3.8/site-packages/airflow/example_dags/example_skip_dag.py
[2023-10-21T05:33:24.225+0000] {processor.py:829} INFO - Processing file /home/airflow/.local/lib/python3.8/site-packages/airflow/example_dags/example_skip_dag.py for tasks to queue
[2023-10-21T05:33:24.229+0000] {logging_mixin.py:151} INFO - [2023-10-21T05:33:24.228+0000] {dagbag.py:536} INFO - Filling up the DagBag from /home/airflow/.local/lib/python3.8/site-packages/airflow/example_dags/example_skip_dag.py
[2023-10-21T05:33:24.241+0000] {processor.py:839} INFO - DAG(s) dict_keys(['example_skip_dag']) retrieved from /home/airflow/.local/lib/python3.8/site-packages/airflow/example_dags/example_skip_dag.py
[2023-10-21T05:33:24.311+0000] {logging_mixin.py:151} INFO - [2023-10-21T05:33:24.308+0000] {dag.py:2941} INFO - Sync 1 DAGs
[2023-10-21T05:33:24.390+0000] {logging_mixin.py:151} INFO - [2023-10-21T05:33:24.389+0000] {dag.py:3722} INFO - Setting next_dagrun for example_skip_dag to 2023-10-20T05:33:24.389315+00:00, run_after=2023-10-21T05:33:24.389315+00:00
[2023-10-21T05:33:24.456+0000] {processor.py:179} INFO - Processing /home/airflow/.local/lib/python3.8/site-packages/airflow/example_dags/example_skip_dag.py took 0.238 seconds
[2023-10-21T05:33:54.656+0000] {processor.py:157} INFO - Started process (PID=1082) to work on /home/airflow/.local/lib/python3.8/site-packages/airflow/example_dags/example_skip_dag.py
[2023-10-21T05:33:54.657+0000] {processor.py:829} INFO - Processing file /home/airflow/.local/lib/python3.8/site-packages/airflow/example_dags/example_skip_dag.py for tasks to queue
[2023-10-21T05:33:54.657+0000] {logging_mixin.py:151} INFO - [2023-10-21T05:33:54.657+0000] {dagbag.py:536} INFO - Filling up the DagBag from /home/airflow/.local/lib/python3.8/site-packages/airflow/example_dags/example_skip_dag.py
[2023-10-21T05:33:54.662+0000] {processor.py:839} INFO - DAG(s) dict_keys(['example_skip_dag']) retrieved from /home/airflow/.local/lib/python3.8/site-packages/airflow/example_dags/example_skip_dag.py
[2023-10-21T05:33:54.679+0000] {logging_mixin.py:151} INFO - [2023-10-21T05:33:54.679+0000] {dag.py:2941} INFO - Sync 1 DAGs
[2023-10-21T05:33:54.697+0000] {logging_mixin.py:151} INFO - [2023-10-21T05:33:54.697+0000] {dag.py:3722} INFO - Setting next_dagrun for example_skip_dag to 2023-10-20T05:33:54.697234+00:00, run_after=2023-10-21T05:33:54.697234+00:00
[2023-10-21T05:33:54.713+0000] {processor.py:179} INFO - Processing /home/airflow/.local/lib/python3.8/site-packages/airflow/example_dags/example_skip_dag.py took 0.058 seconds
[2023-10-21T05:34:25.799+0000] {processor.py:157} INFO - Started process (PID=1320) to work on /home/airflow/.local/lib/python3.8/site-packages/airflow/example_dags/example_skip_dag.py
[2023-10-21T05:34:25.800+0000] {processor.py:829} INFO - Processing file /home/airflow/.local/lib/python3.8/site-packages/airflow/example_dags/example_skip_dag.py for tasks to queue
[2023-10-21T05:34:25.800+0000] {logging_mixin.py:151} INFO - [2023-10-21T05:34:25.800+0000] {dagbag.py:536} INFO - Filling up the DagBag from /home/airflow/.local/lib/python3.8/site-packages/airflow/example_dags/example_skip_dag.py
[2023-10-21T05:34:25.806+0000] {processor.py:839} INFO - DAG(s) dict_keys(['example_skip_dag']) retrieved from /home/airflow/.local/lib/python3.8/site-packages/airflow/example_dags/example_skip_dag.py
[2023-10-21T05:34:25.826+0000] {logging_mixin.py:151} INFO - [2023-10-21T05:34:25.825+0000] {dag.py:2941} INFO - Sync 1 DAGs
[2023-10-21T05:34:25.846+0000] {logging_mixin.py:151} INFO - [2023-10-21T05:34:25.845+0000] {dag.py:3722} INFO - Setting next_dagrun for example_skip_dag to 2023-10-20T05:34:25.845658+00:00, run_after=2023-10-21T05:34:25.845658+00:00
[2023-10-21T05:34:25.865+0000] {processor.py:179} INFO - Processing /home/airflow/.local/lib/python3.8/site-packages/airflow/example_dags/example_skip_dag.py took 0.069 seconds
[2023-10-21T05:34:56.028+0000] {processor.py:157} INFO - Started process (PID=1558) to work on /home/airflow/.local/lib/python3.8/site-packages/airflow/example_dags/example_skip_dag.py
[2023-10-21T05:34:56.028+0000] {processor.py:829} INFO - Processing file /home/airflow/.local/lib/python3.8/site-packages/airflow/example_dags/example_skip_dag.py for tasks to queue
[2023-10-21T05:34:56.029+0000] {logging_mixin.py:151} INFO - [2023-10-21T05:34:56.029+0000] {dagbag.py:536} INFO - Filling up the DagBag from /home/airflow/.local/lib/python3.8/site-packages/airflow/example_dags/example_skip_dag.py
[2023-10-21T05:34:56.034+0000] {processor.py:839} INFO - DAG(s) dict_keys(['example_skip_dag']) retrieved from /home/airflow/.local/lib/python3.8/site-packages/airflow/example_dags/example_skip_dag.py
[2023-10-21T05:34:56.052+0000] {logging_mixin.py:151} INFO - [2023-10-21T05:34:56.051+0000] {dag.py:2941} INFO - Sync 1 DAGs
[2023-10-21T05:34:56.074+0000] {logging_mixin.py:151} INFO - [2023-10-21T05:34:56.073+0000] {dag.py:3722} INFO - Setting next_dagrun for example_skip_dag to 2023-10-20T05:34:56.073742+00:00, run_after=2023-10-21T05:34:56.073742+00:00
[2023-10-21T05:34:56.090+0000] {processor.py:179} INFO - Processing /home/airflow/.local/lib/python3.8/site-packages/airflow/example_dags/example_skip_dag.py took 0.065 seconds
[2023-10-21T05:35:26.554+0000] {processor.py:157} INFO - Started process (PID=1794) to work on /home/airflow/.local/lib/python3.8/site-packages/airflow/example_dags/example_skip_dag.py
[2023-10-21T05:35:26.556+0000] {processor.py:829} INFO - Processing file /home/airflow/.local/lib/python3.8/site-packages/airflow/example_dags/example_skip_dag.py for tasks to queue
[2023-10-21T05:35:26.557+0000] {logging_mixin.py:151} INFO - [2023-10-21T05:35:26.556+0000] {dagbag.py:536} INFO - Filling up the DagBag from /home/airflow/.local/lib/python3.8/site-packages/airflow/example_dags/example_skip_dag.py
[2023-10-21T05:35:26.575+0000] {processor.py:839} INFO - DAG(s) dict_keys(['example_skip_dag']) retrieved from /home/airflow/.local/lib/python3.8/site-packages/airflow/example_dags/example_skip_dag.py
[2023-10-21T05:35:26.612+0000] {logging_mixin.py:151} INFO - [2023-10-21T05:35:26.612+0000] {dag.py:2941} INFO - Sync 1 DAGs
[2023-10-21T05:35:26.655+0000] {logging_mixin.py:151} INFO - [2023-10-21T05:35:26.655+0000] {dag.py:3722} INFO - Setting next_dagrun for example_skip_dag to 2023-10-20T05:35:26.654928+00:00, run_after=2023-10-21T05:35:26.654928+00:00
[2023-10-21T05:35:26.686+0000] {processor.py:179} INFO - Processing /home/airflow/.local/lib/python3.8/site-packages/airflow/example_dags/example_skip_dag.py took 0.134 seconds
[2023-10-21T05:35:56.776+0000] {processor.py:157} INFO - Started process (PID=2034) to work on /home/airflow/.local/lib/python3.8/site-packages/airflow/example_dags/example_skip_dag.py
[2023-10-21T05:35:56.777+0000] {processor.py:829} INFO - Processing file /home/airflow/.local/lib/python3.8/site-packages/airflow/example_dags/example_skip_dag.py for tasks to queue
[2023-10-21T05:35:56.777+0000] {logging_mixin.py:151} INFO - [2023-10-21T05:35:56.777+0000] {dagbag.py:536} INFO - Filling up the DagBag from /home/airflow/.local/lib/python3.8/site-packages/airflow/example_dags/example_skip_dag.py
[2023-10-21T05:35:56.783+0000] {processor.py:839} INFO - DAG(s) dict_keys(['example_skip_dag']) retrieved from /home/airflow/.local/lib/python3.8/site-packages/airflow/example_dags/example_skip_dag.py
[2023-10-21T05:35:56.803+0000] {logging_mixin.py:151} INFO - [2023-10-21T05:35:56.802+0000] {dag.py:2941} INFO - Sync 1 DAGs
[2023-10-21T05:35:56.822+0000] {logging_mixin.py:151} INFO - [2023-10-21T05:35:56.822+0000] {dag.py:3722} INFO - Setting next_dagrun for example_skip_dag to 2023-10-20T05:35:56.822137+00:00, run_after=2023-10-21T05:35:56.822137+00:00
[2023-10-21T05:35:56.840+0000] {processor.py:179} INFO - Processing /home/airflow/.local/lib/python3.8/site-packages/airflow/example_dags/example_skip_dag.py took 0.066 seconds
[2023-10-21T05:36:27.067+0000] {processor.py:157} INFO - Started process (PID=2320) to work on /home/airflow/.local/lib/python3.8/site-packages/airflow/example_dags/example_skip_dag.py
[2023-10-21T05:36:27.068+0000] {processor.py:829} INFO - Processing file /home/airflow/.local/lib/python3.8/site-packages/airflow/example_dags/example_skip_dag.py for tasks to queue
[2023-10-21T05:36:27.068+0000] {logging_mixin.py:151} INFO - [2023-10-21T05:36:27.068+0000] {dagbag.py:536} INFO - Filling up the DagBag from /home/airflow/.local/lib/python3.8/site-packages/airflow/example_dags/example_skip_dag.py
[2023-10-21T05:36:27.073+0000] {processor.py:839} INFO - DAG(s) dict_keys(['example_skip_dag']) retrieved from /home/airflow/.local/lib/python3.8/site-packages/airflow/example_dags/example_skip_dag.py
[2023-10-21T05:36:27.090+0000] {logging_mixin.py:151} INFO - [2023-10-21T05:36:27.090+0000] {dag.py:2941} INFO - Sync 1 DAGs
[2023-10-21T05:36:27.109+0000] {logging_mixin.py:151} INFO - [2023-10-21T05:36:27.109+0000] {dag.py:3722} INFO - Setting next_dagrun for example_skip_dag to 2023-10-20T05:36:27.109099+00:00, run_after=2023-10-21T05:36:27.109099+00:00
[2023-10-21T05:36:27.125+0000] {processor.py:179} INFO - Processing /home/airflow/.local/lib/python3.8/site-packages/airflow/example_dags/example_skip_dag.py took 0.061 seconds
[2023-10-21T05:36:57.346+0000] {processor.py:157} INFO - Started process (PID=2558) to work on /home/airflow/.local/lib/python3.8/site-packages/airflow/example_dags/example_skip_dag.py
[2023-10-21T05:36:57.347+0000] {processor.py:829} INFO - Processing file /home/airflow/.local/lib/python3.8/site-packages/airflow/example_dags/example_skip_dag.py for tasks to queue
[2023-10-21T05:36:57.348+0000] {logging_mixin.py:151} INFO - [2023-10-21T05:36:57.348+0000] {dagbag.py:536} INFO - Filling up the DagBag from /home/airflow/.local/lib/python3.8/site-packages/airflow/example_dags/example_skip_dag.py
[2023-10-21T05:36:57.353+0000] {processor.py:839} INFO - DAG(s) dict_keys(['example_skip_dag']) retrieved from /home/airflow/.local/lib/python3.8/site-packages/airflow/example_dags/example_skip_dag.py
[2023-10-21T05:36:57.370+0000] {logging_mixin.py:151} INFO - [2023-10-21T05:36:57.369+0000] {dag.py:2941} INFO - Sync 1 DAGs
[2023-10-21T05:36:57.388+0000] {logging_mixin.py:151} INFO - [2023-10-21T05:36:57.388+0000] {dag.py:3722} INFO - Setting next_dagrun for example_skip_dag to 2023-10-20T05:36:57.388468+00:00, run_after=2023-10-21T05:36:57.388468+00:00
[2023-10-21T05:36:57.405+0000] {processor.py:179} INFO - Processing /home/airflow/.local/lib/python3.8/site-packages/airflow/example_dags/example_skip_dag.py took 0.060 seconds
[2023-10-21T05:37:27.577+0000] {processor.py:157} INFO - Started process (PID=2794) to work on /home/airflow/.local/lib/python3.8/site-packages/airflow/example_dags/example_skip_dag.py
[2023-10-21T05:37:27.578+0000] {processor.py:829} INFO - Processing file /home/airflow/.local/lib/python3.8/site-packages/airflow/example_dags/example_skip_dag.py for tasks to queue
[2023-10-21T05:37:27.579+0000] {logging_mixin.py:151} INFO - [2023-10-21T05:37:27.579+0000] {dagbag.py:536} INFO - Filling up the DagBag from /home/airflow/.local/lib/python3.8/site-packages/airflow/example_dags/example_skip_dag.py
[2023-10-21T05:37:27.584+0000] {processor.py:839} INFO - DAG(s) dict_keys(['example_skip_dag']) retrieved from /home/airflow/.local/lib/python3.8/site-packages/airflow/example_dags/example_skip_dag.py
[2023-10-21T05:37:27.600+0000] {logging_mixin.py:151} INFO - [2023-10-21T05:37:27.600+0000] {dag.py:2941} INFO - Sync 1 DAGs
[2023-10-21T05:37:27.619+0000] {logging_mixin.py:151} INFO - [2023-10-21T05:37:27.618+0000] {dag.py:3722} INFO - Setting next_dagrun for example_skip_dag to 2023-10-20T05:37:27.618732+00:00, run_after=2023-10-21T05:37:27.618732+00:00
[2023-10-21T05:37:27.635+0000] {processor.py:179} INFO - Processing /home/airflow/.local/lib/python3.8/site-packages/airflow/example_dags/example_skip_dag.py took 0.060 seconds
[2023-10-21T05:37:58.089+0000] {processor.py:157} INFO - Started process (PID=3032) to work on /home/airflow/.local/lib/python3.8/site-packages/airflow/example_dags/example_skip_dag.py
[2023-10-21T05:37:58.090+0000] {processor.py:829} INFO - Processing file /home/airflow/.local/lib/python3.8/site-packages/airflow/example_dags/example_skip_dag.py for tasks to queue
[2023-10-21T05:37:58.090+0000] {logging_mixin.py:151} INFO - [2023-10-21T05:37:58.090+0000] {dagbag.py:536} INFO - Filling up the DagBag from /home/airflow/.local/lib/python3.8/site-packages/airflow/example_dags/example_skip_dag.py
[2023-10-21T05:37:58.097+0000] {processor.py:839} INFO - DAG(s) dict_keys(['example_skip_dag']) retrieved from /home/airflow/.local/lib/python3.8/site-packages/airflow/example_dags/example_skip_dag.py
[2023-10-21T05:37:58.120+0000] {logging_mixin.py:151} INFO - [2023-10-21T05:37:58.120+0000] {dag.py:2941} INFO - Sync 1 DAGs
[2023-10-21T05:37:58.144+0000] {logging_mixin.py:151} INFO - [2023-10-21T05:37:58.143+0000] {dag.py:3722} INFO - Setting next_dagrun for example_skip_dag to 2023-10-20T05:37:58.143446+00:00, run_after=2023-10-21T05:37:58.143446+00:00
[2023-10-21T05:37:58.166+0000] {processor.py:179} INFO - Processing /home/airflow/.local/lib/python3.8/site-packages/airflow/example_dags/example_skip_dag.py took 0.079 seconds
[2023-10-21T05:38:28.618+0000] {processor.py:157} INFO - Started process (PID=3270) to work on /home/airflow/.local/lib/python3.8/site-packages/airflow/example_dags/example_skip_dag.py
[2023-10-21T05:38:28.619+0000] {processor.py:829} INFO - Processing file /home/airflow/.local/lib/python3.8/site-packages/airflow/example_dags/example_skip_dag.py for tasks to queue
[2023-10-21T05:38:28.620+0000] {logging_mixin.py:151} INFO - [2023-10-21T05:38:28.620+0000] {dagbag.py:536} INFO - Filling up the DagBag from /home/airflow/.local/lib/python3.8/site-packages/airflow/example_dags/example_skip_dag.py
[2023-10-21T05:38:28.631+0000] {processor.py:839} INFO - DAG(s) dict_keys(['example_skip_dag']) retrieved from /home/airflow/.local/lib/python3.8/site-packages/airflow/example_dags/example_skip_dag.py
[2023-10-21T05:38:28.656+0000] {logging_mixin.py:151} INFO - [2023-10-21T05:38:28.656+0000] {dag.py:2941} INFO - Sync 1 DAGs
[2023-10-21T05:38:28.691+0000] {logging_mixin.py:151} INFO - [2023-10-21T05:38:28.690+0000] {dag.py:3722} INFO - Setting next_dagrun for example_skip_dag to 2023-10-20T05:38:28.690502+00:00, run_after=2023-10-21T05:38:28.690502+00:00
[2023-10-21T05:38:28.716+0000] {processor.py:179} INFO - Processing /home/airflow/.local/lib/python3.8/site-packages/airflow/example_dags/example_skip_dag.py took 0.103 seconds
[2023-10-21T05:38:58.831+0000] {processor.py:157} INFO - Started process (PID=3508) to work on /home/airflow/.local/lib/python3.8/site-packages/airflow/example_dags/example_skip_dag.py
[2023-10-21T05:38:58.832+0000] {processor.py:829} INFO - Processing file /home/airflow/.local/lib/python3.8/site-packages/airflow/example_dags/example_skip_dag.py for tasks to queue
[2023-10-21T05:38:58.832+0000] {logging_mixin.py:151} INFO - [2023-10-21T05:38:58.832+0000] {dagbag.py:536} INFO - Filling up the DagBag from /home/airflow/.local/lib/python3.8/site-packages/airflow/example_dags/example_skip_dag.py
[2023-10-21T05:38:58.838+0000] {processor.py:839} INFO - DAG(s) dict_keys(['example_skip_dag']) retrieved from /home/airflow/.local/lib/python3.8/site-packages/airflow/example_dags/example_skip_dag.py
[2023-10-21T05:38:58.861+0000] {logging_mixin.py:151} INFO - [2023-10-21T05:38:58.860+0000] {dag.py:2941} INFO - Sync 1 DAGs
[2023-10-21T05:38:58.885+0000] {logging_mixin.py:151} INFO - [2023-10-21T05:38:58.885+0000] {dag.py:3722} INFO - Setting next_dagrun for example_skip_dag to 2023-10-20T05:38:58.884950+00:00, run_after=2023-10-21T05:38:58.884950+00:00
[2023-10-21T05:38:58.908+0000] {processor.py:179} INFO - Processing /home/airflow/.local/lib/python3.8/site-packages/airflow/example_dags/example_skip_dag.py took 0.080 seconds
[2023-10-21T05:39:28.964+0000] {processor.py:157} INFO - Started process (PID=3746) to work on /home/airflow/.local/lib/python3.8/site-packages/airflow/example_dags/example_skip_dag.py
[2023-10-21T05:39:28.965+0000] {processor.py:829} INFO - Processing file /home/airflow/.local/lib/python3.8/site-packages/airflow/example_dags/example_skip_dag.py for tasks to queue
[2023-10-21T05:39:28.965+0000] {logging_mixin.py:151} INFO - [2023-10-21T05:39:28.965+0000] {dagbag.py:536} INFO - Filling up the DagBag from /home/airflow/.local/lib/python3.8/site-packages/airflow/example_dags/example_skip_dag.py
[2023-10-21T05:39:28.971+0000] {processor.py:839} INFO - DAG(s) dict_keys(['example_skip_dag']) retrieved from /home/airflow/.local/lib/python3.8/site-packages/airflow/example_dags/example_skip_dag.py
[2023-10-21T05:39:28.990+0000] {logging_mixin.py:151} INFO - [2023-10-21T05:39:28.990+0000] {dag.py:2941} INFO - Sync 1 DAGs
[2023-10-21T05:39:29.010+0000] {logging_mixin.py:151} INFO - [2023-10-21T05:39:29.010+0000] {dag.py:3722} INFO - Setting next_dagrun for example_skip_dag to 2023-10-20T05:39:29.010489+00:00, run_after=2023-10-21T05:39:29.010489+00:00
[2023-10-21T05:39:29.029+0000] {processor.py:179} INFO - Processing /home/airflow/.local/lib/python3.8/site-packages/airflow/example_dags/example_skip_dag.py took 0.067 seconds
[2023-10-21T05:39:59.813+0000] {processor.py:157} INFO - Started process (PID=3984) to work on /home/airflow/.local/lib/python3.8/site-packages/airflow/example_dags/example_skip_dag.py
[2023-10-21T05:39:59.813+0000] {processor.py:829} INFO - Processing file /home/airflow/.local/lib/python3.8/site-packages/airflow/example_dags/example_skip_dag.py for tasks to queue
[2023-10-21T05:39:59.814+0000] {logging_mixin.py:151} INFO - [2023-10-21T05:39:59.813+0000] {dagbag.py:536} INFO - Filling up the DagBag from /home/airflow/.local/lib/python3.8/site-packages/airflow/example_dags/example_skip_dag.py
[2023-10-21T05:39:59.821+0000] {processor.py:839} INFO - DAG(s) dict_keys(['example_skip_dag']) retrieved from /home/airflow/.local/lib/python3.8/site-packages/airflow/example_dags/example_skip_dag.py
[2023-10-21T05:39:59.860+0000] {logging_mixin.py:151} INFO - [2023-10-21T05:39:59.860+0000] {dag.py:2941} INFO - Sync 1 DAGs
[2023-10-21T05:39:59.890+0000] {logging_mixin.py:151} INFO - [2023-10-21T05:39:59.890+0000] {dag.py:3722} INFO - Setting next_dagrun for example_skip_dag to 2023-10-20T05:39:59.889929+00:00, run_after=2023-10-21T05:39:59.889929+00:00
[2023-10-21T05:39:59.912+0000] {processor.py:179} INFO - Processing /home/airflow/.local/lib/python3.8/site-packages/airflow/example_dags/example_skip_dag.py took 0.102 seconds
[2023-10-21T05:40:30.717+0000] {processor.py:157} INFO - Started process (PID=4222) to work on /home/airflow/.local/lib/python3.8/site-packages/airflow/example_dags/example_skip_dag.py
[2023-10-21T05:40:30.718+0000] {processor.py:829} INFO - Processing file /home/airflow/.local/lib/python3.8/site-packages/airflow/example_dags/example_skip_dag.py for tasks to queue
[2023-10-21T05:40:30.719+0000] {logging_mixin.py:151} INFO - [2023-10-21T05:40:30.718+0000] {dagbag.py:536} INFO - Filling up the DagBag from /home/airflow/.local/lib/python3.8/site-packages/airflow/example_dags/example_skip_dag.py
[2023-10-21T05:40:30.725+0000] {processor.py:839} INFO - DAG(s) dict_keys(['example_skip_dag']) retrieved from /home/airflow/.local/lib/python3.8/site-packages/airflow/example_dags/example_skip_dag.py
[2023-10-21T05:40:30.745+0000] {logging_mixin.py:151} INFO - [2023-10-21T05:40:30.744+0000] {dag.py:2941} INFO - Sync 1 DAGs
[2023-10-21T05:40:30.773+0000] {logging_mixin.py:151} INFO - [2023-10-21T05:40:30.773+0000] {dag.py:3722} INFO - Setting next_dagrun for example_skip_dag to 2023-10-20T05:40:30.772805+00:00, run_after=2023-10-21T05:40:30.772805+00:00
[2023-10-21T05:40:30.795+0000] {processor.py:179} INFO - Processing /home/airflow/.local/lib/python3.8/site-packages/airflow/example_dags/example_skip_dag.py took 0.081 seconds
[2023-10-21T05:41:00.843+0000] {processor.py:157} INFO - Started process (PID=4461) to work on /home/airflow/.local/lib/python3.8/site-packages/airflow/example_dags/example_skip_dag.py
[2023-10-21T05:41:00.843+0000] {processor.py:829} INFO - Processing file /home/airflow/.local/lib/python3.8/site-packages/airflow/example_dags/example_skip_dag.py for tasks to queue
[2023-10-21T05:41:00.843+0000] {logging_mixin.py:151} INFO - [2023-10-21T05:41:00.843+0000] {dagbag.py:536} INFO - Filling up the DagBag from /home/airflow/.local/lib/python3.8/site-packages/airflow/example_dags/example_skip_dag.py
[2023-10-21T05:41:00.849+0000] {processor.py:839} INFO - DAG(s) dict_keys(['example_skip_dag']) retrieved from /home/airflow/.local/lib/python3.8/site-packages/airflow/example_dags/example_skip_dag.py
[2023-10-21T05:41:00.865+0000] {logging_mixin.py:151} INFO - [2023-10-21T05:41:00.865+0000] {dag.py:2941} INFO - Sync 1 DAGs
[2023-10-21T05:41:00.884+0000] {logging_mixin.py:151} INFO - [2023-10-21T05:41:00.884+0000] {dag.py:3722} INFO - Setting next_dagrun for example_skip_dag to 2023-10-20T05:41:00.883887+00:00, run_after=2023-10-21T05:41:00.883887+00:00
[2023-10-21T05:41:00.901+0000] {processor.py:179} INFO - Processing /home/airflow/.local/lib/python3.8/site-packages/airflow/example_dags/example_skip_dag.py took 0.060 seconds
