[2023-10-21T05:32:21.588+0000] {processor.py:157} INFO - Started process (PID=256) to work on /home/airflow/.local/lib/python3.8/site-packages/airflow/example_dags/example_sensor_decorator.py
[2023-10-21T05:32:21.589+0000] {processor.py:829} INFO - Processing file /home/airflow/.local/lib/python3.8/site-packages/airflow/example_dags/example_sensor_decorator.py for tasks to queue
[2023-10-21T05:32:21.589+0000] {logging_mixin.py:151} INFO - [2023-10-21T05:32:21.589+0000] {dagbag.py:536} INFO - Filling up the DagBag from /home/airflow/.local/lib/python3.8/site-packages/airflow/example_dags/example_sensor_decorator.py
[2023-10-21T05:32:21.597+0000] {processor.py:839} INFO - DAG(s) dict_keys(['example_sensor_decorator']) retrieved from /home/airflow/.local/lib/python3.8/site-packages/airflow/example_dags/example_sensor_decorator.py
[2023-10-21T05:32:21.608+0000] {logging_mixin.py:151} INFO - [2023-10-21T05:32:21.607+0000] {dag.py:2941} INFO - Sync 1 DAGs
[2023-10-21T05:32:21.622+0000] {logging_mixin.py:151} INFO - [2023-10-21T05:32:21.622+0000] {dag.py:3722} INFO - Setting next_dagrun for example_sensor_decorator to None, run_after=None
[2023-10-21T05:32:21.646+0000] {processor.py:179} INFO - Processing /home/airflow/.local/lib/python3.8/site-packages/airflow/example_dags/example_sensor_decorator.py took 0.061 seconds
[2023-10-21T05:32:52.164+0000] {processor.py:157} INFO - Started process (PID=496) to work on /home/airflow/.local/lib/python3.8/site-packages/airflow/example_dags/example_sensor_decorator.py
[2023-10-21T05:32:52.164+0000] {processor.py:829} INFO - Processing file /home/airflow/.local/lib/python3.8/site-packages/airflow/example_dags/example_sensor_decorator.py for tasks to queue
[2023-10-21T05:32:52.165+0000] {logging_mixin.py:151} INFO - [2023-10-21T05:32:52.165+0000] {dagbag.py:536} INFO - Filling up the DagBag from /home/airflow/.local/lib/python3.8/site-packages/airflow/example_dags/example_sensor_decorator.py
[2023-10-21T05:32:52.169+0000] {processor.py:839} INFO - DAG(s) dict_keys(['example_sensor_decorator']) retrieved from /home/airflow/.local/lib/python3.8/site-packages/airflow/example_dags/example_sensor_decorator.py
[2023-10-21T05:32:52.185+0000] {logging_mixin.py:151} INFO - [2023-10-21T05:32:52.184+0000] {dag.py:2941} INFO - Sync 1 DAGs
[2023-10-21T05:32:52.195+0000] {logging_mixin.py:151} INFO - [2023-10-21T05:32:52.194+0000] {dag.py:3722} INFO - Setting next_dagrun for example_sensor_decorator to None, run_after=None
[2023-10-21T05:32:52.211+0000] {processor.py:179} INFO - Processing /home/airflow/.local/lib/python3.8/site-packages/airflow/example_dags/example_sensor_decorator.py took 0.050 seconds
[2023-10-21T05:33:22.668+0000] {processor.py:157} INFO - Started process (PID=734) to work on /home/airflow/.local/lib/python3.8/site-packages/airflow/example_dags/example_sensor_decorator.py
[2023-10-21T05:33:22.669+0000] {processor.py:829} INFO - Processing file /home/airflow/.local/lib/python3.8/site-packages/airflow/example_dags/example_sensor_decorator.py for tasks to queue
[2023-10-21T05:33:22.670+0000] {logging_mixin.py:151} INFO - [2023-10-21T05:33:22.669+0000] {dagbag.py:536} INFO - Filling up the DagBag from /home/airflow/.local/lib/python3.8/site-packages/airflow/example_dags/example_sensor_decorator.py
[2023-10-21T05:33:22.674+0000] {processor.py:839} INFO - DAG(s) dict_keys(['example_sensor_decorator']) retrieved from /home/airflow/.local/lib/python3.8/site-packages/airflow/example_dags/example_sensor_decorator.py
[2023-10-21T05:33:22.691+0000] {logging_mixin.py:151} INFO - [2023-10-21T05:33:22.691+0000] {dag.py:2941} INFO - Sync 1 DAGs
[2023-10-21T05:33:22.703+0000] {logging_mixin.py:151} INFO - [2023-10-21T05:33:22.702+0000] {dag.py:3722} INFO - Setting next_dagrun for example_sensor_decorator to None, run_after=None
[2023-10-21T05:33:22.721+0000] {processor.py:179} INFO - Processing /home/airflow/.local/lib/python3.8/site-packages/airflow/example_dags/example_sensor_decorator.py took 0.056 seconds
[2023-10-21T05:33:53.672+0000] {processor.py:157} INFO - Started process (PID=972) to work on /home/airflow/.local/lib/python3.8/site-packages/airflow/example_dags/example_sensor_decorator.py
[2023-10-21T05:33:53.672+0000] {processor.py:829} INFO - Processing file /home/airflow/.local/lib/python3.8/site-packages/airflow/example_dags/example_sensor_decorator.py for tasks to queue
[2023-10-21T05:33:53.673+0000] {logging_mixin.py:151} INFO - [2023-10-21T05:33:53.672+0000] {dagbag.py:536} INFO - Filling up the DagBag from /home/airflow/.local/lib/python3.8/site-packages/airflow/example_dags/example_sensor_decorator.py
[2023-10-21T05:33:53.677+0000] {processor.py:839} INFO - DAG(s) dict_keys(['example_sensor_decorator']) retrieved from /home/airflow/.local/lib/python3.8/site-packages/airflow/example_dags/example_sensor_decorator.py
[2023-10-21T05:33:53.698+0000] {logging_mixin.py:151} INFO - [2023-10-21T05:33:53.698+0000] {dag.py:2941} INFO - Sync 1 DAGs
[2023-10-21T05:33:53.710+0000] {logging_mixin.py:151} INFO - [2023-10-21T05:33:53.710+0000] {dag.py:3722} INFO - Setting next_dagrun for example_sensor_decorator to None, run_after=None
[2023-10-21T05:33:53.734+0000] {processor.py:179} INFO - Processing /home/airflow/.local/lib/python3.8/site-packages/airflow/example_dags/example_sensor_decorator.py took 0.064 seconds
[2023-10-21T05:34:24.193+0000] {processor.py:157} INFO - Started process (PID=1210) to work on /home/airflow/.local/lib/python3.8/site-packages/airflow/example_dags/example_sensor_decorator.py
[2023-10-21T05:34:24.194+0000] {processor.py:829} INFO - Processing file /home/airflow/.local/lib/python3.8/site-packages/airflow/example_dags/example_sensor_decorator.py for tasks to queue
[2023-10-21T05:34:24.195+0000] {logging_mixin.py:151} INFO - [2023-10-21T05:34:24.194+0000] {dagbag.py:536} INFO - Filling up the DagBag from /home/airflow/.local/lib/python3.8/site-packages/airflow/example_dags/example_sensor_decorator.py
[2023-10-21T05:34:24.201+0000] {processor.py:839} INFO - DAG(s) dict_keys(['example_sensor_decorator']) retrieved from /home/airflow/.local/lib/python3.8/site-packages/airflow/example_dags/example_sensor_decorator.py
[2023-10-21T05:34:24.220+0000] {logging_mixin.py:151} INFO - [2023-10-21T05:34:24.220+0000] {dag.py:2941} INFO - Sync 1 DAGs
[2023-10-21T05:34:24.233+0000] {logging_mixin.py:151} INFO - [2023-10-21T05:34:24.233+0000] {dag.py:3722} INFO - Setting next_dagrun for example_sensor_decorator to None, run_after=None
[2023-10-21T05:34:24.262+0000] {processor.py:179} INFO - Processing /home/airflow/.local/lib/python3.8/site-packages/airflow/example_dags/example_sensor_decorator.py took 0.072 seconds
[2023-10-21T05:34:54.947+0000] {processor.py:157} INFO - Started process (PID=1448) to work on /home/airflow/.local/lib/python3.8/site-packages/airflow/example_dags/example_sensor_decorator.py
[2023-10-21T05:34:54.947+0000] {processor.py:829} INFO - Processing file /home/airflow/.local/lib/python3.8/site-packages/airflow/example_dags/example_sensor_decorator.py for tasks to queue
[2023-10-21T05:34:54.948+0000] {logging_mixin.py:151} INFO - [2023-10-21T05:34:54.947+0000] {dagbag.py:536} INFO - Filling up the DagBag from /home/airflow/.local/lib/python3.8/site-packages/airflow/example_dags/example_sensor_decorator.py
[2023-10-21T05:34:54.951+0000] {processor.py:839} INFO - DAG(s) dict_keys(['example_sensor_decorator']) retrieved from /home/airflow/.local/lib/python3.8/site-packages/airflow/example_dags/example_sensor_decorator.py
[2023-10-21T05:34:54.968+0000] {logging_mixin.py:151} INFO - [2023-10-21T05:34:54.968+0000] {dag.py:2941} INFO - Sync 1 DAGs
[2023-10-21T05:34:54.978+0000] {logging_mixin.py:151} INFO - [2023-10-21T05:34:54.978+0000] {dag.py:3722} INFO - Setting next_dagrun for example_sensor_decorator to None, run_after=None
[2023-10-21T05:34:54.995+0000] {processor.py:179} INFO - Processing /home/airflow/.local/lib/python3.8/site-packages/airflow/example_dags/example_sensor_decorator.py took 0.050 seconds
[2023-10-21T05:35:25.256+0000] {processor.py:157} INFO - Started process (PID=1686) to work on /home/airflow/.local/lib/python3.8/site-packages/airflow/example_dags/example_sensor_decorator.py
[2023-10-21T05:35:25.257+0000] {processor.py:829} INFO - Processing file /home/airflow/.local/lib/python3.8/site-packages/airflow/example_dags/example_sensor_decorator.py for tasks to queue
[2023-10-21T05:35:25.258+0000] {logging_mixin.py:151} INFO - [2023-10-21T05:35:25.257+0000] {dagbag.py:536} INFO - Filling up the DagBag from /home/airflow/.local/lib/python3.8/site-packages/airflow/example_dags/example_sensor_decorator.py
[2023-10-21T05:35:25.262+0000] {processor.py:839} INFO - DAG(s) dict_keys(['example_sensor_decorator']) retrieved from /home/airflow/.local/lib/python3.8/site-packages/airflow/example_dags/example_sensor_decorator.py
[2023-10-21T05:35:25.279+0000] {logging_mixin.py:151} INFO - [2023-10-21T05:35:25.279+0000] {dag.py:2941} INFO - Sync 1 DAGs
[2023-10-21T05:35:25.290+0000] {logging_mixin.py:151} INFO - [2023-10-21T05:35:25.290+0000] {dag.py:3722} INFO - Setting next_dagrun for example_sensor_decorator to None, run_after=None
[2023-10-21T05:35:25.311+0000] {processor.py:179} INFO - Processing /home/airflow/.local/lib/python3.8/site-packages/airflow/example_dags/example_sensor_decorator.py took 0.057 seconds
[2023-10-21T05:35:55.363+0000] {processor.py:157} INFO - Started process (PID=1922) to work on /home/airflow/.local/lib/python3.8/site-packages/airflow/example_dags/example_sensor_decorator.py
[2023-10-21T05:35:55.364+0000] {processor.py:829} INFO - Processing file /home/airflow/.local/lib/python3.8/site-packages/airflow/example_dags/example_sensor_decorator.py for tasks to queue
[2023-10-21T05:35:55.365+0000] {logging_mixin.py:151} INFO - [2023-10-21T05:35:55.364+0000] {dagbag.py:536} INFO - Filling up the DagBag from /home/airflow/.local/lib/python3.8/site-packages/airflow/example_dags/example_sensor_decorator.py
[2023-10-21T05:35:55.371+0000] {processor.py:839} INFO - DAG(s) dict_keys(['example_sensor_decorator']) retrieved from /home/airflow/.local/lib/python3.8/site-packages/airflow/example_dags/example_sensor_decorator.py
[2023-10-21T05:35:55.389+0000] {logging_mixin.py:151} INFO - [2023-10-21T05:35:55.389+0000] {dag.py:2941} INFO - Sync 1 DAGs
[2023-10-21T05:35:55.401+0000] {logging_mixin.py:151} INFO - [2023-10-21T05:35:55.401+0000] {dag.py:3722} INFO - Setting next_dagrun for example_sensor_decorator to None, run_after=None
[2023-10-21T05:35:55.420+0000] {processor.py:179} INFO - Processing /home/airflow/.local/lib/python3.8/site-packages/airflow/example_dags/example_sensor_decorator.py took 0.060 seconds
[2023-10-21T05:36:26.042+0000] {processor.py:157} INFO - Started process (PID=2208) to work on /home/airflow/.local/lib/python3.8/site-packages/airflow/example_dags/example_sensor_decorator.py
[2023-10-21T05:36:26.042+0000] {processor.py:829} INFO - Processing file /home/airflow/.local/lib/python3.8/site-packages/airflow/example_dags/example_sensor_decorator.py for tasks to queue
[2023-10-21T05:36:26.043+0000] {logging_mixin.py:151} INFO - [2023-10-21T05:36:26.043+0000] {dagbag.py:536} INFO - Filling up the DagBag from /home/airflow/.local/lib/python3.8/site-packages/airflow/example_dags/example_sensor_decorator.py
[2023-10-21T05:36:26.047+0000] {processor.py:839} INFO - DAG(s) dict_keys(['example_sensor_decorator']) retrieved from /home/airflow/.local/lib/python3.8/site-packages/airflow/example_dags/example_sensor_decorator.py
[2023-10-21T05:36:26.063+0000] {logging_mixin.py:151} INFO - [2023-10-21T05:36:26.063+0000] {dag.py:2941} INFO - Sync 1 DAGs
[2023-10-21T05:36:26.073+0000] {logging_mixin.py:151} INFO - [2023-10-21T05:36:26.073+0000] {dag.py:3722} INFO - Setting next_dagrun for example_sensor_decorator to None, run_after=None
[2023-10-21T05:36:26.091+0000] {processor.py:179} INFO - Processing /home/airflow/.local/lib/python3.8/site-packages/airflow/example_dags/example_sensor_decorator.py took 0.051 seconds
[2023-10-21T05:36:56.316+0000] {processor.py:157} INFO - Started process (PID=2446) to work on /home/airflow/.local/lib/python3.8/site-packages/airflow/example_dags/example_sensor_decorator.py
[2023-10-21T05:36:56.316+0000] {processor.py:829} INFO - Processing file /home/airflow/.local/lib/python3.8/site-packages/airflow/example_dags/example_sensor_decorator.py for tasks to queue
[2023-10-21T05:36:56.317+0000] {logging_mixin.py:151} INFO - [2023-10-21T05:36:56.317+0000] {dagbag.py:536} INFO - Filling up the DagBag from /home/airflow/.local/lib/python3.8/site-packages/airflow/example_dags/example_sensor_decorator.py
[2023-10-21T05:36:56.321+0000] {processor.py:839} INFO - DAG(s) dict_keys(['example_sensor_decorator']) retrieved from /home/airflow/.local/lib/python3.8/site-packages/airflow/example_dags/example_sensor_decorator.py
[2023-10-21T05:36:56.336+0000] {logging_mixin.py:151} INFO - [2023-10-21T05:36:56.336+0000] {dag.py:2941} INFO - Sync 1 DAGs
[2023-10-21T05:36:56.347+0000] {logging_mixin.py:151} INFO - [2023-10-21T05:36:56.347+0000] {dag.py:3722} INFO - Setting next_dagrun for example_sensor_decorator to None, run_after=None
[2023-10-21T05:36:56.365+0000] {processor.py:179} INFO - Processing /home/airflow/.local/lib/python3.8/site-packages/airflow/example_dags/example_sensor_decorator.py took 0.052 seconds
[2023-10-21T05:37:26.559+0000] {processor.py:157} INFO - Started process (PID=2686) to work on /home/airflow/.local/lib/python3.8/site-packages/airflow/example_dags/example_sensor_decorator.py
[2023-10-21T05:37:26.560+0000] {processor.py:829} INFO - Processing file /home/airflow/.local/lib/python3.8/site-packages/airflow/example_dags/example_sensor_decorator.py for tasks to queue
[2023-10-21T05:37:26.561+0000] {logging_mixin.py:151} INFO - [2023-10-21T05:37:26.560+0000] {dagbag.py:536} INFO - Filling up the DagBag from /home/airflow/.local/lib/python3.8/site-packages/airflow/example_dags/example_sensor_decorator.py
[2023-10-21T05:37:26.565+0000] {processor.py:839} INFO - DAG(s) dict_keys(['example_sensor_decorator']) retrieved from /home/airflow/.local/lib/python3.8/site-packages/airflow/example_dags/example_sensor_decorator.py
[2023-10-21T05:37:26.581+0000] {logging_mixin.py:151} INFO - [2023-10-21T05:37:26.580+0000] {dag.py:2941} INFO - Sync 1 DAGs
[2023-10-21T05:37:26.591+0000] {logging_mixin.py:151} INFO - [2023-10-21T05:37:26.591+0000] {dag.py:3722} INFO - Setting next_dagrun for example_sensor_decorator to None, run_after=None
[2023-10-21T05:37:26.609+0000] {processor.py:179} INFO - Processing /home/airflow/.local/lib/python3.8/site-packages/airflow/example_dags/example_sensor_decorator.py took 0.052 seconds
[2023-10-21T05:37:56.688+0000] {processor.py:157} INFO - Started process (PID=2922) to work on /home/airflow/.local/lib/python3.8/site-packages/airflow/example_dags/example_sensor_decorator.py
[2023-10-21T05:37:56.689+0000] {processor.py:829} INFO - Processing file /home/airflow/.local/lib/python3.8/site-packages/airflow/example_dags/example_sensor_decorator.py for tasks to queue
[2023-10-21T05:37:56.689+0000] {logging_mixin.py:151} INFO - [2023-10-21T05:37:56.689+0000] {dagbag.py:536} INFO - Filling up the DagBag from /home/airflow/.local/lib/python3.8/site-packages/airflow/example_dags/example_sensor_decorator.py
[2023-10-21T05:37:56.696+0000] {processor.py:839} INFO - DAG(s) dict_keys(['example_sensor_decorator']) retrieved from /home/airflow/.local/lib/python3.8/site-packages/airflow/example_dags/example_sensor_decorator.py
[2023-10-21T05:37:56.716+0000] {logging_mixin.py:151} INFO - [2023-10-21T05:37:56.716+0000] {dag.py:2941} INFO - Sync 1 DAGs
[2023-10-21T05:37:56.729+0000] {logging_mixin.py:151} INFO - [2023-10-21T05:37:56.729+0000] {dag.py:3722} INFO - Setting next_dagrun for example_sensor_decorator to None, run_after=None
[2023-10-21T05:37:56.751+0000] {processor.py:179} INFO - Processing /home/airflow/.local/lib/python3.8/site-packages/airflow/example_dags/example_sensor_decorator.py took 0.066 seconds
[2023-10-21T05:38:27.336+0000] {processor.py:157} INFO - Started process (PID=3162) to work on /home/airflow/.local/lib/python3.8/site-packages/airflow/example_dags/example_sensor_decorator.py
[2023-10-21T05:38:27.337+0000] {processor.py:829} INFO - Processing file /home/airflow/.local/lib/python3.8/site-packages/airflow/example_dags/example_sensor_decorator.py for tasks to queue
[2023-10-21T05:38:27.338+0000] {logging_mixin.py:151} INFO - [2023-10-21T05:38:27.338+0000] {dagbag.py:536} INFO - Filling up the DagBag from /home/airflow/.local/lib/python3.8/site-packages/airflow/example_dags/example_sensor_decorator.py
[2023-10-21T05:38:27.344+0000] {processor.py:839} INFO - DAG(s) dict_keys(['example_sensor_decorator']) retrieved from /home/airflow/.local/lib/python3.8/site-packages/airflow/example_dags/example_sensor_decorator.py
[2023-10-21T05:38:27.365+0000] {logging_mixin.py:151} INFO - [2023-10-21T05:38:27.365+0000] {dag.py:2941} INFO - Sync 1 DAGs
[2023-10-21T05:38:27.380+0000] {logging_mixin.py:151} INFO - [2023-10-21T05:38:27.379+0000] {dag.py:3722} INFO - Setting next_dagrun for example_sensor_decorator to None, run_after=None
[2023-10-21T05:38:27.401+0000] {processor.py:179} INFO - Processing /home/airflow/.local/lib/python3.8/site-packages/airflow/example_dags/example_sensor_decorator.py took 0.067 seconds
[2023-10-21T05:38:57.557+0000] {processor.py:157} INFO - Started process (PID=3398) to work on /home/airflow/.local/lib/python3.8/site-packages/airflow/example_dags/example_sensor_decorator.py
[2023-10-21T05:38:57.558+0000] {processor.py:829} INFO - Processing file /home/airflow/.local/lib/python3.8/site-packages/airflow/example_dags/example_sensor_decorator.py for tasks to queue
[2023-10-21T05:38:57.559+0000] {logging_mixin.py:151} INFO - [2023-10-21T05:38:57.558+0000] {dagbag.py:536} INFO - Filling up the DagBag from /home/airflow/.local/lib/python3.8/site-packages/airflow/example_dags/example_sensor_decorator.py
[2023-10-21T05:38:57.563+0000] {processor.py:839} INFO - DAG(s) dict_keys(['example_sensor_decorator']) retrieved from /home/airflow/.local/lib/python3.8/site-packages/airflow/example_dags/example_sensor_decorator.py
[2023-10-21T05:38:57.583+0000] {logging_mixin.py:151} INFO - [2023-10-21T05:38:57.583+0000] {dag.py:2941} INFO - Sync 1 DAGs
[2023-10-21T05:38:57.597+0000] {logging_mixin.py:151} INFO - [2023-10-21T05:38:57.597+0000] {dag.py:3722} INFO - Setting next_dagrun for example_sensor_decorator to None, run_after=None
[2023-10-21T05:38:57.618+0000] {processor.py:179} INFO - Processing /home/airflow/.local/lib/python3.8/site-packages/airflow/example_dags/example_sensor_decorator.py took 0.064 seconds
[2023-10-21T05:39:27.779+0000] {processor.py:157} INFO - Started process (PID=3636) to work on /home/airflow/.local/lib/python3.8/site-packages/airflow/example_dags/example_sensor_decorator.py
[2023-10-21T05:39:27.780+0000] {processor.py:829} INFO - Processing file /home/airflow/.local/lib/python3.8/site-packages/airflow/example_dags/example_sensor_decorator.py for tasks to queue
[2023-10-21T05:39:27.781+0000] {logging_mixin.py:151} INFO - [2023-10-21T05:39:27.781+0000] {dagbag.py:536} INFO - Filling up the DagBag from /home/airflow/.local/lib/python3.8/site-packages/airflow/example_dags/example_sensor_decorator.py
[2023-10-21T05:39:27.785+0000] {processor.py:839} INFO - DAG(s) dict_keys(['example_sensor_decorator']) retrieved from /home/airflow/.local/lib/python3.8/site-packages/airflow/example_dags/example_sensor_decorator.py
[2023-10-21T05:39:27.802+0000] {logging_mixin.py:151} INFO - [2023-10-21T05:39:27.802+0000] {dag.py:2941} INFO - Sync 1 DAGs
[2023-10-21T05:39:27.813+0000] {logging_mixin.py:151} INFO - [2023-10-21T05:39:27.813+0000] {dag.py:3722} INFO - Setting next_dagrun for example_sensor_decorator to None, run_after=None
[2023-10-21T05:39:27.833+0000] {processor.py:179} INFO - Processing /home/airflow/.local/lib/python3.8/site-packages/airflow/example_dags/example_sensor_decorator.py took 0.056 seconds
[2023-10-21T05:39:58.664+0000] {processor.py:157} INFO - Started process (PID=3876) to work on /home/airflow/.local/lib/python3.8/site-packages/airflow/example_dags/example_sensor_decorator.py
[2023-10-21T05:39:58.665+0000] {processor.py:829} INFO - Processing file /home/airflow/.local/lib/python3.8/site-packages/airflow/example_dags/example_sensor_decorator.py for tasks to queue
[2023-10-21T05:39:58.666+0000] {logging_mixin.py:151} INFO - [2023-10-21T05:39:58.665+0000] {dagbag.py:536} INFO - Filling up the DagBag from /home/airflow/.local/lib/python3.8/site-packages/airflow/example_dags/example_sensor_decorator.py
[2023-10-21T05:39:58.673+0000] {processor.py:839} INFO - DAG(s) dict_keys(['example_sensor_decorator']) retrieved from /home/airflow/.local/lib/python3.8/site-packages/airflow/example_dags/example_sensor_decorator.py
[2023-10-21T05:39:58.698+0000] {logging_mixin.py:151} INFO - [2023-10-21T05:39:58.698+0000] {dag.py:2941} INFO - Sync 1 DAGs
[2023-10-21T05:39:58.713+0000] {logging_mixin.py:151} INFO - [2023-10-21T05:39:58.713+0000] {dag.py:3722} INFO - Setting next_dagrun for example_sensor_decorator to None, run_after=None
[2023-10-21T05:39:58.739+0000] {processor.py:179} INFO - Processing /home/airflow/.local/lib/python3.8/site-packages/airflow/example_dags/example_sensor_decorator.py took 0.078 seconds
[2023-10-21T05:40:29.477+0000] {processor.py:157} INFO - Started process (PID=4112) to work on /home/airflow/.local/lib/python3.8/site-packages/airflow/example_dags/example_sensor_decorator.py
[2023-10-21T05:40:29.478+0000] {processor.py:829} INFO - Processing file /home/airflow/.local/lib/python3.8/site-packages/airflow/example_dags/example_sensor_decorator.py for tasks to queue
[2023-10-21T05:40:29.479+0000] {logging_mixin.py:151} INFO - [2023-10-21T05:40:29.479+0000] {dagbag.py:536} INFO - Filling up the DagBag from /home/airflow/.local/lib/python3.8/site-packages/airflow/example_dags/example_sensor_decorator.py
[2023-10-21T05:40:29.484+0000] {processor.py:839} INFO - DAG(s) dict_keys(['example_sensor_decorator']) retrieved from /home/airflow/.local/lib/python3.8/site-packages/airflow/example_dags/example_sensor_decorator.py
[2023-10-21T05:40:29.500+0000] {logging_mixin.py:151} INFO - [2023-10-21T05:40:29.500+0000] {dag.py:2941} INFO - Sync 1 DAGs
[2023-10-21T05:40:29.511+0000] {logging_mixin.py:151} INFO - [2023-10-21T05:40:29.511+0000] {dag.py:3722} INFO - Setting next_dagrun for example_sensor_decorator to None, run_after=None
[2023-10-21T05:40:29.529+0000] {processor.py:179} INFO - Processing /home/airflow/.local/lib/python3.8/site-packages/airflow/example_dags/example_sensor_decorator.py took 0.054 seconds
[2023-10-21T05:40:59.857+0000] {processor.py:157} INFO - Started process (PID=4351) to work on /home/airflow/.local/lib/python3.8/site-packages/airflow/example_dags/example_sensor_decorator.py
[2023-10-21T05:40:59.858+0000] {processor.py:829} INFO - Processing file /home/airflow/.local/lib/python3.8/site-packages/airflow/example_dags/example_sensor_decorator.py for tasks to queue
[2023-10-21T05:40:59.858+0000] {logging_mixin.py:151} INFO - [2023-10-21T05:40:59.858+0000] {dagbag.py:536} INFO - Filling up the DagBag from /home/airflow/.local/lib/python3.8/site-packages/airflow/example_dags/example_sensor_decorator.py
[2023-10-21T05:40:59.862+0000] {processor.py:839} INFO - DAG(s) dict_keys(['example_sensor_decorator']) retrieved from /home/airflow/.local/lib/python3.8/site-packages/airflow/example_dags/example_sensor_decorator.py
[2023-10-21T05:40:59.878+0000] {logging_mixin.py:151} INFO - [2023-10-21T05:40:59.877+0000] {dag.py:2941} INFO - Sync 1 DAGs
[2023-10-21T05:40:59.891+0000] {logging_mixin.py:151} INFO - [2023-10-21T05:40:59.890+0000] {dag.py:3722} INFO - Setting next_dagrun for example_sensor_decorator to None, run_after=None
[2023-10-21T05:40:59.911+0000] {processor.py:179} INFO - Processing /home/airflow/.local/lib/python3.8/site-packages/airflow/example_dags/example_sensor_decorator.py took 0.056 seconds
