[2023-10-21T05:32:21.270+0000] {processor.py:157} INFO - Started process (PID=221) to work on /home/airflow/.local/lib/python3.8/site-packages/airflow/example_dags/example_setup_teardown.py
[2023-10-21T05:32:21.271+0000] {processor.py:829} INFO - Processing file /home/airflow/.local/lib/python3.8/site-packages/airflow/example_dags/example_setup_teardown.py for tasks to queue
[2023-10-21T05:32:21.272+0000] {logging_mixin.py:151} INFO - [2023-10-21T05:32:21.271+0000] {dagbag.py:536} INFO - Filling up the DagBag from /home/airflow/.local/lib/python3.8/site-packages/airflow/example_dags/example_setup_teardown.py
[2023-10-21T05:32:21.279+0000] {processor.py:839} INFO - DAG(s) dict_keys(['example_setup_teardown']) retrieved from /home/airflow/.local/lib/python3.8/site-packages/airflow/example_dags/example_setup_teardown.py
[2023-10-21T05:32:21.290+0000] {logging_mixin.py:151} INFO - [2023-10-21T05:32:21.290+0000] {dag.py:2941} INFO - Sync 1 DAGs
[2023-10-21T05:32:21.311+0000] {logging_mixin.py:151} INFO - [2023-10-21T05:32:21.311+0000] {dag.py:3722} INFO - Setting next_dagrun for example_setup_teardown to 2023-10-20T05:32:21.311136+00:00, run_after=2023-10-21T05:32:21.311136+00:00
[2023-10-21T05:32:21.334+0000] {processor.py:179} INFO - Processing /home/airflow/.local/lib/python3.8/site-packages/airflow/example_dags/example_setup_teardown.py took 0.066 seconds
[2023-10-21T05:32:51.655+0000] {processor.py:157} INFO - Started process (PID=459) to work on /home/airflow/.local/lib/python3.8/site-packages/airflow/example_dags/example_setup_teardown.py
[2023-10-21T05:32:51.656+0000] {processor.py:829} INFO - Processing file /home/airflow/.local/lib/python3.8/site-packages/airflow/example_dags/example_setup_teardown.py for tasks to queue
[2023-10-21T05:32:51.656+0000] {logging_mixin.py:151} INFO - [2023-10-21T05:32:51.656+0000] {dagbag.py:536} INFO - Filling up the DagBag from /home/airflow/.local/lib/python3.8/site-packages/airflow/example_dags/example_setup_teardown.py
[2023-10-21T05:32:51.661+0000] {processor.py:839} INFO - DAG(s) dict_keys(['example_setup_teardown']) retrieved from /home/airflow/.local/lib/python3.8/site-packages/airflow/example_dags/example_setup_teardown.py
[2023-10-21T05:32:51.679+0000] {logging_mixin.py:151} INFO - [2023-10-21T05:32:51.678+0000] {dag.py:2941} INFO - Sync 1 DAGs
[2023-10-21T05:32:51.697+0000] {logging_mixin.py:151} INFO - [2023-10-21T05:32:51.697+0000] {dag.py:3722} INFO - Setting next_dagrun for example_setup_teardown to 2023-10-20T05:32:51.697248+00:00, run_after=2023-10-21T05:32:51.697248+00:00
[2023-10-21T05:32:51.718+0000] {processor.py:179} INFO - Processing /home/airflow/.local/lib/python3.8/site-packages/airflow/example_dags/example_setup_teardown.py took 0.064 seconds
[2023-10-21T05:33:22.202+0000] {processor.py:157} INFO - Started process (PID=697) to work on /home/airflow/.local/lib/python3.8/site-packages/airflow/example_dags/example_setup_teardown.py
[2023-10-21T05:33:22.203+0000] {processor.py:829} INFO - Processing file /home/airflow/.local/lib/python3.8/site-packages/airflow/example_dags/example_setup_teardown.py for tasks to queue
[2023-10-21T05:33:22.203+0000] {logging_mixin.py:151} INFO - [2023-10-21T05:33:22.203+0000] {dagbag.py:536} INFO - Filling up the DagBag from /home/airflow/.local/lib/python3.8/site-packages/airflow/example_dags/example_setup_teardown.py
[2023-10-21T05:33:22.212+0000] {processor.py:839} INFO - DAG(s) dict_keys(['example_setup_teardown']) retrieved from /home/airflow/.local/lib/python3.8/site-packages/airflow/example_dags/example_setup_teardown.py
[2023-10-21T05:33:22.233+0000] {logging_mixin.py:151} INFO - [2023-10-21T05:33:22.232+0000] {dag.py:2941} INFO - Sync 1 DAGs
[2023-10-21T05:33:22.254+0000] {logging_mixin.py:151} INFO - [2023-10-21T05:33:22.254+0000] {dag.py:3722} INFO - Setting next_dagrun for example_setup_teardown to 2023-10-20T05:33:22.254204+00:00, run_after=2023-10-21T05:33:22.254204+00:00
[2023-10-21T05:33:22.273+0000] {processor.py:179} INFO - Processing /home/airflow/.local/lib/python3.8/site-packages/airflow/example_dags/example_setup_teardown.py took 0.074 seconds
[2023-10-21T05:33:52.356+0000] {processor.py:157} INFO - Started process (PID=935) to work on /home/airflow/.local/lib/python3.8/site-packages/airflow/example_dags/example_setup_teardown.py
[2023-10-21T05:33:52.357+0000] {processor.py:829} INFO - Processing file /home/airflow/.local/lib/python3.8/site-packages/airflow/example_dags/example_setup_teardown.py for tasks to queue
[2023-10-21T05:33:52.357+0000] {logging_mixin.py:151} INFO - [2023-10-21T05:33:52.357+0000] {dagbag.py:536} INFO - Filling up the DagBag from /home/airflow/.local/lib/python3.8/site-packages/airflow/example_dags/example_setup_teardown.py
[2023-10-21T05:33:52.363+0000] {processor.py:839} INFO - DAG(s) dict_keys(['example_setup_teardown']) retrieved from /home/airflow/.local/lib/python3.8/site-packages/airflow/example_dags/example_setup_teardown.py
[2023-10-21T05:33:52.378+0000] {logging_mixin.py:151} INFO - [2023-10-21T05:33:52.378+0000] {dag.py:2941} INFO - Sync 1 DAGs
[2023-10-21T05:33:52.396+0000] {logging_mixin.py:151} INFO - [2023-10-21T05:33:52.395+0000] {dag.py:3722} INFO - Setting next_dagrun for example_setup_teardown to 2023-10-20T05:33:52.395610+00:00, run_after=2023-10-21T05:33:52.395610+00:00
[2023-10-21T05:33:52.412+0000] {processor.py:179} INFO - Processing /home/airflow/.local/lib/python3.8/site-packages/airflow/example_dags/example_setup_teardown.py took 0.058 seconds
[2023-10-21T05:34:22.739+0000] {processor.py:157} INFO - Started process (PID=1173) to work on /home/airflow/.local/lib/python3.8/site-packages/airflow/example_dags/example_setup_teardown.py
[2023-10-21T05:34:22.740+0000] {processor.py:829} INFO - Processing file /home/airflow/.local/lib/python3.8/site-packages/airflow/example_dags/example_setup_teardown.py for tasks to queue
[2023-10-21T05:34:22.742+0000] {logging_mixin.py:151} INFO - [2023-10-21T05:34:22.741+0000] {dagbag.py:536} INFO - Filling up the DagBag from /home/airflow/.local/lib/python3.8/site-packages/airflow/example_dags/example_setup_teardown.py
[2023-10-21T05:34:22.751+0000] {processor.py:839} INFO - DAG(s) dict_keys(['example_setup_teardown']) retrieved from /home/airflow/.local/lib/python3.8/site-packages/airflow/example_dags/example_setup_teardown.py
[2023-10-21T05:34:22.778+0000] {logging_mixin.py:151} INFO - [2023-10-21T05:34:22.778+0000] {dag.py:2941} INFO - Sync 1 DAGs
[2023-10-21T05:34:22.807+0000] {logging_mixin.py:151} INFO - [2023-10-21T05:34:22.806+0000] {dag.py:3722} INFO - Setting next_dagrun for example_setup_teardown to 2023-10-20T05:34:22.806119+00:00, run_after=2023-10-21T05:34:22.806119+00:00
[2023-10-21T05:34:22.837+0000] {processor.py:179} INFO - Processing /home/airflow/.local/lib/python3.8/site-packages/airflow/example_dags/example_setup_teardown.py took 0.102 seconds
[2023-10-21T05:34:53.687+0000] {processor.py:157} INFO - Started process (PID=1413) to work on /home/airflow/.local/lib/python3.8/site-packages/airflow/example_dags/example_setup_teardown.py
[2023-10-21T05:34:53.688+0000] {processor.py:829} INFO - Processing file /home/airflow/.local/lib/python3.8/site-packages/airflow/example_dags/example_setup_teardown.py for tasks to queue
[2023-10-21T05:34:53.689+0000] {logging_mixin.py:151} INFO - [2023-10-21T05:34:53.688+0000] {dagbag.py:536} INFO - Filling up the DagBag from /home/airflow/.local/lib/python3.8/site-packages/airflow/example_dags/example_setup_teardown.py
[2023-10-21T05:34:53.693+0000] {processor.py:839} INFO - DAG(s) dict_keys(['example_setup_teardown']) retrieved from /home/airflow/.local/lib/python3.8/site-packages/airflow/example_dags/example_setup_teardown.py
[2023-10-21T05:34:53.710+0000] {logging_mixin.py:151} INFO - [2023-10-21T05:34:53.709+0000] {dag.py:2941} INFO - Sync 1 DAGs
[2023-10-21T05:34:53.728+0000] {logging_mixin.py:151} INFO - [2023-10-21T05:34:53.728+0000] {dag.py:3722} INFO - Setting next_dagrun for example_setup_teardown to 2023-10-20T05:34:53.728151+00:00, run_after=2023-10-21T05:34:53.728151+00:00
[2023-10-21T05:34:53.747+0000] {processor.py:179} INFO - Processing /home/airflow/.local/lib/python3.8/site-packages/airflow/example_dags/example_setup_teardown.py took 0.062 seconds
[2023-10-21T05:35:23.932+0000] {processor.py:157} INFO - Started process (PID=1649) to work on /home/airflow/.local/lib/python3.8/site-packages/airflow/example_dags/example_setup_teardown.py
[2023-10-21T05:35:23.932+0000] {processor.py:829} INFO - Processing file /home/airflow/.local/lib/python3.8/site-packages/airflow/example_dags/example_setup_teardown.py for tasks to queue
[2023-10-21T05:35:23.933+0000] {logging_mixin.py:151} INFO - [2023-10-21T05:35:23.932+0000] {dagbag.py:536} INFO - Filling up the DagBag from /home/airflow/.local/lib/python3.8/site-packages/airflow/example_dags/example_setup_teardown.py
[2023-10-21T05:35:23.939+0000] {processor.py:839} INFO - DAG(s) dict_keys(['example_setup_teardown']) retrieved from /home/airflow/.local/lib/python3.8/site-packages/airflow/example_dags/example_setup_teardown.py
[2023-10-21T05:35:23.959+0000] {logging_mixin.py:151} INFO - [2023-10-21T05:35:23.958+0000] {dag.py:2941} INFO - Sync 1 DAGs
[2023-10-21T05:35:23.981+0000] {logging_mixin.py:151} INFO - [2023-10-21T05:35:23.981+0000] {dag.py:3722} INFO - Setting next_dagrun for example_setup_teardown to 2023-10-20T05:35:23.981039+00:00, run_after=2023-10-21T05:35:23.981039+00:00
[2023-10-21T05:35:24.002+0000] {processor.py:179} INFO - Processing /home/airflow/.local/lib/python3.8/site-packages/airflow/example_dags/example_setup_teardown.py took 0.073 seconds
[2023-10-21T05:35:54.753+0000] {processor.py:157} INFO - Started process (PID=1887) to work on /home/airflow/.local/lib/python3.8/site-packages/airflow/example_dags/example_setup_teardown.py
[2023-10-21T05:35:54.754+0000] {processor.py:829} INFO - Processing file /home/airflow/.local/lib/python3.8/site-packages/airflow/example_dags/example_setup_teardown.py for tasks to queue
[2023-10-21T05:35:54.755+0000] {logging_mixin.py:151} INFO - [2023-10-21T05:35:54.754+0000] {dagbag.py:536} INFO - Filling up the DagBag from /home/airflow/.local/lib/python3.8/site-packages/airflow/example_dags/example_setup_teardown.py
[2023-10-21T05:35:54.763+0000] {processor.py:839} INFO - DAG(s) dict_keys(['example_setup_teardown']) retrieved from /home/airflow/.local/lib/python3.8/site-packages/airflow/example_dags/example_setup_teardown.py
[2023-10-21T05:35:54.793+0000] {logging_mixin.py:151} INFO - [2023-10-21T05:35:54.793+0000] {dag.py:2941} INFO - Sync 1 DAGs
[2023-10-21T05:35:54.857+0000] {logging_mixin.py:151} INFO - [2023-10-21T05:35:54.857+0000] {dag.py:3722} INFO - Setting next_dagrun for example_setup_teardown to 2023-10-20T05:35:54.856236+00:00, run_after=2023-10-21T05:35:54.856236+00:00
[2023-10-21T05:35:54.900+0000] {processor.py:179} INFO - Processing /home/airflow/.local/lib/python3.8/site-packages/airflow/example_dags/example_setup_teardown.py took 0.151 seconds
[2023-10-21T05:36:25.792+0000] {processor.py:157} INFO - Started process (PID=2175) to work on /home/airflow/.local/lib/python3.8/site-packages/airflow/example_dags/example_setup_teardown.py
[2023-10-21T05:36:25.793+0000] {processor.py:829} INFO - Processing file /home/airflow/.local/lib/python3.8/site-packages/airflow/example_dags/example_setup_teardown.py for tasks to queue
[2023-10-21T05:36:25.793+0000] {logging_mixin.py:151} INFO - [2023-10-21T05:36:25.793+0000] {dagbag.py:536} INFO - Filling up the DagBag from /home/airflow/.local/lib/python3.8/site-packages/airflow/example_dags/example_setup_teardown.py
[2023-10-21T05:36:25.798+0000] {processor.py:839} INFO - DAG(s) dict_keys(['example_setup_teardown']) retrieved from /home/airflow/.local/lib/python3.8/site-packages/airflow/example_dags/example_setup_teardown.py
[2023-10-21T05:36:25.814+0000] {logging_mixin.py:151} INFO - [2023-10-21T05:36:25.814+0000] {dag.py:2941} INFO - Sync 1 DAGs
[2023-10-21T05:36:25.832+0000] {logging_mixin.py:151} INFO - [2023-10-21T05:36:25.832+0000] {dag.py:3722} INFO - Setting next_dagrun for example_setup_teardown to 2023-10-20T05:36:25.831993+00:00, run_after=2023-10-21T05:36:25.831993+00:00
[2023-10-21T05:36:25.849+0000] {processor.py:179} INFO - Processing /home/airflow/.local/lib/python3.8/site-packages/airflow/example_dags/example_setup_teardown.py took 0.059 seconds
[2023-10-21T05:36:56.052+0000] {processor.py:157} INFO - Started process (PID=2413) to work on /home/airflow/.local/lib/python3.8/site-packages/airflow/example_dags/example_setup_teardown.py
[2023-10-21T05:36:56.053+0000] {processor.py:829} INFO - Processing file /home/airflow/.local/lib/python3.8/site-packages/airflow/example_dags/example_setup_teardown.py for tasks to queue
[2023-10-21T05:36:56.054+0000] {logging_mixin.py:151} INFO - [2023-10-21T05:36:56.054+0000] {dagbag.py:536} INFO - Filling up the DagBag from /home/airflow/.local/lib/python3.8/site-packages/airflow/example_dags/example_setup_teardown.py
[2023-10-21T05:36:56.059+0000] {processor.py:839} INFO - DAG(s) dict_keys(['example_setup_teardown']) retrieved from /home/airflow/.local/lib/python3.8/site-packages/airflow/example_dags/example_setup_teardown.py
[2023-10-21T05:36:56.076+0000] {logging_mixin.py:151} INFO - [2023-10-21T05:36:56.076+0000] {dag.py:2941} INFO - Sync 1 DAGs
[2023-10-21T05:36:56.098+0000] {logging_mixin.py:151} INFO - [2023-10-21T05:36:56.097+0000] {dag.py:3722} INFO - Setting next_dagrun for example_setup_teardown to 2023-10-20T05:36:56.097593+00:00, run_after=2023-10-21T05:36:56.097593+00:00
[2023-10-21T05:36:56.117+0000] {processor.py:179} INFO - Processing /home/airflow/.local/lib/python3.8/site-packages/airflow/example_dags/example_setup_teardown.py took 0.066 seconds
[2023-10-21T05:37:26.234+0000] {processor.py:157} INFO - Started process (PID=2651) to work on /home/airflow/.local/lib/python3.8/site-packages/airflow/example_dags/example_setup_teardown.py
[2023-10-21T05:37:26.236+0000] {processor.py:829} INFO - Processing file /home/airflow/.local/lib/python3.8/site-packages/airflow/example_dags/example_setup_teardown.py for tasks to queue
[2023-10-21T05:37:26.236+0000] {logging_mixin.py:151} INFO - [2023-10-21T05:37:26.236+0000] {dagbag.py:536} INFO - Filling up the DagBag from /home/airflow/.local/lib/python3.8/site-packages/airflow/example_dags/example_setup_teardown.py
[2023-10-21T05:37:26.242+0000] {processor.py:839} INFO - DAG(s) dict_keys(['example_setup_teardown']) retrieved from /home/airflow/.local/lib/python3.8/site-packages/airflow/example_dags/example_setup_teardown.py
[2023-10-21T05:37:26.258+0000] {logging_mixin.py:151} INFO - [2023-10-21T05:37:26.258+0000] {dag.py:2941} INFO - Sync 1 DAGs
[2023-10-21T05:37:26.277+0000] {logging_mixin.py:151} INFO - [2023-10-21T05:37:26.276+0000] {dag.py:3722} INFO - Setting next_dagrun for example_setup_teardown to 2023-10-20T05:37:26.276544+00:00, run_after=2023-10-21T05:37:26.276544+00:00
[2023-10-21T05:37:26.298+0000] {processor.py:179} INFO - Processing /home/airflow/.local/lib/python3.8/site-packages/airflow/example_dags/example_setup_teardown.py took 0.066 seconds
[2023-10-21T05:37:56.354+0000] {processor.py:157} INFO - Started process (PID=2889) to work on /home/airflow/.local/lib/python3.8/site-packages/airflow/example_dags/example_setup_teardown.py
[2023-10-21T05:37:56.355+0000] {processor.py:829} INFO - Processing file /home/airflow/.local/lib/python3.8/site-packages/airflow/example_dags/example_setup_teardown.py for tasks to queue
[2023-10-21T05:37:56.356+0000] {logging_mixin.py:151} INFO - [2023-10-21T05:37:56.355+0000] {dagbag.py:536} INFO - Filling up the DagBag from /home/airflow/.local/lib/python3.8/site-packages/airflow/example_dags/example_setup_teardown.py
[2023-10-21T05:37:56.362+0000] {processor.py:839} INFO - DAG(s) dict_keys(['example_setup_teardown']) retrieved from /home/airflow/.local/lib/python3.8/site-packages/airflow/example_dags/example_setup_teardown.py
[2023-10-21T05:37:56.381+0000] {logging_mixin.py:151} INFO - [2023-10-21T05:37:56.381+0000] {dag.py:2941} INFO - Sync 1 DAGs
[2023-10-21T05:37:56.405+0000] {logging_mixin.py:151} INFO - [2023-10-21T05:37:56.405+0000] {dag.py:3722} INFO - Setting next_dagrun for example_setup_teardown to 2023-10-20T05:37:56.405526+00:00, run_after=2023-10-21T05:37:56.405526+00:00
[2023-10-21T05:37:56.429+0000] {processor.py:179} INFO - Processing /home/airflow/.local/lib/python3.8/site-packages/airflow/example_dags/example_setup_teardown.py took 0.077 seconds
[2023-10-21T05:38:26.932+0000] {processor.py:157} INFO - Started process (PID=3127) to work on /home/airflow/.local/lib/python3.8/site-packages/airflow/example_dags/example_setup_teardown.py
[2023-10-21T05:38:26.933+0000] {processor.py:829} INFO - Processing file /home/airflow/.local/lib/python3.8/site-packages/airflow/example_dags/example_setup_teardown.py for tasks to queue
[2023-10-21T05:38:26.933+0000] {logging_mixin.py:151} INFO - [2023-10-21T05:38:26.933+0000] {dagbag.py:536} INFO - Filling up the DagBag from /home/airflow/.local/lib/python3.8/site-packages/airflow/example_dags/example_setup_teardown.py
[2023-10-21T05:38:26.939+0000] {processor.py:839} INFO - DAG(s) dict_keys(['example_setup_teardown']) retrieved from /home/airflow/.local/lib/python3.8/site-packages/airflow/example_dags/example_setup_teardown.py
[2023-10-21T05:38:26.963+0000] {logging_mixin.py:151} INFO - [2023-10-21T05:38:26.962+0000] {dag.py:2941} INFO - Sync 1 DAGs
[2023-10-21T05:38:26.988+0000] {logging_mixin.py:151} INFO - [2023-10-21T05:38:26.988+0000] {dag.py:3722} INFO - Setting next_dagrun for example_setup_teardown to 2023-10-20T05:38:26.987869+00:00, run_after=2023-10-21T05:38:26.987869+00:00
[2023-10-21T05:38:27.011+0000] {processor.py:179} INFO - Processing /home/airflow/.local/lib/python3.8/site-packages/airflow/example_dags/example_setup_teardown.py took 0.082 seconds
[2023-10-21T05:38:57.133+0000] {processor.py:157} INFO - Started process (PID=3365) to work on /home/airflow/.local/lib/python3.8/site-packages/airflow/example_dags/example_setup_teardown.py
[2023-10-21T05:38:57.133+0000] {processor.py:829} INFO - Processing file /home/airflow/.local/lib/python3.8/site-packages/airflow/example_dags/example_setup_teardown.py for tasks to queue
[2023-10-21T05:38:57.134+0000] {logging_mixin.py:151} INFO - [2023-10-21T05:38:57.133+0000] {dagbag.py:536} INFO - Filling up the DagBag from /home/airflow/.local/lib/python3.8/site-packages/airflow/example_dags/example_setup_teardown.py
[2023-10-21T05:38:57.140+0000] {processor.py:839} INFO - DAG(s) dict_keys(['example_setup_teardown']) retrieved from /home/airflow/.local/lib/python3.8/site-packages/airflow/example_dags/example_setup_teardown.py
[2023-10-21T05:38:57.160+0000] {logging_mixin.py:151} INFO - [2023-10-21T05:38:57.160+0000] {dag.py:2941} INFO - Sync 1 DAGs
[2023-10-21T05:38:57.182+0000] {logging_mixin.py:151} INFO - [2023-10-21T05:38:57.182+0000] {dag.py:3722} INFO - Setting next_dagrun for example_setup_teardown to 2023-10-20T05:38:57.182246+00:00, run_after=2023-10-21T05:38:57.182246+00:00
[2023-10-21T05:38:57.203+0000] {processor.py:179} INFO - Processing /home/airflow/.local/lib/python3.8/site-packages/airflow/example_dags/example_setup_teardown.py took 0.073 seconds
[2023-10-21T05:39:27.325+0000] {processor.py:157} INFO - Started process (PID=3601) to work on /home/airflow/.local/lib/python3.8/site-packages/airflow/example_dags/example_setup_teardown.py
[2023-10-21T05:39:27.326+0000] {processor.py:829} INFO - Processing file /home/airflow/.local/lib/python3.8/site-packages/airflow/example_dags/example_setup_teardown.py for tasks to queue
[2023-10-21T05:39:27.327+0000] {logging_mixin.py:151} INFO - [2023-10-21T05:39:27.327+0000] {dagbag.py:536} INFO - Filling up the DagBag from /home/airflow/.local/lib/python3.8/site-packages/airflow/example_dags/example_setup_teardown.py
[2023-10-21T05:39:27.333+0000] {processor.py:839} INFO - DAG(s) dict_keys(['example_setup_teardown']) retrieved from /home/airflow/.local/lib/python3.8/site-packages/airflow/example_dags/example_setup_teardown.py
[2023-10-21T05:39:27.354+0000] {logging_mixin.py:151} INFO - [2023-10-21T05:39:27.353+0000] {dag.py:2941} INFO - Sync 1 DAGs
[2023-10-21T05:39:27.378+0000] {logging_mixin.py:151} INFO - [2023-10-21T05:39:27.377+0000] {dag.py:3722} INFO - Setting next_dagrun for example_setup_teardown to 2023-10-20T05:39:27.377560+00:00, run_after=2023-10-21T05:39:27.377560+00:00
[2023-10-21T05:39:27.403+0000] {processor.py:179} INFO - Processing /home/airflow/.local/lib/python3.8/site-packages/airflow/example_dags/example_setup_teardown.py took 0.080 seconds
[2023-10-21T05:39:58.045+0000] {processor.py:157} INFO - Started process (PID=3839) to work on /home/airflow/.local/lib/python3.8/site-packages/airflow/example_dags/example_setup_teardown.py
[2023-10-21T05:39:58.046+0000] {processor.py:829} INFO - Processing file /home/airflow/.local/lib/python3.8/site-packages/airflow/example_dags/example_setup_teardown.py for tasks to queue
[2023-10-21T05:39:58.047+0000] {logging_mixin.py:151} INFO - [2023-10-21T05:39:58.046+0000] {dagbag.py:536} INFO - Filling up the DagBag from /home/airflow/.local/lib/python3.8/site-packages/airflow/example_dags/example_setup_teardown.py
[2023-10-21T05:39:58.057+0000] {processor.py:839} INFO - DAG(s) dict_keys(['example_setup_teardown']) retrieved from /home/airflow/.local/lib/python3.8/site-packages/airflow/example_dags/example_setup_teardown.py
[2023-10-21T05:39:58.087+0000] {logging_mixin.py:151} INFO - [2023-10-21T05:39:58.086+0000] {dag.py:2941} INFO - Sync 1 DAGs
[2023-10-21T05:39:58.122+0000] {logging_mixin.py:151} INFO - [2023-10-21T05:39:58.121+0000] {dag.py:3722} INFO - Setting next_dagrun for example_setup_teardown to 2023-10-20T05:39:58.121547+00:00, run_after=2023-10-21T05:39:58.121547+00:00
[2023-10-21T05:39:58.153+0000] {processor.py:179} INFO - Processing /home/airflow/.local/lib/python3.8/site-packages/airflow/example_dags/example_setup_teardown.py took 0.112 seconds
[2023-10-21T05:40:29.109+0000] {processor.py:157} INFO - Started process (PID=4077) to work on /home/airflow/.local/lib/python3.8/site-packages/airflow/example_dags/example_setup_teardown.py
[2023-10-21T05:40:29.110+0000] {processor.py:829} INFO - Processing file /home/airflow/.local/lib/python3.8/site-packages/airflow/example_dags/example_setup_teardown.py for tasks to queue
[2023-10-21T05:40:29.110+0000] {logging_mixin.py:151} INFO - [2023-10-21T05:40:29.110+0000] {dagbag.py:536} INFO - Filling up the DagBag from /home/airflow/.local/lib/python3.8/site-packages/airflow/example_dags/example_setup_teardown.py
[2023-10-21T05:40:29.116+0000] {processor.py:839} INFO - DAG(s) dict_keys(['example_setup_teardown']) retrieved from /home/airflow/.local/lib/python3.8/site-packages/airflow/example_dags/example_setup_teardown.py
[2023-10-21T05:40:29.133+0000] {logging_mixin.py:151} INFO - [2023-10-21T05:40:29.133+0000] {dag.py:2941} INFO - Sync 1 DAGs
[2023-10-21T05:40:29.153+0000] {logging_mixin.py:151} INFO - [2023-10-21T05:40:29.153+0000] {dag.py:3722} INFO - Setting next_dagrun for example_setup_teardown to 2023-10-20T05:40:29.153313+00:00, run_after=2023-10-21T05:40:29.153313+00:00
[2023-10-21T05:40:29.173+0000] {processor.py:179} INFO - Processing /home/airflow/.local/lib/python3.8/site-packages/airflow/example_dags/example_setup_teardown.py took 0.066 seconds
[2023-10-21T05:40:59.500+0000] {processor.py:157} INFO - Started process (PID=4316) to work on /home/airflow/.local/lib/python3.8/site-packages/airflow/example_dags/example_setup_teardown.py
[2023-10-21T05:40:59.500+0000] {processor.py:829} INFO - Processing file /home/airflow/.local/lib/python3.8/site-packages/airflow/example_dags/example_setup_teardown.py for tasks to queue
[2023-10-21T05:40:59.500+0000] {logging_mixin.py:151} INFO - [2023-10-21T05:40:59.500+0000] {dagbag.py:536} INFO - Filling up the DagBag from /home/airflow/.local/lib/python3.8/site-packages/airflow/example_dags/example_setup_teardown.py
[2023-10-21T05:40:59.506+0000] {processor.py:839} INFO - DAG(s) dict_keys(['example_setup_teardown']) retrieved from /home/airflow/.local/lib/python3.8/site-packages/airflow/example_dags/example_setup_teardown.py
[2023-10-21T05:40:59.521+0000] {logging_mixin.py:151} INFO - [2023-10-21T05:40:59.521+0000] {dag.py:2941} INFO - Sync 1 DAGs
[2023-10-21T05:40:59.538+0000] {logging_mixin.py:151} INFO - [2023-10-21T05:40:59.538+0000] {dag.py:3722} INFO - Setting next_dagrun for example_setup_teardown to 2023-10-20T05:40:59.538221+00:00, run_after=2023-10-21T05:40:59.538221+00:00
[2023-10-21T05:40:59.557+0000] {processor.py:179} INFO - Processing /home/airflow/.local/lib/python3.8/site-packages/airflow/example_dags/example_setup_teardown.py took 0.060 seconds
