[2023-10-21T05:32:22.287+0000] {processor.py:157} INFO - Started process (PID=326) to work on /home/airflow/.local/lib/python3.8/site-packages/airflow/example_dags/example_latest_only_with_trigger.py
[2023-10-21T05:32:22.288+0000] {processor.py:829} INFO - Processing file /home/airflow/.local/lib/python3.8/site-packages/airflow/example_dags/example_latest_only_with_trigger.py for tasks to queue
[2023-10-21T05:32:22.291+0000] {logging_mixin.py:151} INFO - [2023-10-21T05:32:22.290+0000] {dagbag.py:536} INFO - Filling up the DagBag from /home/airflow/.local/lib/python3.8/site-packages/airflow/example_dags/example_latest_only_with_trigger.py
[2023-10-21T05:32:22.300+0000] {processor.py:839} INFO - DAG(s) dict_keys(['latest_only_with_trigger']) retrieved from /home/airflow/.local/lib/python3.8/site-packages/airflow/example_dags/example_latest_only_with_trigger.py
[2023-10-21T05:32:22.316+0000] {logging_mixin.py:151} INFO - [2023-10-21T05:32:22.314+0000] {dag.py:2941} INFO - Sync 1 DAGs
[2023-10-21T05:32:22.352+0000] {logging_mixin.py:151} INFO - [2023-10-21T05:32:22.352+0000] {dag.py:3722} INFO - Setting next_dagrun for latest_only_with_trigger to 2023-10-21T01:32:22.351743+00:00, run_after=2023-10-21T05:32:22.351743+00:00
[2023-10-21T05:32:22.375+0000] {processor.py:179} INFO - Processing /home/airflow/.local/lib/python3.8/site-packages/airflow/example_dags/example_latest_only_with_trigger.py took 0.091 seconds
[2023-10-21T05:32:52.821+0000] {processor.py:157} INFO - Started process (PID=564) to work on /home/airflow/.local/lib/python3.8/site-packages/airflow/example_dags/example_latest_only_with_trigger.py
[2023-10-21T05:32:52.821+0000] {processor.py:829} INFO - Processing file /home/airflow/.local/lib/python3.8/site-packages/airflow/example_dags/example_latest_only_with_trigger.py for tasks to queue
[2023-10-21T05:32:52.822+0000] {logging_mixin.py:151} INFO - [2023-10-21T05:32:52.822+0000] {dagbag.py:536} INFO - Filling up the DagBag from /home/airflow/.local/lib/python3.8/site-packages/airflow/example_dags/example_latest_only_with_trigger.py
[2023-10-21T05:32:52.826+0000] {processor.py:839} INFO - DAG(s) dict_keys(['latest_only_with_trigger']) retrieved from /home/airflow/.local/lib/python3.8/site-packages/airflow/example_dags/example_latest_only_with_trigger.py
[2023-10-21T05:32:52.843+0000] {logging_mixin.py:151} INFO - [2023-10-21T05:32:52.842+0000] {dag.py:2941} INFO - Sync 1 DAGs
[2023-10-21T05:32:52.860+0000] {logging_mixin.py:151} INFO - [2023-10-21T05:32:52.860+0000] {dag.py:3722} INFO - Setting next_dagrun for latest_only_with_trigger to 2023-10-21T01:32:52.860041+00:00, run_after=2023-10-21T05:32:52.860041+00:00
[2023-10-21T05:32:52.877+0000] {processor.py:179} INFO - Processing /home/airflow/.local/lib/python3.8/site-packages/airflow/example_dags/example_latest_only_with_trigger.py took 0.058 seconds
[2023-10-21T05:33:23.598+0000] {processor.py:157} INFO - Started process (PID=802) to work on /home/airflow/.local/lib/python3.8/site-packages/airflow/example_dags/example_latest_only_with_trigger.py
[2023-10-21T05:33:23.599+0000] {processor.py:829} INFO - Processing file /home/airflow/.local/lib/python3.8/site-packages/airflow/example_dags/example_latest_only_with_trigger.py for tasks to queue
[2023-10-21T05:33:23.600+0000] {logging_mixin.py:151} INFO - [2023-10-21T05:33:23.600+0000] {dagbag.py:536} INFO - Filling up the DagBag from /home/airflow/.local/lib/python3.8/site-packages/airflow/example_dags/example_latest_only_with_trigger.py
[2023-10-21T05:33:23.605+0000] {processor.py:839} INFO - DAG(s) dict_keys(['latest_only_with_trigger']) retrieved from /home/airflow/.local/lib/python3.8/site-packages/airflow/example_dags/example_latest_only_with_trigger.py
[2023-10-21T05:33:23.625+0000] {logging_mixin.py:151} INFO - [2023-10-21T05:33:23.625+0000] {dag.py:2941} INFO - Sync 1 DAGs
[2023-10-21T05:33:23.649+0000] {logging_mixin.py:151} INFO - [2023-10-21T05:33:23.648+0000] {dag.py:3722} INFO - Setting next_dagrun for latest_only_with_trigger to 2023-10-21T01:33:23.648724+00:00, run_after=2023-10-21T05:33:23.648724+00:00
[2023-10-21T05:33:23.670+0000] {processor.py:179} INFO - Processing /home/airflow/.local/lib/python3.8/site-packages/airflow/example_dags/example_latest_only_with_trigger.py took 0.075 seconds
[2023-10-21T05:33:54.314+0000] {processor.py:157} INFO - Started process (PID=1040) to work on /home/airflow/.local/lib/python3.8/site-packages/airflow/example_dags/example_latest_only_with_trigger.py
[2023-10-21T05:33:54.314+0000] {processor.py:829} INFO - Processing file /home/airflow/.local/lib/python3.8/site-packages/airflow/example_dags/example_latest_only_with_trigger.py for tasks to queue
[2023-10-21T05:33:54.315+0000] {logging_mixin.py:151} INFO - [2023-10-21T05:33:54.315+0000] {dagbag.py:536} INFO - Filling up the DagBag from /home/airflow/.local/lib/python3.8/site-packages/airflow/example_dags/example_latest_only_with_trigger.py
[2023-10-21T05:33:54.319+0000] {processor.py:839} INFO - DAG(s) dict_keys(['latest_only_with_trigger']) retrieved from /home/airflow/.local/lib/python3.8/site-packages/airflow/example_dags/example_latest_only_with_trigger.py
[2023-10-21T05:33:54.335+0000] {logging_mixin.py:151} INFO - [2023-10-21T05:33:54.335+0000] {dag.py:2941} INFO - Sync 1 DAGs
[2023-10-21T05:33:54.353+0000] {logging_mixin.py:151} INFO - [2023-10-21T05:33:54.353+0000] {dag.py:3722} INFO - Setting next_dagrun for latest_only_with_trigger to 2023-10-21T01:33:54.353164+00:00, run_after=2023-10-21T05:33:54.353164+00:00
[2023-10-21T05:33:54.371+0000] {processor.py:179} INFO - Processing /home/airflow/.local/lib/python3.8/site-packages/airflow/example_dags/example_latest_only_with_trigger.py took 0.059 seconds
[2023-10-21T05:34:25.300+0000] {processor.py:157} INFO - Started process (PID=1278) to work on /home/airflow/.local/lib/python3.8/site-packages/airflow/example_dags/example_latest_only_with_trigger.py
[2023-10-21T05:34:25.301+0000] {processor.py:829} INFO - Processing file /home/airflow/.local/lib/python3.8/site-packages/airflow/example_dags/example_latest_only_with_trigger.py for tasks to queue
[2023-10-21T05:34:25.302+0000] {logging_mixin.py:151} INFO - [2023-10-21T05:34:25.302+0000] {dagbag.py:536} INFO - Filling up the DagBag from /home/airflow/.local/lib/python3.8/site-packages/airflow/example_dags/example_latest_only_with_trigger.py
[2023-10-21T05:34:25.307+0000] {processor.py:839} INFO - DAG(s) dict_keys(['latest_only_with_trigger']) retrieved from /home/airflow/.local/lib/python3.8/site-packages/airflow/example_dags/example_latest_only_with_trigger.py
[2023-10-21T05:34:25.332+0000] {logging_mixin.py:151} INFO - [2023-10-21T05:34:25.332+0000] {dag.py:2941} INFO - Sync 1 DAGs
[2023-10-21T05:34:25.362+0000] {logging_mixin.py:151} INFO - [2023-10-21T05:34:25.362+0000] {dag.py:3722} INFO - Setting next_dagrun for latest_only_with_trigger to 2023-10-21T01:34:25.362139+00:00, run_after=2023-10-21T05:34:25.362139+00:00
[2023-10-21T05:34:25.387+0000] {processor.py:179} INFO - Processing /home/airflow/.local/lib/python3.8/site-packages/airflow/example_dags/example_latest_only_with_trigger.py took 0.090 seconds
[2023-10-21T05:34:55.601+0000] {processor.py:157} INFO - Started process (PID=1516) to work on /home/airflow/.local/lib/python3.8/site-packages/airflow/example_dags/example_latest_only_with_trigger.py
[2023-10-21T05:34:55.602+0000] {processor.py:829} INFO - Processing file /home/airflow/.local/lib/python3.8/site-packages/airflow/example_dags/example_latest_only_with_trigger.py for tasks to queue
[2023-10-21T05:34:55.602+0000] {logging_mixin.py:151} INFO - [2023-10-21T05:34:55.602+0000] {dagbag.py:536} INFO - Filling up the DagBag from /home/airflow/.local/lib/python3.8/site-packages/airflow/example_dags/example_latest_only_with_trigger.py
[2023-10-21T05:34:55.607+0000] {processor.py:839} INFO - DAG(s) dict_keys(['latest_only_with_trigger']) retrieved from /home/airflow/.local/lib/python3.8/site-packages/airflow/example_dags/example_latest_only_with_trigger.py
[2023-10-21T05:34:55.623+0000] {logging_mixin.py:151} INFO - [2023-10-21T05:34:55.622+0000] {dag.py:2941} INFO - Sync 1 DAGs
[2023-10-21T05:34:55.641+0000] {logging_mixin.py:151} INFO - [2023-10-21T05:34:55.641+0000] {dag.py:3722} INFO - Setting next_dagrun for latest_only_with_trigger to 2023-10-21T01:34:55.640989+00:00, run_after=2023-10-21T05:34:55.640989+00:00
[2023-10-21T05:34:55.659+0000] {processor.py:179} INFO - Processing /home/airflow/.local/lib/python3.8/site-packages/airflow/example_dags/example_latest_only_with_trigger.py took 0.059 seconds
[2023-10-21T05:35:25.972+0000] {processor.py:157} INFO - Started process (PID=1754) to work on /home/airflow/.local/lib/python3.8/site-packages/airflow/example_dags/example_latest_only_with_trigger.py
[2023-10-21T05:35:25.973+0000] {processor.py:829} INFO - Processing file /home/airflow/.local/lib/python3.8/site-packages/airflow/example_dags/example_latest_only_with_trigger.py for tasks to queue
[2023-10-21T05:35:25.973+0000] {logging_mixin.py:151} INFO - [2023-10-21T05:35:25.973+0000] {dagbag.py:536} INFO - Filling up the DagBag from /home/airflow/.local/lib/python3.8/site-packages/airflow/example_dags/example_latest_only_with_trigger.py
[2023-10-21T05:35:25.978+0000] {processor.py:839} INFO - DAG(s) dict_keys(['latest_only_with_trigger']) retrieved from /home/airflow/.local/lib/python3.8/site-packages/airflow/example_dags/example_latest_only_with_trigger.py
[2023-10-21T05:35:25.996+0000] {logging_mixin.py:151} INFO - [2023-10-21T05:35:25.996+0000] {dag.py:2941} INFO - Sync 1 DAGs
[2023-10-21T05:35:26.015+0000] {logging_mixin.py:151} INFO - [2023-10-21T05:35:26.015+0000] {dag.py:3722} INFO - Setting next_dagrun for latest_only_with_trigger to 2023-10-21T01:35:26.015471+00:00, run_after=2023-10-21T05:35:26.015471+00:00
[2023-10-21T05:35:26.037+0000] {processor.py:179} INFO - Processing /home/airflow/.local/lib/python3.8/site-packages/airflow/example_dags/example_latest_only_with_trigger.py took 0.067 seconds
[2023-10-21T05:35:56.261+0000] {processor.py:157} INFO - Started process (PID=1994) to work on /home/airflow/.local/lib/python3.8/site-packages/airflow/example_dags/example_latest_only_with_trigger.py
[2023-10-21T05:35:56.262+0000] {processor.py:829} INFO - Processing file /home/airflow/.local/lib/python3.8/site-packages/airflow/example_dags/example_latest_only_with_trigger.py for tasks to queue
[2023-10-21T05:35:56.262+0000] {logging_mixin.py:151} INFO - [2023-10-21T05:35:56.262+0000] {dagbag.py:536} INFO - Filling up the DagBag from /home/airflow/.local/lib/python3.8/site-packages/airflow/example_dags/example_latest_only_with_trigger.py
[2023-10-21T05:35:56.267+0000] {processor.py:839} INFO - DAG(s) dict_keys(['latest_only_with_trigger']) retrieved from /home/airflow/.local/lib/python3.8/site-packages/airflow/example_dags/example_latest_only_with_trigger.py
[2023-10-21T05:35:56.285+0000] {logging_mixin.py:151} INFO - [2023-10-21T05:35:56.284+0000] {dag.py:2941} INFO - Sync 1 DAGs
[2023-10-21T05:35:56.306+0000] {logging_mixin.py:151} INFO - [2023-10-21T05:35:56.306+0000] {dag.py:3722} INFO - Setting next_dagrun for latest_only_with_trigger to 2023-10-21T01:35:56.306133+00:00, run_after=2023-10-21T05:35:56.306133+00:00
[2023-10-21T05:35:56.327+0000] {processor.py:179} INFO - Processing /home/airflow/.local/lib/python3.8/site-packages/airflow/example_dags/example_latest_only_with_trigger.py took 0.068 seconds
[2023-10-21T05:36:26.704+0000] {processor.py:157} INFO - Started process (PID=2278) to work on /home/airflow/.local/lib/python3.8/site-packages/airflow/example_dags/example_latest_only_with_trigger.py
[2023-10-21T05:36:26.705+0000] {processor.py:829} INFO - Processing file /home/airflow/.local/lib/python3.8/site-packages/airflow/example_dags/example_latest_only_with_trigger.py for tasks to queue
[2023-10-21T05:36:26.706+0000] {logging_mixin.py:151} INFO - [2023-10-21T05:36:26.706+0000] {dagbag.py:536} INFO - Filling up the DagBag from /home/airflow/.local/lib/python3.8/site-packages/airflow/example_dags/example_latest_only_with_trigger.py
[2023-10-21T05:36:26.711+0000] {processor.py:839} INFO - DAG(s) dict_keys(['latest_only_with_trigger']) retrieved from /home/airflow/.local/lib/python3.8/site-packages/airflow/example_dags/example_latest_only_with_trigger.py
[2023-10-21T05:36:26.727+0000] {logging_mixin.py:151} INFO - [2023-10-21T05:36:26.727+0000] {dag.py:2941} INFO - Sync 1 DAGs
[2023-10-21T05:36:26.747+0000] {logging_mixin.py:151} INFO - [2023-10-21T05:36:26.746+0000] {dag.py:3722} INFO - Setting next_dagrun for latest_only_with_trigger to 2023-10-21T01:36:26.746571+00:00, run_after=2023-10-21T05:36:26.746571+00:00
[2023-10-21T05:36:26.765+0000] {processor.py:179} INFO - Processing /home/airflow/.local/lib/python3.8/site-packages/airflow/example_dags/example_latest_only_with_trigger.py took 0.063 seconds
[2023-10-21T05:36:56.985+0000] {processor.py:157} INFO - Started process (PID=2516) to work on /home/airflow/.local/lib/python3.8/site-packages/airflow/example_dags/example_latest_only_with_trigger.py
[2023-10-21T05:36:56.986+0000] {processor.py:829} INFO - Processing file /home/airflow/.local/lib/python3.8/site-packages/airflow/example_dags/example_latest_only_with_trigger.py for tasks to queue
[2023-10-21T05:36:56.986+0000] {logging_mixin.py:151} INFO - [2023-10-21T05:36:56.986+0000] {dagbag.py:536} INFO - Filling up the DagBag from /home/airflow/.local/lib/python3.8/site-packages/airflow/example_dags/example_latest_only_with_trigger.py
[2023-10-21T05:36:56.991+0000] {processor.py:839} INFO - DAG(s) dict_keys(['latest_only_with_trigger']) retrieved from /home/airflow/.local/lib/python3.8/site-packages/airflow/example_dags/example_latest_only_with_trigger.py
[2023-10-21T05:36:57.007+0000] {logging_mixin.py:151} INFO - [2023-10-21T05:36:57.007+0000] {dag.py:2941} INFO - Sync 1 DAGs
[2023-10-21T05:36:57.026+0000] {logging_mixin.py:151} INFO - [2023-10-21T05:36:57.025+0000] {dag.py:3722} INFO - Setting next_dagrun for latest_only_with_trigger to 2023-10-21T01:36:57.025740+00:00, run_after=2023-10-21T05:36:57.025740+00:00
[2023-10-21T05:36:57.045+0000] {processor.py:179} INFO - Processing /home/airflow/.local/lib/python3.8/site-packages/airflow/example_dags/example_latest_only_with_trigger.py took 0.062 seconds
[2023-10-21T05:37:27.204+0000] {processor.py:157} INFO - Started process (PID=2754) to work on /home/airflow/.local/lib/python3.8/site-packages/airflow/example_dags/example_latest_only_with_trigger.py
[2023-10-21T05:37:27.205+0000] {processor.py:829} INFO - Processing file /home/airflow/.local/lib/python3.8/site-packages/airflow/example_dags/example_latest_only_with_trigger.py for tasks to queue
[2023-10-21T05:37:27.205+0000] {logging_mixin.py:151} INFO - [2023-10-21T05:37:27.205+0000] {dagbag.py:536} INFO - Filling up the DagBag from /home/airflow/.local/lib/python3.8/site-packages/airflow/example_dags/example_latest_only_with_trigger.py
[2023-10-21T05:37:27.210+0000] {processor.py:839} INFO - DAG(s) dict_keys(['latest_only_with_trigger']) retrieved from /home/airflow/.local/lib/python3.8/site-packages/airflow/example_dags/example_latest_only_with_trigger.py
[2023-10-21T05:37:27.229+0000] {logging_mixin.py:151} INFO - [2023-10-21T05:37:27.228+0000] {dag.py:2941} INFO - Sync 1 DAGs
[2023-10-21T05:37:27.250+0000] {logging_mixin.py:151} INFO - [2023-10-21T05:37:27.249+0000] {dag.py:3722} INFO - Setting next_dagrun for latest_only_with_trigger to 2023-10-21T01:37:27.249542+00:00, run_after=2023-10-21T05:37:27.249542+00:00
[2023-10-21T05:37:27.268+0000] {processor.py:179} INFO - Processing /home/airflow/.local/lib/python3.8/site-packages/airflow/example_dags/example_latest_only_with_trigger.py took 0.066 seconds
[2023-10-21T05:37:57.625+0000] {processor.py:157} INFO - Started process (PID=2994) to work on /home/airflow/.local/lib/python3.8/site-packages/airflow/example_dags/example_latest_only_with_trigger.py
[2023-10-21T05:37:57.626+0000] {processor.py:829} INFO - Processing file /home/airflow/.local/lib/python3.8/site-packages/airflow/example_dags/example_latest_only_with_trigger.py for tasks to queue
[2023-10-21T05:37:57.627+0000] {logging_mixin.py:151} INFO - [2023-10-21T05:37:57.627+0000] {dagbag.py:536} INFO - Filling up the DagBag from /home/airflow/.local/lib/python3.8/site-packages/airflow/example_dags/example_latest_only_with_trigger.py
[2023-10-21T05:37:57.636+0000] {processor.py:839} INFO - DAG(s) dict_keys(['latest_only_with_trigger']) retrieved from /home/airflow/.local/lib/python3.8/site-packages/airflow/example_dags/example_latest_only_with_trigger.py
[2023-10-21T05:37:57.662+0000] {logging_mixin.py:151} INFO - [2023-10-21T05:37:57.662+0000] {dag.py:2941} INFO - Sync 1 DAGs
[2023-10-21T05:37:57.687+0000] {logging_mixin.py:151} INFO - [2023-10-21T05:37:57.687+0000] {dag.py:3722} INFO - Setting next_dagrun for latest_only_with_trigger to 2023-10-21T01:37:57.686742+00:00, run_after=2023-10-21T05:37:57.686742+00:00
[2023-10-21T05:37:57.711+0000] {processor.py:179} INFO - Processing /home/airflow/.local/lib/python3.8/site-packages/airflow/example_dags/example_latest_only_with_trigger.py took 0.088 seconds
[2023-10-21T05:38:28.095+0000] {processor.py:157} INFO - Started process (PID=3232) to work on /home/airflow/.local/lib/python3.8/site-packages/airflow/example_dags/example_latest_only_with_trigger.py
[2023-10-21T05:38:28.096+0000] {processor.py:829} INFO - Processing file /home/airflow/.local/lib/python3.8/site-packages/airflow/example_dags/example_latest_only_with_trigger.py for tasks to queue
[2023-10-21T05:38:28.097+0000] {logging_mixin.py:151} INFO - [2023-10-21T05:38:28.097+0000] {dagbag.py:536} INFO - Filling up the DagBag from /home/airflow/.local/lib/python3.8/site-packages/airflow/example_dags/example_latest_only_with_trigger.py
[2023-10-21T05:38:28.102+0000] {processor.py:839} INFO - DAG(s) dict_keys(['latest_only_with_trigger']) retrieved from /home/airflow/.local/lib/python3.8/site-packages/airflow/example_dags/example_latest_only_with_trigger.py
[2023-10-21T05:38:28.122+0000] {logging_mixin.py:151} INFO - [2023-10-21T05:38:28.121+0000] {dag.py:2941} INFO - Sync 1 DAGs
[2023-10-21T05:38:28.145+0000] {logging_mixin.py:151} INFO - [2023-10-21T05:38:28.145+0000] {dag.py:3722} INFO - Setting next_dagrun for latest_only_with_trigger to 2023-10-21T01:38:28.144759+00:00, run_after=2023-10-21T05:38:28.144759+00:00
[2023-10-21T05:38:28.165+0000] {processor.py:179} INFO - Processing /home/airflow/.local/lib/python3.8/site-packages/airflow/example_dags/example_latest_only_with_trigger.py took 0.073 seconds
[2023-10-21T05:38:58.402+0000] {processor.py:157} INFO - Started process (PID=3473) to work on /home/airflow/.local/lib/python3.8/site-packages/airflow/example_dags/example_latest_only_with_trigger.py
[2023-10-21T05:38:58.402+0000] {processor.py:829} INFO - Processing file /home/airflow/.local/lib/python3.8/site-packages/airflow/example_dags/example_latest_only_with_trigger.py for tasks to queue
[2023-10-21T05:38:58.403+0000] {logging_mixin.py:151} INFO - [2023-10-21T05:38:58.402+0000] {dagbag.py:536} INFO - Filling up the DagBag from /home/airflow/.local/lib/python3.8/site-packages/airflow/example_dags/example_latest_only_with_trigger.py
[2023-10-21T05:38:58.409+0000] {processor.py:839} INFO - DAG(s) dict_keys(['latest_only_with_trigger']) retrieved from /home/airflow/.local/lib/python3.8/site-packages/airflow/example_dags/example_latest_only_with_trigger.py
[2023-10-21T05:38:58.429+0000] {logging_mixin.py:151} INFO - [2023-10-21T05:38:58.428+0000] {dag.py:2941} INFO - Sync 1 DAGs
[2023-10-21T05:38:58.452+0000] {logging_mixin.py:151} INFO - [2023-10-21T05:38:58.451+0000] {dag.py:3722} INFO - Setting next_dagrun for latest_only_with_trigger to 2023-10-21T01:38:58.451649+00:00, run_after=2023-10-21T05:38:58.451649+00:00
[2023-10-21T05:38:58.474+0000] {processor.py:179} INFO - Processing /home/airflow/.local/lib/python3.8/site-packages/airflow/example_dags/example_latest_only_with_trigger.py took 0.074 seconds
[2023-10-21T05:39:28.579+0000] {processor.py:157} INFO - Started process (PID=3711) to work on /home/airflow/.local/lib/python3.8/site-packages/airflow/example_dags/example_latest_only_with_trigger.py
[2023-10-21T05:39:28.580+0000] {processor.py:829} INFO - Processing file /home/airflow/.local/lib/python3.8/site-packages/airflow/example_dags/example_latest_only_with_trigger.py for tasks to queue
[2023-10-21T05:39:28.580+0000] {logging_mixin.py:151} INFO - [2023-10-21T05:39:28.580+0000] {dagbag.py:536} INFO - Filling up the DagBag from /home/airflow/.local/lib/python3.8/site-packages/airflow/example_dags/example_latest_only_with_trigger.py
[2023-10-21T05:39:28.585+0000] {processor.py:839} INFO - DAG(s) dict_keys(['latest_only_with_trigger']) retrieved from /home/airflow/.local/lib/python3.8/site-packages/airflow/example_dags/example_latest_only_with_trigger.py
[2023-10-21T05:39:28.604+0000] {logging_mixin.py:151} INFO - [2023-10-21T05:39:28.604+0000] {dag.py:2941} INFO - Sync 1 DAGs
[2023-10-21T05:39:28.626+0000] {logging_mixin.py:151} INFO - [2023-10-21T05:39:28.626+0000] {dag.py:3722} INFO - Setting next_dagrun for latest_only_with_trigger to 2023-10-21T01:39:28.625855+00:00, run_after=2023-10-21T05:39:28.625855+00:00
[2023-10-21T05:39:28.646+0000] {processor.py:179} INFO - Processing /home/airflow/.local/lib/python3.8/site-packages/airflow/example_dags/example_latest_only_with_trigger.py took 0.069 seconds
[2023-10-21T05:39:59.369+0000] {processor.py:157} INFO - Started process (PID=3944) to work on /home/airflow/.local/lib/python3.8/site-packages/airflow/example_dags/example_latest_only_with_trigger.py
[2023-10-21T05:39:59.369+0000] {processor.py:829} INFO - Processing file /home/airflow/.local/lib/python3.8/site-packages/airflow/example_dags/example_latest_only_with_trigger.py for tasks to queue
[2023-10-21T05:39:59.370+0000] {logging_mixin.py:151} INFO - [2023-10-21T05:39:59.370+0000] {dagbag.py:536} INFO - Filling up the DagBag from /home/airflow/.local/lib/python3.8/site-packages/airflow/example_dags/example_latest_only_with_trigger.py
[2023-10-21T05:39:59.375+0000] {processor.py:839} INFO - DAG(s) dict_keys(['latest_only_with_trigger']) retrieved from /home/airflow/.local/lib/python3.8/site-packages/airflow/example_dags/example_latest_only_with_trigger.py
[2023-10-21T05:39:59.395+0000] {logging_mixin.py:151} INFO - [2023-10-21T05:39:59.395+0000] {dag.py:2941} INFO - Sync 1 DAGs
[2023-10-21T05:39:59.415+0000] {logging_mixin.py:151} INFO - [2023-10-21T05:39:59.415+0000] {dag.py:3722} INFO - Setting next_dagrun for latest_only_with_trigger to 2023-10-21T01:39:59.414850+00:00, run_after=2023-10-21T05:39:59.414850+00:00
[2023-10-21T05:39:59.433+0000] {processor.py:179} INFO - Processing /home/airflow/.local/lib/python3.8/site-packages/airflow/example_dags/example_latest_only_with_trigger.py took 0.067 seconds
[2023-10-21T05:40:30.258+0000] {processor.py:157} INFO - Started process (PID=4184) to work on /home/airflow/.local/lib/python3.8/site-packages/airflow/example_dags/example_latest_only_with_trigger.py
[2023-10-21T05:40:30.259+0000] {processor.py:829} INFO - Processing file /home/airflow/.local/lib/python3.8/site-packages/airflow/example_dags/example_latest_only_with_trigger.py for tasks to queue
[2023-10-21T05:40:30.260+0000] {logging_mixin.py:151} INFO - [2023-10-21T05:40:30.260+0000] {dagbag.py:536} INFO - Filling up the DagBag from /home/airflow/.local/lib/python3.8/site-packages/airflow/example_dags/example_latest_only_with_trigger.py
[2023-10-21T05:40:30.265+0000] {processor.py:839} INFO - DAG(s) dict_keys(['latest_only_with_trigger']) retrieved from /home/airflow/.local/lib/python3.8/site-packages/airflow/example_dags/example_latest_only_with_trigger.py
[2023-10-21T05:40:30.290+0000] {logging_mixin.py:151} INFO - [2023-10-21T05:40:30.289+0000] {dag.py:2941} INFO - Sync 1 DAGs
[2023-10-21T05:40:30.316+0000] {logging_mixin.py:151} INFO - [2023-10-21T05:40:30.315+0000] {dag.py:3722} INFO - Setting next_dagrun for latest_only_with_trigger to 2023-10-21T01:40:30.315445+00:00, run_after=2023-10-21T05:40:30.315445+00:00
[2023-10-21T05:40:30.339+0000] {processor.py:179} INFO - Processing /home/airflow/.local/lib/python3.8/site-packages/airflow/example_dags/example_latest_only_with_trigger.py took 0.084 seconds
[2023-10-21T05:41:00.493+0000] {processor.py:157} INFO - Started process (PID=4421) to work on /home/airflow/.local/lib/python3.8/site-packages/airflow/example_dags/example_latest_only_with_trigger.py
[2023-10-21T05:41:00.495+0000] {processor.py:829} INFO - Processing file /home/airflow/.local/lib/python3.8/site-packages/airflow/example_dags/example_latest_only_with_trigger.py for tasks to queue
[2023-10-21T05:41:00.496+0000] {logging_mixin.py:151} INFO - [2023-10-21T05:41:00.495+0000] {dagbag.py:536} INFO - Filling up the DagBag from /home/airflow/.local/lib/python3.8/site-packages/airflow/example_dags/example_latest_only_with_trigger.py
[2023-10-21T05:41:00.502+0000] {processor.py:839} INFO - DAG(s) dict_keys(['latest_only_with_trigger']) retrieved from /home/airflow/.local/lib/python3.8/site-packages/airflow/example_dags/example_latest_only_with_trigger.py
[2023-10-21T05:41:00.518+0000] {logging_mixin.py:151} INFO - [2023-10-21T05:41:00.518+0000] {dag.py:2941} INFO - Sync 1 DAGs
[2023-10-21T05:41:00.537+0000] {logging_mixin.py:151} INFO - [2023-10-21T05:41:00.537+0000] {dag.py:3722} INFO - Setting next_dagrun for latest_only_with_trigger to 2023-10-21T01:41:00.537035+00:00, run_after=2023-10-21T05:41:00.537035+00:00
[2023-10-21T05:41:00.554+0000] {processor.py:179} INFO - Processing /home/airflow/.local/lib/python3.8/site-packages/airflow/example_dags/example_latest_only_with_trigger.py took 0.063 seconds
