[2023-10-21T05:32:22.190+0000] {processor.py:157} INFO - Started process (PID=316) to work on /home/airflow/.local/lib/python3.8/site-packages/airflow/example_dags/example_dynamic_task_mapping_with_no_taskflow_operators.py
[2023-10-21T05:32:22.190+0000] {processor.py:829} INFO - Processing file /home/airflow/.local/lib/python3.8/site-packages/airflow/example_dags/example_dynamic_task_mapping_with_no_taskflow_operators.py for tasks to queue
[2023-10-21T05:32:22.191+0000] {logging_mixin.py:151} INFO - [2023-10-21T05:32:22.191+0000] {dagbag.py:536} INFO - Filling up the DagBag from /home/airflow/.local/lib/python3.8/site-packages/airflow/example_dags/example_dynamic_task_mapping_with_no_taskflow_operators.py
[2023-10-21T05:32:22.197+0000] {processor.py:839} INFO - DAG(s) dict_keys(['example_dynamic_task_mapping_with_no_taskflow_operators']) retrieved from /home/airflow/.local/lib/python3.8/site-packages/airflow/example_dags/example_dynamic_task_mapping_with_no_taskflow_operators.py
[2023-10-21T05:32:22.207+0000] {logging_mixin.py:151} INFO - [2023-10-21T05:32:22.206+0000] {dag.py:2941} INFO - Sync 1 DAGs
[2023-10-21T05:32:22.228+0000] {logging_mixin.py:151} INFO - [2023-10-21T05:32:22.228+0000] {dag.py:3722} INFO - Setting next_dagrun for example_dynamic_task_mapping_with_no_taskflow_operators to 2023-10-20T05:32:22.228318+00:00, run_after=2023-10-21T05:32:22.228318+00:00
[2023-10-21T05:32:22.252+0000] {processor.py:179} INFO - Processing /home/airflow/.local/lib/python3.8/site-packages/airflow/example_dags/example_dynamic_task_mapping_with_no_taskflow_operators.py took 0.065 seconds
[2023-10-21T05:32:52.742+0000] {processor.py:157} INFO - Started process (PID=554) to work on /home/airflow/.local/lib/python3.8/site-packages/airflow/example_dags/example_dynamic_task_mapping_with_no_taskflow_operators.py
[2023-10-21T05:32:52.743+0000] {processor.py:829} INFO - Processing file /home/airflow/.local/lib/python3.8/site-packages/airflow/example_dags/example_dynamic_task_mapping_with_no_taskflow_operators.py for tasks to queue
[2023-10-21T05:32:52.743+0000] {logging_mixin.py:151} INFO - [2023-10-21T05:32:52.743+0000] {dagbag.py:536} INFO - Filling up the DagBag from /home/airflow/.local/lib/python3.8/site-packages/airflow/example_dags/example_dynamic_task_mapping_with_no_taskflow_operators.py
[2023-10-21T05:32:52.749+0000] {processor.py:839} INFO - DAG(s) dict_keys(['example_dynamic_task_mapping_with_no_taskflow_operators']) retrieved from /home/airflow/.local/lib/python3.8/site-packages/airflow/example_dags/example_dynamic_task_mapping_with_no_taskflow_operators.py
[2023-10-21T05:32:52.764+0000] {logging_mixin.py:151} INFO - [2023-10-21T05:32:52.764+0000] {dag.py:2941} INFO - Sync 1 DAGs
[2023-10-21T05:32:52.783+0000] {logging_mixin.py:151} INFO - [2023-10-21T05:32:52.782+0000] {dag.py:3722} INFO - Setting next_dagrun for example_dynamic_task_mapping_with_no_taskflow_operators to 2023-10-20T05:32:52.782501+00:00, run_after=2023-10-21T05:32:52.782501+00:00
[2023-10-21T05:32:52.799+0000] {processor.py:179} INFO - Processing /home/airflow/.local/lib/python3.8/site-packages/airflow/example_dags/example_dynamic_task_mapping_with_no_taskflow_operators.py took 0.059 seconds
[2023-10-21T05:33:23.490+0000] {processor.py:157} INFO - Started process (PID=792) to work on /home/airflow/.local/lib/python3.8/site-packages/airflow/example_dags/example_dynamic_task_mapping_with_no_taskflow_operators.py
[2023-10-21T05:33:23.491+0000] {processor.py:829} INFO - Processing file /home/airflow/.local/lib/python3.8/site-packages/airflow/example_dags/example_dynamic_task_mapping_with_no_taskflow_operators.py for tasks to queue
[2023-10-21T05:33:23.491+0000] {logging_mixin.py:151} INFO - [2023-10-21T05:33:23.491+0000] {dagbag.py:536} INFO - Filling up the DagBag from /home/airflow/.local/lib/python3.8/site-packages/airflow/example_dags/example_dynamic_task_mapping_with_no_taskflow_operators.py
[2023-10-21T05:33:23.499+0000] {processor.py:839} INFO - DAG(s) dict_keys(['example_dynamic_task_mapping_with_no_taskflow_operators']) retrieved from /home/airflow/.local/lib/python3.8/site-packages/airflow/example_dags/example_dynamic_task_mapping_with_no_taskflow_operators.py
[2023-10-21T05:33:23.526+0000] {logging_mixin.py:151} INFO - [2023-10-21T05:33:23.526+0000] {dag.py:2941} INFO - Sync 1 DAGs
[2023-10-21T05:33:23.550+0000] {logging_mixin.py:151} INFO - [2023-10-21T05:33:23.550+0000] {dag.py:3722} INFO - Setting next_dagrun for example_dynamic_task_mapping_with_no_taskflow_operators to 2023-10-20T05:33:23.549933+00:00, run_after=2023-10-21T05:33:23.549933+00:00
[2023-10-21T05:33:23.572+0000] {processor.py:179} INFO - Processing /home/airflow/.local/lib/python3.8/site-packages/airflow/example_dags/example_dynamic_task_mapping_with_no_taskflow_operators.py took 0.086 seconds
[2023-10-21T05:33:54.238+0000] {processor.py:157} INFO - Started process (PID=1030) to work on /home/airflow/.local/lib/python3.8/site-packages/airflow/example_dags/example_dynamic_task_mapping_with_no_taskflow_operators.py
[2023-10-21T05:33:54.239+0000] {processor.py:829} INFO - Processing file /home/airflow/.local/lib/python3.8/site-packages/airflow/example_dags/example_dynamic_task_mapping_with_no_taskflow_operators.py for tasks to queue
[2023-10-21T05:33:54.239+0000] {logging_mixin.py:151} INFO - [2023-10-21T05:33:54.239+0000] {dagbag.py:536} INFO - Filling up the DagBag from /home/airflow/.local/lib/python3.8/site-packages/airflow/example_dags/example_dynamic_task_mapping_with_no_taskflow_operators.py
[2023-10-21T05:33:54.244+0000] {processor.py:839} INFO - DAG(s) dict_keys(['example_dynamic_task_mapping_with_no_taskflow_operators']) retrieved from /home/airflow/.local/lib/python3.8/site-packages/airflow/example_dags/example_dynamic_task_mapping_with_no_taskflow_operators.py
[2023-10-21T05:33:54.259+0000] {logging_mixin.py:151} INFO - [2023-10-21T05:33:54.258+0000] {dag.py:2941} INFO - Sync 1 DAGs
[2023-10-21T05:33:54.277+0000] {logging_mixin.py:151} INFO - [2023-10-21T05:33:54.277+0000] {dag.py:3722} INFO - Setting next_dagrun for example_dynamic_task_mapping_with_no_taskflow_operators to 2023-10-20T05:33:54.277342+00:00, run_after=2023-10-21T05:33:54.277342+00:00
[2023-10-21T05:33:54.293+0000] {processor.py:179} INFO - Processing /home/airflow/.local/lib/python3.8/site-packages/airflow/example_dags/example_dynamic_task_mapping_with_no_taskflow_operators.py took 0.057 seconds
[2023-10-21T05:34:25.171+0000] {processor.py:157} INFO - Started process (PID=1268) to work on /home/airflow/.local/lib/python3.8/site-packages/airflow/example_dags/example_dynamic_task_mapping_with_no_taskflow_operators.py
[2023-10-21T05:34:25.172+0000] {processor.py:829} INFO - Processing file /home/airflow/.local/lib/python3.8/site-packages/airflow/example_dags/example_dynamic_task_mapping_with_no_taskflow_operators.py for tasks to queue
[2023-10-21T05:34:25.173+0000] {logging_mixin.py:151} INFO - [2023-10-21T05:34:25.173+0000] {dagbag.py:536} INFO - Filling up the DagBag from /home/airflow/.local/lib/python3.8/site-packages/airflow/example_dags/example_dynamic_task_mapping_with_no_taskflow_operators.py
[2023-10-21T05:34:25.183+0000] {processor.py:839} INFO - DAG(s) dict_keys(['example_dynamic_task_mapping_with_no_taskflow_operators']) retrieved from /home/airflow/.local/lib/python3.8/site-packages/airflow/example_dags/example_dynamic_task_mapping_with_no_taskflow_operators.py
[2023-10-21T05:34:25.209+0000] {logging_mixin.py:151} INFO - [2023-10-21T05:34:25.208+0000] {dag.py:2941} INFO - Sync 1 DAGs
[2023-10-21T05:34:25.237+0000] {logging_mixin.py:151} INFO - [2023-10-21T05:34:25.237+0000] {dag.py:3722} INFO - Setting next_dagrun for example_dynamic_task_mapping_with_no_taskflow_operators to 2023-10-20T05:34:25.236796+00:00, run_after=2023-10-21T05:34:25.236796+00:00
[2023-10-21T05:34:25.270+0000] {processor.py:179} INFO - Processing /home/airflow/.local/lib/python3.8/site-packages/airflow/example_dags/example_dynamic_task_mapping_with_no_taskflow_operators.py took 0.101 seconds
[2023-10-21T05:34:55.524+0000] {processor.py:157} INFO - Started process (PID=1506) to work on /home/airflow/.local/lib/python3.8/site-packages/airflow/example_dags/example_dynamic_task_mapping_with_no_taskflow_operators.py
[2023-10-21T05:34:55.525+0000] {processor.py:829} INFO - Processing file /home/airflow/.local/lib/python3.8/site-packages/airflow/example_dags/example_dynamic_task_mapping_with_no_taskflow_operators.py for tasks to queue
[2023-10-21T05:34:55.525+0000] {logging_mixin.py:151} INFO - [2023-10-21T05:34:55.525+0000] {dagbag.py:536} INFO - Filling up the DagBag from /home/airflow/.local/lib/python3.8/site-packages/airflow/example_dags/example_dynamic_task_mapping_with_no_taskflow_operators.py
[2023-10-21T05:34:55.530+0000] {processor.py:839} INFO - DAG(s) dict_keys(['example_dynamic_task_mapping_with_no_taskflow_operators']) retrieved from /home/airflow/.local/lib/python3.8/site-packages/airflow/example_dags/example_dynamic_task_mapping_with_no_taskflow_operators.py
[2023-10-21T05:34:55.545+0000] {logging_mixin.py:151} INFO - [2023-10-21T05:34:55.545+0000] {dag.py:2941} INFO - Sync 1 DAGs
[2023-10-21T05:34:55.564+0000] {logging_mixin.py:151} INFO - [2023-10-21T05:34:55.564+0000] {dag.py:3722} INFO - Setting next_dagrun for example_dynamic_task_mapping_with_no_taskflow_operators to 2023-10-20T05:34:55.564479+00:00, run_after=2023-10-21T05:34:55.564479+00:00
[2023-10-21T05:34:55.581+0000] {processor.py:179} INFO - Processing /home/airflow/.local/lib/python3.8/site-packages/airflow/example_dags/example_dynamic_task_mapping_with_no_taskflow_operators.py took 0.059 seconds
[2023-10-21T05:35:25.884+0000] {processor.py:157} INFO - Started process (PID=1744) to work on /home/airflow/.local/lib/python3.8/site-packages/airflow/example_dags/example_dynamic_task_mapping_with_no_taskflow_operators.py
[2023-10-21T05:35:25.885+0000] {processor.py:829} INFO - Processing file /home/airflow/.local/lib/python3.8/site-packages/airflow/example_dags/example_dynamic_task_mapping_with_no_taskflow_operators.py for tasks to queue
[2023-10-21T05:35:25.886+0000] {logging_mixin.py:151} INFO - [2023-10-21T05:35:25.886+0000] {dagbag.py:536} INFO - Filling up the DagBag from /home/airflow/.local/lib/python3.8/site-packages/airflow/example_dags/example_dynamic_task_mapping_with_no_taskflow_operators.py
[2023-10-21T05:35:25.891+0000] {processor.py:839} INFO - DAG(s) dict_keys(['example_dynamic_task_mapping_with_no_taskflow_operators']) retrieved from /home/airflow/.local/lib/python3.8/site-packages/airflow/example_dags/example_dynamic_task_mapping_with_no_taskflow_operators.py
[2023-10-21T05:35:25.908+0000] {logging_mixin.py:151} INFO - [2023-10-21T05:35:25.907+0000] {dag.py:2941} INFO - Sync 1 DAGs
[2023-10-21T05:35:25.928+0000] {logging_mixin.py:151} INFO - [2023-10-21T05:35:25.927+0000] {dag.py:3722} INFO - Setting next_dagrun for example_dynamic_task_mapping_with_no_taskflow_operators to 2023-10-20T05:35:25.927712+00:00, run_after=2023-10-21T05:35:25.927712+00:00
[2023-10-21T05:35:25.949+0000] {processor.py:179} INFO - Processing /home/airflow/.local/lib/python3.8/site-packages/airflow/example_dags/example_dynamic_task_mapping_with_no_taskflow_operators.py took 0.066 seconds
[2023-10-21T05:35:56.179+0000] {processor.py:157} INFO - Started process (PID=1984) to work on /home/airflow/.local/lib/python3.8/site-packages/airflow/example_dags/example_dynamic_task_mapping_with_no_taskflow_operators.py
[2023-10-21T05:35:56.180+0000] {processor.py:829} INFO - Processing file /home/airflow/.local/lib/python3.8/site-packages/airflow/example_dags/example_dynamic_task_mapping_with_no_taskflow_operators.py for tasks to queue
[2023-10-21T05:35:56.180+0000] {logging_mixin.py:151} INFO - [2023-10-21T05:35:56.180+0000] {dagbag.py:536} INFO - Filling up the DagBag from /home/airflow/.local/lib/python3.8/site-packages/airflow/example_dags/example_dynamic_task_mapping_with_no_taskflow_operators.py
[2023-10-21T05:35:56.185+0000] {processor.py:839} INFO - DAG(s) dict_keys(['example_dynamic_task_mapping_with_no_taskflow_operators']) retrieved from /home/airflow/.local/lib/python3.8/site-packages/airflow/example_dags/example_dynamic_task_mapping_with_no_taskflow_operators.py
[2023-10-21T05:35:56.202+0000] {logging_mixin.py:151} INFO - [2023-10-21T05:35:56.202+0000] {dag.py:2941} INFO - Sync 1 DAGs
[2023-10-21T05:35:56.222+0000] {logging_mixin.py:151} INFO - [2023-10-21T05:35:56.222+0000] {dag.py:3722} INFO - Setting next_dagrun for example_dynamic_task_mapping_with_no_taskflow_operators to 2023-10-20T05:35:56.222399+00:00, run_after=2023-10-21T05:35:56.222399+00:00
[2023-10-21T05:35:56.240+0000] {processor.py:179} INFO - Processing /home/airflow/.local/lib/python3.8/site-packages/airflow/example_dags/example_dynamic_task_mapping_with_no_taskflow_operators.py took 0.063 seconds
[2023-10-21T05:36:26.622+0000] {processor.py:157} INFO - Started process (PID=2268) to work on /home/airflow/.local/lib/python3.8/site-packages/airflow/example_dags/example_dynamic_task_mapping_with_no_taskflow_operators.py
[2023-10-21T05:36:26.622+0000] {processor.py:829} INFO - Processing file /home/airflow/.local/lib/python3.8/site-packages/airflow/example_dags/example_dynamic_task_mapping_with_no_taskflow_operators.py for tasks to queue
[2023-10-21T05:36:26.623+0000] {logging_mixin.py:151} INFO - [2023-10-21T05:36:26.623+0000] {dagbag.py:536} INFO - Filling up the DagBag from /home/airflow/.local/lib/python3.8/site-packages/airflow/example_dags/example_dynamic_task_mapping_with_no_taskflow_operators.py
[2023-10-21T05:36:26.628+0000] {processor.py:839} INFO - DAG(s) dict_keys(['example_dynamic_task_mapping_with_no_taskflow_operators']) retrieved from /home/airflow/.local/lib/python3.8/site-packages/airflow/example_dags/example_dynamic_task_mapping_with_no_taskflow_operators.py
[2023-10-21T05:36:26.643+0000] {logging_mixin.py:151} INFO - [2023-10-21T05:36:26.643+0000] {dag.py:2941} INFO - Sync 1 DAGs
[2023-10-21T05:36:26.665+0000] {logging_mixin.py:151} INFO - [2023-10-21T05:36:26.665+0000] {dag.py:3722} INFO - Setting next_dagrun for example_dynamic_task_mapping_with_no_taskflow_operators to 2023-10-20T05:36:26.664952+00:00, run_after=2023-10-21T05:36:26.664952+00:00
[2023-10-21T05:36:26.683+0000] {processor.py:179} INFO - Processing /home/airflow/.local/lib/python3.8/site-packages/airflow/example_dags/example_dynamic_task_mapping_with_no_taskflow_operators.py took 0.064 seconds
[2023-10-21T05:36:56.899+0000] {processor.py:157} INFO - Started process (PID=2506) to work on /home/airflow/.local/lib/python3.8/site-packages/airflow/example_dags/example_dynamic_task_mapping_with_no_taskflow_operators.py
[2023-10-21T05:36:56.900+0000] {processor.py:829} INFO - Processing file /home/airflow/.local/lib/python3.8/site-packages/airflow/example_dags/example_dynamic_task_mapping_with_no_taskflow_operators.py for tasks to queue
[2023-10-21T05:36:56.901+0000] {logging_mixin.py:151} INFO - [2023-10-21T05:36:56.900+0000] {dagbag.py:536} INFO - Filling up the DagBag from /home/airflow/.local/lib/python3.8/site-packages/airflow/example_dags/example_dynamic_task_mapping_with_no_taskflow_operators.py
[2023-10-21T05:36:56.907+0000] {processor.py:839} INFO - DAG(s) dict_keys(['example_dynamic_task_mapping_with_no_taskflow_operators']) retrieved from /home/airflow/.local/lib/python3.8/site-packages/airflow/example_dags/example_dynamic_task_mapping_with_no_taskflow_operators.py
[2023-10-21T05:36:56.924+0000] {logging_mixin.py:151} INFO - [2023-10-21T05:36:56.924+0000] {dag.py:2941} INFO - Sync 1 DAGs
[2023-10-21T05:36:56.944+0000] {logging_mixin.py:151} INFO - [2023-10-21T05:36:56.944+0000] {dag.py:3722} INFO - Setting next_dagrun for example_dynamic_task_mapping_with_no_taskflow_operators to 2023-10-20T05:36:56.944265+00:00, run_after=2023-10-21T05:36:56.944265+00:00
[2023-10-21T05:36:56.964+0000] {processor.py:179} INFO - Processing /home/airflow/.local/lib/python3.8/site-packages/airflow/example_dags/example_dynamic_task_mapping_with_no_taskflow_operators.py took 0.067 seconds
[2023-10-21T05:37:27.122+0000] {processor.py:157} INFO - Started process (PID=2746) to work on /home/airflow/.local/lib/python3.8/site-packages/airflow/example_dags/example_dynamic_task_mapping_with_no_taskflow_operators.py
[2023-10-21T05:37:27.123+0000] {processor.py:829} INFO - Processing file /home/airflow/.local/lib/python3.8/site-packages/airflow/example_dags/example_dynamic_task_mapping_with_no_taskflow_operators.py for tasks to queue
[2023-10-21T05:37:27.124+0000] {logging_mixin.py:151} INFO - [2023-10-21T05:37:27.123+0000] {dagbag.py:536} INFO - Filling up the DagBag from /home/airflow/.local/lib/python3.8/site-packages/airflow/example_dags/example_dynamic_task_mapping_with_no_taskflow_operators.py
[2023-10-21T05:37:27.129+0000] {processor.py:839} INFO - DAG(s) dict_keys(['example_dynamic_task_mapping_with_no_taskflow_operators']) retrieved from /home/airflow/.local/lib/python3.8/site-packages/airflow/example_dags/example_dynamic_task_mapping_with_no_taskflow_operators.py
[2023-10-21T05:37:27.145+0000] {logging_mixin.py:151} INFO - [2023-10-21T05:37:27.144+0000] {dag.py:2941} INFO - Sync 1 DAGs
[2023-10-21T05:37:27.165+0000] {logging_mixin.py:151} INFO - [2023-10-21T05:37:27.165+0000] {dag.py:3722} INFO - Setting next_dagrun for example_dynamic_task_mapping_with_no_taskflow_operators to 2023-10-20T05:37:27.165002+00:00, run_after=2023-10-21T05:37:27.165002+00:00
[2023-10-21T05:37:27.182+0000] {processor.py:179} INFO - Processing /home/airflow/.local/lib/python3.8/site-packages/airflow/example_dags/example_dynamic_task_mapping_with_no_taskflow_operators.py took 0.062 seconds
[2023-10-21T05:37:57.474+0000] {processor.py:157} INFO - Started process (PID=2982) to work on /home/airflow/.local/lib/python3.8/site-packages/airflow/example_dags/example_dynamic_task_mapping_with_no_taskflow_operators.py
[2023-10-21T05:37:57.475+0000] {processor.py:829} INFO - Processing file /home/airflow/.local/lib/python3.8/site-packages/airflow/example_dags/example_dynamic_task_mapping_with_no_taskflow_operators.py for tasks to queue
[2023-10-21T05:37:57.475+0000] {logging_mixin.py:151} INFO - [2023-10-21T05:37:57.475+0000] {dagbag.py:536} INFO - Filling up the DagBag from /home/airflow/.local/lib/python3.8/site-packages/airflow/example_dags/example_dynamic_task_mapping_with_no_taskflow_operators.py
[2023-10-21T05:37:57.482+0000] {processor.py:839} INFO - DAG(s) dict_keys(['example_dynamic_task_mapping_with_no_taskflow_operators']) retrieved from /home/airflow/.local/lib/python3.8/site-packages/airflow/example_dags/example_dynamic_task_mapping_with_no_taskflow_operators.py
[2023-10-21T05:37:57.503+0000] {logging_mixin.py:151} INFO - [2023-10-21T05:37:57.503+0000] {dag.py:2941} INFO - Sync 1 DAGs
[2023-10-21T05:37:57.531+0000] {logging_mixin.py:151} INFO - [2023-10-21T05:37:57.531+0000] {dag.py:3722} INFO - Setting next_dagrun for example_dynamic_task_mapping_with_no_taskflow_operators to 2023-10-20T05:37:57.531093+00:00, run_after=2023-10-21T05:37:57.531093+00:00
[2023-10-21T05:37:57.556+0000] {processor.py:179} INFO - Processing /home/airflow/.local/lib/python3.8/site-packages/airflow/example_dags/example_dynamic_task_mapping_with_no_taskflow_operators.py took 0.085 seconds
[2023-10-21T05:38:27.919+0000] {processor.py:157} INFO - Started process (PID=3220) to work on /home/airflow/.local/lib/python3.8/site-packages/airflow/example_dags/example_dynamic_task_mapping_with_no_taskflow_operators.py
[2023-10-21T05:38:27.920+0000] {processor.py:829} INFO - Processing file /home/airflow/.local/lib/python3.8/site-packages/airflow/example_dags/example_dynamic_task_mapping_with_no_taskflow_operators.py for tasks to queue
[2023-10-21T05:38:27.921+0000] {logging_mixin.py:151} INFO - [2023-10-21T05:38:27.920+0000] {dagbag.py:536} INFO - Filling up the DagBag from /home/airflow/.local/lib/python3.8/site-packages/airflow/example_dags/example_dynamic_task_mapping_with_no_taskflow_operators.py
[2023-10-21T05:38:27.927+0000] {processor.py:839} INFO - DAG(s) dict_keys(['example_dynamic_task_mapping_with_no_taskflow_operators']) retrieved from /home/airflow/.local/lib/python3.8/site-packages/airflow/example_dags/example_dynamic_task_mapping_with_no_taskflow_operators.py
[2023-10-21T05:38:27.945+0000] {logging_mixin.py:151} INFO - [2023-10-21T05:38:27.945+0000] {dag.py:2941} INFO - Sync 1 DAGs
[2023-10-21T05:38:27.966+0000] {logging_mixin.py:151} INFO - [2023-10-21T05:38:27.966+0000] {dag.py:3722} INFO - Setting next_dagrun for example_dynamic_task_mapping_with_no_taskflow_operators to 2023-10-20T05:38:27.966067+00:00, run_after=2023-10-21T05:38:27.966067+00:00
[2023-10-21T05:38:27.986+0000] {processor.py:179} INFO - Processing /home/airflow/.local/lib/python3.8/site-packages/airflow/example_dags/example_dynamic_task_mapping_with_no_taskflow_operators.py took 0.069 seconds
[2023-10-21T05:38:58.252+0000] {processor.py:157} INFO - Started process (PID=3458) to work on /home/airflow/.local/lib/python3.8/site-packages/airflow/example_dags/example_dynamic_task_mapping_with_no_taskflow_operators.py
[2023-10-21T05:38:58.253+0000] {processor.py:829} INFO - Processing file /home/airflow/.local/lib/python3.8/site-packages/airflow/example_dags/example_dynamic_task_mapping_with_no_taskflow_operators.py for tasks to queue
[2023-10-21T05:38:58.253+0000] {logging_mixin.py:151} INFO - [2023-10-21T05:38:58.253+0000] {dagbag.py:536} INFO - Filling up the DagBag from /home/airflow/.local/lib/python3.8/site-packages/airflow/example_dags/example_dynamic_task_mapping_with_no_taskflow_operators.py
[2023-10-21T05:38:58.261+0000] {processor.py:839} INFO - DAG(s) dict_keys(['example_dynamic_task_mapping_with_no_taskflow_operators']) retrieved from /home/airflow/.local/lib/python3.8/site-packages/airflow/example_dags/example_dynamic_task_mapping_with_no_taskflow_operators.py
[2023-10-21T05:38:58.281+0000] {logging_mixin.py:151} INFO - [2023-10-21T05:38:58.280+0000] {dag.py:2941} INFO - Sync 1 DAGs
[2023-10-21T05:38:58.304+0000] {logging_mixin.py:151} INFO - [2023-10-21T05:38:58.304+0000] {dag.py:3722} INFO - Setting next_dagrun for example_dynamic_task_mapping_with_no_taskflow_operators to 2023-10-20T05:38:58.304078+00:00, run_after=2023-10-21T05:38:58.304078+00:00
[2023-10-21T05:38:58.328+0000] {processor.py:179} INFO - Processing /home/airflow/.local/lib/python3.8/site-packages/airflow/example_dags/example_dynamic_task_mapping_with_no_taskflow_operators.py took 0.078 seconds
[2023-10-21T05:39:28.434+0000] {processor.py:157} INFO - Started process (PID=3696) to work on /home/airflow/.local/lib/python3.8/site-packages/airflow/example_dags/example_dynamic_task_mapping_with_no_taskflow_operators.py
[2023-10-21T05:39:28.435+0000] {processor.py:829} INFO - Processing file /home/airflow/.local/lib/python3.8/site-packages/airflow/example_dags/example_dynamic_task_mapping_with_no_taskflow_operators.py for tasks to queue
[2023-10-21T05:39:28.436+0000] {logging_mixin.py:151} INFO - [2023-10-21T05:39:28.436+0000] {dagbag.py:536} INFO - Filling up the DagBag from /home/airflow/.local/lib/python3.8/site-packages/airflow/example_dags/example_dynamic_task_mapping_with_no_taskflow_operators.py
[2023-10-21T05:39:28.442+0000] {processor.py:839} INFO - DAG(s) dict_keys(['example_dynamic_task_mapping_with_no_taskflow_operators']) retrieved from /home/airflow/.local/lib/python3.8/site-packages/airflow/example_dags/example_dynamic_task_mapping_with_no_taskflow_operators.py
[2023-10-21T05:39:28.459+0000] {logging_mixin.py:151} INFO - [2023-10-21T05:39:28.459+0000] {dag.py:2941} INFO - Sync 1 DAGs
[2023-10-21T05:39:28.480+0000] {logging_mixin.py:151} INFO - [2023-10-21T05:39:28.480+0000] {dag.py:3722} INFO - Setting next_dagrun for example_dynamic_task_mapping_with_no_taskflow_operators to 2023-10-20T05:39:28.480314+00:00, run_after=2023-10-21T05:39:28.480314+00:00
[2023-10-21T05:39:28.500+0000] {processor.py:179} INFO - Processing /home/airflow/.local/lib/python3.8/site-packages/airflow/example_dags/example_dynamic_task_mapping_with_no_taskflow_operators.py took 0.068 seconds
[2023-10-21T05:39:59.276+0000] {processor.py:157} INFO - Started process (PID=3934) to work on /home/airflow/.local/lib/python3.8/site-packages/airflow/example_dags/example_dynamic_task_mapping_with_no_taskflow_operators.py
[2023-10-21T05:39:59.276+0000] {processor.py:829} INFO - Processing file /home/airflow/.local/lib/python3.8/site-packages/airflow/example_dags/example_dynamic_task_mapping_with_no_taskflow_operators.py for tasks to queue
[2023-10-21T05:39:59.277+0000] {logging_mixin.py:151} INFO - [2023-10-21T05:39:59.277+0000] {dagbag.py:536} INFO - Filling up the DagBag from /home/airflow/.local/lib/python3.8/site-packages/airflow/example_dags/example_dynamic_task_mapping_with_no_taskflow_operators.py
[2023-10-21T05:39:59.283+0000] {processor.py:839} INFO - DAG(s) dict_keys(['example_dynamic_task_mapping_with_no_taskflow_operators']) retrieved from /home/airflow/.local/lib/python3.8/site-packages/airflow/example_dags/example_dynamic_task_mapping_with_no_taskflow_operators.py
[2023-10-21T05:39:59.300+0000] {logging_mixin.py:151} INFO - [2023-10-21T05:39:59.300+0000] {dag.py:2941} INFO - Sync 1 DAGs
[2023-10-21T05:39:59.321+0000] {logging_mixin.py:151} INFO - [2023-10-21T05:39:59.321+0000] {dag.py:3722} INFO - Setting next_dagrun for example_dynamic_task_mapping_with_no_taskflow_operators to 2023-10-20T05:39:59.321056+00:00, run_after=2023-10-21T05:39:59.321056+00:00
[2023-10-21T05:39:59.341+0000] {processor.py:179} INFO - Processing /home/airflow/.local/lib/python3.8/site-packages/airflow/example_dags/example_dynamic_task_mapping_with_no_taskflow_operators.py took 0.068 seconds
[2023-10-21T05:40:30.015+0000] {processor.py:157} INFO - Started process (PID=4172) to work on /home/airflow/.local/lib/python3.8/site-packages/airflow/example_dags/example_dynamic_task_mapping_with_no_taskflow_operators.py
[2023-10-21T05:40:30.016+0000] {processor.py:829} INFO - Processing file /home/airflow/.local/lib/python3.8/site-packages/airflow/example_dags/example_dynamic_task_mapping_with_no_taskflow_operators.py for tasks to queue
[2023-10-21T05:40:30.017+0000] {logging_mixin.py:151} INFO - [2023-10-21T05:40:30.017+0000] {dagbag.py:536} INFO - Filling up the DagBag from /home/airflow/.local/lib/python3.8/site-packages/airflow/example_dags/example_dynamic_task_mapping_with_no_taskflow_operators.py
[2023-10-21T05:40:30.023+0000] {processor.py:839} INFO - DAG(s) dict_keys(['example_dynamic_task_mapping_with_no_taskflow_operators']) retrieved from /home/airflow/.local/lib/python3.8/site-packages/airflow/example_dags/example_dynamic_task_mapping_with_no_taskflow_operators.py
[2023-10-21T05:40:30.040+0000] {logging_mixin.py:151} INFO - [2023-10-21T05:40:30.040+0000] {dag.py:2941} INFO - Sync 1 DAGs
[2023-10-21T05:40:30.059+0000] {logging_mixin.py:151} INFO - [2023-10-21T05:40:30.059+0000] {dag.py:3722} INFO - Setting next_dagrun for example_dynamic_task_mapping_with_no_taskflow_operators to 2023-10-20T05:40:30.059312+00:00, run_after=2023-10-21T05:40:30.059312+00:00
[2023-10-21T05:40:30.080+0000] {processor.py:179} INFO - Processing /home/airflow/.local/lib/python3.8/site-packages/airflow/example_dags/example_dynamic_task_mapping_with_no_taskflow_operators.py took 0.068 seconds
[2023-10-21T05:41:00.417+0000] {processor.py:157} INFO - Started process (PID=4411) to work on /home/airflow/.local/lib/python3.8/site-packages/airflow/example_dags/example_dynamic_task_mapping_with_no_taskflow_operators.py
[2023-10-21T05:41:00.418+0000] {processor.py:829} INFO - Processing file /home/airflow/.local/lib/python3.8/site-packages/airflow/example_dags/example_dynamic_task_mapping_with_no_taskflow_operators.py for tasks to queue
[2023-10-21T05:41:00.418+0000] {logging_mixin.py:151} INFO - [2023-10-21T05:41:00.418+0000] {dagbag.py:536} INFO - Filling up the DagBag from /home/airflow/.local/lib/python3.8/site-packages/airflow/example_dags/example_dynamic_task_mapping_with_no_taskflow_operators.py
[2023-10-21T05:41:00.423+0000] {processor.py:839} INFO - DAG(s) dict_keys(['example_dynamic_task_mapping_with_no_taskflow_operators']) retrieved from /home/airflow/.local/lib/python3.8/site-packages/airflow/example_dags/example_dynamic_task_mapping_with_no_taskflow_operators.py
[2023-10-21T05:41:00.438+0000] {logging_mixin.py:151} INFO - [2023-10-21T05:41:00.438+0000] {dag.py:2941} INFO - Sync 1 DAGs
[2023-10-21T05:41:00.456+0000] {logging_mixin.py:151} INFO - [2023-10-21T05:41:00.456+0000] {dag.py:3722} INFO - Setting next_dagrun for example_dynamic_task_mapping_with_no_taskflow_operators to 2023-10-20T05:41:00.455828+00:00, run_after=2023-10-21T05:41:00.455828+00:00
[2023-10-21T05:41:00.472+0000] {processor.py:179} INFO - Processing /home/airflow/.local/lib/python3.8/site-packages/airflow/example_dags/example_dynamic_task_mapping_with_no_taskflow_operators.py took 0.057 seconds
