[2023-10-21T05:32:21.817+0000] {processor.py:157} INFO - Started process (PID=281) to work on /home/airflow/.local/lib/python3.8/site-packages/airflow/example_dags/example_subdag_operator.py
[2023-10-21T05:32:21.818+0000] {processor.py:829} INFO - Processing file /home/airflow/.local/lib/python3.8/site-packages/airflow/example_dags/example_subdag_operator.py for tasks to queue
[2023-10-21T05:32:21.818+0000] {logging_mixin.py:151} INFO - [2023-10-21T05:32:21.818+0000] {dagbag.py:536} INFO - Filling up the DagBag from /home/airflow/.local/lib/python3.8/site-packages/airflow/example_dags/example_subdag_operator.py
[2023-10-21T05:32:21.841+0000] {processor.py:839} INFO - DAG(s) dict_keys(['example_subdag_operator.section-1', 'example_subdag_operator.section-2', 'example_subdag_operator']) retrieved from /home/airflow/.local/lib/python3.8/site-packages/airflow/example_dags/example_subdag_operator.py
[2023-10-21T05:32:21.844+0000] {logging_mixin.py:151} INFO - [2023-10-21T05:32:21.844+0000] {dag.py:2941} INFO - Sync 3 DAGs
[2023-10-21T05:32:21.866+0000] {logging_mixin.py:151} INFO - [2023-10-21T05:32:21.866+0000] {dag.py:3722} INFO - Setting next_dagrun for example_subdag_operator to 2022-01-01T00:00:00+00:00, run_after=2022-01-01T00:00:00+00:00
[2023-10-21T05:32:21.870+0000] {logging_mixin.py:151} INFO - [2023-10-21T05:32:21.870+0000] {dag.py:3722} INFO - Setting next_dagrun for example_subdag_operator.section-1 to None, run_after=None
[2023-10-21T05:32:21.871+0000] {logging_mixin.py:151} INFO - [2023-10-21T05:32:21.871+0000] {dag.py:3722} INFO - Setting next_dagrun for example_subdag_operator.section-2 to None, run_after=None
[2023-10-21T05:32:21.877+0000] {logging_mixin.py:151} INFO - [2023-10-21T05:32:21.877+0000] {dag.py:2941} INFO - Sync 2 DAGs
[2023-10-21T05:32:21.883+0000] {logging_mixin.py:151} INFO - [2023-10-21T05:32:21.883+0000] {dag.py:3722} INFO - Setting next_dagrun for example_subdag_operator.section-1 to None, run_after=None
[2023-10-21T05:32:21.883+0000] {logging_mixin.py:151} INFO - [2023-10-21T05:32:21.883+0000] {dag.py:3722} INFO - Setting next_dagrun for example_subdag_operator.section-2 to None, run_after=None
[2023-10-21T05:32:21.896+0000] {processor.py:179} INFO - Processing /home/airflow/.local/lib/python3.8/site-packages/airflow/example_dags/example_subdag_operator.py took 0.081 seconds
[2023-10-21T05:32:52.485+0000] {processor.py:157} INFO - Started process (PID=521) to work on /home/airflow/.local/lib/python3.8/site-packages/airflow/example_dags/example_subdag_operator.py
[2023-10-21T05:32:52.486+0000] {processor.py:829} INFO - Processing file /home/airflow/.local/lib/python3.8/site-packages/airflow/example_dags/example_subdag_operator.py for tasks to queue
[2023-10-21T05:32:52.486+0000] {logging_mixin.py:151} INFO - [2023-10-21T05:32:52.486+0000] {dagbag.py:536} INFO - Filling up the DagBag from /home/airflow/.local/lib/python3.8/site-packages/airflow/example_dags/example_subdag_operator.py
[2023-10-21T05:32:52.506+0000] {processor.py:839} INFO - DAG(s) dict_keys(['example_subdag_operator.section-1', 'example_subdag_operator.section-2', 'example_subdag_operator']) retrieved from /home/airflow/.local/lib/python3.8/site-packages/airflow/example_dags/example_subdag_operator.py
[2023-10-21T05:32:52.520+0000] {logging_mixin.py:151} INFO - [2023-10-21T05:32:52.519+0000] {dag.py:2941} INFO - Sync 3 DAGs
[2023-10-21T05:32:52.538+0000] {logging_mixin.py:151} INFO - [2023-10-21T05:32:52.537+0000] {dag.py:3722} INFO - Setting next_dagrun for example_subdag_operator to 2022-01-01T00:00:00+00:00, run_after=2022-01-01T00:00:00+00:00
[2023-10-21T05:32:52.540+0000] {logging_mixin.py:151} INFO - [2023-10-21T05:32:52.540+0000] {dag.py:3722} INFO - Setting next_dagrun for example_subdag_operator.section-1 to None, run_after=None
[2023-10-21T05:32:52.542+0000] {logging_mixin.py:151} INFO - [2023-10-21T05:32:52.541+0000] {dag.py:3722} INFO - Setting next_dagrun for example_subdag_operator.section-2 to None, run_after=None
[2023-10-21T05:32:52.548+0000] {logging_mixin.py:151} INFO - [2023-10-21T05:32:52.548+0000] {dag.py:2941} INFO - Sync 2 DAGs
[2023-10-21T05:32:52.553+0000] {logging_mixin.py:151} INFO - [2023-10-21T05:32:52.553+0000] {dag.py:3722} INFO - Setting next_dagrun for example_subdag_operator.section-1 to None, run_after=None
[2023-10-21T05:32:52.553+0000] {logging_mixin.py:151} INFO - [2023-10-21T05:32:52.553+0000] {dag.py:3722} INFO - Setting next_dagrun for example_subdag_operator.section-2 to None, run_after=None
[2023-10-21T05:32:52.564+0000] {processor.py:179} INFO - Processing /home/airflow/.local/lib/python3.8/site-packages/airflow/example_dags/example_subdag_operator.py took 0.081 seconds
[2023-10-21T05:33:22.944+0000] {processor.py:157} INFO - Started process (PID=757) to work on /home/airflow/.local/lib/python3.8/site-packages/airflow/example_dags/example_subdag_operator.py
[2023-10-21T05:33:22.945+0000] {processor.py:829} INFO - Processing file /home/airflow/.local/lib/python3.8/site-packages/airflow/example_dags/example_subdag_operator.py for tasks to queue
[2023-10-21T05:33:22.946+0000] {logging_mixin.py:151} INFO - [2023-10-21T05:33:22.945+0000] {dagbag.py:536} INFO - Filling up the DagBag from /home/airflow/.local/lib/python3.8/site-packages/airflow/example_dags/example_subdag_operator.py
[2023-10-21T05:33:22.968+0000] {processor.py:839} INFO - DAG(s) dict_keys(['example_subdag_operator.section-1', 'example_subdag_operator.section-2', 'example_subdag_operator']) retrieved from /home/airflow/.local/lib/python3.8/site-packages/airflow/example_dags/example_subdag_operator.py
[2023-10-21T05:33:22.983+0000] {logging_mixin.py:151} INFO - [2023-10-21T05:33:22.983+0000] {dag.py:2941} INFO - Sync 3 DAGs
[2023-10-21T05:33:23.007+0000] {logging_mixin.py:151} INFO - [2023-10-21T05:33:23.007+0000] {dag.py:3722} INFO - Setting next_dagrun for example_subdag_operator to 2022-01-01T00:00:00+00:00, run_after=2022-01-01T00:00:00+00:00
[2023-10-21T05:33:23.011+0000] {logging_mixin.py:151} INFO - [2023-10-21T05:33:23.011+0000] {dag.py:3722} INFO - Setting next_dagrun for example_subdag_operator.section-1 to None, run_after=None
[2023-10-21T05:33:23.013+0000] {logging_mixin.py:151} INFO - [2023-10-21T05:33:23.012+0000] {dag.py:3722} INFO - Setting next_dagrun for example_subdag_operator.section-2 to None, run_after=None
[2023-10-21T05:33:23.019+0000] {logging_mixin.py:151} INFO - [2023-10-21T05:33:23.019+0000] {dag.py:2941} INFO - Sync 2 DAGs
[2023-10-21T05:33:23.025+0000] {logging_mixin.py:151} INFO - [2023-10-21T05:33:23.025+0000] {dag.py:3722} INFO - Setting next_dagrun for example_subdag_operator.section-1 to None, run_after=None
[2023-10-21T05:33:23.025+0000] {logging_mixin.py:151} INFO - [2023-10-21T05:33:23.025+0000] {dag.py:3722} INFO - Setting next_dagrun for example_subdag_operator.section-2 to None, run_after=None
[2023-10-21T05:33:23.039+0000] {processor.py:179} INFO - Processing /home/airflow/.local/lib/python3.8/site-packages/airflow/example_dags/example_subdag_operator.py took 0.098 seconds
[2023-10-21T05:33:53.940+0000] {processor.py:157} INFO - Started process (PID=995) to work on /home/airflow/.local/lib/python3.8/site-packages/airflow/example_dags/example_subdag_operator.py
[2023-10-21T05:33:53.941+0000] {processor.py:829} INFO - Processing file /home/airflow/.local/lib/python3.8/site-packages/airflow/example_dags/example_subdag_operator.py for tasks to queue
[2023-10-21T05:33:53.942+0000] {logging_mixin.py:151} INFO - [2023-10-21T05:33:53.941+0000] {dagbag.py:536} INFO - Filling up the DagBag from /home/airflow/.local/lib/python3.8/site-packages/airflow/example_dags/example_subdag_operator.py
[2023-10-21T05:33:53.961+0000] {processor.py:839} INFO - DAG(s) dict_keys(['example_subdag_operator.section-1', 'example_subdag_operator.section-2', 'example_subdag_operator']) retrieved from /home/airflow/.local/lib/python3.8/site-packages/airflow/example_dags/example_subdag_operator.py
[2023-10-21T05:33:53.974+0000] {logging_mixin.py:151} INFO - [2023-10-21T05:33:53.974+0000] {dag.py:2941} INFO - Sync 3 DAGs
[2023-10-21T05:33:53.993+0000] {logging_mixin.py:151} INFO - [2023-10-21T05:33:53.992+0000] {dag.py:3722} INFO - Setting next_dagrun for example_subdag_operator to 2022-01-01T00:00:00+00:00, run_after=2022-01-01T00:00:00+00:00
[2023-10-21T05:33:53.996+0000] {logging_mixin.py:151} INFO - [2023-10-21T05:33:53.996+0000] {dag.py:3722} INFO - Setting next_dagrun for example_subdag_operator.section-1 to None, run_after=None
[2023-10-21T05:33:53.997+0000] {logging_mixin.py:151} INFO - [2023-10-21T05:33:53.997+0000] {dag.py:3722} INFO - Setting next_dagrun for example_subdag_operator.section-2 to None, run_after=None
[2023-10-21T05:33:54.003+0000] {logging_mixin.py:151} INFO - [2023-10-21T05:33:54.003+0000] {dag.py:2941} INFO - Sync 2 DAGs
[2023-10-21T05:33:54.008+0000] {logging_mixin.py:151} INFO - [2023-10-21T05:33:54.007+0000] {dag.py:3722} INFO - Setting next_dagrun for example_subdag_operator.section-1 to None, run_after=None
[2023-10-21T05:33:54.008+0000] {logging_mixin.py:151} INFO - [2023-10-21T05:33:54.008+0000] {dag.py:3722} INFO - Setting next_dagrun for example_subdag_operator.section-2 to None, run_after=None
[2023-10-21T05:33:54.019+0000] {processor.py:179} INFO - Processing /home/airflow/.local/lib/python3.8/site-packages/airflow/example_dags/example_subdag_operator.py took 0.081 seconds
[2023-10-21T05:34:24.619+0000] {processor.py:157} INFO - Started process (PID=1235) to work on /home/airflow/.local/lib/python3.8/site-packages/airflow/example_dags/example_subdag_operator.py
[2023-10-21T05:34:24.620+0000] {processor.py:829} INFO - Processing file /home/airflow/.local/lib/python3.8/site-packages/airflow/example_dags/example_subdag_operator.py for tasks to queue
[2023-10-21T05:34:24.621+0000] {logging_mixin.py:151} INFO - [2023-10-21T05:34:24.621+0000] {dagbag.py:536} INFO - Filling up the DagBag from /home/airflow/.local/lib/python3.8/site-packages/airflow/example_dags/example_subdag_operator.py
[2023-10-21T05:34:24.648+0000] {processor.py:839} INFO - DAG(s) dict_keys(['example_subdag_operator.section-1', 'example_subdag_operator.section-2', 'example_subdag_operator']) retrieved from /home/airflow/.local/lib/python3.8/site-packages/airflow/example_dags/example_subdag_operator.py
[2023-10-21T05:34:24.669+0000] {logging_mixin.py:151} INFO - [2023-10-21T05:34:24.668+0000] {dag.py:2941} INFO - Sync 3 DAGs
[2023-10-21T05:34:24.699+0000] {logging_mixin.py:151} INFO - [2023-10-21T05:34:24.698+0000] {dag.py:3722} INFO - Setting next_dagrun for example_subdag_operator to 2022-01-01T00:00:00+00:00, run_after=2022-01-01T00:00:00+00:00
[2023-10-21T05:34:24.703+0000] {logging_mixin.py:151} INFO - [2023-10-21T05:34:24.703+0000] {dag.py:3722} INFO - Setting next_dagrun for example_subdag_operator.section-1 to None, run_after=None
[2023-10-21T05:34:24.705+0000] {logging_mixin.py:151} INFO - [2023-10-21T05:34:24.704+0000] {dag.py:3722} INFO - Setting next_dagrun for example_subdag_operator.section-2 to None, run_after=None
[2023-10-21T05:34:24.717+0000] {logging_mixin.py:151} INFO - [2023-10-21T05:34:24.716+0000] {dag.py:2941} INFO - Sync 2 DAGs
[2023-10-21T05:34:24.725+0000] {logging_mixin.py:151} INFO - [2023-10-21T05:34:24.725+0000] {dag.py:3722} INFO - Setting next_dagrun for example_subdag_operator.section-1 to None, run_after=None
[2023-10-21T05:34:24.726+0000] {logging_mixin.py:151} INFO - [2023-10-21T05:34:24.726+0000] {dag.py:3722} INFO - Setting next_dagrun for example_subdag_operator.section-2 to None, run_after=None
[2023-10-21T05:34:24.743+0000] {processor.py:179} INFO - Processing /home/airflow/.local/lib/python3.8/site-packages/airflow/example_dags/example_subdag_operator.py took 0.126 seconds
[2023-10-21T05:34:55.206+0000] {processor.py:157} INFO - Started process (PID=1471) to work on /home/airflow/.local/lib/python3.8/site-packages/airflow/example_dags/example_subdag_operator.py
[2023-10-21T05:34:55.207+0000] {processor.py:829} INFO - Processing file /home/airflow/.local/lib/python3.8/site-packages/airflow/example_dags/example_subdag_operator.py for tasks to queue
[2023-10-21T05:34:55.208+0000] {logging_mixin.py:151} INFO - [2023-10-21T05:34:55.208+0000] {dagbag.py:536} INFO - Filling up the DagBag from /home/airflow/.local/lib/python3.8/site-packages/airflow/example_dags/example_subdag_operator.py
[2023-10-21T05:34:55.229+0000] {processor.py:839} INFO - DAG(s) dict_keys(['example_subdag_operator.section-1', 'example_subdag_operator.section-2', 'example_subdag_operator']) retrieved from /home/airflow/.local/lib/python3.8/site-packages/airflow/example_dags/example_subdag_operator.py
[2023-10-21T05:34:55.243+0000] {logging_mixin.py:151} INFO - [2023-10-21T05:34:55.242+0000] {dag.py:2941} INFO - Sync 3 DAGs
[2023-10-21T05:34:55.262+0000] {logging_mixin.py:151} INFO - [2023-10-21T05:34:55.262+0000] {dag.py:3722} INFO - Setting next_dagrun for example_subdag_operator to 2022-01-01T00:00:00+00:00, run_after=2022-01-01T00:00:00+00:00
[2023-10-21T05:34:55.265+0000] {logging_mixin.py:151} INFO - [2023-10-21T05:34:55.265+0000] {dag.py:3722} INFO - Setting next_dagrun for example_subdag_operator.section-1 to None, run_after=None
[2023-10-21T05:34:55.266+0000] {logging_mixin.py:151} INFO - [2023-10-21T05:34:55.266+0000] {dag.py:3722} INFO - Setting next_dagrun for example_subdag_operator.section-2 to None, run_after=None
[2023-10-21T05:34:55.272+0000] {logging_mixin.py:151} INFO - [2023-10-21T05:34:55.272+0000] {dag.py:2941} INFO - Sync 2 DAGs
[2023-10-21T05:34:55.278+0000] {logging_mixin.py:151} INFO - [2023-10-21T05:34:55.278+0000] {dag.py:3722} INFO - Setting next_dagrun for example_subdag_operator.section-1 to None, run_after=None
[2023-10-21T05:34:55.278+0000] {logging_mixin.py:151} INFO - [2023-10-21T05:34:55.278+0000] {dag.py:3722} INFO - Setting next_dagrun for example_subdag_operator.section-2 to None, run_after=None
[2023-10-21T05:34:55.292+0000] {processor.py:179} INFO - Processing /home/airflow/.local/lib/python3.8/site-packages/airflow/example_dags/example_subdag_operator.py took 0.088 seconds
[2023-10-21T05:35:25.517+0000] {processor.py:157} INFO - Started process (PID=1711) to work on /home/airflow/.local/lib/python3.8/site-packages/airflow/example_dags/example_subdag_operator.py
[2023-10-21T05:35:25.518+0000] {processor.py:829} INFO - Processing file /home/airflow/.local/lib/python3.8/site-packages/airflow/example_dags/example_subdag_operator.py for tasks to queue
[2023-10-21T05:35:25.518+0000] {logging_mixin.py:151} INFO - [2023-10-21T05:35:25.518+0000] {dagbag.py:536} INFO - Filling up the DagBag from /home/airflow/.local/lib/python3.8/site-packages/airflow/example_dags/example_subdag_operator.py
[2023-10-21T05:35:25.550+0000] {processor.py:839} INFO - DAG(s) dict_keys(['example_subdag_operator.section-1', 'example_subdag_operator.section-2', 'example_subdag_operator']) retrieved from /home/airflow/.local/lib/python3.8/site-packages/airflow/example_dags/example_subdag_operator.py
[2023-10-21T05:35:25.570+0000] {logging_mixin.py:151} INFO - [2023-10-21T05:35:25.569+0000] {dag.py:2941} INFO - Sync 3 DAGs
[2023-10-21T05:35:25.590+0000] {logging_mixin.py:151} INFO - [2023-10-21T05:35:25.590+0000] {dag.py:3722} INFO - Setting next_dagrun for example_subdag_operator to 2022-01-01T00:00:00+00:00, run_after=2022-01-01T00:00:00+00:00
[2023-10-21T05:35:25.593+0000] {logging_mixin.py:151} INFO - [2023-10-21T05:35:25.593+0000] {dag.py:3722} INFO - Setting next_dagrun for example_subdag_operator.section-1 to None, run_after=None
[2023-10-21T05:35:25.594+0000] {logging_mixin.py:151} INFO - [2023-10-21T05:35:25.594+0000] {dag.py:3722} INFO - Setting next_dagrun for example_subdag_operator.section-2 to None, run_after=None
[2023-10-21T05:35:25.600+0000] {logging_mixin.py:151} INFO - [2023-10-21T05:35:25.600+0000] {dag.py:2941} INFO - Sync 2 DAGs
[2023-10-21T05:35:25.605+0000] {logging_mixin.py:151} INFO - [2023-10-21T05:35:25.605+0000] {dag.py:3722} INFO - Setting next_dagrun for example_subdag_operator.section-1 to None, run_after=None
[2023-10-21T05:35:25.605+0000] {logging_mixin.py:151} INFO - [2023-10-21T05:35:25.605+0000] {dag.py:3722} INFO - Setting next_dagrun for example_subdag_operator.section-2 to None, run_after=None
[2023-10-21T05:35:25.618+0000] {processor.py:179} INFO - Processing /home/airflow/.local/lib/python3.8/site-packages/airflow/example_dags/example_subdag_operator.py took 0.105 seconds
[2023-10-21T05:35:55.718+0000] {processor.py:157} INFO - Started process (PID=1949) to work on /home/airflow/.local/lib/python3.8/site-packages/airflow/example_dags/example_subdag_operator.py
[2023-10-21T05:35:55.719+0000] {processor.py:829} INFO - Processing file /home/airflow/.local/lib/python3.8/site-packages/airflow/example_dags/example_subdag_operator.py for tasks to queue
[2023-10-21T05:35:55.720+0000] {logging_mixin.py:151} INFO - [2023-10-21T05:35:55.720+0000] {dagbag.py:536} INFO - Filling up the DagBag from /home/airflow/.local/lib/python3.8/site-packages/airflow/example_dags/example_subdag_operator.py
[2023-10-21T05:35:55.741+0000] {processor.py:839} INFO - DAG(s) dict_keys(['example_subdag_operator.section-1', 'example_subdag_operator.section-2', 'example_subdag_operator']) retrieved from /home/airflow/.local/lib/python3.8/site-packages/airflow/example_dags/example_subdag_operator.py
[2023-10-21T05:35:55.755+0000] {logging_mixin.py:151} INFO - [2023-10-21T05:35:55.755+0000] {dag.py:2941} INFO - Sync 3 DAGs
[2023-10-21T05:35:55.774+0000] {logging_mixin.py:151} INFO - [2023-10-21T05:35:55.774+0000] {dag.py:3722} INFO - Setting next_dagrun for example_subdag_operator to 2022-01-01T00:00:00+00:00, run_after=2022-01-01T00:00:00+00:00
[2023-10-21T05:35:55.777+0000] {logging_mixin.py:151} INFO - [2023-10-21T05:35:55.777+0000] {dag.py:3722} INFO - Setting next_dagrun for example_subdag_operator.section-1 to None, run_after=None
[2023-10-21T05:35:55.778+0000] {logging_mixin.py:151} INFO - [2023-10-21T05:35:55.778+0000] {dag.py:3722} INFO - Setting next_dagrun for example_subdag_operator.section-2 to None, run_after=None
[2023-10-21T05:35:55.784+0000] {logging_mixin.py:151} INFO - [2023-10-21T05:35:55.783+0000] {dag.py:2941} INFO - Sync 2 DAGs
[2023-10-21T05:35:55.788+0000] {logging_mixin.py:151} INFO - [2023-10-21T05:35:55.788+0000] {dag.py:3722} INFO - Setting next_dagrun for example_subdag_operator.section-1 to None, run_after=None
[2023-10-21T05:35:55.789+0000] {logging_mixin.py:151} INFO - [2023-10-21T05:35:55.788+0000] {dag.py:3722} INFO - Setting next_dagrun for example_subdag_operator.section-2 to None, run_after=None
[2023-10-21T05:35:55.800+0000] {processor.py:179} INFO - Processing /home/airflow/.local/lib/python3.8/site-packages/airflow/example_dags/example_subdag_operator.py took 0.084 seconds
[2023-10-21T05:36:26.285+0000] {processor.py:157} INFO - Started process (PID=2233) to work on /home/airflow/.local/lib/python3.8/site-packages/airflow/example_dags/example_subdag_operator.py
[2023-10-21T05:36:26.286+0000] {processor.py:829} INFO - Processing file /home/airflow/.local/lib/python3.8/site-packages/airflow/example_dags/example_subdag_operator.py for tasks to queue
[2023-10-21T05:36:26.287+0000] {logging_mixin.py:151} INFO - [2023-10-21T05:36:26.287+0000] {dagbag.py:536} INFO - Filling up the DagBag from /home/airflow/.local/lib/python3.8/site-packages/airflow/example_dags/example_subdag_operator.py
[2023-10-21T05:36:26.313+0000] {processor.py:839} INFO - DAG(s) dict_keys(['example_subdag_operator.section-1', 'example_subdag_operator.section-2', 'example_subdag_operator']) retrieved from /home/airflow/.local/lib/python3.8/site-packages/airflow/example_dags/example_subdag_operator.py
[2023-10-21T05:36:26.331+0000] {logging_mixin.py:151} INFO - [2023-10-21T05:36:26.331+0000] {dag.py:2941} INFO - Sync 3 DAGs
[2023-10-21T05:36:26.354+0000] {logging_mixin.py:151} INFO - [2023-10-21T05:36:26.354+0000] {dag.py:3722} INFO - Setting next_dagrun for example_subdag_operator to 2022-01-01T00:00:00+00:00, run_after=2022-01-01T00:00:00+00:00
[2023-10-21T05:36:26.359+0000] {logging_mixin.py:151} INFO - [2023-10-21T05:36:26.359+0000] {dag.py:3722} INFO - Setting next_dagrun for example_subdag_operator.section-1 to None, run_after=None
[2023-10-21T05:36:26.361+0000] {logging_mixin.py:151} INFO - [2023-10-21T05:36:26.361+0000] {dag.py:3722} INFO - Setting next_dagrun for example_subdag_operator.section-2 to None, run_after=None
[2023-10-21T05:36:26.372+0000] {logging_mixin.py:151} INFO - [2023-10-21T05:36:26.372+0000] {dag.py:2941} INFO - Sync 2 DAGs
[2023-10-21T05:36:26.377+0000] {logging_mixin.py:151} INFO - [2023-10-21T05:36:26.377+0000] {dag.py:3722} INFO - Setting next_dagrun for example_subdag_operator.section-1 to None, run_after=None
[2023-10-21T05:36:26.378+0000] {logging_mixin.py:151} INFO - [2023-10-21T05:36:26.377+0000] {dag.py:3722} INFO - Setting next_dagrun for example_subdag_operator.section-2 to None, run_after=None
[2023-10-21T05:36:26.390+0000] {processor.py:179} INFO - Processing /home/airflow/.local/lib/python3.8/site-packages/airflow/example_dags/example_subdag_operator.py took 0.108 seconds
[2023-10-21T05:36:56.581+0000] {processor.py:157} INFO - Started process (PID=2471) to work on /home/airflow/.local/lib/python3.8/site-packages/airflow/example_dags/example_subdag_operator.py
[2023-10-21T05:36:56.582+0000] {processor.py:829} INFO - Processing file /home/airflow/.local/lib/python3.8/site-packages/airflow/example_dags/example_subdag_operator.py for tasks to queue
[2023-10-21T05:36:56.582+0000] {logging_mixin.py:151} INFO - [2023-10-21T05:36:56.582+0000] {dagbag.py:536} INFO - Filling up the DagBag from /home/airflow/.local/lib/python3.8/site-packages/airflow/example_dags/example_subdag_operator.py
[2023-10-21T05:36:56.608+0000] {processor.py:839} INFO - DAG(s) dict_keys(['example_subdag_operator.section-1', 'example_subdag_operator.section-2', 'example_subdag_operator']) retrieved from /home/airflow/.local/lib/python3.8/site-packages/airflow/example_dags/example_subdag_operator.py
[2023-10-21T05:36:56.621+0000] {logging_mixin.py:151} INFO - [2023-10-21T05:36:56.621+0000] {dag.py:2941} INFO - Sync 3 DAGs
[2023-10-21T05:36:56.641+0000] {logging_mixin.py:151} INFO - [2023-10-21T05:36:56.641+0000] {dag.py:3722} INFO - Setting next_dagrun for example_subdag_operator to 2022-01-01T00:00:00+00:00, run_after=2022-01-01T00:00:00+00:00
[2023-10-21T05:36:56.644+0000] {logging_mixin.py:151} INFO - [2023-10-21T05:36:56.644+0000] {dag.py:3722} INFO - Setting next_dagrun for example_subdag_operator.section-1 to None, run_after=None
[2023-10-21T05:36:56.645+0000] {logging_mixin.py:151} INFO - [2023-10-21T05:36:56.645+0000] {dag.py:3722} INFO - Setting next_dagrun for example_subdag_operator.section-2 to None, run_after=None
[2023-10-21T05:36:56.651+0000] {logging_mixin.py:151} INFO - [2023-10-21T05:36:56.651+0000] {dag.py:2941} INFO - Sync 2 DAGs
[2023-10-21T05:36:56.657+0000] {logging_mixin.py:151} INFO - [2023-10-21T05:36:56.657+0000] {dag.py:3722} INFO - Setting next_dagrun for example_subdag_operator.section-1 to None, run_after=None
[2023-10-21T05:36:56.657+0000] {logging_mixin.py:151} INFO - [2023-10-21T05:36:56.657+0000] {dag.py:3722} INFO - Setting next_dagrun for example_subdag_operator.section-2 to None, run_after=None
[2023-10-21T05:36:56.669+0000] {processor.py:179} INFO - Processing /home/airflow/.local/lib/python3.8/site-packages/airflow/example_dags/example_subdag_operator.py took 0.091 seconds
[2023-10-21T05:37:26.760+0000] {processor.py:157} INFO - Started process (PID=2709) to work on /home/airflow/.local/lib/python3.8/site-packages/airflow/example_dags/example_subdag_operator.py
[2023-10-21T05:37:26.761+0000] {processor.py:829} INFO - Processing file /home/airflow/.local/lib/python3.8/site-packages/airflow/example_dags/example_subdag_operator.py for tasks to queue
[2023-10-21T05:37:26.762+0000] {logging_mixin.py:151} INFO - [2023-10-21T05:37:26.762+0000] {dagbag.py:536} INFO - Filling up the DagBag from /home/airflow/.local/lib/python3.8/site-packages/airflow/example_dags/example_subdag_operator.py
[2023-10-21T05:37:26.783+0000] {processor.py:839} INFO - DAG(s) dict_keys(['example_subdag_operator.section-1', 'example_subdag_operator.section-2', 'example_subdag_operator']) retrieved from /home/airflow/.local/lib/python3.8/site-packages/airflow/example_dags/example_subdag_operator.py
[2023-10-21T05:37:26.798+0000] {logging_mixin.py:151} INFO - [2023-10-21T05:37:26.797+0000] {dag.py:2941} INFO - Sync 3 DAGs
[2023-10-21T05:37:26.820+0000] {logging_mixin.py:151} INFO - [2023-10-21T05:37:26.820+0000] {dag.py:3722} INFO - Setting next_dagrun for example_subdag_operator to 2022-01-01T00:00:00+00:00, run_after=2022-01-01T00:00:00+00:00
[2023-10-21T05:37:26.824+0000] {logging_mixin.py:151} INFO - [2023-10-21T05:37:26.824+0000] {dag.py:3722} INFO - Setting next_dagrun for example_subdag_operator.section-1 to None, run_after=None
[2023-10-21T05:37:26.825+0000] {logging_mixin.py:151} INFO - [2023-10-21T05:37:26.825+0000] {dag.py:3722} INFO - Setting next_dagrun for example_subdag_operator.section-2 to None, run_after=None
[2023-10-21T05:37:26.832+0000] {logging_mixin.py:151} INFO - [2023-10-21T05:37:26.832+0000] {dag.py:2941} INFO - Sync 2 DAGs
[2023-10-21T05:37:26.837+0000] {logging_mixin.py:151} INFO - [2023-10-21T05:37:26.837+0000] {dag.py:3722} INFO - Setting next_dagrun for example_subdag_operator.section-1 to None, run_after=None
[2023-10-21T05:37:26.837+0000] {logging_mixin.py:151} INFO - [2023-10-21T05:37:26.837+0000] {dag.py:3722} INFO - Setting next_dagrun for example_subdag_operator.section-2 to None, run_after=None
[2023-10-21T05:37:26.848+0000] {processor.py:179} INFO - Processing /home/airflow/.local/lib/python3.8/site-packages/airflow/example_dags/example_subdag_operator.py took 0.090 seconds
[2023-10-21T05:37:57.000+0000] {processor.py:157} INFO - Started process (PID=2947) to work on /home/airflow/.local/lib/python3.8/site-packages/airflow/example_dags/example_subdag_operator.py
[2023-10-21T05:37:57.001+0000] {processor.py:829} INFO - Processing file /home/airflow/.local/lib/python3.8/site-packages/airflow/example_dags/example_subdag_operator.py for tasks to queue
[2023-10-21T05:37:57.001+0000] {logging_mixin.py:151} INFO - [2023-10-21T05:37:57.001+0000] {dagbag.py:536} INFO - Filling up the DagBag from /home/airflow/.local/lib/python3.8/site-packages/airflow/example_dags/example_subdag_operator.py
[2023-10-21T05:37:57.026+0000] {processor.py:839} INFO - DAG(s) dict_keys(['example_subdag_operator.section-1', 'example_subdag_operator.section-2', 'example_subdag_operator']) retrieved from /home/airflow/.local/lib/python3.8/site-packages/airflow/example_dags/example_subdag_operator.py
[2023-10-21T05:37:57.048+0000] {logging_mixin.py:151} INFO - [2023-10-21T05:37:57.047+0000] {dag.py:2941} INFO - Sync 3 DAGs
[2023-10-21T05:37:57.074+0000] {logging_mixin.py:151} INFO - [2023-10-21T05:37:57.073+0000] {dag.py:3722} INFO - Setting next_dagrun for example_subdag_operator to 2022-01-01T00:00:00+00:00, run_after=2022-01-01T00:00:00+00:00
[2023-10-21T05:37:57.079+0000] {logging_mixin.py:151} INFO - [2023-10-21T05:37:57.078+0000] {dag.py:3722} INFO - Setting next_dagrun for example_subdag_operator.section-1 to None, run_after=None
[2023-10-21T05:37:57.080+0000] {logging_mixin.py:151} INFO - [2023-10-21T05:37:57.080+0000] {dag.py:3722} INFO - Setting next_dagrun for example_subdag_operator.section-2 to None, run_after=None
[2023-10-21T05:37:57.088+0000] {logging_mixin.py:151} INFO - [2023-10-21T05:37:57.088+0000] {dag.py:2941} INFO - Sync 2 DAGs
[2023-10-21T05:37:57.096+0000] {logging_mixin.py:151} INFO - [2023-10-21T05:37:57.095+0000] {dag.py:3722} INFO - Setting next_dagrun for example_subdag_operator.section-1 to None, run_after=None
[2023-10-21T05:37:57.096+0000] {logging_mixin.py:151} INFO - [2023-10-21T05:37:57.096+0000] {dag.py:3722} INFO - Setting next_dagrun for example_subdag_operator.section-2 to None, run_after=None
[2023-10-21T05:37:57.114+0000] {processor.py:179} INFO - Processing /home/airflow/.local/lib/python3.8/site-packages/airflow/example_dags/example_subdag_operator.py took 0.116 seconds
[2023-10-21T05:38:27.590+0000] {processor.py:157} INFO - Started process (PID=3185) to work on /home/airflow/.local/lib/python3.8/site-packages/airflow/example_dags/example_subdag_operator.py
[2023-10-21T05:38:27.592+0000] {processor.py:829} INFO - Processing file /home/airflow/.local/lib/python3.8/site-packages/airflow/example_dags/example_subdag_operator.py for tasks to queue
[2023-10-21T05:38:27.593+0000] {logging_mixin.py:151} INFO - [2023-10-21T05:38:27.592+0000] {dagbag.py:536} INFO - Filling up the DagBag from /home/airflow/.local/lib/python3.8/site-packages/airflow/example_dags/example_subdag_operator.py
[2023-10-21T05:38:27.614+0000] {processor.py:839} INFO - DAG(s) dict_keys(['example_subdag_operator.section-1', 'example_subdag_operator.section-2', 'example_subdag_operator']) retrieved from /home/airflow/.local/lib/python3.8/site-packages/airflow/example_dags/example_subdag_operator.py
[2023-10-21T05:38:27.630+0000] {logging_mixin.py:151} INFO - [2023-10-21T05:38:27.630+0000] {dag.py:2941} INFO - Sync 3 DAGs
[2023-10-21T05:38:27.653+0000] {logging_mixin.py:151} INFO - [2023-10-21T05:38:27.653+0000] {dag.py:3722} INFO - Setting next_dagrun for example_subdag_operator to 2022-01-01T00:00:00+00:00, run_after=2022-01-01T00:00:00+00:00
[2023-10-21T05:38:27.657+0000] {logging_mixin.py:151} INFO - [2023-10-21T05:38:27.656+0000] {dag.py:3722} INFO - Setting next_dagrun for example_subdag_operator.section-1 to None, run_after=None
[2023-10-21T05:38:27.658+0000] {logging_mixin.py:151} INFO - [2023-10-21T05:38:27.658+0000] {dag.py:3722} INFO - Setting next_dagrun for example_subdag_operator.section-2 to None, run_after=None
[2023-10-21T05:38:27.665+0000] {logging_mixin.py:151} INFO - [2023-10-21T05:38:27.665+0000] {dag.py:2941} INFO - Sync 2 DAGs
[2023-10-21T05:38:27.671+0000] {logging_mixin.py:151} INFO - [2023-10-21T05:38:27.670+0000] {dag.py:3722} INFO - Setting next_dagrun for example_subdag_operator.section-1 to None, run_after=None
[2023-10-21T05:38:27.671+0000] {logging_mixin.py:151} INFO - [2023-10-21T05:38:27.671+0000] {dag.py:3722} INFO - Setting next_dagrun for example_subdag_operator.section-2 to None, run_after=None
[2023-10-21T05:38:27.685+0000] {processor.py:179} INFO - Processing /home/airflow/.local/lib/python3.8/site-packages/airflow/example_dags/example_subdag_operator.py took 0.097 seconds
[2023-10-21T05:38:57.858+0000] {processor.py:157} INFO - Started process (PID=3423) to work on /home/airflow/.local/lib/python3.8/site-packages/airflow/example_dags/example_subdag_operator.py
[2023-10-21T05:38:57.859+0000] {processor.py:829} INFO - Processing file /home/airflow/.local/lib/python3.8/site-packages/airflow/example_dags/example_subdag_operator.py for tasks to queue
[2023-10-21T05:38:57.859+0000] {logging_mixin.py:151} INFO - [2023-10-21T05:38:57.859+0000] {dagbag.py:536} INFO - Filling up the DagBag from /home/airflow/.local/lib/python3.8/site-packages/airflow/example_dags/example_subdag_operator.py
[2023-10-21T05:38:57.882+0000] {processor.py:839} INFO - DAG(s) dict_keys(['example_subdag_operator.section-1', 'example_subdag_operator.section-2', 'example_subdag_operator']) retrieved from /home/airflow/.local/lib/python3.8/site-packages/airflow/example_dags/example_subdag_operator.py
[2023-10-21T05:38:57.898+0000] {logging_mixin.py:151} INFO - [2023-10-21T05:38:57.898+0000] {dag.py:2941} INFO - Sync 3 DAGs
[2023-10-21T05:38:57.919+0000] {logging_mixin.py:151} INFO - [2023-10-21T05:38:57.918+0000] {dag.py:3722} INFO - Setting next_dagrun for example_subdag_operator to 2022-01-01T00:00:00+00:00, run_after=2022-01-01T00:00:00+00:00
[2023-10-21T05:38:57.924+0000] {logging_mixin.py:151} INFO - [2023-10-21T05:38:57.924+0000] {dag.py:3722} INFO - Setting next_dagrun for example_subdag_operator.section-1 to None, run_after=None
[2023-10-21T05:38:57.925+0000] {logging_mixin.py:151} INFO - [2023-10-21T05:38:57.925+0000] {dag.py:3722} INFO - Setting next_dagrun for example_subdag_operator.section-2 to None, run_after=None
[2023-10-21T05:38:57.933+0000] {logging_mixin.py:151} INFO - [2023-10-21T05:38:57.933+0000] {dag.py:2941} INFO - Sync 2 DAGs
[2023-10-21T05:38:57.938+0000] {logging_mixin.py:151} INFO - [2023-10-21T05:38:57.938+0000] {dag.py:3722} INFO - Setting next_dagrun for example_subdag_operator.section-1 to None, run_after=None
[2023-10-21T05:38:57.939+0000] {logging_mixin.py:151} INFO - [2023-10-21T05:38:57.938+0000] {dag.py:3722} INFO - Setting next_dagrun for example_subdag_operator.section-2 to None, run_after=None
[2023-10-21T05:38:57.953+0000] {processor.py:179} INFO - Processing /home/airflow/.local/lib/python3.8/site-packages/airflow/example_dags/example_subdag_operator.py took 0.098 seconds
[2023-10-21T05:39:28.047+0000] {processor.py:157} INFO - Started process (PID=3661) to work on /home/airflow/.local/lib/python3.8/site-packages/airflow/example_dags/example_subdag_operator.py
[2023-10-21T05:39:28.048+0000] {processor.py:829} INFO - Processing file /home/airflow/.local/lib/python3.8/site-packages/airflow/example_dags/example_subdag_operator.py for tasks to queue
[2023-10-21T05:39:28.049+0000] {logging_mixin.py:151} INFO - [2023-10-21T05:39:28.048+0000] {dagbag.py:536} INFO - Filling up the DagBag from /home/airflow/.local/lib/python3.8/site-packages/airflow/example_dags/example_subdag_operator.py
[2023-10-21T05:39:28.069+0000] {processor.py:839} INFO - DAG(s) dict_keys(['example_subdag_operator.section-1', 'example_subdag_operator.section-2', 'example_subdag_operator']) retrieved from /home/airflow/.local/lib/python3.8/site-packages/airflow/example_dags/example_subdag_operator.py
[2023-10-21T05:39:28.084+0000] {logging_mixin.py:151} INFO - [2023-10-21T05:39:28.084+0000] {dag.py:2941} INFO - Sync 3 DAGs
[2023-10-21T05:39:28.105+0000] {logging_mixin.py:151} INFO - [2023-10-21T05:39:28.104+0000] {dag.py:3722} INFO - Setting next_dagrun for example_subdag_operator to 2022-01-01T00:00:00+00:00, run_after=2022-01-01T00:00:00+00:00
[2023-10-21T05:39:28.108+0000] {logging_mixin.py:151} INFO - [2023-10-21T05:39:28.108+0000] {dag.py:3722} INFO - Setting next_dagrun for example_subdag_operator.section-1 to None, run_after=None
[2023-10-21T05:39:28.109+0000] {logging_mixin.py:151} INFO - [2023-10-21T05:39:28.109+0000] {dag.py:3722} INFO - Setting next_dagrun for example_subdag_operator.section-2 to None, run_after=None
[2023-10-21T05:39:28.116+0000] {logging_mixin.py:151} INFO - [2023-10-21T05:39:28.115+0000] {dag.py:2941} INFO - Sync 2 DAGs
[2023-10-21T05:39:28.121+0000] {logging_mixin.py:151} INFO - [2023-10-21T05:39:28.121+0000] {dag.py:3722} INFO - Setting next_dagrun for example_subdag_operator.section-1 to None, run_after=None
[2023-10-21T05:39:28.122+0000] {logging_mixin.py:151} INFO - [2023-10-21T05:39:28.122+0000] {dag.py:3722} INFO - Setting next_dagrun for example_subdag_operator.section-2 to None, run_after=None
[2023-10-21T05:39:28.139+0000] {processor.py:179} INFO - Processing /home/airflow/.local/lib/python3.8/site-packages/airflow/example_dags/example_subdag_operator.py took 0.094 seconds
[2023-10-21T05:39:58.938+0000] {processor.py:157} INFO - Started process (PID=3899) to work on /home/airflow/.local/lib/python3.8/site-packages/airflow/example_dags/example_subdag_operator.py
[2023-10-21T05:39:58.939+0000] {processor.py:829} INFO - Processing file /home/airflow/.local/lib/python3.8/site-packages/airflow/example_dags/example_subdag_operator.py for tasks to queue
[2023-10-21T05:39:58.940+0000] {logging_mixin.py:151} INFO - [2023-10-21T05:39:58.939+0000] {dagbag.py:536} INFO - Filling up the DagBag from /home/airflow/.local/lib/python3.8/site-packages/airflow/example_dags/example_subdag_operator.py
[2023-10-21T05:39:58.965+0000] {processor.py:839} INFO - DAG(s) dict_keys(['example_subdag_operator.section-1', 'example_subdag_operator.section-2', 'example_subdag_operator']) retrieved from /home/airflow/.local/lib/python3.8/site-packages/airflow/example_dags/example_subdag_operator.py
[2023-10-21T05:39:58.984+0000] {logging_mixin.py:151} INFO - [2023-10-21T05:39:58.984+0000] {dag.py:2941} INFO - Sync 3 DAGs
[2023-10-21T05:39:59.012+0000] {logging_mixin.py:151} INFO - [2023-10-21T05:39:59.011+0000] {dag.py:3722} INFO - Setting next_dagrun for example_subdag_operator to 2022-01-01T00:00:00+00:00, run_after=2022-01-01T00:00:00+00:00
[2023-10-21T05:39:59.015+0000] {logging_mixin.py:151} INFO - [2023-10-21T05:39:59.015+0000] {dag.py:3722} INFO - Setting next_dagrun for example_subdag_operator.section-1 to None, run_after=None
[2023-10-21T05:39:59.017+0000] {logging_mixin.py:151} INFO - [2023-10-21T05:39:59.017+0000] {dag.py:3722} INFO - Setting next_dagrun for example_subdag_operator.section-2 to None, run_after=None
[2023-10-21T05:39:59.025+0000] {logging_mixin.py:151} INFO - [2023-10-21T05:39:59.025+0000] {dag.py:2941} INFO - Sync 2 DAGs
[2023-10-21T05:39:59.032+0000] {logging_mixin.py:151} INFO - [2023-10-21T05:39:59.032+0000] {dag.py:3722} INFO - Setting next_dagrun for example_subdag_operator.section-1 to None, run_after=None
[2023-10-21T05:39:59.033+0000] {logging_mixin.py:151} INFO - [2023-10-21T05:39:59.032+0000] {dag.py:3722} INFO - Setting next_dagrun for example_subdag_operator.section-2 to None, run_after=None
[2023-10-21T05:39:59.047+0000] {processor.py:179} INFO - Processing /home/airflow/.local/lib/python3.8/site-packages/airflow/example_dags/example_subdag_operator.py took 0.112 seconds
[2023-10-21T05:40:29.730+0000] {processor.py:157} INFO - Started process (PID=4139) to work on /home/airflow/.local/lib/python3.8/site-packages/airflow/example_dags/example_subdag_operator.py
[2023-10-21T05:40:29.731+0000] {processor.py:829} INFO - Processing file /home/airflow/.local/lib/python3.8/site-packages/airflow/example_dags/example_subdag_operator.py for tasks to queue
[2023-10-21T05:40:29.732+0000] {logging_mixin.py:151} INFO - [2023-10-21T05:40:29.732+0000] {dagbag.py:536} INFO - Filling up the DagBag from /home/airflow/.local/lib/python3.8/site-packages/airflow/example_dags/example_subdag_operator.py
[2023-10-21T05:40:29.755+0000] {processor.py:839} INFO - DAG(s) dict_keys(['example_subdag_operator.section-1', 'example_subdag_operator.section-2', 'example_subdag_operator']) retrieved from /home/airflow/.local/lib/python3.8/site-packages/airflow/example_dags/example_subdag_operator.py
[2023-10-21T05:40:29.771+0000] {logging_mixin.py:151} INFO - [2023-10-21T05:40:29.770+0000] {dag.py:2941} INFO - Sync 3 DAGs
[2023-10-21T05:40:29.790+0000] {logging_mixin.py:151} INFO - [2023-10-21T05:40:29.790+0000] {dag.py:3722} INFO - Setting next_dagrun for example_subdag_operator to 2022-01-01T00:00:00+00:00, run_after=2022-01-01T00:00:00+00:00
[2023-10-21T05:40:29.793+0000] {logging_mixin.py:151} INFO - [2023-10-21T05:40:29.792+0000] {dag.py:3722} INFO - Setting next_dagrun for example_subdag_operator.section-1 to None, run_after=None
[2023-10-21T05:40:29.793+0000] {logging_mixin.py:151} INFO - [2023-10-21T05:40:29.793+0000] {dag.py:3722} INFO - Setting next_dagrun for example_subdag_operator.section-2 to None, run_after=None
[2023-10-21T05:40:29.799+0000] {logging_mixin.py:151} INFO - [2023-10-21T05:40:29.799+0000] {dag.py:2941} INFO - Sync 2 DAGs
[2023-10-21T05:40:29.805+0000] {logging_mixin.py:151} INFO - [2023-10-21T05:40:29.805+0000] {dag.py:3722} INFO - Setting next_dagrun for example_subdag_operator.section-1 to None, run_after=None
[2023-10-21T05:40:29.806+0000] {logging_mixin.py:151} INFO - [2023-10-21T05:40:29.805+0000] {dag.py:3722} INFO - Setting next_dagrun for example_subdag_operator.section-2 to None, run_after=None
[2023-10-21T05:40:29.818+0000] {processor.py:179} INFO - Processing /home/airflow/.local/lib/python3.8/site-packages/airflow/example_dags/example_subdag_operator.py took 0.090 seconds
[2023-10-21T05:41:00.182+0000] {processor.py:157} INFO - Started process (PID=4383) to work on /home/airflow/.local/lib/python3.8/site-packages/airflow/example_dags/example_subdag_operator.py
[2023-10-21T05:41:00.183+0000] {processor.py:829} INFO - Processing file /home/airflow/.local/lib/python3.8/site-packages/airflow/example_dags/example_subdag_operator.py for tasks to queue
[2023-10-21T05:41:00.183+0000] {logging_mixin.py:151} INFO - [2023-10-21T05:41:00.183+0000] {dagbag.py:536} INFO - Filling up the DagBag from /home/airflow/.local/lib/python3.8/site-packages/airflow/example_dags/example_subdag_operator.py
[2023-10-21T05:41:00.203+0000] {processor.py:839} INFO - DAG(s) dict_keys(['example_subdag_operator.section-1', 'example_subdag_operator.section-2', 'example_subdag_operator']) retrieved from /home/airflow/.local/lib/python3.8/site-packages/airflow/example_dags/example_subdag_operator.py
[2023-10-21T05:41:00.216+0000] {logging_mixin.py:151} INFO - [2023-10-21T05:41:00.215+0000] {dag.py:2941} INFO - Sync 3 DAGs
[2023-10-21T05:41:00.234+0000] {logging_mixin.py:151} INFO - [2023-10-21T05:41:00.234+0000] {dag.py:3722} INFO - Setting next_dagrun for example_subdag_operator to 2022-01-01T00:00:00+00:00, run_after=2022-01-01T00:00:00+00:00
[2023-10-21T05:41:00.238+0000] {logging_mixin.py:151} INFO - [2023-10-21T05:41:00.238+0000] {dag.py:3722} INFO - Setting next_dagrun for example_subdag_operator.section-1 to None, run_after=None
[2023-10-21T05:41:00.239+0000] {logging_mixin.py:151} INFO - [2023-10-21T05:41:00.239+0000] {dag.py:3722} INFO - Setting next_dagrun for example_subdag_operator.section-2 to None, run_after=None
[2023-10-21T05:41:00.244+0000] {logging_mixin.py:151} INFO - [2023-10-21T05:41:00.244+0000] {dag.py:2941} INFO - Sync 2 DAGs
[2023-10-21T05:41:00.249+0000] {logging_mixin.py:151} INFO - [2023-10-21T05:41:00.249+0000] {dag.py:3722} INFO - Setting next_dagrun for example_subdag_operator.section-1 to None, run_after=None
[2023-10-21T05:41:00.249+0000] {logging_mixin.py:151} INFO - [2023-10-21T05:41:00.249+0000] {dag.py:3722} INFO - Setting next_dagrun for example_subdag_operator.section-2 to None, run_after=None
[2023-10-21T05:41:00.260+0000] {processor.py:179} INFO - Processing /home/airflow/.local/lib/python3.8/site-packages/airflow/example_dags/example_subdag_operator.py took 0.080 seconds
