[2023-10-21T05:32:22.405+0000] {processor.py:157} INFO - Started process (PID=336) to work on /home/airflow/.local/lib/python3.8/site-packages/airflow/example_dags/example_task_group_decorator.py
[2023-10-21T05:32:22.407+0000] {processor.py:829} INFO - Processing file /home/airflow/.local/lib/python3.8/site-packages/airflow/example_dags/example_task_group_decorator.py for tasks to queue
[2023-10-21T05:32:22.408+0000] {logging_mixin.py:151} INFO - [2023-10-21T05:32:22.407+0000] {dagbag.py:536} INFO - Filling up the DagBag from /home/airflow/.local/lib/python3.8/site-packages/airflow/example_dags/example_task_group_decorator.py
[2023-10-21T05:32:22.428+0000] {processor.py:839} INFO - DAG(s) dict_keys(['example_task_group_decorator']) retrieved from /home/airflow/.local/lib/python3.8/site-packages/airflow/example_dags/example_task_group_decorator.py
[2023-10-21T05:32:22.440+0000] {logging_mixin.py:151} INFO - [2023-10-21T05:32:22.440+0000] {dag.py:2941} INFO - Sync 1 DAGs
[2023-10-21T05:32:22.463+0000] {logging_mixin.py:151} INFO - [2023-10-21T05:32:22.462+0000] {dag.py:3722} INFO - Setting next_dagrun for example_task_group_decorator to 2023-10-20T05:32:22.462756+00:00, run_after=2023-10-21T05:32:22.462756+00:00
[2023-10-21T05:32:22.485+0000] {processor.py:179} INFO - Processing /home/airflow/.local/lib/python3.8/site-packages/airflow/example_dags/example_task_group_decorator.py took 0.084 seconds
[2023-10-21T05:32:52.954+0000] {processor.py:157} INFO - Started process (PID=576) to work on /home/airflow/.local/lib/python3.8/site-packages/airflow/example_dags/example_task_group_decorator.py
[2023-10-21T05:32:52.955+0000] {processor.py:829} INFO - Processing file /home/airflow/.local/lib/python3.8/site-packages/airflow/example_dags/example_task_group_decorator.py for tasks to queue
[2023-10-21T05:32:52.955+0000] {logging_mixin.py:151} INFO - [2023-10-21T05:32:52.955+0000] {dagbag.py:536} INFO - Filling up the DagBag from /home/airflow/.local/lib/python3.8/site-packages/airflow/example_dags/example_task_group_decorator.py
[2023-10-21T05:32:52.967+0000] {processor.py:839} INFO - DAG(s) dict_keys(['example_task_group_decorator']) retrieved from /home/airflow/.local/lib/python3.8/site-packages/airflow/example_dags/example_task_group_decorator.py
[2023-10-21T05:32:52.987+0000] {logging_mixin.py:151} INFO - [2023-10-21T05:32:52.987+0000] {dag.py:2941} INFO - Sync 1 DAGs
[2023-10-21T05:32:53.004+0000] {logging_mixin.py:151} INFO - [2023-10-21T05:32:53.004+0000] {dag.py:3722} INFO - Setting next_dagrun for example_task_group_decorator to 2023-10-20T05:32:53.004484+00:00, run_after=2023-10-21T05:32:53.004484+00:00
[2023-10-21T05:32:53.021+0000] {processor.py:179} INFO - Processing /home/airflow/.local/lib/python3.8/site-packages/airflow/example_dags/example_task_group_decorator.py took 0.069 seconds
[2023-10-21T05:33:23.697+0000] {processor.py:157} INFO - Started process (PID=812) to work on /home/airflow/.local/lib/python3.8/site-packages/airflow/example_dags/example_task_group_decorator.py
[2023-10-21T05:33:23.698+0000] {processor.py:829} INFO - Processing file /home/airflow/.local/lib/python3.8/site-packages/airflow/example_dags/example_task_group_decorator.py for tasks to queue
[2023-10-21T05:33:23.699+0000] {logging_mixin.py:151} INFO - [2023-10-21T05:33:23.699+0000] {dagbag.py:536} INFO - Filling up the DagBag from /home/airflow/.local/lib/python3.8/site-packages/airflow/example_dags/example_task_group_decorator.py
[2023-10-21T05:33:23.715+0000] {processor.py:839} INFO - DAG(s) dict_keys(['example_task_group_decorator']) retrieved from /home/airflow/.local/lib/python3.8/site-packages/airflow/example_dags/example_task_group_decorator.py
[2023-10-21T05:33:23.740+0000] {logging_mixin.py:151} INFO - [2023-10-21T05:33:23.739+0000] {dag.py:2941} INFO - Sync 1 DAGs
[2023-10-21T05:33:23.765+0000] {logging_mixin.py:151} INFO - [2023-10-21T05:33:23.765+0000] {dag.py:3722} INFO - Setting next_dagrun for example_task_group_decorator to 2023-10-20T05:33:23.765127+00:00, run_after=2023-10-21T05:33:23.765127+00:00
[2023-10-21T05:33:23.785+0000] {processor.py:179} INFO - Processing /home/airflow/.local/lib/python3.8/site-packages/airflow/example_dags/example_task_group_decorator.py took 0.092 seconds
[2023-10-21T05:33:54.391+0000] {processor.py:157} INFO - Started process (PID=1050) to work on /home/airflow/.local/lib/python3.8/site-packages/airflow/example_dags/example_task_group_decorator.py
[2023-10-21T05:33:54.392+0000] {processor.py:829} INFO - Processing file /home/airflow/.local/lib/python3.8/site-packages/airflow/example_dags/example_task_group_decorator.py for tasks to queue
[2023-10-21T05:33:54.392+0000] {logging_mixin.py:151} INFO - [2023-10-21T05:33:54.392+0000] {dagbag.py:536} INFO - Filling up the DagBag from /home/airflow/.local/lib/python3.8/site-packages/airflow/example_dags/example_task_group_decorator.py
[2023-10-21T05:33:54.403+0000] {processor.py:839} INFO - DAG(s) dict_keys(['example_task_group_decorator']) retrieved from /home/airflow/.local/lib/python3.8/site-packages/airflow/example_dags/example_task_group_decorator.py
[2023-10-21T05:33:54.422+0000] {logging_mixin.py:151} INFO - [2023-10-21T05:33:54.422+0000] {dag.py:2941} INFO - Sync 1 DAGs
[2023-10-21T05:33:54.441+0000] {logging_mixin.py:151} INFO - [2023-10-21T05:33:54.441+0000] {dag.py:3722} INFO - Setting next_dagrun for example_task_group_decorator to 2023-10-20T05:33:54.440917+00:00, run_after=2023-10-21T05:33:54.440917+00:00
[2023-10-21T05:33:54.457+0000] {processor.py:179} INFO - Processing /home/airflow/.local/lib/python3.8/site-packages/airflow/example_dags/example_task_group_decorator.py took 0.068 seconds
[2023-10-21T05:34:25.417+0000] {processor.py:157} INFO - Started process (PID=1288) to work on /home/airflow/.local/lib/python3.8/site-packages/airflow/example_dags/example_task_group_decorator.py
[2023-10-21T05:34:25.418+0000] {processor.py:829} INFO - Processing file /home/airflow/.local/lib/python3.8/site-packages/airflow/example_dags/example_task_group_decorator.py for tasks to queue
[2023-10-21T05:34:25.419+0000] {logging_mixin.py:151} INFO - [2023-10-21T05:34:25.419+0000] {dagbag.py:536} INFO - Filling up the DagBag from /home/airflow/.local/lib/python3.8/site-packages/airflow/example_dags/example_task_group_decorator.py
[2023-10-21T05:34:25.434+0000] {processor.py:839} INFO - DAG(s) dict_keys(['example_task_group_decorator']) retrieved from /home/airflow/.local/lib/python3.8/site-packages/airflow/example_dags/example_task_group_decorator.py
[2023-10-21T05:34:25.463+0000] {logging_mixin.py:151} INFO - [2023-10-21T05:34:25.462+0000] {dag.py:2941} INFO - Sync 1 DAGs
[2023-10-21T05:34:25.487+0000] {logging_mixin.py:151} INFO - [2023-10-21T05:34:25.487+0000] {dag.py:3722} INFO - Setting next_dagrun for example_task_group_decorator to 2023-10-20T05:34:25.486718+00:00, run_after=2023-10-21T05:34:25.486718+00:00
[2023-10-21T05:34:25.514+0000] {processor.py:179} INFO - Processing /home/airflow/.local/lib/python3.8/site-packages/airflow/example_dags/example_task_group_decorator.py took 0.099 seconds
[2023-10-21T05:34:55.681+0000] {processor.py:157} INFO - Started process (PID=1526) to work on /home/airflow/.local/lib/python3.8/site-packages/airflow/example_dags/example_task_group_decorator.py
[2023-10-21T05:34:55.681+0000] {processor.py:829} INFO - Processing file /home/airflow/.local/lib/python3.8/site-packages/airflow/example_dags/example_task_group_decorator.py for tasks to queue
[2023-10-21T05:34:55.682+0000] {logging_mixin.py:151} INFO - [2023-10-21T05:34:55.682+0000] {dagbag.py:536} INFO - Filling up the DagBag from /home/airflow/.local/lib/python3.8/site-packages/airflow/example_dags/example_task_group_decorator.py
[2023-10-21T05:34:55.694+0000] {processor.py:839} INFO - DAG(s) dict_keys(['example_task_group_decorator']) retrieved from /home/airflow/.local/lib/python3.8/site-packages/airflow/example_dags/example_task_group_decorator.py
[2023-10-21T05:34:55.717+0000] {logging_mixin.py:151} INFO - [2023-10-21T05:34:55.717+0000] {dag.py:2941} INFO - Sync 1 DAGs
[2023-10-21T05:34:55.744+0000] {logging_mixin.py:151} INFO - [2023-10-21T05:34:55.744+0000] {dag.py:3722} INFO - Setting next_dagrun for example_task_group_decorator to 2023-10-20T05:34:55.744307+00:00, run_after=2023-10-21T05:34:55.744307+00:00
[2023-10-21T05:34:55.767+0000] {processor.py:179} INFO - Processing /home/airflow/.local/lib/python3.8/site-packages/airflow/example_dags/example_task_group_decorator.py took 0.088 seconds
[2023-10-21T05:35:26.067+0000] {processor.py:157} INFO - Started process (PID=1764) to work on /home/airflow/.local/lib/python3.8/site-packages/airflow/example_dags/example_task_group_decorator.py
[2023-10-21T05:35:26.068+0000] {processor.py:829} INFO - Processing file /home/airflow/.local/lib/python3.8/site-packages/airflow/example_dags/example_task_group_decorator.py for tasks to queue
[2023-10-21T05:35:26.069+0000] {logging_mixin.py:151} INFO - [2023-10-21T05:35:26.068+0000] {dagbag.py:536} INFO - Filling up the DagBag from /home/airflow/.local/lib/python3.8/site-packages/airflow/example_dags/example_task_group_decorator.py
[2023-10-21T05:35:26.083+0000] {processor.py:839} INFO - DAG(s) dict_keys(['example_task_group_decorator']) retrieved from /home/airflow/.local/lib/python3.8/site-packages/airflow/example_dags/example_task_group_decorator.py
[2023-10-21T05:35:26.107+0000] {logging_mixin.py:151} INFO - [2023-10-21T05:35:26.107+0000] {dag.py:2941} INFO - Sync 1 DAGs
[2023-10-21T05:35:26.131+0000] {logging_mixin.py:151} INFO - [2023-10-21T05:35:26.131+0000] {dag.py:3722} INFO - Setting next_dagrun for example_task_group_decorator to 2023-10-20T05:35:26.130798+00:00, run_after=2023-10-21T05:35:26.130798+00:00
[2023-10-21T05:35:26.150+0000] {processor.py:179} INFO - Processing /home/airflow/.local/lib/python3.8/site-packages/airflow/example_dags/example_task_group_decorator.py took 0.086 seconds
[2023-10-21T05:35:56.351+0000] {processor.py:157} INFO - Started process (PID=2004) to work on /home/airflow/.local/lib/python3.8/site-packages/airflow/example_dags/example_task_group_decorator.py
[2023-10-21T05:35:56.352+0000] {processor.py:829} INFO - Processing file /home/airflow/.local/lib/python3.8/site-packages/airflow/example_dags/example_task_group_decorator.py for tasks to queue
[2023-10-21T05:35:56.353+0000] {logging_mixin.py:151} INFO - [2023-10-21T05:35:56.352+0000] {dagbag.py:536} INFO - Filling up the DagBag from /home/airflow/.local/lib/python3.8/site-packages/airflow/example_dags/example_task_group_decorator.py
[2023-10-21T05:35:56.367+0000] {processor.py:839} INFO - DAG(s) dict_keys(['example_task_group_decorator']) retrieved from /home/airflow/.local/lib/python3.8/site-packages/airflow/example_dags/example_task_group_decorator.py
[2023-10-21T05:35:56.389+0000] {logging_mixin.py:151} INFO - [2023-10-21T05:35:56.388+0000] {dag.py:2941} INFO - Sync 1 DAGs
[2023-10-21T05:35:56.410+0000] {logging_mixin.py:151} INFO - [2023-10-21T05:35:56.409+0000] {dag.py:3722} INFO - Setting next_dagrun for example_task_group_decorator to 2023-10-20T05:35:56.409466+00:00, run_after=2023-10-21T05:35:56.409466+00:00
[2023-10-21T05:35:56.431+0000] {processor.py:179} INFO - Processing /home/airflow/.local/lib/python3.8/site-packages/airflow/example_dags/example_task_group_decorator.py took 0.082 seconds
[2023-10-21T05:36:26.786+0000] {processor.py:157} INFO - Started process (PID=2288) to work on /home/airflow/.local/lib/python3.8/site-packages/airflow/example_dags/example_task_group_decorator.py
[2023-10-21T05:36:26.787+0000] {processor.py:829} INFO - Processing file /home/airflow/.local/lib/python3.8/site-packages/airflow/example_dags/example_task_group_decorator.py for tasks to queue
[2023-10-21T05:36:26.788+0000] {logging_mixin.py:151} INFO - [2023-10-21T05:36:26.788+0000] {dagbag.py:536} INFO - Filling up the DagBag from /home/airflow/.local/lib/python3.8/site-packages/airflow/example_dags/example_task_group_decorator.py
[2023-10-21T05:36:26.803+0000] {processor.py:839} INFO - DAG(s) dict_keys(['example_task_group_decorator']) retrieved from /home/airflow/.local/lib/python3.8/site-packages/airflow/example_dags/example_task_group_decorator.py
[2023-10-21T05:36:26.823+0000] {logging_mixin.py:151} INFO - [2023-10-21T05:36:26.823+0000] {dag.py:2941} INFO - Sync 1 DAGs
[2023-10-21T05:36:26.842+0000] {logging_mixin.py:151} INFO - [2023-10-21T05:36:26.842+0000] {dag.py:3722} INFO - Setting next_dagrun for example_task_group_decorator to 2023-10-20T05:36:26.842295+00:00, run_after=2023-10-21T05:36:26.842295+00:00
[2023-10-21T05:36:26.860+0000] {processor.py:179} INFO - Processing /home/airflow/.local/lib/python3.8/site-packages/airflow/example_dags/example_task_group_decorator.py took 0.075 seconds
[2023-10-21T05:36:57.066+0000] {processor.py:157} INFO - Started process (PID=2526) to work on /home/airflow/.local/lib/python3.8/site-packages/airflow/example_dags/example_task_group_decorator.py
[2023-10-21T05:36:57.067+0000] {processor.py:829} INFO - Processing file /home/airflow/.local/lib/python3.8/site-packages/airflow/example_dags/example_task_group_decorator.py for tasks to queue
[2023-10-21T05:36:57.067+0000] {logging_mixin.py:151} INFO - [2023-10-21T05:36:57.067+0000] {dagbag.py:536} INFO - Filling up the DagBag from /home/airflow/.local/lib/python3.8/site-packages/airflow/example_dags/example_task_group_decorator.py
[2023-10-21T05:36:57.081+0000] {processor.py:839} INFO - DAG(s) dict_keys(['example_task_group_decorator']) retrieved from /home/airflow/.local/lib/python3.8/site-packages/airflow/example_dags/example_task_group_decorator.py
[2023-10-21T05:36:57.102+0000] {logging_mixin.py:151} INFO - [2023-10-21T05:36:57.102+0000] {dag.py:2941} INFO - Sync 1 DAGs
[2023-10-21T05:36:57.121+0000] {logging_mixin.py:151} INFO - [2023-10-21T05:36:57.121+0000] {dag.py:3722} INFO - Setting next_dagrun for example_task_group_decorator to 2023-10-20T05:36:57.121414+00:00, run_after=2023-10-21T05:36:57.121414+00:00
[2023-10-21T05:36:57.139+0000] {processor.py:179} INFO - Processing /home/airflow/.local/lib/python3.8/site-packages/airflow/example_dags/example_task_group_decorator.py took 0.075 seconds
[2023-10-21T05:37:27.289+0000] {processor.py:157} INFO - Started process (PID=2766) to work on /home/airflow/.local/lib/python3.8/site-packages/airflow/example_dags/example_task_group_decorator.py
[2023-10-21T05:37:27.290+0000] {processor.py:829} INFO - Processing file /home/airflow/.local/lib/python3.8/site-packages/airflow/example_dags/example_task_group_decorator.py for tasks to queue
[2023-10-21T05:37:27.290+0000] {logging_mixin.py:151} INFO - [2023-10-21T05:37:27.290+0000] {dagbag.py:536} INFO - Filling up the DagBag from /home/airflow/.local/lib/python3.8/site-packages/airflow/example_dags/example_task_group_decorator.py
[2023-10-21T05:37:27.304+0000] {processor.py:839} INFO - DAG(s) dict_keys(['example_task_group_decorator']) retrieved from /home/airflow/.local/lib/python3.8/site-packages/airflow/example_dags/example_task_group_decorator.py
[2023-10-21T05:37:27.328+0000] {logging_mixin.py:151} INFO - [2023-10-21T05:37:27.328+0000] {dag.py:2941} INFO - Sync 1 DAGs
[2023-10-21T05:37:27.350+0000] {logging_mixin.py:151} INFO - [2023-10-21T05:37:27.350+0000] {dag.py:3722} INFO - Setting next_dagrun for example_task_group_decorator to 2023-10-20T05:37:27.350124+00:00, run_after=2023-10-21T05:37:27.350124+00:00
[2023-10-21T05:37:27.369+0000] {processor.py:179} INFO - Processing /home/airflow/.local/lib/python3.8/site-packages/airflow/example_dags/example_task_group_decorator.py took 0.083 seconds
[2023-10-21T05:37:57.739+0000] {processor.py:157} INFO - Started process (PID=3004) to work on /home/airflow/.local/lib/python3.8/site-packages/airflow/example_dags/example_task_group_decorator.py
[2023-10-21T05:37:57.740+0000] {processor.py:829} INFO - Processing file /home/airflow/.local/lib/python3.8/site-packages/airflow/example_dags/example_task_group_decorator.py for tasks to queue
[2023-10-21T05:37:57.741+0000] {logging_mixin.py:151} INFO - [2023-10-21T05:37:57.740+0000] {dagbag.py:536} INFO - Filling up the DagBag from /home/airflow/.local/lib/python3.8/site-packages/airflow/example_dags/example_task_group_decorator.py
[2023-10-21T05:37:57.757+0000] {processor.py:839} INFO - DAG(s) dict_keys(['example_task_group_decorator']) retrieved from /home/airflow/.local/lib/python3.8/site-packages/airflow/example_dags/example_task_group_decorator.py
[2023-10-21T05:37:57.785+0000] {logging_mixin.py:151} INFO - [2023-10-21T05:37:57.785+0000] {dag.py:2941} INFO - Sync 1 DAGs
[2023-10-21T05:37:57.811+0000] {logging_mixin.py:151} INFO - [2023-10-21T05:37:57.811+0000] {dag.py:3722} INFO - Setting next_dagrun for example_task_group_decorator to 2023-10-20T05:37:57.811063+00:00, run_after=2023-10-21T05:37:57.811063+00:00
[2023-10-21T05:37:57.834+0000] {processor.py:179} INFO - Processing /home/airflow/.local/lib/python3.8/site-packages/airflow/example_dags/example_task_group_decorator.py took 0.098 seconds
[2023-10-21T05:38:28.184+0000] {processor.py:157} INFO - Started process (PID=3242) to work on /home/airflow/.local/lib/python3.8/site-packages/airflow/example_dags/example_task_group_decorator.py
[2023-10-21T05:38:28.185+0000] {processor.py:829} INFO - Processing file /home/airflow/.local/lib/python3.8/site-packages/airflow/example_dags/example_task_group_decorator.py for tasks to queue
[2023-10-21T05:38:28.185+0000] {logging_mixin.py:151} INFO - [2023-10-21T05:38:28.185+0000] {dagbag.py:536} INFO - Filling up the DagBag from /home/airflow/.local/lib/python3.8/site-packages/airflow/example_dags/example_task_group_decorator.py
[2023-10-21T05:38:28.198+0000] {processor.py:839} INFO - DAG(s) dict_keys(['example_task_group_decorator']) retrieved from /home/airflow/.local/lib/python3.8/site-packages/airflow/example_dags/example_task_group_decorator.py
[2023-10-21T05:38:28.220+0000] {logging_mixin.py:151} INFO - [2023-10-21T05:38:28.219+0000] {dag.py:2941} INFO - Sync 1 DAGs
[2023-10-21T05:38:28.239+0000] {logging_mixin.py:151} INFO - [2023-10-21T05:38:28.239+0000] {dag.py:3722} INFO - Setting next_dagrun for example_task_group_decorator to 2023-10-20T05:38:28.239555+00:00, run_after=2023-10-21T05:38:28.239555+00:00
[2023-10-21T05:38:28.259+0000] {processor.py:179} INFO - Processing /home/airflow/.local/lib/python3.8/site-packages/airflow/example_dags/example_task_group_decorator.py took 0.077 seconds
[2023-10-21T05:38:58.439+0000] {processor.py:157} INFO - Started process (PID=3478) to work on /home/airflow/.local/lib/python3.8/site-packages/airflow/example_dags/example_task_group_decorator.py
[2023-10-21T05:38:58.440+0000] {processor.py:829} INFO - Processing file /home/airflow/.local/lib/python3.8/site-packages/airflow/example_dags/example_task_group_decorator.py for tasks to queue
[2023-10-21T05:38:58.440+0000] {logging_mixin.py:151} INFO - [2023-10-21T05:38:58.440+0000] {dagbag.py:536} INFO - Filling up the DagBag from /home/airflow/.local/lib/python3.8/site-packages/airflow/example_dags/example_task_group_decorator.py
[2023-10-21T05:38:58.454+0000] {processor.py:839} INFO - DAG(s) dict_keys(['example_task_group_decorator']) retrieved from /home/airflow/.local/lib/python3.8/site-packages/airflow/example_dags/example_task_group_decorator.py
[2023-10-21T05:38:58.480+0000] {logging_mixin.py:151} INFO - [2023-10-21T05:38:58.480+0000] {dag.py:2941} INFO - Sync 1 DAGs
[2023-10-21T05:38:58.503+0000] {logging_mixin.py:151} INFO - [2023-10-21T05:38:58.503+0000] {dag.py:3722} INFO - Setting next_dagrun for example_task_group_decorator to 2023-10-20T05:38:58.502802+00:00, run_after=2023-10-21T05:38:58.502802+00:00
[2023-10-21T05:38:58.527+0000] {processor.py:179} INFO - Processing /home/airflow/.local/lib/python3.8/site-packages/airflow/example_dags/example_task_group_decorator.py took 0.090 seconds
[2023-10-21T05:39:28.600+0000] {processor.py:157} INFO - Started process (PID=3716) to work on /home/airflow/.local/lib/python3.8/site-packages/airflow/example_dags/example_task_group_decorator.py
[2023-10-21T05:39:28.600+0000] {processor.py:829} INFO - Processing file /home/airflow/.local/lib/python3.8/site-packages/airflow/example_dags/example_task_group_decorator.py for tasks to queue
[2023-10-21T05:39:28.601+0000] {logging_mixin.py:151} INFO - [2023-10-21T05:39:28.601+0000] {dagbag.py:536} INFO - Filling up the DagBag from /home/airflow/.local/lib/python3.8/site-packages/airflow/example_dags/example_task_group_decorator.py
[2023-10-21T05:39:28.614+0000] {processor.py:839} INFO - DAG(s) dict_keys(['example_task_group_decorator']) retrieved from /home/airflow/.local/lib/python3.8/site-packages/airflow/example_dags/example_task_group_decorator.py
[2023-10-21T05:39:28.638+0000] {logging_mixin.py:151} INFO - [2023-10-21T05:39:28.637+0000] {dag.py:2941} INFO - Sync 1 DAGs
[2023-10-21T05:39:28.659+0000] {logging_mixin.py:151} INFO - [2023-10-21T05:39:28.659+0000] {dag.py:3722} INFO - Setting next_dagrun for example_task_group_decorator to 2023-10-20T05:39:28.658868+00:00, run_after=2023-10-21T05:39:28.658868+00:00
[2023-10-21T05:39:28.678+0000] {processor.py:179} INFO - Processing /home/airflow/.local/lib/python3.8/site-packages/airflow/example_dags/example_task_group_decorator.py took 0.081 seconds
[2023-10-21T05:39:59.460+0000] {processor.py:157} INFO - Started process (PID=3954) to work on /home/airflow/.local/lib/python3.8/site-packages/airflow/example_dags/example_task_group_decorator.py
[2023-10-21T05:39:59.460+0000] {processor.py:829} INFO - Processing file /home/airflow/.local/lib/python3.8/site-packages/airflow/example_dags/example_task_group_decorator.py for tasks to queue
[2023-10-21T05:39:59.461+0000] {logging_mixin.py:151} INFO - [2023-10-21T05:39:59.461+0000] {dagbag.py:536} INFO - Filling up the DagBag from /home/airflow/.local/lib/python3.8/site-packages/airflow/example_dags/example_task_group_decorator.py
[2023-10-21T05:39:59.474+0000] {processor.py:839} INFO - DAG(s) dict_keys(['example_task_group_decorator']) retrieved from /home/airflow/.local/lib/python3.8/site-packages/airflow/example_dags/example_task_group_decorator.py
[2023-10-21T05:39:59.499+0000] {logging_mixin.py:151} INFO - [2023-10-21T05:39:59.499+0000] {dag.py:2941} INFO - Sync 1 DAGs
[2023-10-21T05:39:59.534+0000] {logging_mixin.py:151} INFO - [2023-10-21T05:39:59.533+0000] {dag.py:3722} INFO - Setting next_dagrun for example_task_group_decorator to 2023-10-20T05:39:59.533298+00:00, run_after=2023-10-21T05:39:59.533298+00:00
[2023-10-21T05:39:59.567+0000] {processor.py:179} INFO - Processing /home/airflow/.local/lib/python3.8/site-packages/airflow/example_dags/example_task_group_decorator.py took 0.109 seconds
[2023-10-21T05:40:30.354+0000] {processor.py:157} INFO - Started process (PID=4194) to work on /home/airflow/.local/lib/python3.8/site-packages/airflow/example_dags/example_task_group_decorator.py
[2023-10-21T05:40:30.355+0000] {processor.py:829} INFO - Processing file /home/airflow/.local/lib/python3.8/site-packages/airflow/example_dags/example_task_group_decorator.py for tasks to queue
[2023-10-21T05:40:30.355+0000] {logging_mixin.py:151} INFO - [2023-10-21T05:40:30.355+0000] {dagbag.py:536} INFO - Filling up the DagBag from /home/airflow/.local/lib/python3.8/site-packages/airflow/example_dags/example_task_group_decorator.py
[2023-10-21T05:40:30.368+0000] {processor.py:839} INFO - DAG(s) dict_keys(['example_task_group_decorator']) retrieved from /home/airflow/.local/lib/python3.8/site-packages/airflow/example_dags/example_task_group_decorator.py
[2023-10-21T05:40:30.393+0000] {logging_mixin.py:151} INFO - [2023-10-21T05:40:30.393+0000] {dag.py:2941} INFO - Sync 1 DAGs
[2023-10-21T05:40:30.416+0000] {logging_mixin.py:151} INFO - [2023-10-21T05:40:30.416+0000] {dag.py:3722} INFO - Setting next_dagrun for example_task_group_decorator to 2023-10-20T05:40:30.416134+00:00, run_after=2023-10-21T05:40:30.416134+00:00
[2023-10-21T05:40:30.437+0000] {processor.py:179} INFO - Processing /home/airflow/.local/lib/python3.8/site-packages/airflow/example_dags/example_task_group_decorator.py took 0.086 seconds
[2023-10-21T05:41:00.575+0000] {processor.py:157} INFO - Started process (PID=4431) to work on /home/airflow/.local/lib/python3.8/site-packages/airflow/example_dags/example_task_group_decorator.py
[2023-10-21T05:41:00.576+0000] {processor.py:829} INFO - Processing file /home/airflow/.local/lib/python3.8/site-packages/airflow/example_dags/example_task_group_decorator.py for tasks to queue
[2023-10-21T05:41:00.576+0000] {logging_mixin.py:151} INFO - [2023-10-21T05:41:00.576+0000] {dagbag.py:536} INFO - Filling up the DagBag from /home/airflow/.local/lib/python3.8/site-packages/airflow/example_dags/example_task_group_decorator.py
[2023-10-21T05:41:00.588+0000] {processor.py:839} INFO - DAG(s) dict_keys(['example_task_group_decorator']) retrieved from /home/airflow/.local/lib/python3.8/site-packages/airflow/example_dags/example_task_group_decorator.py
[2023-10-21T05:41:00.607+0000] {logging_mixin.py:151} INFO - [2023-10-21T05:41:00.606+0000] {dag.py:2941} INFO - Sync 1 DAGs
[2023-10-21T05:41:00.625+0000] {logging_mixin.py:151} INFO - [2023-10-21T05:41:00.625+0000] {dag.py:3722} INFO - Setting next_dagrun for example_task_group_decorator to 2023-10-20T05:41:00.624907+00:00, run_after=2023-10-21T05:41:00.624907+00:00
[2023-10-21T05:41:00.642+0000] {processor.py:179} INFO - Processing /home/airflow/.local/lib/python3.8/site-packages/airflow/example_dags/example_task_group_decorator.py took 0.069 seconds
