[2023-10-21T05:32:21.321+0000] {processor.py:157} INFO - Started process (PID=226) to work on /home/airflow/.local/lib/python3.8/site-packages/airflow/example_dags/example_nested_branch_dag.py
[2023-10-21T05:32:21.322+0000] {processor.py:829} INFO - Processing file /home/airflow/.local/lib/python3.8/site-packages/airflow/example_dags/example_nested_branch_dag.py for tasks to queue
[2023-10-21T05:32:21.322+0000] {logging_mixin.py:151} INFO - [2023-10-21T05:32:21.322+0000] {dagbag.py:536} INFO - Filling up the DagBag from /home/airflow/.local/lib/python3.8/site-packages/airflow/example_dags/example_nested_branch_dag.py
[2023-10-21T05:32:21.333+0000] {processor.py:839} INFO - DAG(s) dict_keys(['example_nested_branch_dag']) retrieved from /home/airflow/.local/lib/python3.8/site-packages/airflow/example_dags/example_nested_branch_dag.py
[2023-10-21T05:32:21.343+0000] {logging_mixin.py:151} INFO - [2023-10-21T05:32:21.343+0000] {dag.py:2941} INFO - Sync 1 DAGs
[2023-10-21T05:32:21.369+0000] {logging_mixin.py:151} INFO - [2023-10-21T05:32:21.368+0000] {dag.py:3722} INFO - Setting next_dagrun for example_nested_branch_dag to 2023-10-20T00:00:00+00:00, run_after=2023-10-21T00:00:00+00:00
[2023-10-21T05:32:21.389+0000] {processor.py:179} INFO - Processing /home/airflow/.local/lib/python3.8/site-packages/airflow/example_dags/example_nested_branch_dag.py took 0.070 seconds
[2023-10-21T05:32:51.737+0000] {processor.py:157} INFO - Started process (PID=466) to work on /home/airflow/.local/lib/python3.8/site-packages/airflow/example_dags/example_nested_branch_dag.py
[2023-10-21T05:32:51.737+0000] {processor.py:829} INFO - Processing file /home/airflow/.local/lib/python3.8/site-packages/airflow/example_dags/example_nested_branch_dag.py for tasks to queue
[2023-10-21T05:32:51.738+0000] {logging_mixin.py:151} INFO - [2023-10-21T05:32:51.738+0000] {dagbag.py:536} INFO - Filling up the DagBag from /home/airflow/.local/lib/python3.8/site-packages/airflow/example_dags/example_nested_branch_dag.py
[2023-10-21T05:32:51.745+0000] {processor.py:839} INFO - DAG(s) dict_keys(['example_nested_branch_dag']) retrieved from /home/airflow/.local/lib/python3.8/site-packages/airflow/example_dags/example_nested_branch_dag.py
[2023-10-21T05:32:51.763+0000] {logging_mixin.py:151} INFO - [2023-10-21T05:32:51.763+0000] {dag.py:2941} INFO - Sync 1 DAGs
[2023-10-21T05:32:51.784+0000] {logging_mixin.py:151} INFO - [2023-10-21T05:32:51.783+0000] {dag.py:3722} INFO - Setting next_dagrun for example_nested_branch_dag to 2023-10-20T00:00:00+00:00, run_after=2023-10-21T00:00:00+00:00
[2023-10-21T05:32:51.802+0000] {processor.py:179} INFO - Processing /home/airflow/.local/lib/python3.8/site-packages/airflow/example_dags/example_nested_branch_dag.py took 0.067 seconds
[2023-10-21T05:33:22.296+0000] {processor.py:157} INFO - Started process (PID=704) to work on /home/airflow/.local/lib/python3.8/site-packages/airflow/example_dags/example_nested_branch_dag.py
[2023-10-21T05:33:22.297+0000] {processor.py:829} INFO - Processing file /home/airflow/.local/lib/python3.8/site-packages/airflow/example_dags/example_nested_branch_dag.py for tasks to queue
[2023-10-21T05:33:22.298+0000] {logging_mixin.py:151} INFO - [2023-10-21T05:33:22.298+0000] {dagbag.py:536} INFO - Filling up the DagBag from /home/airflow/.local/lib/python3.8/site-packages/airflow/example_dags/example_nested_branch_dag.py
[2023-10-21T05:33:22.307+0000] {processor.py:839} INFO - DAG(s) dict_keys(['example_nested_branch_dag']) retrieved from /home/airflow/.local/lib/python3.8/site-packages/airflow/example_dags/example_nested_branch_dag.py
[2023-10-21T05:33:22.329+0000] {logging_mixin.py:151} INFO - [2023-10-21T05:33:22.329+0000] {dag.py:2941} INFO - Sync 1 DAGs
[2023-10-21T05:33:22.352+0000] {logging_mixin.py:151} INFO - [2023-10-21T05:33:22.352+0000] {dag.py:3722} INFO - Setting next_dagrun for example_nested_branch_dag to 2023-10-20T00:00:00+00:00, run_after=2023-10-21T00:00:00+00:00
[2023-10-21T05:33:22.370+0000] {processor.py:179} INFO - Processing /home/airflow/.local/lib/python3.8/site-packages/airflow/example_dags/example_nested_branch_dag.py took 0.078 seconds
[2023-10-21T05:33:52.431+0000] {processor.py:157} INFO - Started process (PID=942) to work on /home/airflow/.local/lib/python3.8/site-packages/airflow/example_dags/example_nested_branch_dag.py
[2023-10-21T05:33:52.432+0000] {processor.py:829} INFO - Processing file /home/airflow/.local/lib/python3.8/site-packages/airflow/example_dags/example_nested_branch_dag.py for tasks to queue
[2023-10-21T05:33:52.432+0000] {logging_mixin.py:151} INFO - [2023-10-21T05:33:52.432+0000] {dagbag.py:536} INFO - Filling up the DagBag from /home/airflow/.local/lib/python3.8/site-packages/airflow/example_dags/example_nested_branch_dag.py
[2023-10-21T05:33:52.439+0000] {processor.py:839} INFO - DAG(s) dict_keys(['example_nested_branch_dag']) retrieved from /home/airflow/.local/lib/python3.8/site-packages/airflow/example_dags/example_nested_branch_dag.py
[2023-10-21T05:33:52.456+0000] {logging_mixin.py:151} INFO - [2023-10-21T05:33:52.456+0000] {dag.py:2941} INFO - Sync 1 DAGs
[2023-10-21T05:33:52.475+0000] {logging_mixin.py:151} INFO - [2023-10-21T05:33:52.475+0000] {dag.py:3722} INFO - Setting next_dagrun for example_nested_branch_dag to 2023-10-20T00:00:00+00:00, run_after=2023-10-21T00:00:00+00:00
[2023-10-21T05:33:52.492+0000] {processor.py:179} INFO - Processing /home/airflow/.local/lib/python3.8/site-packages/airflow/example_dags/example_nested_branch_dag.py took 0.063 seconds
[2023-10-21T05:34:22.818+0000] {processor.py:157} INFO - Started process (PID=1178) to work on /home/airflow/.local/lib/python3.8/site-packages/airflow/example_dags/example_nested_branch_dag.py
[2023-10-21T05:34:22.819+0000] {processor.py:829} INFO - Processing file /home/airflow/.local/lib/python3.8/site-packages/airflow/example_dags/example_nested_branch_dag.py for tasks to queue
[2023-10-21T05:34:22.820+0000] {logging_mixin.py:151} INFO - [2023-10-21T05:34:22.819+0000] {dagbag.py:536} INFO - Filling up the DagBag from /home/airflow/.local/lib/python3.8/site-packages/airflow/example_dags/example_nested_branch_dag.py
[2023-10-21T05:34:22.832+0000] {processor.py:839} INFO - DAG(s) dict_keys(['example_nested_branch_dag']) retrieved from /home/airflow/.local/lib/python3.8/site-packages/airflow/example_dags/example_nested_branch_dag.py
[2023-10-21T05:34:22.862+0000] {logging_mixin.py:151} INFO - [2023-10-21T05:34:22.862+0000] {dag.py:2941} INFO - Sync 1 DAGs
[2023-10-21T05:34:22.893+0000] {logging_mixin.py:151} INFO - [2023-10-21T05:34:22.893+0000] {dag.py:3722} INFO - Setting next_dagrun for example_nested_branch_dag to 2023-10-20T00:00:00+00:00, run_after=2023-10-21T00:00:00+00:00
[2023-10-21T05:34:22.920+0000] {processor.py:179} INFO - Processing /home/airflow/.local/lib/python3.8/site-packages/airflow/example_dags/example_nested_branch_dag.py took 0.106 seconds
[2023-10-21T05:34:53.693+0000] {processor.py:157} INFO - Started process (PID=1416) to work on /home/airflow/.local/lib/python3.8/site-packages/airflow/example_dags/example_nested_branch_dag.py
[2023-10-21T05:34:53.694+0000] {processor.py:829} INFO - Processing file /home/airflow/.local/lib/python3.8/site-packages/airflow/example_dags/example_nested_branch_dag.py for tasks to queue
[2023-10-21T05:34:53.694+0000] {logging_mixin.py:151} INFO - [2023-10-21T05:34:53.694+0000] {dagbag.py:536} INFO - Filling up the DagBag from /home/airflow/.local/lib/python3.8/site-packages/airflow/example_dags/example_nested_branch_dag.py
[2023-10-21T05:34:53.701+0000] {processor.py:839} INFO - DAG(s) dict_keys(['example_nested_branch_dag']) retrieved from /home/airflow/.local/lib/python3.8/site-packages/airflow/example_dags/example_nested_branch_dag.py
[2023-10-21T05:34:53.719+0000] {logging_mixin.py:151} INFO - [2023-10-21T05:34:53.719+0000] {dag.py:2941} INFO - Sync 1 DAGs
[2023-10-21T05:34:53.739+0000] {logging_mixin.py:151} INFO - [2023-10-21T05:34:53.739+0000] {dag.py:3722} INFO - Setting next_dagrun for example_nested_branch_dag to 2023-10-20T00:00:00+00:00, run_after=2023-10-21T00:00:00+00:00
[2023-10-21T05:34:53.760+0000] {processor.py:179} INFO - Processing /home/airflow/.local/lib/python3.8/site-packages/airflow/example_dags/example_nested_branch_dag.py took 0.069 seconds
[2023-10-21T05:35:23.960+0000] {processor.py:157} INFO - Started process (PID=1654) to work on /home/airflow/.local/lib/python3.8/site-packages/airflow/example_dags/example_nested_branch_dag.py
[2023-10-21T05:35:23.961+0000] {processor.py:829} INFO - Processing file /home/airflow/.local/lib/python3.8/site-packages/airflow/example_dags/example_nested_branch_dag.py for tasks to queue
[2023-10-21T05:35:23.961+0000] {logging_mixin.py:151} INFO - [2023-10-21T05:35:23.961+0000] {dagbag.py:536} INFO - Filling up the DagBag from /home/airflow/.local/lib/python3.8/site-packages/airflow/example_dags/example_nested_branch_dag.py
[2023-10-21T05:35:23.973+0000] {processor.py:839} INFO - DAG(s) dict_keys(['example_nested_branch_dag']) retrieved from /home/airflow/.local/lib/python3.8/site-packages/airflow/example_dags/example_nested_branch_dag.py
[2023-10-21T05:35:23.994+0000] {logging_mixin.py:151} INFO - [2023-10-21T05:35:23.993+0000] {dag.py:2941} INFO - Sync 1 DAGs
[2023-10-21T05:35:24.016+0000] {logging_mixin.py:151} INFO - [2023-10-21T05:35:24.016+0000] {dag.py:3722} INFO - Setting next_dagrun for example_nested_branch_dag to 2023-10-20T00:00:00+00:00, run_after=2023-10-21T00:00:00+00:00
[2023-10-21T05:35:24.038+0000] {processor.py:179} INFO - Processing /home/airflow/.local/lib/python3.8/site-packages/airflow/example_dags/example_nested_branch_dag.py took 0.081 seconds
[2023-10-21T05:35:54.797+0000] {processor.py:157} INFO - Started process (PID=1892) to work on /home/airflow/.local/lib/python3.8/site-packages/airflow/example_dags/example_nested_branch_dag.py
[2023-10-21T05:35:54.798+0000] {processor.py:829} INFO - Processing file /home/airflow/.local/lib/python3.8/site-packages/airflow/example_dags/example_nested_branch_dag.py for tasks to queue
[2023-10-21T05:35:54.799+0000] {logging_mixin.py:151} INFO - [2023-10-21T05:35:54.799+0000] {dagbag.py:536} INFO - Filling up the DagBag from /home/airflow/.local/lib/python3.8/site-packages/airflow/example_dags/example_nested_branch_dag.py
[2023-10-21T05:35:54.820+0000] {processor.py:839} INFO - DAG(s) dict_keys(['example_nested_branch_dag']) retrieved from /home/airflow/.local/lib/python3.8/site-packages/airflow/example_dags/example_nested_branch_dag.py
[2023-10-21T05:35:54.885+0000] {logging_mixin.py:151} INFO - [2023-10-21T05:35:54.884+0000] {dag.py:2941} INFO - Sync 1 DAGs
[2023-10-21T05:35:54.947+0000] {logging_mixin.py:151} INFO - [2023-10-21T05:35:54.947+0000] {dag.py:3722} INFO - Setting next_dagrun for example_nested_branch_dag to 2023-10-20T00:00:00+00:00, run_after=2023-10-21T00:00:00+00:00
[2023-10-21T05:35:55.037+0000] {processor.py:179} INFO - Processing /home/airflow/.local/lib/python3.8/site-packages/airflow/example_dags/example_nested_branch_dag.py took 0.245 seconds
[2023-10-21T05:36:25.804+0000] {processor.py:157} INFO - Started process (PID=2178) to work on /home/airflow/.local/lib/python3.8/site-packages/airflow/example_dags/example_nested_branch_dag.py
[2023-10-21T05:36:25.805+0000] {processor.py:829} INFO - Processing file /home/airflow/.local/lib/python3.8/site-packages/airflow/example_dags/example_nested_branch_dag.py for tasks to queue
[2023-10-21T05:36:25.806+0000] {logging_mixin.py:151} INFO - [2023-10-21T05:36:25.805+0000] {dagbag.py:536} INFO - Filling up the DagBag from /home/airflow/.local/lib/python3.8/site-packages/airflow/example_dags/example_nested_branch_dag.py
[2023-10-21T05:36:25.813+0000] {processor.py:839} INFO - DAG(s) dict_keys(['example_nested_branch_dag']) retrieved from /home/airflow/.local/lib/python3.8/site-packages/airflow/example_dags/example_nested_branch_dag.py
[2023-10-21T05:36:25.830+0000] {logging_mixin.py:151} INFO - [2023-10-21T05:36:25.829+0000] {dag.py:2941} INFO - Sync 1 DAGs
[2023-10-21T05:36:25.848+0000] {logging_mixin.py:151} INFO - [2023-10-21T05:36:25.848+0000] {dag.py:3722} INFO - Setting next_dagrun for example_nested_branch_dag to 2023-10-20T00:00:00+00:00, run_after=2023-10-21T00:00:00+00:00
[2023-10-21T05:36:25.867+0000] {processor.py:179} INFO - Processing /home/airflow/.local/lib/python3.8/site-packages/airflow/example_dags/example_nested_branch_dag.py took 0.065 seconds
[2023-10-21T05:36:56.067+0000] {processor.py:157} INFO - Started process (PID=2416) to work on /home/airflow/.local/lib/python3.8/site-packages/airflow/example_dags/example_nested_branch_dag.py
[2023-10-21T05:36:56.068+0000] {processor.py:829} INFO - Processing file /home/airflow/.local/lib/python3.8/site-packages/airflow/example_dags/example_nested_branch_dag.py for tasks to queue
[2023-10-21T05:36:56.068+0000] {logging_mixin.py:151} INFO - [2023-10-21T05:36:56.068+0000] {dagbag.py:536} INFO - Filling up the DagBag from /home/airflow/.local/lib/python3.8/site-packages/airflow/example_dags/example_nested_branch_dag.py
[2023-10-21T05:36:56.076+0000] {processor.py:839} INFO - DAG(s) dict_keys(['example_nested_branch_dag']) retrieved from /home/airflow/.local/lib/python3.8/site-packages/airflow/example_dags/example_nested_branch_dag.py
[2023-10-21T05:36:56.098+0000] {logging_mixin.py:151} INFO - [2023-10-21T05:36:56.097+0000] {dag.py:2941} INFO - Sync 1 DAGs
[2023-10-21T05:36:56.119+0000] {logging_mixin.py:151} INFO - [2023-10-21T05:36:56.119+0000] {dag.py:3722} INFO - Setting next_dagrun for example_nested_branch_dag to 2023-10-20T00:00:00+00:00, run_after=2023-10-21T00:00:00+00:00
[2023-10-21T05:36:56.138+0000] {processor.py:179} INFO - Processing /home/airflow/.local/lib/python3.8/site-packages/airflow/example_dags/example_nested_branch_dag.py took 0.074 seconds
[2023-10-21T05:37:26.241+0000] {processor.py:157} INFO - Started process (PID=2654) to work on /home/airflow/.local/lib/python3.8/site-packages/airflow/example_dags/example_nested_branch_dag.py
[2023-10-21T05:37:26.242+0000] {processor.py:829} INFO - Processing file /home/airflow/.local/lib/python3.8/site-packages/airflow/example_dags/example_nested_branch_dag.py for tasks to queue
[2023-10-21T05:37:26.243+0000] {logging_mixin.py:151} INFO - [2023-10-21T05:37:26.243+0000] {dagbag.py:536} INFO - Filling up the DagBag from /home/airflow/.local/lib/python3.8/site-packages/airflow/example_dags/example_nested_branch_dag.py
[2023-10-21T05:37:26.250+0000] {processor.py:839} INFO - DAG(s) dict_keys(['example_nested_branch_dag']) retrieved from /home/airflow/.local/lib/python3.8/site-packages/airflow/example_dags/example_nested_branch_dag.py
[2023-10-21T05:37:26.267+0000] {logging_mixin.py:151} INFO - [2023-10-21T05:37:26.267+0000] {dag.py:2941} INFO - Sync 1 DAGs
[2023-10-21T05:37:26.287+0000] {logging_mixin.py:151} INFO - [2023-10-21T05:37:26.287+0000] {dag.py:3722} INFO - Setting next_dagrun for example_nested_branch_dag to 2023-10-20T00:00:00+00:00, run_after=2023-10-21T00:00:00+00:00
[2023-10-21T05:37:26.311+0000] {processor.py:179} INFO - Processing /home/airflow/.local/lib/python3.8/site-packages/airflow/example_dags/example_nested_branch_dag.py took 0.072 seconds
[2023-10-21T05:37:56.368+0000] {processor.py:157} INFO - Started process (PID=2892) to work on /home/airflow/.local/lib/python3.8/site-packages/airflow/example_dags/example_nested_branch_dag.py
[2023-10-21T05:37:56.369+0000] {processor.py:829} INFO - Processing file /home/airflow/.local/lib/python3.8/site-packages/airflow/example_dags/example_nested_branch_dag.py for tasks to queue
[2023-10-21T05:37:56.369+0000] {logging_mixin.py:151} INFO - [2023-10-21T05:37:56.369+0000] {dagbag.py:536} INFO - Filling up the DagBag from /home/airflow/.local/lib/python3.8/site-packages/airflow/example_dags/example_nested_branch_dag.py
[2023-10-21T05:37:56.378+0000] {processor.py:839} INFO - DAG(s) dict_keys(['example_nested_branch_dag']) retrieved from /home/airflow/.local/lib/python3.8/site-packages/airflow/example_dags/example_nested_branch_dag.py
[2023-10-21T05:37:56.400+0000] {logging_mixin.py:151} INFO - [2023-10-21T05:37:56.400+0000] {dag.py:2941} INFO - Sync 1 DAGs
[2023-10-21T05:37:56.426+0000] {logging_mixin.py:151} INFO - [2023-10-21T05:37:56.425+0000] {dag.py:3722} INFO - Setting next_dagrun for example_nested_branch_dag to 2023-10-20T00:00:00+00:00, run_after=2023-10-21T00:00:00+00:00
[2023-10-21T05:37:56.448+0000] {processor.py:179} INFO - Processing /home/airflow/.local/lib/python3.8/site-packages/airflow/example_dags/example_nested_branch_dag.py took 0.082 seconds
[2023-10-21T05:38:27.037+0000] {processor.py:157} INFO - Started process (PID=3132) to work on /home/airflow/.local/lib/python3.8/site-packages/airflow/example_dags/example_nested_branch_dag.py
[2023-10-21T05:38:27.038+0000] {processor.py:829} INFO - Processing file /home/airflow/.local/lib/python3.8/site-packages/airflow/example_dags/example_nested_branch_dag.py for tasks to queue
[2023-10-21T05:38:27.039+0000] {logging_mixin.py:151} INFO - [2023-10-21T05:38:27.039+0000] {dagbag.py:536} INFO - Filling up the DagBag from /home/airflow/.local/lib/python3.8/site-packages/airflow/example_dags/example_nested_branch_dag.py
[2023-10-21T05:38:27.049+0000] {processor.py:839} INFO - DAG(s) dict_keys(['example_nested_branch_dag']) retrieved from /home/airflow/.local/lib/python3.8/site-packages/airflow/example_dags/example_nested_branch_dag.py
[2023-10-21T05:38:27.071+0000] {logging_mixin.py:151} INFO - [2023-10-21T05:38:27.071+0000] {dag.py:2941} INFO - Sync 1 DAGs
[2023-10-21T05:38:27.097+0000] {logging_mixin.py:151} INFO - [2023-10-21T05:38:27.097+0000] {dag.py:3722} INFO - Setting next_dagrun for example_nested_branch_dag to 2023-10-20T00:00:00+00:00, run_after=2023-10-21T00:00:00+00:00
[2023-10-21T05:38:27.116+0000] {processor.py:179} INFO - Processing /home/airflow/.local/lib/python3.8/site-packages/airflow/example_dags/example_nested_branch_dag.py took 0.081 seconds
[2023-10-21T05:38:57.230+0000] {processor.py:157} INFO - Started process (PID=3370) to work on /home/airflow/.local/lib/python3.8/site-packages/airflow/example_dags/example_nested_branch_dag.py
[2023-10-21T05:38:57.231+0000] {processor.py:829} INFO - Processing file /home/airflow/.local/lib/python3.8/site-packages/airflow/example_dags/example_nested_branch_dag.py for tasks to queue
[2023-10-21T05:38:57.232+0000] {logging_mixin.py:151} INFO - [2023-10-21T05:38:57.232+0000] {dagbag.py:536} INFO - Filling up the DagBag from /home/airflow/.local/lib/python3.8/site-packages/airflow/example_dags/example_nested_branch_dag.py
[2023-10-21T05:38:57.242+0000] {processor.py:839} INFO - DAG(s) dict_keys(['example_nested_branch_dag']) retrieved from /home/airflow/.local/lib/python3.8/site-packages/airflow/example_dags/example_nested_branch_dag.py
[2023-10-21T05:38:57.266+0000] {logging_mixin.py:151} INFO - [2023-10-21T05:38:57.266+0000] {dag.py:2941} INFO - Sync 1 DAGs
[2023-10-21T05:38:57.291+0000] {logging_mixin.py:151} INFO - [2023-10-21T05:38:57.291+0000] {dag.py:3722} INFO - Setting next_dagrun for example_nested_branch_dag to 2023-10-20T00:00:00+00:00, run_after=2023-10-21T00:00:00+00:00
[2023-10-21T05:38:57.315+0000] {processor.py:179} INFO - Processing /home/airflow/.local/lib/python3.8/site-packages/airflow/example_dags/example_nested_branch_dag.py took 0.087 seconds
[2023-10-21T05:39:27.431+0000] {processor.py:157} INFO - Started process (PID=3606) to work on /home/airflow/.local/lib/python3.8/site-packages/airflow/example_dags/example_nested_branch_dag.py
[2023-10-21T05:39:27.432+0000] {processor.py:829} INFO - Processing file /home/airflow/.local/lib/python3.8/site-packages/airflow/example_dags/example_nested_branch_dag.py for tasks to queue
[2023-10-21T05:39:27.433+0000] {logging_mixin.py:151} INFO - [2023-10-21T05:39:27.432+0000] {dagbag.py:536} INFO - Filling up the DagBag from /home/airflow/.local/lib/python3.8/site-packages/airflow/example_dags/example_nested_branch_dag.py
[2023-10-21T05:39:27.441+0000] {processor.py:839} INFO - DAG(s) dict_keys(['example_nested_branch_dag']) retrieved from /home/airflow/.local/lib/python3.8/site-packages/airflow/example_dags/example_nested_branch_dag.py
[2023-10-21T05:39:27.462+0000] {logging_mixin.py:151} INFO - [2023-10-21T05:39:27.462+0000] {dag.py:2941} INFO - Sync 1 DAGs
[2023-10-21T05:39:27.484+0000] {logging_mixin.py:151} INFO - [2023-10-21T05:39:27.484+0000] {dag.py:3722} INFO - Setting next_dagrun for example_nested_branch_dag to 2023-10-20T00:00:00+00:00, run_after=2023-10-21T00:00:00+00:00
[2023-10-21T05:39:27.504+0000] {processor.py:179} INFO - Processing /home/airflow/.local/lib/python3.8/site-packages/airflow/example_dags/example_nested_branch_dag.py took 0.075 seconds
[2023-10-21T05:39:58.188+0000] {processor.py:157} INFO - Started process (PID=3844) to work on /home/airflow/.local/lib/python3.8/site-packages/airflow/example_dags/example_nested_branch_dag.py
[2023-10-21T05:39:58.189+0000] {processor.py:829} INFO - Processing file /home/airflow/.local/lib/python3.8/site-packages/airflow/example_dags/example_nested_branch_dag.py for tasks to queue
[2023-10-21T05:39:58.190+0000] {logging_mixin.py:151} INFO - [2023-10-21T05:39:58.190+0000] {dagbag.py:536} INFO - Filling up the DagBag from /home/airflow/.local/lib/python3.8/site-packages/airflow/example_dags/example_nested_branch_dag.py
[2023-10-21T05:39:58.200+0000] {processor.py:839} INFO - DAG(s) dict_keys(['example_nested_branch_dag']) retrieved from /home/airflow/.local/lib/python3.8/site-packages/airflow/example_dags/example_nested_branch_dag.py
[2023-10-21T05:39:58.226+0000] {logging_mixin.py:151} INFO - [2023-10-21T05:39:58.226+0000] {dag.py:2941} INFO - Sync 1 DAGs
[2023-10-21T05:39:58.253+0000] {logging_mixin.py:151} INFO - [2023-10-21T05:39:58.253+0000] {dag.py:3722} INFO - Setting next_dagrun for example_nested_branch_dag to 2023-10-20T00:00:00+00:00, run_after=2023-10-21T00:00:00+00:00
[2023-10-21T05:39:58.277+0000] {processor.py:179} INFO - Processing /home/airflow/.local/lib/python3.8/site-packages/airflow/example_dags/example_nested_branch_dag.py took 0.093 seconds
[2023-10-21T05:40:29.193+0000] {processor.py:157} INFO - Started process (PID=4082) to work on /home/airflow/.local/lib/python3.8/site-packages/airflow/example_dags/example_nested_branch_dag.py
[2023-10-21T05:40:29.194+0000] {processor.py:829} INFO - Processing file /home/airflow/.local/lib/python3.8/site-packages/airflow/example_dags/example_nested_branch_dag.py for tasks to queue
[2023-10-21T05:40:29.195+0000] {logging_mixin.py:151} INFO - [2023-10-21T05:40:29.194+0000] {dagbag.py:536} INFO - Filling up the DagBag from /home/airflow/.local/lib/python3.8/site-packages/airflow/example_dags/example_nested_branch_dag.py
[2023-10-21T05:40:29.203+0000] {processor.py:839} INFO - DAG(s) dict_keys(['example_nested_branch_dag']) retrieved from /home/airflow/.local/lib/python3.8/site-packages/airflow/example_dags/example_nested_branch_dag.py
[2023-10-21T05:40:29.220+0000] {logging_mixin.py:151} INFO - [2023-10-21T05:40:29.220+0000] {dag.py:2941} INFO - Sync 1 DAGs
[2023-10-21T05:40:29.241+0000] {logging_mixin.py:151} INFO - [2023-10-21T05:40:29.240+0000] {dag.py:3722} INFO - Setting next_dagrun for example_nested_branch_dag to 2023-10-20T00:00:00+00:00, run_after=2023-10-21T00:00:00+00:00
[2023-10-21T05:40:29.259+0000] {processor.py:179} INFO - Processing /home/airflow/.local/lib/python3.8/site-packages/airflow/example_dags/example_nested_branch_dag.py took 0.068 seconds
[2023-10-21T05:40:59.576+0000] {processor.py:157} INFO - Started process (PID=4321) to work on /home/airflow/.local/lib/python3.8/site-packages/airflow/example_dags/example_nested_branch_dag.py
[2023-10-21T05:40:59.576+0000] {processor.py:829} INFO - Processing file /home/airflow/.local/lib/python3.8/site-packages/airflow/example_dags/example_nested_branch_dag.py for tasks to queue
[2023-10-21T05:40:59.577+0000] {logging_mixin.py:151} INFO - [2023-10-21T05:40:59.576+0000] {dagbag.py:536} INFO - Filling up the DagBag from /home/airflow/.local/lib/python3.8/site-packages/airflow/example_dags/example_nested_branch_dag.py
[2023-10-21T05:40:59.584+0000] {processor.py:839} INFO - DAG(s) dict_keys(['example_nested_branch_dag']) retrieved from /home/airflow/.local/lib/python3.8/site-packages/airflow/example_dags/example_nested_branch_dag.py
[2023-10-21T05:40:59.600+0000] {logging_mixin.py:151} INFO - [2023-10-21T05:40:59.600+0000] {dag.py:2941} INFO - Sync 1 DAGs
[2023-10-21T05:40:59.619+0000] {logging_mixin.py:151} INFO - [2023-10-21T05:40:59.619+0000] {dag.py:3722} INFO - Setting next_dagrun for example_nested_branch_dag to 2023-10-20T00:00:00+00:00, run_after=2023-10-21T00:00:00+00:00
[2023-10-21T05:40:59.637+0000] {processor.py:179} INFO - Processing /home/airflow/.local/lib/python3.8/site-packages/airflow/example_dags/example_nested_branch_dag.py took 0.063 seconds
