[2023-10-21T05:32:22.431+0000] {processor.py:157} INFO - Started process (PID=341) to work on /home/airflow/.local/lib/python3.8/site-packages/airflow/example_dags/tutorial.py
[2023-10-21T05:32:22.432+0000] {processor.py:829} INFO - Processing file /home/airflow/.local/lib/python3.8/site-packages/airflow/example_dags/tutorial.py for tasks to queue
[2023-10-21T05:32:22.432+0000] {logging_mixin.py:151} INFO - [2023-10-21T05:32:22.432+0000] {dagbag.py:536} INFO - Filling up the DagBag from /home/airflow/.local/lib/python3.8/site-packages/airflow/example_dags/tutorial.py
[2023-10-21T05:32:22.440+0000] {processor.py:839} INFO - DAG(s) dict_keys(['tutorial']) retrieved from /home/airflow/.local/lib/python3.8/site-packages/airflow/example_dags/tutorial.py
[2023-10-21T05:32:22.450+0000] {logging_mixin.py:151} INFO - [2023-10-21T05:32:22.450+0000] {dag.py:2941} INFO - Sync 1 DAGs
[2023-10-21T05:32:22.472+0000] {logging_mixin.py:151} INFO - [2023-10-21T05:32:22.472+0000] {dag.py:3722} INFO - Setting next_dagrun for tutorial to 2023-10-20T05:32:22.472030+00:00, run_after=2023-10-21T05:32:22.472030+00:00
[2023-10-21T05:32:22.494+0000] {processor.py:179} INFO - Processing /home/airflow/.local/lib/python3.8/site-packages/airflow/example_dags/tutorial.py took 0.066 seconds
[2023-10-21T05:32:52.960+0000] {processor.py:157} INFO - Started process (PID=579) to work on /home/airflow/.local/lib/python3.8/site-packages/airflow/example_dags/tutorial.py
[2023-10-21T05:32:52.960+0000] {processor.py:829} INFO - Processing file /home/airflow/.local/lib/python3.8/site-packages/airflow/example_dags/tutorial.py for tasks to queue
[2023-10-21T05:32:52.961+0000] {logging_mixin.py:151} INFO - [2023-10-21T05:32:52.961+0000] {dagbag.py:536} INFO - Filling up the DagBag from /home/airflow/.local/lib/python3.8/site-packages/airflow/example_dags/tutorial.py
[2023-10-21T05:32:52.965+0000] {processor.py:839} INFO - DAG(s) dict_keys(['tutorial']) retrieved from /home/airflow/.local/lib/python3.8/site-packages/airflow/example_dags/tutorial.py
[2023-10-21T05:32:52.981+0000] {logging_mixin.py:151} INFO - [2023-10-21T05:32:52.981+0000] {dag.py:2941} INFO - Sync 1 DAGs
[2023-10-21T05:32:53.000+0000] {logging_mixin.py:151} INFO - [2023-10-21T05:32:52.999+0000] {dag.py:3722} INFO - Setting next_dagrun for tutorial to 2023-10-20T05:32:52.999797+00:00, run_after=2023-10-21T05:32:52.999797+00:00
[2023-10-21T05:32:53.017+0000] {processor.py:179} INFO - Processing /home/airflow/.local/lib/python3.8/site-packages/airflow/example_dags/tutorial.py took 0.059 seconds
[2023-10-21T05:33:23.757+0000] {processor.py:157} INFO - Started process (PID=817) to work on /home/airflow/.local/lib/python3.8/site-packages/airflow/example_dags/tutorial.py
[2023-10-21T05:33:23.758+0000] {processor.py:829} INFO - Processing file /home/airflow/.local/lib/python3.8/site-packages/airflow/example_dags/tutorial.py for tasks to queue
[2023-10-21T05:33:23.759+0000] {logging_mixin.py:151} INFO - [2023-10-21T05:33:23.758+0000] {dagbag.py:536} INFO - Filling up the DagBag from /home/airflow/.local/lib/python3.8/site-packages/airflow/example_dags/tutorial.py
[2023-10-21T05:33:23.765+0000] {processor.py:839} INFO - DAG(s) dict_keys(['tutorial']) retrieved from /home/airflow/.local/lib/python3.8/site-packages/airflow/example_dags/tutorial.py
[2023-10-21T05:33:23.784+0000] {logging_mixin.py:151} INFO - [2023-10-21T05:33:23.783+0000] {dag.py:2941} INFO - Sync 1 DAGs
[2023-10-21T05:33:23.806+0000] {logging_mixin.py:151} INFO - [2023-10-21T05:33:23.806+0000] {dag.py:3722} INFO - Setting next_dagrun for tutorial to 2023-10-20T05:33:23.805868+00:00, run_after=2023-10-21T05:33:23.805868+00:00
[2023-10-21T05:33:23.827+0000] {processor.py:179} INFO - Processing /home/airflow/.local/lib/python3.8/site-packages/airflow/example_dags/tutorial.py took 0.073 seconds
[2023-10-21T05:33:54.430+0000] {processor.py:157} INFO - Started process (PID=1055) to work on /home/airflow/.local/lib/python3.8/site-packages/airflow/example_dags/tutorial.py
[2023-10-21T05:33:54.430+0000] {processor.py:829} INFO - Processing file /home/airflow/.local/lib/python3.8/site-packages/airflow/example_dags/tutorial.py for tasks to queue
[2023-10-21T05:33:54.431+0000] {logging_mixin.py:151} INFO - [2023-10-21T05:33:54.431+0000] {dagbag.py:536} INFO - Filling up the DagBag from /home/airflow/.local/lib/python3.8/site-packages/airflow/example_dags/tutorial.py
[2023-10-21T05:33:54.435+0000] {processor.py:839} INFO - DAG(s) dict_keys(['tutorial']) retrieved from /home/airflow/.local/lib/python3.8/site-packages/airflow/example_dags/tutorial.py
[2023-10-21T05:33:54.450+0000] {logging_mixin.py:151} INFO - [2023-10-21T05:33:54.450+0000] {dag.py:2941} INFO - Sync 1 DAGs
[2023-10-21T05:33:54.469+0000] {logging_mixin.py:151} INFO - [2023-10-21T05:33:54.468+0000] {dag.py:3722} INFO - Setting next_dagrun for tutorial to 2023-10-20T05:33:54.468799+00:00, run_after=2023-10-21T05:33:54.468799+00:00
[2023-10-21T05:33:54.487+0000] {processor.py:179} INFO - Processing /home/airflow/.local/lib/python3.8/site-packages/airflow/example_dags/tutorial.py took 0.059 seconds
[2023-10-21T05:34:25.460+0000] {processor.py:157} INFO - Started process (PID=1293) to work on /home/airflow/.local/lib/python3.8/site-packages/airflow/example_dags/tutorial.py
[2023-10-21T05:34:25.461+0000] {processor.py:829} INFO - Processing file /home/airflow/.local/lib/python3.8/site-packages/airflow/example_dags/tutorial.py for tasks to queue
[2023-10-21T05:34:25.462+0000] {logging_mixin.py:151} INFO - [2023-10-21T05:34:25.462+0000] {dagbag.py:536} INFO - Filling up the DagBag from /home/airflow/.local/lib/python3.8/site-packages/airflow/example_dags/tutorial.py
[2023-10-21T05:34:25.468+0000] {processor.py:839} INFO - DAG(s) dict_keys(['tutorial']) retrieved from /home/airflow/.local/lib/python3.8/site-packages/airflow/example_dags/tutorial.py
[2023-10-21T05:34:25.491+0000] {logging_mixin.py:151} INFO - [2023-10-21T05:34:25.490+0000] {dag.py:2941} INFO - Sync 1 DAGs
[2023-10-21T05:34:25.515+0000] {logging_mixin.py:151} INFO - [2023-10-21T05:34:25.515+0000] {dag.py:3722} INFO - Setting next_dagrun for tutorial to 2023-10-20T05:34:25.514973+00:00, run_after=2023-10-21T05:34:25.514973+00:00
[2023-10-21T05:34:25.543+0000] {processor.py:179} INFO - Processing /home/airflow/.local/lib/python3.8/site-packages/airflow/example_dags/tutorial.py took 0.086 seconds
[2023-10-21T05:34:55.722+0000] {processor.py:157} INFO - Started process (PID=1531) to work on /home/airflow/.local/lib/python3.8/site-packages/airflow/example_dags/tutorial.py
[2023-10-21T05:34:55.723+0000] {processor.py:829} INFO - Processing file /home/airflow/.local/lib/python3.8/site-packages/airflow/example_dags/tutorial.py for tasks to queue
[2023-10-21T05:34:55.723+0000] {logging_mixin.py:151} INFO - [2023-10-21T05:34:55.723+0000] {dagbag.py:536} INFO - Filling up the DagBag from /home/airflow/.local/lib/python3.8/site-packages/airflow/example_dags/tutorial.py
[2023-10-21T05:34:55.731+0000] {processor.py:839} INFO - DAG(s) dict_keys(['tutorial']) retrieved from /home/airflow/.local/lib/python3.8/site-packages/airflow/example_dags/tutorial.py
[2023-10-21T05:34:55.751+0000] {logging_mixin.py:151} INFO - [2023-10-21T05:34:55.751+0000] {dag.py:2941} INFO - Sync 1 DAGs
[2023-10-21T05:34:55.776+0000] {logging_mixin.py:151} INFO - [2023-10-21T05:34:55.776+0000] {dag.py:3722} INFO - Setting next_dagrun for tutorial to 2023-10-20T05:34:55.775887+00:00, run_after=2023-10-21T05:34:55.775887+00:00
[2023-10-21T05:34:55.799+0000] {processor.py:179} INFO - Processing /home/airflow/.local/lib/python3.8/site-packages/airflow/example_dags/tutorial.py took 0.079 seconds
[2023-10-21T05:35:26.087+0000] {processor.py:157} INFO - Started process (PID=1769) to work on /home/airflow/.local/lib/python3.8/site-packages/airflow/example_dags/tutorial.py
[2023-10-21T05:35:26.088+0000] {processor.py:829} INFO - Processing file /home/airflow/.local/lib/python3.8/site-packages/airflow/example_dags/tutorial.py for tasks to queue
[2023-10-21T05:35:26.088+0000] {logging_mixin.py:151} INFO - [2023-10-21T05:35:26.088+0000] {dagbag.py:536} INFO - Filling up the DagBag from /home/airflow/.local/lib/python3.8/site-packages/airflow/example_dags/tutorial.py
[2023-10-21T05:35:26.094+0000] {processor.py:839} INFO - DAG(s) dict_keys(['tutorial']) retrieved from /home/airflow/.local/lib/python3.8/site-packages/airflow/example_dags/tutorial.py
[2023-10-21T05:35:26.113+0000] {logging_mixin.py:151} INFO - [2023-10-21T05:35:26.112+0000] {dag.py:2941} INFO - Sync 1 DAGs
[2023-10-21T05:35:26.135+0000] {logging_mixin.py:151} INFO - [2023-10-21T05:35:26.135+0000] {dag.py:3722} INFO - Setting next_dagrun for tutorial to 2023-10-20T05:35:26.135122+00:00, run_after=2023-10-21T05:35:26.135122+00:00
[2023-10-21T05:35:26.155+0000] {processor.py:179} INFO - Processing /home/airflow/.local/lib/python3.8/site-packages/airflow/example_dags/tutorial.py took 0.071 seconds
[2023-10-21T05:35:56.455+0000] {processor.py:157} INFO - Started process (PID=2009) to work on /home/airflow/.local/lib/python3.8/site-packages/airflow/example_dags/tutorial.py
[2023-10-21T05:35:56.456+0000] {processor.py:829} INFO - Processing file /home/airflow/.local/lib/python3.8/site-packages/airflow/example_dags/tutorial.py for tasks to queue
[2023-10-21T05:35:56.456+0000] {logging_mixin.py:151} INFO - [2023-10-21T05:35:56.456+0000] {dagbag.py:536} INFO - Filling up the DagBag from /home/airflow/.local/lib/python3.8/site-packages/airflow/example_dags/tutorial.py
[2023-10-21T05:35:56.461+0000] {processor.py:839} INFO - DAG(s) dict_keys(['tutorial']) retrieved from /home/airflow/.local/lib/python3.8/site-packages/airflow/example_dags/tutorial.py
[2023-10-21T05:35:56.478+0000] {logging_mixin.py:151} INFO - [2023-10-21T05:35:56.478+0000] {dag.py:2941} INFO - Sync 1 DAGs
[2023-10-21T05:35:56.497+0000] {logging_mixin.py:151} INFO - [2023-10-21T05:35:56.497+0000] {dag.py:3722} INFO - Setting next_dagrun for tutorial to 2023-10-20T05:35:56.497400+00:00, run_after=2023-10-21T05:35:56.497400+00:00
[2023-10-21T05:35:56.516+0000] {processor.py:179} INFO - Processing /home/airflow/.local/lib/python3.8/site-packages/airflow/example_dags/tutorial.py took 0.063 seconds
[2023-10-21T05:36:26.827+0000] {processor.py:157} INFO - Started process (PID=2293) to work on /home/airflow/.local/lib/python3.8/site-packages/airflow/example_dags/tutorial.py
[2023-10-21T05:36:26.828+0000] {processor.py:829} INFO - Processing file /home/airflow/.local/lib/python3.8/site-packages/airflow/example_dags/tutorial.py for tasks to queue
[2023-10-21T05:36:26.829+0000] {logging_mixin.py:151} INFO - [2023-10-21T05:36:26.829+0000] {dagbag.py:536} INFO - Filling up the DagBag from /home/airflow/.local/lib/python3.8/site-packages/airflow/example_dags/tutorial.py
[2023-10-21T05:36:26.833+0000] {processor.py:839} INFO - DAG(s) dict_keys(['tutorial']) retrieved from /home/airflow/.local/lib/python3.8/site-packages/airflow/example_dags/tutorial.py
[2023-10-21T05:36:26.849+0000] {logging_mixin.py:151} INFO - [2023-10-21T05:36:26.849+0000] {dag.py:2941} INFO - Sync 1 DAGs
[2023-10-21T05:36:26.868+0000] {logging_mixin.py:151} INFO - [2023-10-21T05:36:26.868+0000] {dag.py:3722} INFO - Setting next_dagrun for tutorial to 2023-10-20T05:36:26.868066+00:00, run_after=2023-10-21T05:36:26.868066+00:00
[2023-10-21T05:36:26.888+0000] {processor.py:179} INFO - Processing /home/airflow/.local/lib/python3.8/site-packages/airflow/example_dags/tutorial.py took 0.063 seconds
[2023-10-21T05:36:57.103+0000] {processor.py:157} INFO - Started process (PID=2531) to work on /home/airflow/.local/lib/python3.8/site-packages/airflow/example_dags/tutorial.py
[2023-10-21T05:36:57.104+0000] {processor.py:829} INFO - Processing file /home/airflow/.local/lib/python3.8/site-packages/airflow/example_dags/tutorial.py for tasks to queue
[2023-10-21T05:36:57.104+0000] {logging_mixin.py:151} INFO - [2023-10-21T05:36:57.104+0000] {dagbag.py:536} INFO - Filling up the DagBag from /home/airflow/.local/lib/python3.8/site-packages/airflow/example_dags/tutorial.py
[2023-10-21T05:36:57.109+0000] {processor.py:839} INFO - DAG(s) dict_keys(['tutorial']) retrieved from /home/airflow/.local/lib/python3.8/site-packages/airflow/example_dags/tutorial.py
[2023-10-21T05:36:57.124+0000] {logging_mixin.py:151} INFO - [2023-10-21T05:36:57.124+0000] {dag.py:2941} INFO - Sync 1 DAGs
[2023-10-21T05:36:57.143+0000] {logging_mixin.py:151} INFO - [2023-10-21T05:36:57.142+0000] {dag.py:3722} INFO - Setting next_dagrun for tutorial to 2023-10-20T05:36:57.142560+00:00, run_after=2023-10-21T05:36:57.142560+00:00
[2023-10-21T05:36:57.162+0000] {processor.py:179} INFO - Processing /home/airflow/.local/lib/python3.8/site-packages/airflow/example_dags/tutorial.py took 0.061 seconds
[2023-10-21T05:37:27.301+0000] {processor.py:157} INFO - Started process (PID=2769) to work on /home/airflow/.local/lib/python3.8/site-packages/airflow/example_dags/tutorial.py
[2023-10-21T05:37:27.302+0000] {processor.py:829} INFO - Processing file /home/airflow/.local/lib/python3.8/site-packages/airflow/example_dags/tutorial.py for tasks to queue
[2023-10-21T05:37:27.303+0000] {logging_mixin.py:151} INFO - [2023-10-21T05:37:27.303+0000] {dagbag.py:536} INFO - Filling up the DagBag from /home/airflow/.local/lib/python3.8/site-packages/airflow/example_dags/tutorial.py
[2023-10-21T05:37:27.308+0000] {processor.py:839} INFO - DAG(s) dict_keys(['tutorial']) retrieved from /home/airflow/.local/lib/python3.8/site-packages/airflow/example_dags/tutorial.py
[2023-10-21T05:37:27.325+0000] {logging_mixin.py:151} INFO - [2023-10-21T05:37:27.325+0000] {dag.py:2941} INFO - Sync 1 DAGs
[2023-10-21T05:37:27.349+0000] {logging_mixin.py:151} INFO - [2023-10-21T05:37:27.348+0000] {dag.py:3722} INFO - Setting next_dagrun for tutorial to 2023-10-20T05:37:27.348701+00:00, run_after=2023-10-21T05:37:27.348701+00:00
[2023-10-21T05:37:27.367+0000] {processor.py:179} INFO - Processing /home/airflow/.local/lib/python3.8/site-packages/airflow/example_dags/tutorial.py took 0.068 seconds
[2023-10-21T05:37:57.748+0000] {processor.py:157} INFO - Started process (PID=3007) to work on /home/airflow/.local/lib/python3.8/site-packages/airflow/example_dags/tutorial.py
[2023-10-21T05:37:57.748+0000] {processor.py:829} INFO - Processing file /home/airflow/.local/lib/python3.8/site-packages/airflow/example_dags/tutorial.py for tasks to queue
[2023-10-21T05:37:57.749+0000] {logging_mixin.py:151} INFO - [2023-10-21T05:37:57.749+0000] {dagbag.py:536} INFO - Filling up the DagBag from /home/airflow/.local/lib/python3.8/site-packages/airflow/example_dags/tutorial.py
[2023-10-21T05:37:57.754+0000] {processor.py:839} INFO - DAG(s) dict_keys(['tutorial']) retrieved from /home/airflow/.local/lib/python3.8/site-packages/airflow/example_dags/tutorial.py
[2023-10-21T05:37:57.777+0000] {logging_mixin.py:151} INFO - [2023-10-21T05:37:57.776+0000] {dag.py:2941} INFO - Sync 1 DAGs
[2023-10-21T05:37:57.804+0000] {logging_mixin.py:151} INFO - [2023-10-21T05:37:57.803+0000] {dag.py:3722} INFO - Setting next_dagrun for tutorial to 2023-10-20T05:37:57.803339+00:00, run_after=2023-10-21T05:37:57.803339+00:00
[2023-10-21T05:37:57.828+0000] {processor.py:179} INFO - Processing /home/airflow/.local/lib/python3.8/site-packages/airflow/example_dags/tutorial.py took 0.083 seconds
[2023-10-21T05:38:28.284+0000] {processor.py:157} INFO - Started process (PID=3247) to work on /home/airflow/.local/lib/python3.8/site-packages/airflow/example_dags/tutorial.py
[2023-10-21T05:38:28.286+0000] {processor.py:829} INFO - Processing file /home/airflow/.local/lib/python3.8/site-packages/airflow/example_dags/tutorial.py for tasks to queue
[2023-10-21T05:38:28.286+0000] {logging_mixin.py:151} INFO - [2023-10-21T05:38:28.286+0000] {dagbag.py:536} INFO - Filling up the DagBag from /home/airflow/.local/lib/python3.8/site-packages/airflow/example_dags/tutorial.py
[2023-10-21T05:38:28.293+0000] {processor.py:839} INFO - DAG(s) dict_keys(['tutorial']) retrieved from /home/airflow/.local/lib/python3.8/site-packages/airflow/example_dags/tutorial.py
[2023-10-21T05:38:28.320+0000] {logging_mixin.py:151} INFO - [2023-10-21T05:38:28.319+0000] {dag.py:2941} INFO - Sync 1 DAGs
[2023-10-21T05:38:28.343+0000] {logging_mixin.py:151} INFO - [2023-10-21T05:38:28.343+0000] {dag.py:3722} INFO - Setting next_dagrun for tutorial to 2023-10-20T05:38:28.343079+00:00, run_after=2023-10-21T05:38:28.343079+00:00
[2023-10-21T05:38:28.369+0000] {processor.py:179} INFO - Processing /home/airflow/.local/lib/python3.8/site-packages/airflow/example_dags/tutorial.py took 0.088 seconds
[2023-10-21T05:38:58.500+0000] {processor.py:157} INFO - Started process (PID=3483) to work on /home/airflow/.local/lib/python3.8/site-packages/airflow/example_dags/tutorial.py
[2023-10-21T05:38:58.501+0000] {processor.py:829} INFO - Processing file /home/airflow/.local/lib/python3.8/site-packages/airflow/example_dags/tutorial.py for tasks to queue
[2023-10-21T05:38:58.501+0000] {logging_mixin.py:151} INFO - [2023-10-21T05:38:58.501+0000] {dagbag.py:536} INFO - Filling up the DagBag from /home/airflow/.local/lib/python3.8/site-packages/airflow/example_dags/tutorial.py
[2023-10-21T05:38:58.507+0000] {processor.py:839} INFO - DAG(s) dict_keys(['tutorial']) retrieved from /home/airflow/.local/lib/python3.8/site-packages/airflow/example_dags/tutorial.py
[2023-10-21T05:38:58.529+0000] {logging_mixin.py:151} INFO - [2023-10-21T05:38:58.529+0000] {dag.py:2941} INFO - Sync 1 DAGs
[2023-10-21T05:38:58.556+0000] {logging_mixin.py:151} INFO - [2023-10-21T05:38:58.555+0000] {dag.py:3722} INFO - Setting next_dagrun for tutorial to 2023-10-20T05:38:58.555307+00:00, run_after=2023-10-21T05:38:58.555307+00:00
[2023-10-21T05:38:58.595+0000] {processor.py:179} INFO - Processing /home/airflow/.local/lib/python3.8/site-packages/airflow/example_dags/tutorial.py took 0.097 seconds
[2023-10-21T05:39:28.669+0000] {processor.py:157} INFO - Started process (PID=3721) to work on /home/airflow/.local/lib/python3.8/site-packages/airflow/example_dags/tutorial.py
[2023-10-21T05:39:28.670+0000] {processor.py:829} INFO - Processing file /home/airflow/.local/lib/python3.8/site-packages/airflow/example_dags/tutorial.py for tasks to queue
[2023-10-21T05:39:28.671+0000] {logging_mixin.py:151} INFO - [2023-10-21T05:39:28.671+0000] {dagbag.py:536} INFO - Filling up the DagBag from /home/airflow/.local/lib/python3.8/site-packages/airflow/example_dags/tutorial.py
[2023-10-21T05:39:28.676+0000] {processor.py:839} INFO - DAG(s) dict_keys(['tutorial']) retrieved from /home/airflow/.local/lib/python3.8/site-packages/airflow/example_dags/tutorial.py
[2023-10-21T05:39:28.693+0000] {logging_mixin.py:151} INFO - [2023-10-21T05:39:28.693+0000] {dag.py:2941} INFO - Sync 1 DAGs
[2023-10-21T05:39:28.714+0000] {logging_mixin.py:151} INFO - [2023-10-21T05:39:28.714+0000] {dag.py:3722} INFO - Setting next_dagrun for tutorial to 2023-10-20T05:39:28.714469+00:00, run_after=2023-10-21T05:39:28.714469+00:00
[2023-10-21T05:39:28.734+0000] {processor.py:179} INFO - Processing /home/airflow/.local/lib/python3.8/site-packages/airflow/example_dags/tutorial.py took 0.067 seconds
[2023-10-21T05:39:59.546+0000] {processor.py:157} INFO - Started process (PID=3959) to work on /home/airflow/.local/lib/python3.8/site-packages/airflow/example_dags/tutorial.py
[2023-10-21T05:39:59.547+0000] {processor.py:829} INFO - Processing file /home/airflow/.local/lib/python3.8/site-packages/airflow/example_dags/tutorial.py for tasks to queue
[2023-10-21T05:39:59.548+0000] {logging_mixin.py:151} INFO - [2023-10-21T05:39:59.548+0000] {dagbag.py:536} INFO - Filling up the DagBag from /home/airflow/.local/lib/python3.8/site-packages/airflow/example_dags/tutorial.py
[2023-10-21T05:39:59.558+0000] {processor.py:839} INFO - DAG(s) dict_keys(['tutorial']) retrieved from /home/airflow/.local/lib/python3.8/site-packages/airflow/example_dags/tutorial.py
[2023-10-21T05:39:59.581+0000] {logging_mixin.py:151} INFO - [2023-10-21T05:39:59.581+0000] {dag.py:2941} INFO - Sync 1 DAGs
[2023-10-21T05:39:59.606+0000] {logging_mixin.py:151} INFO - [2023-10-21T05:39:59.606+0000] {dag.py:3722} INFO - Setting next_dagrun for tutorial to 2023-10-20T05:39:59.606001+00:00, run_after=2023-10-21T05:39:59.606001+00:00
[2023-10-21T05:39:59.627+0000] {processor.py:179} INFO - Processing /home/airflow/.local/lib/python3.8/site-packages/airflow/example_dags/tutorial.py took 0.085 seconds
[2023-10-21T05:40:30.366+0000] {processor.py:157} INFO - Started process (PID=4197) to work on /home/airflow/.local/lib/python3.8/site-packages/airflow/example_dags/tutorial.py
[2023-10-21T05:40:30.367+0000] {processor.py:829} INFO - Processing file /home/airflow/.local/lib/python3.8/site-packages/airflow/example_dags/tutorial.py for tasks to queue
[2023-10-21T05:40:30.368+0000] {logging_mixin.py:151} INFO - [2023-10-21T05:40:30.367+0000] {dagbag.py:536} INFO - Filling up the DagBag from /home/airflow/.local/lib/python3.8/site-packages/airflow/example_dags/tutorial.py
[2023-10-21T05:40:30.375+0000] {processor.py:839} INFO - DAG(s) dict_keys(['tutorial']) retrieved from /home/airflow/.local/lib/python3.8/site-packages/airflow/example_dags/tutorial.py
[2023-10-21T05:40:30.394+0000] {logging_mixin.py:151} INFO - [2023-10-21T05:40:30.394+0000] {dag.py:2941} INFO - Sync 1 DAGs
[2023-10-21T05:40:30.416+0000] {logging_mixin.py:151} INFO - [2023-10-21T05:40:30.416+0000] {dag.py:3722} INFO - Setting next_dagrun for tutorial to 2023-10-20T05:40:30.416139+00:00, run_after=2023-10-21T05:40:30.416139+00:00
[2023-10-21T05:40:30.440+0000] {processor.py:179} INFO - Processing /home/airflow/.local/lib/python3.8/site-packages/airflow/example_dags/tutorial.py took 0.076 seconds
[2023-10-21T05:41:00.594+0000] {processor.py:157} INFO - Started process (PID=4436) to work on /home/airflow/.local/lib/python3.8/site-packages/airflow/example_dags/tutorial.py
[2023-10-21T05:41:00.595+0000] {processor.py:829} INFO - Processing file /home/airflow/.local/lib/python3.8/site-packages/airflow/example_dags/tutorial.py for tasks to queue
[2023-10-21T05:41:00.596+0000] {logging_mixin.py:151} INFO - [2023-10-21T05:41:00.595+0000] {dagbag.py:536} INFO - Filling up the DagBag from /home/airflow/.local/lib/python3.8/site-packages/airflow/example_dags/tutorial.py
[2023-10-21T05:41:00.600+0000] {processor.py:839} INFO - DAG(s) dict_keys(['tutorial']) retrieved from /home/airflow/.local/lib/python3.8/site-packages/airflow/example_dags/tutorial.py
[2023-10-21T05:41:00.615+0000] {logging_mixin.py:151} INFO - [2023-10-21T05:41:00.615+0000] {dag.py:2941} INFO - Sync 1 DAGs
[2023-10-21T05:41:00.633+0000] {logging_mixin.py:151} INFO - [2023-10-21T05:41:00.633+0000] {dag.py:3722} INFO - Setting next_dagrun for tutorial to 2023-10-20T05:41:00.633021+00:00, run_after=2023-10-21T05:41:00.633021+00:00
[2023-10-21T05:41:00.650+0000] {processor.py:179} INFO - Processing /home/airflow/.local/lib/python3.8/site-packages/airflow/example_dags/tutorial.py took 0.058 seconds
