[2023-10-21T05:32:21.411+0000] {processor.py:157} INFO - Started process (PID=236) to work on /home/airflow/.local/lib/python3.8/site-packages/airflow/example_dags/tutorial_dag.py
[2023-10-21T05:32:21.412+0000] {processor.py:829} INFO - Processing file /home/airflow/.local/lib/python3.8/site-packages/airflow/example_dags/tutorial_dag.py for tasks to queue
[2023-10-21T05:32:21.413+0000] {logging_mixin.py:151} INFO - [2023-10-21T05:32:21.412+0000] {dagbag.py:536} INFO - Filling up the DagBag from /home/airflow/.local/lib/python3.8/site-packages/airflow/example_dags/tutorial_dag.py
[2023-10-21T05:32:21.421+0000] {processor.py:839} INFO - DAG(s) dict_keys(['tutorial_dag']) retrieved from /home/airflow/.local/lib/python3.8/site-packages/airflow/example_dags/tutorial_dag.py
[2023-10-21T05:32:21.432+0000] {logging_mixin.py:151} INFO - [2023-10-21T05:32:21.432+0000] {dag.py:2941} INFO - Sync 1 DAGs
[2023-10-21T05:32:21.446+0000] {logging_mixin.py:151} INFO - [2023-10-21T05:32:21.446+0000] {dag.py:3722} INFO - Setting next_dagrun for tutorial_dag to None, run_after=None
[2023-10-21T05:32:21.469+0000] {processor.py:179} INFO - Processing /home/airflow/.local/lib/python3.8/site-packages/airflow/example_dags/tutorial_dag.py took 0.060 seconds
[2023-10-21T05:32:51.829+0000] {processor.py:157} INFO - Started process (PID=474) to work on /home/airflow/.local/lib/python3.8/site-packages/airflow/example_dags/tutorial_dag.py
[2023-10-21T05:32:51.830+0000] {processor.py:829} INFO - Processing file /home/airflow/.local/lib/python3.8/site-packages/airflow/example_dags/tutorial_dag.py for tasks to queue
[2023-10-21T05:32:51.830+0000] {logging_mixin.py:151} INFO - [2023-10-21T05:32:51.830+0000] {dagbag.py:536} INFO - Filling up the DagBag from /home/airflow/.local/lib/python3.8/site-packages/airflow/example_dags/tutorial_dag.py
[2023-10-21T05:32:51.834+0000] {processor.py:839} INFO - DAG(s) dict_keys(['tutorial_dag']) retrieved from /home/airflow/.local/lib/python3.8/site-packages/airflow/example_dags/tutorial_dag.py
[2023-10-21T05:32:51.851+0000] {logging_mixin.py:151} INFO - [2023-10-21T05:32:51.851+0000] {dag.py:2941} INFO - Sync 1 DAGs
[2023-10-21T05:32:51.861+0000] {logging_mixin.py:151} INFO - [2023-10-21T05:32:51.860+0000] {dag.py:3722} INFO - Setting next_dagrun for tutorial_dag to None, run_after=None
[2023-10-21T05:32:51.879+0000] {processor.py:179} INFO - Processing /home/airflow/.local/lib/python3.8/site-packages/airflow/example_dags/tutorial_dag.py took 0.052 seconds
[2023-10-21T05:33:22.400+0000] {processor.py:157} INFO - Started process (PID=712) to work on /home/airflow/.local/lib/python3.8/site-packages/airflow/example_dags/tutorial_dag.py
[2023-10-21T05:33:22.401+0000] {processor.py:829} INFO - Processing file /home/airflow/.local/lib/python3.8/site-packages/airflow/example_dags/tutorial_dag.py for tasks to queue
[2023-10-21T05:33:22.402+0000] {logging_mixin.py:151} INFO - [2023-10-21T05:33:22.402+0000] {dagbag.py:536} INFO - Filling up the DagBag from /home/airflow/.local/lib/python3.8/site-packages/airflow/example_dags/tutorial_dag.py
[2023-10-21T05:33:22.406+0000] {processor.py:839} INFO - DAG(s) dict_keys(['tutorial_dag']) retrieved from /home/airflow/.local/lib/python3.8/site-packages/airflow/example_dags/tutorial_dag.py
[2023-10-21T05:33:22.425+0000] {logging_mixin.py:151} INFO - [2023-10-21T05:33:22.425+0000] {dag.py:2941} INFO - Sync 1 DAGs
[2023-10-21T05:33:22.438+0000] {logging_mixin.py:151} INFO - [2023-10-21T05:33:22.437+0000] {dag.py:3722} INFO - Setting next_dagrun for tutorial_dag to None, run_after=None
[2023-10-21T05:33:22.457+0000] {processor.py:179} INFO - Processing /home/airflow/.local/lib/python3.8/site-packages/airflow/example_dags/tutorial_dag.py took 0.059 seconds
[2023-10-21T05:33:52.518+0000] {processor.py:157} INFO - Started process (PID=950) to work on /home/airflow/.local/lib/python3.8/site-packages/airflow/example_dags/tutorial_dag.py
[2023-10-21T05:33:52.518+0000] {processor.py:829} INFO - Processing file /home/airflow/.local/lib/python3.8/site-packages/airflow/example_dags/tutorial_dag.py for tasks to queue
[2023-10-21T05:33:52.519+0000] {logging_mixin.py:151} INFO - [2023-10-21T05:33:52.519+0000] {dagbag.py:536} INFO - Filling up the DagBag from /home/airflow/.local/lib/python3.8/site-packages/airflow/example_dags/tutorial_dag.py
[2023-10-21T05:33:52.522+0000] {processor.py:839} INFO - DAG(s) dict_keys(['tutorial_dag']) retrieved from /home/airflow/.local/lib/python3.8/site-packages/airflow/example_dags/tutorial_dag.py
[2023-10-21T05:33:52.537+0000] {logging_mixin.py:151} INFO - [2023-10-21T05:33:52.537+0000] {dag.py:2941} INFO - Sync 1 DAGs
[2023-10-21T05:33:52.547+0000] {logging_mixin.py:151} INFO - [2023-10-21T05:33:52.546+0000] {dag.py:3722} INFO - Setting next_dagrun for tutorial_dag to None, run_after=None
[2023-10-21T05:33:52.564+0000] {processor.py:179} INFO - Processing /home/airflow/.local/lib/python3.8/site-packages/airflow/example_dags/tutorial_dag.py took 0.048 seconds
[2023-10-21T05:34:22.950+0000] {processor.py:157} INFO - Started process (PID=1188) to work on /home/airflow/.local/lib/python3.8/site-packages/airflow/example_dags/tutorial_dag.py
[2023-10-21T05:34:22.952+0000] {processor.py:829} INFO - Processing file /home/airflow/.local/lib/python3.8/site-packages/airflow/example_dags/tutorial_dag.py for tasks to queue
[2023-10-21T05:34:22.952+0000] {logging_mixin.py:151} INFO - [2023-10-21T05:34:22.952+0000] {dagbag.py:536} INFO - Filling up the DagBag from /home/airflow/.local/lib/python3.8/site-packages/airflow/example_dags/tutorial_dag.py
[2023-10-21T05:34:22.959+0000] {processor.py:839} INFO - DAG(s) dict_keys(['tutorial_dag']) retrieved from /home/airflow/.local/lib/python3.8/site-packages/airflow/example_dags/tutorial_dag.py
[2023-10-21T05:34:22.983+0000] {logging_mixin.py:151} INFO - [2023-10-21T05:34:22.983+0000] {dag.py:2941} INFO - Sync 1 DAGs
[2023-10-21T05:34:23.001+0000] {logging_mixin.py:151} INFO - [2023-10-21T05:34:23.001+0000] {dag.py:3722} INFO - Setting next_dagrun for tutorial_dag to None, run_after=None
[2023-10-21T05:34:23.026+0000] {processor.py:179} INFO - Processing /home/airflow/.local/lib/python3.8/site-packages/airflow/example_dags/tutorial_dag.py took 0.079 seconds
[2023-10-21T05:34:53.783+0000] {processor.py:157} INFO - Started process (PID=1426) to work on /home/airflow/.local/lib/python3.8/site-packages/airflow/example_dags/tutorial_dag.py
[2023-10-21T05:34:53.784+0000] {processor.py:829} INFO - Processing file /home/airflow/.local/lib/python3.8/site-packages/airflow/example_dags/tutorial_dag.py for tasks to queue
[2023-10-21T05:34:53.784+0000] {logging_mixin.py:151} INFO - [2023-10-21T05:34:53.784+0000] {dagbag.py:536} INFO - Filling up the DagBag from /home/airflow/.local/lib/python3.8/site-packages/airflow/example_dags/tutorial_dag.py
[2023-10-21T05:34:53.788+0000] {processor.py:839} INFO - DAG(s) dict_keys(['tutorial_dag']) retrieved from /home/airflow/.local/lib/python3.8/site-packages/airflow/example_dags/tutorial_dag.py
[2023-10-21T05:34:53.805+0000] {logging_mixin.py:151} INFO - [2023-10-21T05:34:53.805+0000] {dag.py:2941} INFO - Sync 1 DAGs
[2023-10-21T05:34:53.815+0000] {logging_mixin.py:151} INFO - [2023-10-21T05:34:53.815+0000] {dag.py:3722} INFO - Setting next_dagrun for tutorial_dag to None, run_after=None
[2023-10-21T05:34:53.832+0000] {processor.py:179} INFO - Processing /home/airflow/.local/lib/python3.8/site-packages/airflow/example_dags/tutorial_dag.py took 0.051 seconds
[2023-10-21T05:35:24.061+0000] {processor.py:157} INFO - Started process (PID=1664) to work on /home/airflow/.local/lib/python3.8/site-packages/airflow/example_dags/tutorial_dag.py
[2023-10-21T05:35:24.061+0000] {processor.py:829} INFO - Processing file /home/airflow/.local/lib/python3.8/site-packages/airflow/example_dags/tutorial_dag.py for tasks to queue
[2023-10-21T05:35:24.062+0000] {logging_mixin.py:151} INFO - [2023-10-21T05:35:24.062+0000] {dagbag.py:536} INFO - Filling up the DagBag from /home/airflow/.local/lib/python3.8/site-packages/airflow/example_dags/tutorial_dag.py
[2023-10-21T05:35:24.066+0000] {processor.py:839} INFO - DAG(s) dict_keys(['tutorial_dag']) retrieved from /home/airflow/.local/lib/python3.8/site-packages/airflow/example_dags/tutorial_dag.py
[2023-10-21T05:35:24.085+0000] {logging_mixin.py:151} INFO - [2023-10-21T05:35:24.084+0000] {dag.py:2941} INFO - Sync 1 DAGs
[2023-10-21T05:35:24.095+0000] {logging_mixin.py:151} INFO - [2023-10-21T05:35:24.095+0000] {dag.py:3722} INFO - Setting next_dagrun for tutorial_dag to None, run_after=None
[2023-10-21T05:35:24.128+0000] {processor.py:179} INFO - Processing /home/airflow/.local/lib/python3.8/site-packages/airflow/example_dags/tutorial_dag.py took 0.069 seconds
[2023-10-21T05:35:55.086+0000] {processor.py:157} INFO - Started process (PID=1902) to work on /home/airflow/.local/lib/python3.8/site-packages/airflow/example_dags/tutorial_dag.py
[2023-10-21T05:35:55.089+0000] {processor.py:829} INFO - Processing file /home/airflow/.local/lib/python3.8/site-packages/airflow/example_dags/tutorial_dag.py for tasks to queue
[2023-10-21T05:35:55.090+0000] {logging_mixin.py:151} INFO - [2023-10-21T05:35:55.089+0000] {dagbag.py:536} INFO - Filling up the DagBag from /home/airflow/.local/lib/python3.8/site-packages/airflow/example_dags/tutorial_dag.py
[2023-10-21T05:35:55.096+0000] {processor.py:839} INFO - DAG(s) dict_keys(['tutorial_dag']) retrieved from /home/airflow/.local/lib/python3.8/site-packages/airflow/example_dags/tutorial_dag.py
[2023-10-21T05:35:55.128+0000] {logging_mixin.py:151} INFO - [2023-10-21T05:35:55.128+0000] {dag.py:2941} INFO - Sync 1 DAGs
[2023-10-21T05:35:55.147+0000] {logging_mixin.py:151} INFO - [2023-10-21T05:35:55.146+0000] {dag.py:3722} INFO - Setting next_dagrun for tutorial_dag to None, run_after=None
[2023-10-21T05:35:55.170+0000] {processor.py:179} INFO - Processing /home/airflow/.local/lib/python3.8/site-packages/airflow/example_dags/tutorial_dag.py took 0.090 seconds
[2023-10-21T05:36:25.888+0000] {processor.py:157} INFO - Started process (PID=2188) to work on /home/airflow/.local/lib/python3.8/site-packages/airflow/example_dags/tutorial_dag.py
[2023-10-21T05:36:25.889+0000] {processor.py:829} INFO - Processing file /home/airflow/.local/lib/python3.8/site-packages/airflow/example_dags/tutorial_dag.py for tasks to queue
[2023-10-21T05:36:25.890+0000] {logging_mixin.py:151} INFO - [2023-10-21T05:36:25.889+0000] {dagbag.py:536} INFO - Filling up the DagBag from /home/airflow/.local/lib/python3.8/site-packages/airflow/example_dags/tutorial_dag.py
[2023-10-21T05:36:25.893+0000] {processor.py:839} INFO - DAG(s) dict_keys(['tutorial_dag']) retrieved from /home/airflow/.local/lib/python3.8/site-packages/airflow/example_dags/tutorial_dag.py
[2023-10-21T05:36:25.909+0000] {logging_mixin.py:151} INFO - [2023-10-21T05:36:25.909+0000] {dag.py:2941} INFO - Sync 1 DAGs
[2023-10-21T05:36:25.920+0000] {logging_mixin.py:151} INFO - [2023-10-21T05:36:25.919+0000] {dag.py:3722} INFO - Setting next_dagrun for tutorial_dag to None, run_after=None
[2023-10-21T05:36:25.937+0000] {processor.py:179} INFO - Processing /home/airflow/.local/lib/python3.8/site-packages/airflow/example_dags/tutorial_dag.py took 0.050 seconds
[2023-10-21T05:36:56.161+0000] {processor.py:157} INFO - Started process (PID=2426) to work on /home/airflow/.local/lib/python3.8/site-packages/airflow/example_dags/tutorial_dag.py
[2023-10-21T05:36:56.162+0000] {processor.py:829} INFO - Processing file /home/airflow/.local/lib/python3.8/site-packages/airflow/example_dags/tutorial_dag.py for tasks to queue
[2023-10-21T05:36:56.164+0000] {logging_mixin.py:151} INFO - [2023-10-21T05:36:56.163+0000] {dagbag.py:536} INFO - Filling up the DagBag from /home/airflow/.local/lib/python3.8/site-packages/airflow/example_dags/tutorial_dag.py
[2023-10-21T05:36:56.168+0000] {processor.py:839} INFO - DAG(s) dict_keys(['tutorial_dag']) retrieved from /home/airflow/.local/lib/python3.8/site-packages/airflow/example_dags/tutorial_dag.py
[2023-10-21T05:36:56.185+0000] {logging_mixin.py:151} INFO - [2023-10-21T05:36:56.185+0000] {dag.py:2941} INFO - Sync 1 DAGs
[2023-10-21T05:36:56.195+0000] {logging_mixin.py:151} INFO - [2023-10-21T05:36:56.195+0000] {dag.py:3722} INFO - Setting next_dagrun for tutorial_dag to None, run_after=None
[2023-10-21T05:36:56.214+0000] {processor.py:179} INFO - Processing /home/airflow/.local/lib/python3.8/site-packages/airflow/example_dags/tutorial_dag.py took 0.055 seconds
[2023-10-21T05:37:26.404+0000] {processor.py:157} INFO - Started process (PID=2666) to work on /home/airflow/.local/lib/python3.8/site-packages/airflow/example_dags/tutorial_dag.py
[2023-10-21T05:37:26.404+0000] {processor.py:829} INFO - Processing file /home/airflow/.local/lib/python3.8/site-packages/airflow/example_dags/tutorial_dag.py for tasks to queue
[2023-10-21T05:37:26.405+0000] {logging_mixin.py:151} INFO - [2023-10-21T05:37:26.405+0000] {dagbag.py:536} INFO - Filling up the DagBag from /home/airflow/.local/lib/python3.8/site-packages/airflow/example_dags/tutorial_dag.py
[2023-10-21T05:37:26.409+0000] {processor.py:839} INFO - DAG(s) dict_keys(['tutorial_dag']) retrieved from /home/airflow/.local/lib/python3.8/site-packages/airflow/example_dags/tutorial_dag.py
[2023-10-21T05:37:26.426+0000] {logging_mixin.py:151} INFO - [2023-10-21T05:37:26.425+0000] {dag.py:2941} INFO - Sync 1 DAGs
[2023-10-21T05:37:26.437+0000] {logging_mixin.py:151} INFO - [2023-10-21T05:37:26.437+0000] {dag.py:3722} INFO - Setting next_dagrun for tutorial_dag to None, run_after=None
[2023-10-21T05:37:26.454+0000] {processor.py:179} INFO - Processing /home/airflow/.local/lib/python3.8/site-packages/airflow/example_dags/tutorial_dag.py took 0.053 seconds
[2023-10-21T05:37:56.478+0000] {processor.py:157} INFO - Started process (PID=2902) to work on /home/airflow/.local/lib/python3.8/site-packages/airflow/example_dags/tutorial_dag.py
[2023-10-21T05:37:56.479+0000] {processor.py:829} INFO - Processing file /home/airflow/.local/lib/python3.8/site-packages/airflow/example_dags/tutorial_dag.py for tasks to queue
[2023-10-21T05:37:56.479+0000] {logging_mixin.py:151} INFO - [2023-10-21T05:37:56.479+0000] {dagbag.py:536} INFO - Filling up the DagBag from /home/airflow/.local/lib/python3.8/site-packages/airflow/example_dags/tutorial_dag.py
[2023-10-21T05:37:56.484+0000] {processor.py:839} INFO - DAG(s) dict_keys(['tutorial_dag']) retrieved from /home/airflow/.local/lib/python3.8/site-packages/airflow/example_dags/tutorial_dag.py
[2023-10-21T05:37:56.504+0000] {logging_mixin.py:151} INFO - [2023-10-21T05:37:56.504+0000] {dag.py:2941} INFO - Sync 1 DAGs
[2023-10-21T05:37:56.518+0000] {logging_mixin.py:151} INFO - [2023-10-21T05:37:56.518+0000] {dag.py:3722} INFO - Setting next_dagrun for tutorial_dag to None, run_after=None
[2023-10-21T05:37:56.539+0000] {processor.py:179} INFO - Processing /home/airflow/.local/lib/python3.8/site-packages/airflow/example_dags/tutorial_dag.py took 0.064 seconds
[2023-10-21T05:38:27.143+0000] {processor.py:157} INFO - Started process (PID=3142) to work on /home/airflow/.local/lib/python3.8/site-packages/airflow/example_dags/tutorial_dag.py
[2023-10-21T05:38:27.144+0000] {processor.py:829} INFO - Processing file /home/airflow/.local/lib/python3.8/site-packages/airflow/example_dags/tutorial_dag.py for tasks to queue
[2023-10-21T05:38:27.145+0000] {logging_mixin.py:151} INFO - [2023-10-21T05:38:27.144+0000] {dagbag.py:536} INFO - Filling up the DagBag from /home/airflow/.local/lib/python3.8/site-packages/airflow/example_dags/tutorial_dag.py
[2023-10-21T05:38:27.149+0000] {processor.py:839} INFO - DAG(s) dict_keys(['tutorial_dag']) retrieved from /home/airflow/.local/lib/python3.8/site-packages/airflow/example_dags/tutorial_dag.py
[2023-10-21T05:38:27.170+0000] {logging_mixin.py:151} INFO - [2023-10-21T05:38:27.169+0000] {dag.py:2941} INFO - Sync 1 DAGs
[2023-10-21T05:38:27.182+0000] {logging_mixin.py:151} INFO - [2023-10-21T05:38:27.182+0000] {dag.py:3722} INFO - Setting next_dagrun for tutorial_dag to None, run_after=None
[2023-10-21T05:38:27.205+0000] {processor.py:179} INFO - Processing /home/airflow/.local/lib/python3.8/site-packages/airflow/example_dags/tutorial_dag.py took 0.065 seconds
[2023-10-21T05:38:57.342+0000] {processor.py:157} INFO - Started process (PID=3380) to work on /home/airflow/.local/lib/python3.8/site-packages/airflow/example_dags/tutorial_dag.py
[2023-10-21T05:38:57.343+0000] {processor.py:829} INFO - Processing file /home/airflow/.local/lib/python3.8/site-packages/airflow/example_dags/tutorial_dag.py for tasks to queue
[2023-10-21T05:38:57.343+0000] {logging_mixin.py:151} INFO - [2023-10-21T05:38:57.343+0000] {dagbag.py:536} INFO - Filling up the DagBag from /home/airflow/.local/lib/python3.8/site-packages/airflow/example_dags/tutorial_dag.py
[2023-10-21T05:38:57.347+0000] {processor.py:839} INFO - DAG(s) dict_keys(['tutorial_dag']) retrieved from /home/airflow/.local/lib/python3.8/site-packages/airflow/example_dags/tutorial_dag.py
[2023-10-21T05:38:57.367+0000] {logging_mixin.py:151} INFO - [2023-10-21T05:38:57.366+0000] {dag.py:2941} INFO - Sync 1 DAGs
[2023-10-21T05:38:57.379+0000] {logging_mixin.py:151} INFO - [2023-10-21T05:38:57.379+0000] {dag.py:3722} INFO - Setting next_dagrun for tutorial_dag to None, run_after=None
[2023-10-21T05:38:57.398+0000] {processor.py:179} INFO - Processing /home/airflow/.local/lib/python3.8/site-packages/airflow/example_dags/tutorial_dag.py took 0.060 seconds
[2023-10-21T05:39:27.610+0000] {processor.py:157} INFO - Started process (PID=3618) to work on /home/airflow/.local/lib/python3.8/site-packages/airflow/example_dags/tutorial_dag.py
[2023-10-21T05:39:27.611+0000] {processor.py:829} INFO - Processing file /home/airflow/.local/lib/python3.8/site-packages/airflow/example_dags/tutorial_dag.py for tasks to queue
[2023-10-21T05:39:27.612+0000] {logging_mixin.py:151} INFO - [2023-10-21T05:39:27.611+0000] {dagbag.py:536} INFO - Filling up the DagBag from /home/airflow/.local/lib/python3.8/site-packages/airflow/example_dags/tutorial_dag.py
[2023-10-21T05:39:27.615+0000] {processor.py:839} INFO - DAG(s) dict_keys(['tutorial_dag']) retrieved from /home/airflow/.local/lib/python3.8/site-packages/airflow/example_dags/tutorial_dag.py
[2023-10-21T05:39:27.632+0000] {logging_mixin.py:151} INFO - [2023-10-21T05:39:27.632+0000] {dag.py:2941} INFO - Sync 1 DAGs
[2023-10-21T05:39:27.643+0000] {logging_mixin.py:151} INFO - [2023-10-21T05:39:27.643+0000] {dag.py:3722} INFO - Setting next_dagrun for tutorial_dag to None, run_after=None
[2023-10-21T05:39:27.660+0000] {processor.py:179} INFO - Processing /home/airflow/.local/lib/python3.8/site-packages/airflow/example_dags/tutorial_dag.py took 0.052 seconds
[2023-10-21T05:39:58.327+0000] {processor.py:157} INFO - Started process (PID=3854) to work on /home/airflow/.local/lib/python3.8/site-packages/airflow/example_dags/tutorial_dag.py
[2023-10-21T05:39:58.328+0000] {processor.py:829} INFO - Processing file /home/airflow/.local/lib/python3.8/site-packages/airflow/example_dags/tutorial_dag.py for tasks to queue
[2023-10-21T05:39:58.328+0000] {logging_mixin.py:151} INFO - [2023-10-21T05:39:58.328+0000] {dagbag.py:536} INFO - Filling up the DagBag from /home/airflow/.local/lib/python3.8/site-packages/airflow/example_dags/tutorial_dag.py
[2023-10-21T05:39:58.334+0000] {processor.py:839} INFO - DAG(s) dict_keys(['tutorial_dag']) retrieved from /home/airflow/.local/lib/python3.8/site-packages/airflow/example_dags/tutorial_dag.py
[2023-10-21T05:39:58.358+0000] {logging_mixin.py:151} INFO - [2023-10-21T05:39:58.357+0000] {dag.py:2941} INFO - Sync 1 DAGs
[2023-10-21T05:39:58.372+0000] {logging_mixin.py:151} INFO - [2023-10-21T05:39:58.371+0000] {dag.py:3722} INFO - Setting next_dagrun for tutorial_dag to None, run_after=None
[2023-10-21T05:39:58.395+0000] {processor.py:179} INFO - Processing /home/airflow/.local/lib/python3.8/site-packages/airflow/example_dags/tutorial_dag.py took 0.071 seconds
[2023-10-21T05:40:29.307+0000] {processor.py:157} INFO - Started process (PID=4092) to work on /home/airflow/.local/lib/python3.8/site-packages/airflow/example_dags/tutorial_dag.py
[2023-10-21T05:40:29.308+0000] {processor.py:829} INFO - Processing file /home/airflow/.local/lib/python3.8/site-packages/airflow/example_dags/tutorial_dag.py for tasks to queue
[2023-10-21T05:40:29.309+0000] {logging_mixin.py:151} INFO - [2023-10-21T05:40:29.309+0000] {dagbag.py:536} INFO - Filling up the DagBag from /home/airflow/.local/lib/python3.8/site-packages/airflow/example_dags/tutorial_dag.py
[2023-10-21T05:40:29.313+0000] {processor.py:839} INFO - DAG(s) dict_keys(['tutorial_dag']) retrieved from /home/airflow/.local/lib/python3.8/site-packages/airflow/example_dags/tutorial_dag.py
[2023-10-21T05:40:29.330+0000] {logging_mixin.py:151} INFO - [2023-10-21T05:40:29.329+0000] {dag.py:2941} INFO - Sync 1 DAGs
[2023-10-21T05:40:29.341+0000] {logging_mixin.py:151} INFO - [2023-10-21T05:40:29.341+0000] {dag.py:3722} INFO - Setting next_dagrun for tutorial_dag to None, run_after=None
[2023-10-21T05:40:29.361+0000] {processor.py:179} INFO - Processing /home/airflow/.local/lib/python3.8/site-packages/airflow/example_dags/tutorial_dag.py took 0.055 seconds
[2023-10-21T05:40:59.684+0000] {processor.py:157} INFO - Started process (PID=4331) to work on /home/airflow/.local/lib/python3.8/site-packages/airflow/example_dags/tutorial_dag.py
[2023-10-21T05:40:59.685+0000] {processor.py:829} INFO - Processing file /home/airflow/.local/lib/python3.8/site-packages/airflow/example_dags/tutorial_dag.py for tasks to queue
[2023-10-21T05:40:59.685+0000] {logging_mixin.py:151} INFO - [2023-10-21T05:40:59.685+0000] {dagbag.py:536} INFO - Filling up the DagBag from /home/airflow/.local/lib/python3.8/site-packages/airflow/example_dags/tutorial_dag.py
[2023-10-21T05:40:59.688+0000] {processor.py:839} INFO - DAG(s) dict_keys(['tutorial_dag']) retrieved from /home/airflow/.local/lib/python3.8/site-packages/airflow/example_dags/tutorial_dag.py
[2023-10-21T05:40:59.704+0000] {logging_mixin.py:151} INFO - [2023-10-21T05:40:59.704+0000] {dag.py:2941} INFO - Sync 1 DAGs
[2023-10-21T05:40:59.714+0000] {logging_mixin.py:151} INFO - [2023-10-21T05:40:59.713+0000] {dag.py:3722} INFO - Setting next_dagrun for tutorial_dag to None, run_after=None
[2023-10-21T05:40:59.731+0000] {processor.py:179} INFO - Processing /home/airflow/.local/lib/python3.8/site-packages/airflow/example_dags/tutorial_dag.py took 0.049 seconds
