[2023-10-27T09:20:43.971+0000] {taskinstance.py:1159} INFO - Dependencies all met for dep_context=non-requeueable deps ti=<TaskInstance: ETL.refresh_visualization_pbi manual__2023-10-27T09:08:27.929557+00:00 [queued]>
[2023-10-27T09:20:43.978+0000] {taskinstance.py:1159} INFO - Dependencies all met for dep_context=requeueable deps ti=<TaskInstance: ETL.refresh_visualization_pbi manual__2023-10-27T09:08:27.929557+00:00 [queued]>
[2023-10-27T09:20:43.978+0000] {taskinstance.py:1361} INFO - Starting attempt 1 of 1
[2023-10-27T09:20:43.989+0000] {taskinstance.py:1382} INFO - Executing <Task(SSHOperator): refresh_visualization_pbi> on 2023-10-27 09:08:27.929557+00:00
[2023-10-27T09:20:43.998+0000] {standard_task_runner.py:57} INFO - Started process 898 to run task
[2023-10-27T09:20:43.999+0000] {standard_task_runner.py:84} INFO - Running: ['***', 'tasks', 'run', 'ETL', 'refresh_visualization_pbi', 'manual__2023-10-27T09:08:27.929557+00:00', '--job-id', '201', '--raw', '--subdir', 'DAGS_FOLDER/first_dags.py', '--cfg-path', '/tmp/tmp1hyu7s7w']
[2023-10-27T09:20:44.001+0000] {standard_task_runner.py:85} INFO - Job 201: Subtask refresh_visualization_pbi
[2023-10-27T09:20:44.038+0000] {task_command.py:416} INFO - Running <TaskInstance: ETL.refresh_visualization_pbi manual__2023-10-27T09:08:27.929557+00:00 [running]> on host 981d0f90760c
[2023-10-27T09:20:44.097+0000] {taskinstance.py:1662} INFO - Exporting env vars: AIRFLOW_CTX_DAG_OWNER='me' AIRFLOW_CTX_DAG_ID='ETL' AIRFLOW_CTX_TASK_ID='refresh_visualization_pbi' AIRFLOW_CTX_EXECUTION_DATE='2023-10-27T09:08:27.929557+00:00' AIRFLOW_CTX_TRY_NUMBER='1' AIRFLOW_CTX_DAG_RUN_ID='manual__2023-10-27T09:08:27.929557+00:00'
[2023-10-27T09:20:44.098+0000] {ssh.py:135} INFO - Creating ssh_client
[2023-10-27T09:20:44.127+0000] {ssh.py:112} INFO - ssh_hook is not provided or invalid. Trying ssh_conn_id to create SSHHook.
[2023-10-27T09:20:44.135+0000] {base.py:73} INFO - Using connection ID 'host_machine' for task execution.
[2023-10-27T09:20:44.136+0000] {ssh.py:300} WARNING - No Host Key Verification. This won't protect against Man-In-The-Middle attacks
[2023-10-27T09:20:44.146+0000] {transport.py:1893} INFO - Connected (version 2.0, client OpenSSH_8.9p1)
[2023-10-27T09:20:44.293+0000] {transport.py:1893} INFO - Authentication (password) successful!
[2023-10-27T09:20:44.293+0000] {ssh.py:476} INFO - Running command: cd /home/***/data_science/power_bi && . .venv/bin/activate && python3 pbi_refresh.py && deactivate 
[2023-10-27T09:20:46.135+0000] {ssh.py:522} INFO - RESPONSE STATUS : <Response [429]>
[2023-10-27T09:20:46.178+0000] {taskinstance.py:1400} INFO - Marking task as SUCCESS. dag_id=ETL, task_id=refresh_visualization_pbi, execution_date=20231027T090827, start_date=20231027T092043, end_date=20231027T092046
[2023-10-27T09:20:46.219+0000] {local_task_job_runner.py:228} INFO - Task exited with return code 0
[2023-10-27T09:20:46.235+0000] {taskinstance.py:2778} INFO - 0 downstream tasks scheduled from follow-on schedule check
