[2023-10-22T05:39:02.259+0000] {taskinstance.py:1159} INFO - Dependencies all met for dep_context=non-requeueable deps ti=<TaskInstance: first_dagg.task1 manual__2023-10-22T05:39:01.399868+00:00 [queued]>
[2023-10-22T05:39:02.267+0000] {taskinstance.py:1159} INFO - Dependencies all met for dep_context=requeueable deps ti=<TaskInstance: first_dagg.task1 manual__2023-10-22T05:39:01.399868+00:00 [queued]>
[2023-10-22T05:39:02.268+0000] {taskinstance.py:1361} INFO - Starting attempt 1 of 1
[2023-10-22T05:39:02.282+0000] {taskinstance.py:1382} INFO - Executing <Task(SSHOperator): task1> on 2023-10-22 05:39:01.399868+00:00
[2023-10-22T05:39:02.286+0000] {standard_task_runner.py:57} INFO - Started process 1012 to run task
[2023-10-22T05:39:02.289+0000] {standard_task_runner.py:84} INFO - Running: ['***', 'tasks', 'run', 'first_dagg', 'task1', 'manual__2023-10-22T05:39:01.399868+00:00', '--job-id', '59', '--raw', '--subdir', 'DAGS_FOLDER/first_dags.py', '--cfg-path', '/tmp/tmpvf842kja']
[2023-10-22T05:39:02.291+0000] {standard_task_runner.py:85} INFO - Job 59: Subtask task1
[2023-10-22T05:39:02.327+0000] {task_command.py:416} INFO - Running <TaskInstance: first_dagg.task1 manual__2023-10-22T05:39:01.399868+00:00 [running]> on host 0a51e56afb27
[2023-10-22T05:39:02.396+0000] {taskinstance.py:1662} INFO - Exporting env vars: AIRFLOW_CTX_DAG_OWNER='me' AIRFLOW_CTX_DAG_ID='first_dagg' AIRFLOW_CTX_TASK_ID='task1' AIRFLOW_CTX_EXECUTION_DATE='2023-10-22T05:39:01.399868+00:00' AIRFLOW_CTX_TRY_NUMBER='1' AIRFLOW_CTX_DAG_RUN_ID='manual__2023-10-22T05:39:01.399868+00:00'
[2023-10-22T05:39:02.396+0000] {ssh.py:135} INFO - Creating ssh_client
[2023-10-22T05:39:02.420+0000] {ssh.py:112} INFO - ssh_hook is not provided or invalid. Trying ssh_conn_id to create SSHHook.
[2023-10-22T05:39:02.427+0000] {base.py:73} INFO - Using connection ID 'host_machine' for task execution.
[2023-10-22T05:39:02.428+0000] {ssh.py:300} WARNING - No Host Key Verification. This won't protect against Man-In-The-Middle attacks
[2023-10-22T05:39:02.439+0000] {transport.py:1893} INFO - Connected (version 2.0, client OpenSSH_8.9p1)
[2023-10-22T05:39:02.614+0000] {transport.py:1893} INFO - Authentication (password) successful!
[2023-10-22T05:39:02.614+0000] {ssh.py:476} INFO - Running command: cd /home/***/data_science/web_scrap/rumah/rumah && bash script2.sh 
[2023-10-22T05:39:03.024+0000] {ssh.py:527} WARNING - 2023-10-22 12:39:03 [scrapy.utils.log] INFO: Scrapy 2.11.0 started (bot: rumah)
[2023-10-22T05:39:03.025+0000] {ssh.py:527} WARNING - 2023-10-22 12:39:03 [scrapy.utils.log] INFO: Versions: lxml 4.9.3.0, libxml2 2.10.3, cssselect 1.2.0, parsel 1.8.1, w3lib 2.1.2, Twisted 22.10.0, Python 3.10.12 (main, Jun 11 2023, 05:26:28) [GCC 11.4.0], pyOpenSSL 23.2.0 (OpenSSL 3.1.3 19 Sep 2023), cryptography 41.0.4, Platform Linux-5.15.90.1-microsoft-standard-WSL2-x86_64-with-glibc2.35
[2023-10-22T05:39:03.027+0000] {ssh.py:527} WARNING - 2023-10-22 12:39:03 [scrapy.addons] INFO: Enabled addons:
[2023-10-22T05:39:03.027+0000] {ssh.py:527} WARNING - []
[2023-10-22T05:39:03.027+0000] {ssh.py:527} WARNING - 2023-10-22 12:39:03 [asyncio] DEBUG: Using selector: EpollSelector
[2023-10-22T05:39:03.028+0000] {ssh.py:527} WARNING - 2023-10-22 12:39:03 [scrapy.utils.log] DEBUG: Using reactor: twisted.internet.asyncioreactor.AsyncioSelectorReactor
[2023-10-22T05:39:03.028+0000] {ssh.py:527} WARNING - 2023-10-22 12:39:03 [scrapy.utils.log] DEBUG: Using asyncio event loop: asyncio.unix_events._UnixSelectorEventLoop
[2023-10-22T05:39:03.035+0000] {ssh.py:527} WARNING - 2023-10-22 12:39:03 [scrapy.extensions.telnet] INFO: Telnet Password: 843d6a54bf06b289
[2023-10-22T05:39:03.058+0000] {ssh.py:527} WARNING - 2023-10-22 12:39:03 [scrapy.middleware] INFO: Enabled extensions:
[2023-10-22T05:39:03.058+0000] {ssh.py:527} WARNING - ['scrapy.extensions.corestats.CoreStats',
[2023-10-22T05:39:03.058+0000] {ssh.py:527} WARNING -  'scrapy.extensions.telnet.TelnetConsole',
[2023-10-22T05:39:03.059+0000] {ssh.py:527} WARNING -  'scrapy.extensions.memusage.MemoryUsage',
[2023-10-22T05:39:03.059+0000] {ssh.py:527} WARNING -  'scrapy.extensions.closespider.CloseSpider',
[2023-10-22T05:39:03.059+0000] {ssh.py:527} WARNING -  'scrapy.extensions.feedexport.FeedExporter',
[2023-10-22T05:39:03.059+0000] {ssh.py:527} WARNING -  'scrapy.extensions.logstats.LogStats',
[2023-10-22T05:39:03.059+0000] {ssh.py:527} WARNING -  'scrapy.extensions.throttle.AutoThrottle']
[2023-10-22T05:39:03.059+0000] {ssh.py:527} WARNING - 2023-10-22 12:39:03 [scrapy.crawler] INFO: Overridden settings:
[2023-10-22T05:39:03.059+0000] {ssh.py:527} WARNING - {'AUTOTHROTTLE_ENABLED': True,
[2023-10-22T05:39:03.059+0000] {ssh.py:527} WARNING -  'BOT_NAME': 'rumah',
[2023-10-22T05:39:03.059+0000] {ssh.py:527} WARNING -  'CLOSESPIDER_PAGECOUNT': 10,
[2023-10-22T05:39:03.059+0000] {ssh.py:527} WARNING -  'FEED_EXPORT_ENCODING': 'utf-8',
[2023-10-22T05:39:03.059+0000] {ssh.py:527} WARNING -  'NEWSPIDER_MODULE': 'rumah.spiders',
[2023-10-22T05:39:03.060+0000] {ssh.py:527} WARNING -  'REQUEST_FINGERPRINTER_IMPLEMENTATION': '2.7',
[2023-10-22T05:39:03.060+0000] {ssh.py:527} WARNING -  'RETRY_HTTP_CODES': [429],
[2023-10-22T05:39:03.060+0000] {ssh.py:527} WARNING -  'SPIDER_MODULES': ['rumah.spiders'],
[2023-10-22T05:39:03.060+0000] {ssh.py:527} WARNING -  'TWISTED_REACTOR': 'twisted.internet.asyncioreactor.AsyncioSelectorReactor'}
[2023-10-22T05:39:03.103+0000] {ssh.py:527} WARNING - 2023-10-22 12:39:03 [urllib3.connectionpool] DEBUG: Starting new HTTPS connection (1): headers.scrapeops.io:443
[2023-10-22T05:39:04.399+0000] {ssh.py:527} WARNING - 2023-10-22 12:39:04 [urllib3.connectionpool] DEBUG: https://headers.scrapeops.io:443 "GET /v1/browser-headers?api_key=0c0533f0-3965-4081-91f6-032516eea822&num_results=100 HTTP/1.1" 200 None
[2023-10-22T05:39:04.667+0000] {ssh.py:527} WARNING - 2023-10-22 12:39:04 [scrapy.middleware] INFO: Enabled downloader middlewares:
[2023-10-22T05:39:04.668+0000] {ssh.py:527} WARNING - ['scrapy.downloadermiddlewares.httpauth.HttpAuthMiddleware',
[2023-10-22T05:39:04.668+0000] {ssh.py:527} WARNING -  'scrapy.downloadermiddlewares.downloadtimeout.DownloadTimeoutMiddleware',
[2023-10-22T05:39:04.668+0000] {ssh.py:527} WARNING -  'scrapy.downloadermiddlewares.defaultheaders.DefaultHeadersMiddleware',
[2023-10-22T05:39:04.668+0000] {ssh.py:527} WARNING -  'scrapy.downloadermiddlewares.useragent.UserAgentMiddleware',
[2023-10-22T05:39:04.668+0000] {ssh.py:527} WARNING -  'scrapy.downloadermiddlewares.retry.RetryMiddleware',
[2023-10-22T05:39:04.668+0000] {ssh.py:527} WARNING -  'scrapy.downloadermiddlewares.redirect.MetaRefreshMiddleware',
[2023-10-22T05:39:04.668+0000] {ssh.py:527} WARNING -  'scrapy.downloadermiddlewares.httpcompression.HttpCompressionMiddleware',
[2023-10-22T05:39:04.669+0000] {ssh.py:527} WARNING -  'scrapy.downloadermiddlewares.redirect.RedirectMiddleware',
[2023-10-22T05:39:04.669+0000] {ssh.py:527} WARNING -  'rumah.middlewares.ScrapeOpsFakeBrowserHeaderAgentMiddleware',
[2023-10-22T05:39:04.669+0000] {ssh.py:527} WARNING -  'scrapy.downloadermiddlewares.cookies.CookiesMiddleware',
[2023-10-22T05:39:04.670+0000] {ssh.py:527} WARNING -  'rumah.middlewares.TooManyRequestsRetryMiddleware',
[2023-10-22T05:39:04.670+0000] {ssh.py:527} WARNING -  'scrapy.downloadermiddlewares.httpproxy.HttpProxyMiddleware',
[2023-10-22T05:39:04.670+0000] {ssh.py:527} WARNING -  'scrapy.downloadermiddlewares.stats.DownloaderStats']
[2023-10-22T05:39:04.670+0000] {ssh.py:527} WARNING - 2023-10-22 12:39:04 [scrapy.middleware] INFO: Enabled spider middlewares:
[2023-10-22T05:39:04.670+0000] {ssh.py:527} WARNING - ['scrapy.spidermiddlewares.httperror.HttpErrorMiddleware',
[2023-10-22T05:39:04.670+0000] {ssh.py:527} WARNING -  'scrapy.spidermiddlewares.offsite.OffsiteMiddleware',
[2023-10-22T05:39:04.670+0000] {ssh.py:527} WARNING -  'scrapy.spidermiddlewares.referer.RefererMiddleware',
[2023-10-22T05:39:04.670+0000] {ssh.py:527} WARNING -  'scrapy.spidermiddlewares.urllength.UrlLengthMiddleware',
[2023-10-22T05:39:04.671+0000] {ssh.py:527} WARNING -  'scrapy.spidermiddlewares.depth.DepthMiddleware']
[2023-10-22T05:39:04.671+0000] {ssh.py:527} WARNING - 2023-10-22 12:39:04 [scrapy.middleware] INFO: Enabled item pipelines:
[2023-10-22T05:39:04.671+0000] {ssh.py:527} WARNING - []
[2023-10-22T05:39:04.671+0000] {ssh.py:527} WARNING - 2023-10-22 12:39:04 [scrapy.core.engine] INFO: Spider opened
[2023-10-22T05:39:04.672+0000] {ssh.py:527} WARNING - 2023-10-22 12:39:04 [scrapy.extensions.logstats] INFO: Crawled 0 pages (at 0 pages/min), scraped 0 items (at 0 items/min)
[2023-10-22T05:39:04.673+0000] {ssh.py:527} WARNING - 2023-10-22 12:39:04 [scrapy.extensions.telnet] INFO: Telnet console listening on 127.0.0.1:6025
[2023-10-22T05:39:14.692+0000] {taskinstance.py:1937} ERROR - Task failed with exception
Traceback (most recent call last):
  File "/home/airflow/.local/lib/python3.8/site-packages/airflow/providers/ssh/operators/ssh.py", line 173, in execute
    result = self.run_ssh_client_command(ssh_client, self.command, context=context)
  File "/home/airflow/.local/lib/python3.8/site-packages/airflow/providers/ssh/operators/ssh.py", line 158, in run_ssh_client_command
    exit_status, agg_stdout, agg_stderr = self.ssh_hook.exec_ssh_client_command(
  File "/home/airflow/.local/lib/python3.8/site-packages/airflow/providers/ssh/hooks/ssh.py", line 547, in exec_ssh_client_command
    raise AirflowException("SSH command timed out")
airflow.exceptions.AirflowException: SSH command timed out
[2023-10-22T05:39:14.695+0000] {taskinstance.py:1400} INFO - Marking task as FAILED. dag_id=first_dagg, task_id=task1, execution_date=20231022T053901, start_date=20231022T053902, end_date=20231022T053914
[2023-10-22T05:39:14.706+0000] {standard_task_runner.py:104} ERROR - Failed to execute job 59 for task task1 (SSH command timed out; 1012)
[2023-10-22T05:39:14.719+0000] {local_task_job_runner.py:228} INFO - Task exited with return code 1
[2023-10-22T05:39:14.732+0000] {taskinstance.py:2778} INFO - 0 downstream tasks scheduled from follow-on schedule check
