[2023-10-25T06:17:02.823+0000] {taskinstance.py:1159} INFO - Dependencies all met for dep_context=non-requeueable deps ti=<TaskInstance: ETL.get_csv manual__2023-10-25T06:17:01.883302+00:00 [queued]>
[2023-10-25T06:17:02.832+0000] {taskinstance.py:1159} INFO - Dependencies all met for dep_context=requeueable deps ti=<TaskInstance: ETL.get_csv manual__2023-10-25T06:17:01.883302+00:00 [queued]>
[2023-10-25T06:17:02.832+0000] {taskinstance.py:1361} INFO - Starting attempt 1 of 1
[2023-10-25T06:17:02.842+0000] {taskinstance.py:1382} INFO - Executing <Task(PythonOperator): get_csv> on 2023-10-25 06:17:01.883302+00:00
[2023-10-25T06:17:02.850+0000] {standard_task_runner.py:57} INFO - Started process 935 to run task
[2023-10-25T06:17:02.852+0000] {standard_task_runner.py:84} INFO - Running: ['***', 'tasks', 'run', 'ETL', 'get_csv', 'manual__2023-10-25T06:17:01.883302+00:00', '--job-id', '46', '--raw', '--subdir', 'DAGS_FOLDER/first_dags.py', '--cfg-path', '/tmp/tmpn3ov6nnp']
[2023-10-25T06:17:02.855+0000] {standard_task_runner.py:85} INFO - Job 46: Subtask get_csv
[2023-10-25T06:17:02.895+0000] {task_command.py:416} INFO - Running <TaskInstance: ETL.get_csv manual__2023-10-25T06:17:01.883302+00:00 [running]> on host 1f95c47ea38f
[2023-10-25T06:17:02.994+0000] {taskinstance.py:1662} INFO - Exporting env vars: AIRFLOW_CTX_DAG_OWNER='me' AIRFLOW_CTX_DAG_ID='ETL' AIRFLOW_CTX_TASK_ID='get_csv' AIRFLOW_CTX_EXECUTION_DATE='2023-10-25T06:17:01.883302+00:00' AIRFLOW_CTX_TRY_NUMBER='1' AIRFLOW_CTX_DAG_RUN_ID='manual__2023-10-25T06:17:01.883302+00:00'
[2023-10-25T06:17:03.004+0000] {base.py:73} INFO - Using connection ID 'postgres_docker' for task execution.
[2023-10-25T06:17:03.026+0000] {logging_mixin.py:151} WARNING - /home/***/.local/lib/python3.8/site-packages/***/providers/common/sql/hooks/sql.py:219 UserWarning: pandas only supports SQLAlchemy connectable (engine/connection) or database string URI or sqlite3 DBAPI2 connection. Other DBAPI2 objects are not tested. Please consider using SQLAlchemy.
[2023-10-25T06:17:03.100+0000] {logging_mixin.py:151} INFO -               harga              alamat  ... terjangkau_internet tipe_properti
0       Rp 775 Juta  Jombang, Tangerang  ...                  Ya         Rumah
1       Rp 588 Juta  Jombang, Tangerang  ...                  Ya         Rumah
2       Rp 775 Juta  Jombang, Tangerang  ...                  Ya         Rumah
3     Rp 1,9 Miliar  Jombang, Tangerang  ...                  Ya         Rumah
4    Rp 2,31 Miliar  Jombang, Tangerang  ...                  Ya         Rumah
..              ...                 ...  ...                 ...           ...
583   Rp 3,5 Miliar  Jombang, Tangerang  ...               Tidak         Rumah
584       Rp 4 Juta  Jombang, Tangerang  ...               Tidak         Rumah
585   Rp 2,5 Miliar  Jombang, Tangerang  ...                  Ya         Rumah
586     Rp 900 Juta  Jombang, Tangerang  ...                  Ya         Rumah
587  Rp 1,45 Miliar  Jombang, Tangerang  ...                  Ya         Rumah

[588 rows x 32 columns]
[2023-10-25T06:17:03.101+0000] {python.py:194} INFO - Done. Returned value was: None
[2023-10-25T06:17:03.110+0000] {taskinstance.py:1400} INFO - Marking task as SUCCESS. dag_id=ETL, task_id=get_csv, execution_date=20231025T061701, start_date=20231025T061702, end_date=20231025T061703
[2023-10-25T06:17:03.146+0000] {local_task_job_runner.py:228} INFO - Task exited with return code 0
[2023-10-25T06:17:03.166+0000] {taskinstance.py:2778} INFO - 0 downstream tasks scheduled from follow-on schedule check
