[2023-10-22T05:34:16.902+0000] {taskinstance.py:1159} INFO - Dependencies all met for dep_context=non-requeueable deps ti=<TaskInstance: first_dagg.task1 manual__2023-10-22T05:34:16.163704+00:00 [queued]>
[2023-10-22T05:34:16.910+0000] {taskinstance.py:1159} INFO - Dependencies all met for dep_context=requeueable deps ti=<TaskInstance: first_dagg.task1 manual__2023-10-22T05:34:16.163704+00:00 [queued]>
[2023-10-22T05:34:16.911+0000] {taskinstance.py:1361} INFO - Starting attempt 1 of 1
[2023-10-22T05:34:16.924+0000] {taskinstance.py:1382} INFO - Executing <Task(SSHOperator): task1> on 2023-10-22 05:34:16.163704+00:00
[2023-10-22T05:34:16.927+0000] {standard_task_runner.py:57} INFO - Started process 886 to run task
[2023-10-22T05:34:16.929+0000] {standard_task_runner.py:84} INFO - Running: ['***', 'tasks', 'run', 'first_dagg', 'task1', 'manual__2023-10-22T05:34:16.163704+00:00', '--job-id', '56', '--raw', '--subdir', 'DAGS_FOLDER/first_dags.py', '--cfg-path', '/tmp/tmpo0sw1fvs']
[2023-10-22T05:34:16.931+0000] {standard_task_runner.py:85} INFO - Job 56: Subtask task1
[2023-10-22T05:34:16.962+0000] {task_command.py:416} INFO - Running <TaskInstance: first_dagg.task1 manual__2023-10-22T05:34:16.163704+00:00 [running]> on host 0a51e56afb27
[2023-10-22T05:34:17.034+0000] {taskinstance.py:1662} INFO - Exporting env vars: AIRFLOW_CTX_DAG_OWNER='me' AIRFLOW_CTX_DAG_ID='first_dagg' AIRFLOW_CTX_TASK_ID='task1' AIRFLOW_CTX_EXECUTION_DATE='2023-10-22T05:34:16.163704+00:00' AIRFLOW_CTX_TRY_NUMBER='1' AIRFLOW_CTX_DAG_RUN_ID='manual__2023-10-22T05:34:16.163704+00:00'
[2023-10-22T05:34:17.034+0000] {ssh.py:135} INFO - Creating ssh_client
[2023-10-22T05:34:17.059+0000] {ssh.py:112} INFO - ssh_hook is not provided or invalid. Trying ssh_conn_id to create SSHHook.
[2023-10-22T05:34:17.066+0000] {base.py:73} INFO - Using connection ID 'host_machine' for task execution.
[2023-10-22T05:34:17.068+0000] {ssh.py:300} WARNING - No Host Key Verification. This won't protect against Man-In-The-Middle attacks
[2023-10-22T05:34:17.079+0000] {transport.py:1893} INFO - Connected (version 2.0, client OpenSSH_8.9p1)
[2023-10-22T05:34:17.216+0000] {transport.py:1893} INFO - Authentication (password) successful!
[2023-10-22T05:34:17.217+0000] {ssh.py:476} INFO - Running command: cd /home/***/data_science/web_scrap/rumah/rumah && /home/***/.local/bin/shiny --help 
[2023-10-22T05:34:17.441+0000] {ssh.py:522} INFO - Usage: shiny [OPTIONS] COMMAND [ARGS]...
[2023-10-22T05:34:17.442+0000] {ssh.py:522} INFO - 
[2023-10-22T05:34:17.442+0000] {ssh.py:522} INFO - Options:
[2023-10-22T05:34:17.442+0000] {ssh.py:522} INFO -   --help  Show this message and exit.
[2023-10-22T05:34:17.442+0000] {ssh.py:522} INFO - 
[2023-10-22T05:34:17.442+0000] {ssh.py:522} INFO - Commands:
[2023-10-22T05:34:17.442+0000] {ssh.py:522} INFO -   create         Create a Shiny application from a template.
[2023-10-22T05:34:17.442+0000] {ssh.py:522} INFO -   run            Run a Shiny app (press Ctrl+C to stop).
[2023-10-22T05:34:17.442+0000] {ssh.py:522} INFO -   static         The functionality from `shiny static` has been moved to...
[2023-10-22T05:34:17.442+0000] {ssh.py:522} INFO -   static-assets  Manage local copy of assets for static app deployment.
[2023-10-22T05:34:17.492+0000] {taskinstance.py:1400} INFO - Marking task as SUCCESS. dag_id=first_dagg, task_id=task1, execution_date=20231022T053416, start_date=20231022T053416, end_date=20231022T053417
[2023-10-22T05:34:17.543+0000] {local_task_job_runner.py:228} INFO - Task exited with return code 0
[2023-10-22T05:34:17.557+0000] {taskinstance.py:2778} INFO - 0 downstream tasks scheduled from follow-on schedule check
