[2023-10-22T14:21:36.912+0000] {taskinstance.py:1159} INFO - Dependencies all met for dep_context=non-requeueable deps ti=<TaskInstance: ETL.Upload_Data manual__2023-10-22T14:21:36.018672+00:00 [queued]>
[2023-10-22T14:21:36.920+0000] {taskinstance.py:1159} INFO - Dependencies all met for dep_context=requeueable deps ti=<TaskInstance: ETL.Upload_Data manual__2023-10-22T14:21:36.018672+00:00 [queued]>
[2023-10-22T14:21:36.920+0000] {taskinstance.py:1361} INFO - Starting attempt 1 of 1
[2023-10-22T14:21:36.934+0000] {taskinstance.py:1382} INFO - Executing <Task(PostgresOperator): Upload_Data> on 2023-10-22 14:21:36.018672+00:00
[2023-10-22T14:21:36.940+0000] {standard_task_runner.py:57} INFO - Started process 605 to run task
[2023-10-22T14:21:36.942+0000] {standard_task_runner.py:84} INFO - Running: ['***', 'tasks', 'run', 'ETL', 'Upload_Data', 'manual__2023-10-22T14:21:36.018672+00:00', '--job-id', '43', '--raw', '--subdir', 'DAGS_FOLDER/first_dags.py', '--cfg-path', '/tmp/tmpj0maxkgn']
[2023-10-22T14:21:36.945+0000] {standard_task_runner.py:85} INFO - Job 43: Subtask Upload_Data
[2023-10-22T14:21:36.989+0000] {task_command.py:416} INFO - Running <TaskInstance: ETL.Upload_Data manual__2023-10-22T14:21:36.018672+00:00 [running]> on host 7da2f449415b
[2023-10-22T14:21:37.075+0000] {taskinstance.py:1662} INFO - Exporting env vars: AIRFLOW_CTX_DAG_OWNER='me' AIRFLOW_CTX_DAG_ID='ETL' AIRFLOW_CTX_TASK_ID='Upload_Data' AIRFLOW_CTX_EXECUTION_DATE='2023-10-22T14:21:36.018672+00:00' AIRFLOW_CTX_TRY_NUMBER='1' AIRFLOW_CTX_DAG_RUN_ID='manual__2023-10-22T14:21:36.018672+00:00'
[2023-10-22T14:21:37.077+0000] {sql.py:274} INFO - Executing: 

        SELECT * FROM scrap;

        
[2023-10-22T14:21:37.085+0000] {base.py:73} INFO - Using connection ID 'postgres_docker' for task execution.
[2023-10-22T14:21:37.092+0000] {base.py:73} INFO - Using connection ID 'postgres_docker' for task execution.
[2023-10-22T14:21:37.102+0000] {sql.py:418} INFO - Running statement: 

        SELECT * FROM scrap;

        , parameters: None
[2023-10-22T14:21:37.114+0000] {sql.py:427} INFO - Rows affected: 588
[2023-10-22T14:21:37.148+0000] {taskinstance.py:1400} INFO - Marking task as SUCCESS. dag_id=ETL, task_id=Upload_Data, execution_date=20231022T142136, start_date=20231022T142136, end_date=20231022T142137
[2023-10-22T14:21:37.195+0000] {local_task_job_runner.py:228} INFO - Task exited with return code 0
[2023-10-22T14:21:37.210+0000] {taskinstance.py:2778} INFO - 0 downstream tasks scheduled from follow-on schedule check
