[2023-10-26T10:05:42.271+0000] {taskinstance.py:1159} INFO - Dependencies all met for dep_context=non-requeueable deps ti=<TaskInstance: ETL.task1 manual__2023-10-26T10:05:38.649337+00:00 [queued]>
[2023-10-26T10:05:42.291+0000] {taskinstance.py:1159} INFO - Dependencies all met for dep_context=requeueable deps ti=<TaskInstance: ETL.task1 manual__2023-10-26T10:05:38.649337+00:00 [queued]>
[2023-10-26T10:05:42.292+0000] {taskinstance.py:1361} INFO - Starting attempt 1 of 1
[2023-10-26T10:05:42.322+0000] {taskinstance.py:1382} INFO - Executing <Task(SSHOperator): task1> on 2023-10-26 10:05:38.649337+00:00
[2023-10-26T10:05:42.335+0000] {standard_task_runner.py:57} INFO - Started process 262 to run task
[2023-10-26T10:05:42.345+0000] {standard_task_runner.py:84} INFO - Running: ['***', 'tasks', 'run', 'ETL', 'task1', 'manual__2023-10-26T10:05:38.649337+00:00', '--job-id', '124', '--raw', '--subdir', 'DAGS_FOLDER/first_dags.py', '--cfg-path', '/tmp/tmpzmsp_lsl']
[2023-10-26T10:05:42.364+0000] {standard_task_runner.py:85} INFO - Job 124: Subtask task1
[2023-10-26T10:05:42.510+0000] {task_command.py:416} INFO - Running <TaskInstance: ETL.task1 manual__2023-10-26T10:05:38.649337+00:00 [running]> on host 66c15587ef5c
[2023-10-26T10:05:42.717+0000] {taskinstance.py:1662} INFO - Exporting env vars: AIRFLOW_CTX_DAG_OWNER='me' AIRFLOW_CTX_DAG_ID='ETL' AIRFLOW_CTX_TASK_ID='task1' AIRFLOW_CTX_EXECUTION_DATE='2023-10-26T10:05:38.649337+00:00' AIRFLOW_CTX_TRY_NUMBER='1' AIRFLOW_CTX_DAG_RUN_ID='manual__2023-10-26T10:05:38.649337+00:00'
[2023-10-26T10:05:42.719+0000] {ssh.py:135} INFO - Creating ssh_client
[2023-10-26T10:05:42.976+0000] {ssh.py:112} INFO - ssh_hook is not provided or invalid. Trying ssh_conn_id to create SSHHook.
[2023-10-26T10:05:42.995+0000] {base.py:73} INFO - Using connection ID 'host_machine' for task execution.
[2023-10-26T10:05:42.996+0000] {ssh.py:300} WARNING - No Host Key Verification. This won't protect against Man-In-The-Middle attacks
[2023-10-26T10:05:43.186+0000] {transport.py:1893} INFO - Connected (version 2.0, client OpenSSH_8.9p1)
[2023-10-26T10:05:43.471+0000] {transport.py:1893} INFO - Authentication (password) successful!
[2023-10-26T10:05:43.473+0000] {ssh.py:476} INFO - Running command: cd /home/***/data_science/web_scrap/rumah/rumah && bash script2.sh 
[2023-10-26T10:05:44.831+0000] {ssh.py:527} WARNING - 2023-10-26 17:05:44 [scrapy.utils.log] INFO: Scrapy 2.11.0 started (bot: rumah)
[2023-10-26T10:05:44.832+0000] {ssh.py:527} WARNING - 2023-10-26 17:05:44 [scrapy.utils.log] INFO: Versions: lxml 4.9.3.0, libxml2 2.10.3, cssselect 1.2.0, parsel 1.8.1, w3lib 2.1.2, Twisted 22.10.0, Python 3.10.12 (main, Jun 11 2023, 05:26:28) [GCC 11.4.0], pyOpenSSL 23.2.0 (OpenSSL 3.1.3 19 Sep 2023), cryptography 41.0.4, Platform Linux-5.15.90.1-microsoft-standard-WSL2-x86_64-with-glibc2.35
[2023-10-26T10:05:44.834+0000] {ssh.py:527} WARNING - 2023-10-26 17:05:44 [scrapy.addons] INFO: Enabled addons:
[2023-10-26T10:05:44.834+0000] {ssh.py:527} WARNING - []
[2023-10-26T10:05:44.835+0000] {ssh.py:527} WARNING - 2023-10-26 17:05:44 [asyncio] DEBUG: Using selector: EpollSelector
[2023-10-26T10:05:44.835+0000] {ssh.py:527} WARNING - 2023-10-26 17:05:44 [scrapy.utils.log] DEBUG: Using reactor: twisted.internet.asyncioreactor.AsyncioSelectorReactor
[2023-10-26T10:05:44.836+0000] {ssh.py:527} WARNING - 2023-10-26 17:05:44 [scrapy.utils.log] DEBUG: Using asyncio event loop: asyncio.unix_events._UnixSelectorEventLoop
[2023-10-26T10:05:44.850+0000] {ssh.py:527} WARNING - 2023-10-26 17:05:44 [scrapy.extensions.telnet] INFO: Telnet Password: 7cdaf7cee4cf43c2
[2023-10-26T10:05:44.895+0000] {ssh.py:527} WARNING - 2023-10-26 17:05:44 [scrapy.middleware] INFO: Enabled extensions:
[2023-10-26T10:05:44.896+0000] {ssh.py:527} WARNING - ['scrapy.extensions.corestats.CoreStats',
[2023-10-26T10:05:44.896+0000] {ssh.py:527} WARNING -  'scrapy.extensions.telnet.TelnetConsole',
[2023-10-26T10:05:44.896+0000] {ssh.py:527} WARNING -  'scrapy.extensions.memusage.MemoryUsage',
[2023-10-26T10:05:44.896+0000] {ssh.py:527} WARNING -  'scrapy.extensions.closespider.CloseSpider',
[2023-10-26T10:05:44.897+0000] {ssh.py:527} WARNING -  'scrapy.extensions.feedexport.FeedExporter',
[2023-10-26T10:05:44.897+0000] {ssh.py:527} WARNING -  'scrapy.extensions.logstats.LogStats',
[2023-10-26T10:05:44.897+0000] {ssh.py:527} WARNING -  'scrapy.extensions.throttle.AutoThrottle']
[2023-10-26T10:05:44.897+0000] {ssh.py:527} WARNING - 2023-10-26 17:05:44 [scrapy.crawler] INFO: Overridden settings:
[2023-10-26T10:05:44.897+0000] {ssh.py:527} WARNING - {'AUTOTHROTTLE_ENABLED': True,
[2023-10-26T10:05:44.897+0000] {ssh.py:527} WARNING -  'BOT_NAME': 'rumah',
[2023-10-26T10:05:44.897+0000] {ssh.py:527} WARNING -  'CLOSESPIDER_PAGECOUNT': 10,
[2023-10-26T10:05:44.897+0000] {ssh.py:527} WARNING -  'FEED_EXPORT_ENCODING': 'utf-8',
[2023-10-26T10:05:44.898+0000] {ssh.py:527} WARNING -  'NEWSPIDER_MODULE': 'rumah.spiders',
[2023-10-26T10:05:44.898+0000] {ssh.py:527} WARNING -  'REQUEST_FINGERPRINTER_IMPLEMENTATION': '2.7',
[2023-10-26T10:05:44.898+0000] {ssh.py:527} WARNING -  'RETRY_HTTP_CODES': [429],
[2023-10-26T10:05:44.898+0000] {ssh.py:527} WARNING -  'SPIDER_MODULES': ['rumah.spiders'],
[2023-10-26T10:05:44.898+0000] {ssh.py:527} WARNING -  'TWISTED_REACTOR': 'twisted.internet.asyncioreactor.AsyncioSelectorReactor'}
[2023-10-26T10:05:44.988+0000] {ssh.py:527} WARNING - 2023-10-26 17:05:44 [urllib3.connectionpool] DEBUG: Starting new HTTPS connection (1): headers.scrapeops.io:443
[2023-10-26T10:05:46.484+0000] {ssh.py:527} WARNING - 2023-10-26 17:05:46 [urllib3.connectionpool] DEBUG: https://headers.scrapeops.io:443 "GET /v1/browser-headers?api_key=0c0533f0-3965-4081-91f6-032516eea822&num_results=100 HTTP/1.1" 200 None
[2023-10-26T10:05:46.774+0000] {ssh.py:527} WARNING - 2023-10-26 17:05:46 [scrapy.middleware] INFO: Enabled downloader middlewares:
[2023-10-26T10:05:46.775+0000] {ssh.py:527} WARNING - ['scrapy.downloadermiddlewares.httpauth.HttpAuthMiddleware',
[2023-10-26T10:05:46.775+0000] {ssh.py:527} WARNING -  'scrapy.downloadermiddlewares.downloadtimeout.DownloadTimeoutMiddleware',
[2023-10-26T10:05:46.775+0000] {ssh.py:527} WARNING -  'scrapy.downloadermiddlewares.defaultheaders.DefaultHeadersMiddleware',
[2023-10-26T10:05:46.775+0000] {ssh.py:527} WARNING -  'scrapy.downloadermiddlewares.useragent.UserAgentMiddleware',
[2023-10-26T10:05:46.775+0000] {ssh.py:527} WARNING -  'scrapy.downloadermiddlewares.retry.RetryMiddleware',
[2023-10-26T10:05:46.775+0000] {ssh.py:527} WARNING -  'scrapy.downloadermiddlewares.redirect.MetaRefreshMiddleware',
[2023-10-26T10:05:46.775+0000] {ssh.py:527} WARNING -  'scrapy.downloadermiddlewares.httpcompression.HttpCompressionMiddleware',
[2023-10-26T10:05:46.775+0000] {ssh.py:527} WARNING -  'scrapy.downloadermiddlewares.redirect.RedirectMiddleware',
[2023-10-26T10:05:46.775+0000] {ssh.py:527} WARNING -  'rumah.middlewares.ScrapeOpsFakeBrowserHeaderAgentMiddleware',
[2023-10-26T10:05:46.775+0000] {ssh.py:527} WARNING -  'scrapy.downloadermiddlewares.cookies.CookiesMiddleware',
[2023-10-26T10:05:46.776+0000] {ssh.py:527} WARNING -  'rumah.middlewares.TooManyRequestsRetryMiddleware',
[2023-10-26T10:05:46.776+0000] {ssh.py:527} WARNING -  'scrapy.downloadermiddlewares.httpproxy.HttpProxyMiddleware',
[2023-10-26T10:05:46.776+0000] {ssh.py:527} WARNING -  'scrapy.downloadermiddlewares.stats.DownloaderStats']
[2023-10-26T10:05:46.778+0000] {ssh.py:527} WARNING - 2023-10-26 17:05:46 [scrapy.middleware] INFO: Enabled spider middlewares:
[2023-10-26T10:05:46.778+0000] {ssh.py:527} WARNING - ['scrapy.spidermiddlewares.httperror.HttpErrorMiddleware',
[2023-10-26T10:05:46.778+0000] {ssh.py:527} WARNING -  'scrapy.spidermiddlewares.offsite.OffsiteMiddleware',
[2023-10-26T10:05:46.778+0000] {ssh.py:527} WARNING -  'scrapy.spidermiddlewares.referer.RefererMiddleware',
[2023-10-26T10:05:46.778+0000] {ssh.py:527} WARNING -  'scrapy.spidermiddlewares.urllength.UrlLengthMiddleware',
[2023-10-26T10:05:46.778+0000] {ssh.py:527} WARNING -  'scrapy.spidermiddlewares.depth.DepthMiddleware']
[2023-10-26T10:05:46.778+0000] {ssh.py:527} WARNING - 2023-10-26 17:05:46 [scrapy.middleware] INFO: Enabled item pipelines:
[2023-10-26T10:05:46.779+0000] {ssh.py:527} WARNING - []
[2023-10-26T10:05:46.779+0000] {ssh.py:527} WARNING - 2023-10-26 17:05:46 [scrapy.core.engine] INFO: Spider opened
[2023-10-26T10:05:46.789+0000] {ssh.py:527} WARNING - 2023-10-26 17:05:46 [scrapy.extensions.logstats] INFO: Crawled 0 pages (at 0 pages/min), scraped 0 items (at 0 items/min)
[2023-10-26T10:05:46.790+0000] {ssh.py:527} WARNING - 2023-10-26 17:05:46 [scrapy.extensions.telnet] INFO: Telnet console listening on 127.0.0.1:6023
[2023-10-26T10:05:51.721+0000] {ssh.py:527} WARNING - 2023-10-26 17:05:51 [scrapy.core.engine] DEBUG: Crawled (200) <GET https://www.rumah123.com/jual/tangerang/karawaci/rumah/> (referer: None)
[2023-10-26T10:05:51.865+0000] {ssh.py:522} INFO - *********************
[2023-10-26T10:05:51.865+0000] {ssh.py:522} INFO - {b'Accept': [b'text/html,application/xhtml+xml,application/xml;q=0.9,*/*;q=0.8'], b'Accept-Language': [b'en'], b'User-Agent': [b'Mozilla/5.0 (Windows NT 10.0; Win64; x64) AppleWebKit/537.36 (KHTML, like Gecko) Chrome/84.0.4147.89 Safari/537.36'], b'Accept-Encoding': [b'gzip, deflate'], b'Sec-Fetch-User': [b'?1'], b'Sec-Fetch-Mod': [b''], b'Sec-Ch-Ua-Platform': [b'Windows'], b'Sec-Ch-Ua-Mobile': [b'?0'], b'Sec-Ch-Ua': [b'Google Chrome;v="84", "Chromium";v="84", ";Not A Brand";v="99"']}
[2023-10-26T10:05:51.865+0000] {ssh.py:522} INFO - *********************
[2023-10-26T10:05:51.865+0000] {ssh.py:522} INFO - {b'Referer': [b'https://www.rumah123.com/jual/tangerang/karawaci/rumah/'], b'Accept': [b'text/html,application/xhtml+xml,application/xml;q=0.9,*/*;q=0.8'], b'Accept-Language': [b'en'], b'User-Agent': [b'Mozilla/5.0 (Windows NT 10.0; Win64; x64) AppleWebKit/537.36 (KHTML, like Gecko) Chrome/88.0.4324.182 Safari/537.36 Edg/88.0.705.81'], b'Accept-Encoding': [b'gzip, deflate'], b'Sec-Fetch-User': [b'?1'], b'Sec-Fetch-Mod': [b''], b'Sec-Ch-Ua-Platform': [b'Windows'], b'Sec-Ch-Ua-Mobile': [b'?0'], b'Sec-Ch-Ua': [b'Microsoft Edge;v="88", "Chromium";v="88", ";Not A Brand";v="99"']}
[2023-10-26T10:05:51.865+0000] {ssh.py:522} INFO - *********************
[2023-10-26T10:05:51.866+0000] {ssh.py:522} INFO - {b'Referer': [b'https://www.rumah123.com/jual/tangerang/karawaci/rumah/'], b'Accept': [b'text/html,application/xhtml+xml,application/xml;q=0.9,*/*;q=0.8'], b'Accept-Language': [b'en'], b'User-Agent': [b'Mozilla/5.0 (Windows NT 6.3; Win64; x64) AppleWebKit/537.36 (KHTML, like Gecko) Chrome/90.0.4430.93 Safari/537.36'], b'Accept-Encoding': [b'gzip, deflate'], b'Sec-Fetch-User': [b'?1'], b'Sec-Fetch-Mod': [b''], b'Sec-Ch-Ua-Platform': [b'Windows'], b'Sec-Ch-Ua-Mobile': [b'?0'], b'Sec-Ch-Ua': [b'Google Chrome;v="90", "Chromium";v="90", ";Not A Brand";v="99"']}
[2023-10-26T10:05:51.866+0000] {ssh.py:522} INFO - *********************
[2023-10-26T10:05:51.866+0000] {ssh.py:522} INFO - {b'Referer': [b'https://www.rumah123.com/jual/tangerang/karawaci/rumah/'], b'Accept': [b'text/html,application/xhtml+xml,application/xml;q=0.9,*/*;q=0.8'], b'Accept-Language': [b'en'], b'User-Agent': [b'Mozilla/5.0 (Windows NT 10.0; Win64; x64) AppleWebKit/537.36 (KHTML, like Gecko) Chrome/73.0.3683.75 Safari/537.36'], b'Accept-Encoding': [b'gzip, deflate'], b'Sec-Fetch-User': [b'?1'], b'Sec-Fetch-Mod': [b''], b'Sec-Ch-Ua-Platform': [b'"Windows"'], b'Sec-Ch-Ua-Mobile': [b'?0'], b'Sec-Ch-Ua': [b'" Not A;Brand";v="99", "Chromium";v="104", "Opera";v="90"']}
[2023-10-26T10:05:51.866+0000] {ssh.py:522} INFO - *********************
[2023-10-26T10:05:51.866+0000] {ssh.py:522} INFO - {b'Referer': [b'https://www.rumah123.com/jual/tangerang/karawaci/rumah/'], b'Accept': [b'text/html,application/xhtml+xml,application/xml;q=0.9,*/*;q=0.8'], b'Accept-Language': [b'en'], b'User-Agent': [b'Mozilla/5.0 (Macintosh; Intel Mac OS X 10_14_6) AppleWebKit/537.36 (KHTML, like Gecko) Chrome/88.0.4324.192 Safari/537.36'], b'Accept-Encoding': [b'gzip, deflate'], b'Sec-Fetch-User': [b'?1'], b'Sec-Fetch-Mod': [b''], b'Sec-Ch-Ua-Platform': [b'macOS'], b'Sec-Ch-Ua-Mobile': [b'?0'], b'Sec-Ch-Ua': [b'Google Chrome;v="88", "Chromium";v="88", ";Not A Brand";v="99"']}
[2023-10-26T10:05:51.866+0000] {ssh.py:522} INFO - *********************
[2023-10-26T10:05:51.866+0000] {ssh.py:522} INFO - {b'Referer': [b'https://www.rumah123.com/jual/tangerang/karawaci/rumah/'], b'Accept': [b'text/html,application/xhtml+xml,application/xml;q=0.9,*/*;q=0.8'], b'Accept-Language': [b'en'], b'User-Agent': [b'Mozilla/5.0 (Windows NT 10.0; Win64; x64) AppleWebKit/537.36 (KHTML, like Gecko) Chrome/83.0.4103.61 Safari/537.36 Edg/83.0.478.37'], b'Accept-Encoding': [b'gzip, deflate'], b'Sec-Fetch-User': [b'?1'], b'Sec-Fetch-Mod': [b''], b'Sec-Ch-Ua-Platform': [b'Windows'], b'Sec-Ch-Ua-Mobile': [b'?0'], b'Sec-Ch-Ua': [b'Microsoft Edge;v="83", "Chromium";v="83", ";Not A Brand";v="99"']}
[2023-10-26T10:05:51.866+0000] {ssh.py:522} INFO - *********************
[2023-10-26T10:05:51.866+0000] {ssh.py:522} INFO - {b'Referer': [b'https://www.rumah123.com/jual/tangerang/karawaci/rumah/'], b'Accept': [b'text/html,application/xhtml+xml,application/xml;q=0.9,*/*;q=0.8'], b'Accept-Language': [b'en'], b'User-Agent': [b'Mozilla/5.0 (Windows NT 6.1; WOW64) AppleWebKit/537.36 (KHTML, like Gecko) Chrome/90.0.4430.93 Safari/537.36'], b'Accept-Encoding': [b'gzip, deflate'], b'Sec-Fetch-User': [b'?1'], b'Sec-Fetch-Mod': [b''], b'Sec-Ch-Ua-Platform': [b'Windows'], b'Sec-Ch-Ua-Mobile': [b'?0'], b'Sec-Ch-Ua': [b'Google Chrome;v="90", "Chromium";v="90", ";Not A Brand";v="99"']}
[2023-10-26T10:05:51.866+0000] {ssh.py:522} INFO - *********************
[2023-10-26T10:05:51.866+0000] {ssh.py:522} INFO - {b'Referer': [b'https://www.rumah123.com/jual/tangerang/karawaci/rumah/'], b'Accept': [b'text/html,application/xhtml+xml,application/xml;q=0.9,*/*;q=0.8'], b'Accept-Language': [b'en'], b'User-Agent': [b'Mozilla/5.0 (Windows NT 6.3; Win64; x64) AppleWebKit/537.36 (KHTML, like Gecko) Chrome/90.0.4430.93 Safari/537.36'], b'Accept-Encoding': [b'gzip, deflate'], b'Sec-Fetch-User': [b'?1'], b'Sec-Fetch-Mod': [b''], b'Sec-Ch-Ua-Platform': [b'Windows'], b'Sec-Ch-Ua-Mobile': [b'?0'], b'Sec-Ch-Ua': [b'Google Chrome;v="90", "Chromium";v="90", ";Not A Brand";v="99"']}
[2023-10-26T10:05:51.866+0000] {ssh.py:522} INFO - *********************
[2023-10-26T10:05:51.867+0000] {ssh.py:522} INFO - {b'Referer': [b'https://www.rumah123.com/jual/tangerang/karawaci/rumah/'], b'Accept': [b'text/html,application/xhtml+xml,application/xml;q=0.9,*/*;q=0.8'], b'Accept-Language': [b'en'], b'User-Agent': [b'Mozilla/5.0 (Macintosh; Intel Mac OS X 10_14_6) AppleWebKit/537.36 (KHTML, like Gecko) Chrome/89.0.4389.90 Safari/537.36'], b'Accept-Encoding': [b'gzip, deflate'], b'Sec-Fetch-User': [b'?1'], b'Sec-Fetch-Mod': [b''], b'Sec-Ch-Ua-Platform': [b'macOS'], b'Sec-Ch-Ua-Mobile': [b'?0'], b'Sec-Ch-Ua': [b'Google Chrome;v="89", "Chromium";v="89", ";Not A Brand";v="99"']}
[2023-10-26T10:05:51.867+0000] {ssh.py:522} INFO - *********************
[2023-10-26T10:05:51.867+0000] {ssh.py:522} INFO - {b'Referer': [b'https://www.rumah123.com/jual/tangerang/karawaci/rumah/'], b'Accept': [b'text/html,application/xhtml+xml,application/xml;q=0.9,*/*;q=0.8'], b'Accept-Language': [b'en'], b'User-Agent': [b'Mozilla/5.0 (Macintosh; Intel Mac OS X 10_15_7) AppleWebKit/537.36 (KHTML, like Gecko) Chrome/89.0.4389.90 Safari/537.36'], b'Accept-Encoding': [b'gzip, deflate'], b'Sec-Fetch-User': [b'?1'], b'Sec-Fetch-Mod': [b''], b'Sec-Ch-Ua-Platform': [b'macOS'], b'Sec-Ch-Ua-Mobile': [b'?0'], b'Sec-Ch-Ua': [b'Google Chrome;v="89", "Chromium";v="89", ";Not A Brand";v="99"']}
[2023-10-26T10:05:51.867+0000] {ssh.py:522} INFO - *********************
[2023-10-26T10:05:51.867+0000] {ssh.py:522} INFO - {b'Referer': [b'https://www.rumah123.com/jual/tangerang/karawaci/rumah/'], b'Accept': [b'text/html,application/xhtml+xml,application/xml;q=0.9,*/*;q=0.8'], b'Accept-Language': [b'en'], b'User-Agent': [b'Mozilla/5.0 (Windows NT 6.1; Win64; x64) AppleWebKit/537.36 (KHTML, like Gecko) Chrome/90.0.4430.93 Safari/537.36'], b'Accept-Encoding': [b'gzip, deflate'], b'Sec-Fetch-User': [b'?1'], b'Sec-Fetch-Mod': [b''], b'Sec-Ch-Ua-Platform': [b'Windows'], b'Sec-Ch-Ua-Mobile': [b'?0'], b'Sec-Ch-Ua': [b'Google Chrome;v="90", "Chromium";v="90", ";Not A Brand";v="99"']}
[2023-10-26T10:05:51.867+0000] {ssh.py:522} INFO - *********************
[2023-10-26T10:05:51.867+0000] {ssh.py:522} INFO - {b'Referer': [b'https://www.rumah123.com/jual/tangerang/karawaci/rumah/'], b'Accept': [b'text/html,application/xhtml+xml,application/xml;q=0.9,*/*;q=0.8'], b'Accept-Language': [b'en'], b'User-Agent': [b'Mozilla/5.0 (Windows NT 10.0; Win64; x64) AppleWebKit/537.36 (KHTML, like Gecko) Chrome/84.0.4147.135 Safari/537.36 Edg/84.0.522.63'], b'Accept-Encoding': [b'gzip, deflate'], b'Sec-Fetch-User': [b'?1'], b'Sec-Fetch-Mod': [b''], b'Sec-Ch-Ua-Platform': [b'Windows'], b'Sec-Ch-Ua-Mobile': [b'?0'], b'Sec-Ch-Ua': [b'Microsoft Edge;v="84", "Chromium";v="84", ";Not A Brand";v="99"']}
[2023-10-26T10:05:51.867+0000] {ssh.py:522} INFO - *********************
[2023-10-26T10:05:51.867+0000] {ssh.py:522} INFO - {b'Referer': [b'https://www.rumah123.com/jual/tangerang/karawaci/rumah/'], b'Accept': [b'text/html,application/xhtml+xml,application/xml;q=0.9,*/*;q=0.8'], b'Accept-Language': [b'en'], b'User-Agent': [b'Mozilla/5.0 (Macintosh; Intel Mac OS X 11_2_3) AppleWebKit/537.36 (KHTML, like Gecko) Chrome/89.0.4389.90 Safari/537.36'], b'Accept-Encoding': [b'gzip, deflate'], b'Sec-Fetch-User': [b'?1'], b'Sec-Fetch-Mod': [b''], b'Sec-Ch-Ua-Platform': [b'macOS'], b'Sec-Ch-Ua-Mobile': [b'?0'], b'Sec-Ch-Ua': [b'Google Chrome;v="89", "Chromium";v="89", ";Not A Brand";v="99"']}
[2023-10-26T10:05:51.867+0000] {ssh.py:522} INFO - *********************
[2023-10-26T10:05:56.475+0000] {ssh.py:527} WARNING - 2023-10-26 17:05:56 [scrapy.core.engine] DEBUG: Crawled (200) <GET https://www.rumah123.com/properti/tangerang/hos14872582/> (referer: https://www.rumah123.com/jual/tangerang/karawaci/rumah/)
[2023-10-26T10:05:56.598+0000] {ssh.py:527} WARNING - 2023-10-26 17:05:56 [scrapy.core.scraper] DEBUG: Scraped from <200 https://www.rumah123.com/properti/tangerang/hos14872582/>
[2023-10-26T10:05:56.598+0000] {ssh.py:527} WARNING - {'harga': 'Rp 590 Juta', 'alamat': 'Karawaci, Tangerang', 'fasilitas': ['Tempat Jemuran', 'Keamanan 24 jam'], 'spesifikasi': [['Kamar Tidur', '2'], ['Kamar Mandi', '2'], ['Luas Tanah', '90 m²'], ['Luas Bangunan', '90 m²'], ['Tipe Properti', 'Rumah'], ['Sertifikat', 'SHM - Sertifikat Hak Milik'], ['Daya Listrik', '2200 Watt'], ['Ruang Makan', 'Tidak'], ['Ruang Tamu', 'Tidak'], ['Kondisi Perabotan', 'Unfurnished'], ['Jumlah Lantai', '1'], ['Terjangkau Internet', 'Tidak'], ['Hook', 'Tidak'], ['Kondisi Properti', 'Bagus'], ['ID Iklan', 'hos14872582']]}
[2023-10-26T10:05:56.605+0000] {ssh.py:527} WARNING - 2023-10-26 17:05:56 [scrapy.utils.signal] ERROR: Error caught on signal handler: <bound method FeedExporter.item_scraped of <scrapy.extensions.feedexport.FeedExporter object at 0x7fb93881df30>>
[2023-10-26T10:05:56.605+0000] {ssh.py:527} WARNING - Traceback (most recent call last):
[2023-10-26T10:05:56.605+0000] {ssh.py:527} WARNING -   File "/home/***/.local/lib/python3.10/site-packages/scrapy/utils/defer.py", line 348, in maybeDeferred_coro
[2023-10-26T10:05:56.606+0000] {ssh.py:527} WARNING -     result = f(*args, **kw)
[2023-10-26T10:05:56.606+0000] {ssh.py:527} WARNING -   File "/home/***/.local/lib/python3.10/site-packages/pydispatch/robustapply.py", line 55, in robustApply
[2023-10-26T10:05:56.606+0000] {ssh.py:527} WARNING -     return receiver(*arguments, **named)
[2023-10-26T10:05:56.606+0000] {ssh.py:527} WARNING -   File "/home/***/.local/lib/python3.10/site-packages/scrapy/extensions/feedexport.py", line 571, in item_scraped
[2023-10-26T10:05:56.606+0000] {ssh.py:527} WARNING -     slot.start_exporting()
[2023-10-26T10:05:56.606+0000] {ssh.py:527} WARNING -   File "/home/***/.local/lib/python3.10/site-packages/scrapy/extensions/feedexport.py", line 364, in start_exporting
[2023-10-26T10:05:56.606+0000] {ssh.py:527} WARNING -     self.file = self.storage.open(self.spider)
[2023-10-26T10:05:56.606+0000] {ssh.py:527} WARNING -   File "/home/***/.local/lib/python3.10/site-packages/scrapy/extensions/feedexport.py", line 158, in open
[2023-10-26T10:05:56.606+0000] {ssh.py:527} WARNING -     return Path(self.path).open(self.write_mode)
[2023-10-26T10:05:56.606+0000] {ssh.py:527} WARNING -   File "/usr/lib/python3.10/pathlib.py", line 1119, in open
[2023-10-26T10:05:56.606+0000] {ssh.py:527} WARNING -     return self._accessor.open(self, mode, buffering, encoding, errors,
[2023-10-26T10:05:56.607+0000] {ssh.py:527} WARNING - PermissionError: [Errno 13] Permission denied: '/home/***/data_science/***_docker/data_csv/tangerang.csv'
[2023-10-26T10:06:01.447+0000] {ssh.py:527} WARNING - 2023-10-26 17:06:01 [scrapy.core.engine] DEBUG: Crawled (200) <GET https://www.rumah123.com/jual/tangerang/karawaci/rumah/?page=2> (referer: https://www.rumah123.com/jual/tangerang/karawaci/rumah/)
[2023-10-26T10:06:03.607+0000] {ssh.py:527} WARNING - 2023-10-26 17:06:03 [scrapy.core.engine] DEBUG: Crawled (200) <GET https://www.rumah123.com/properti/tangerang/hos15096955/> (referer: https://www.rumah123.com/jual/tangerang/karawaci/rumah/)
[2023-10-26T10:06:03.728+0000] {ssh.py:527} WARNING - 2023-10-26 17:06:03 [scrapy.core.scraper] DEBUG: Scraped from <200 https://www.rumah123.com/properti/tangerang/hos15096955/>
[2023-10-26T10:06:03.729+0000] {ssh.py:527} WARNING - {'harga': 'Rp 150 Juta', 'alamat': 'Karawaci, Tangerang', 'fasilitas': [' CCTV', 'Jalur Telepon', ' Jogging Track', ' Keamanan', ' Masjid', 'Taman', 'Tempat Jemuran', 'Pemanas Air', 'Wastafel', 'Lapangan Bulu Tangkis', 'Lapangan Tenis', ' Tempat Gym', ' Track Lari'], 'spesifikasi': [['Kamar Tidur', '3'], ['Kamar Mandi', '3'], ['Luas Tanah', '80 m²'], ['Luas Bangunan', '90 m²'], ['Carport', '1'], ['Tipe Properti', 'Rumah'], ['Sertifikat', 'SHM - Sertifikat Hak Milik'], ['Daya Listrik', '2200 Watt'], ['Dapur', '1'], ['Ruang Makan', 'Ya'], ['Ruang Tamu', 'Ya'], ['Kondisi Perabotan', 'Unfurnished'], ['Material Bangunan', 'Bata Hebel'], ['Material Lantai', 'Granit'], ['Garasi', '1'], ['Jumlah Lantai', '1'], ['Hadap', 'Timur'], ['Konsep dan Gaya Rumah', 'Scandinavian'], ['Pemandangan', 'Pemukiman Warga'], ['Terjangkau Internet', 'Ya'], ['Tahun Dibangun', '2020'], ['Tahun Di Renovasi', '2020'], ['Sumber Air', 'Sumur Bor'], ['Hook', 'Tidak'], ['Kondisi Properti', 'Baru'], ['ID Iklan', 'hos15096955']]}
[2023-10-26T10:06:03.729+0000] {ssh.py:527} WARNING - 2023-10-26 17:06:03 [scrapy.utils.signal] ERROR: Error caught on signal handler: <bound method FeedExporter.item_scraped of <scrapy.extensions.feedexport.FeedExporter object at 0x7fb93881df30>>
[2023-10-26T10:06:03.729+0000] {ssh.py:527} WARNING - Traceback (most recent call last):
[2023-10-26T10:06:03.729+0000] {ssh.py:527} WARNING -   File "/home/***/.local/lib/python3.10/site-packages/scrapy/utils/defer.py", line 348, in maybeDeferred_coro
[2023-10-26T10:06:03.729+0000] {ssh.py:527} WARNING -     result = f(*args, **kw)
[2023-10-26T10:06:03.729+0000] {ssh.py:527} WARNING -   File "/home/***/.local/lib/python3.10/site-packages/pydispatch/robustapply.py", line 55, in robustApply
[2023-10-26T10:06:03.729+0000] {ssh.py:527} WARNING -     return receiver(*arguments, **named)
[2023-10-26T10:06:03.729+0000] {ssh.py:527} WARNING -   File "/home/***/.local/lib/python3.10/site-packages/scrapy/extensions/feedexport.py", line 571, in item_scraped
[2023-10-26T10:06:03.729+0000] {ssh.py:527} WARNING -     slot.start_exporting()
[2023-10-26T10:06:03.729+0000] {ssh.py:527} WARNING -   File "/home/***/.local/lib/python3.10/site-packages/scrapy/extensions/feedexport.py", line 364, in start_exporting
[2023-10-26T10:06:03.730+0000] {ssh.py:527} WARNING -     self.file = self.storage.open(self.spider)
[2023-10-26T10:06:03.730+0000] {ssh.py:527} WARNING -   File "/home/***/.local/lib/python3.10/site-packages/scrapy/extensions/feedexport.py", line 158, in open
[2023-10-26T10:06:03.730+0000] {ssh.py:527} WARNING -     return Path(self.path).open(self.write_mode)
[2023-10-26T10:06:03.730+0000] {ssh.py:527} WARNING -   File "/usr/lib/python3.10/pathlib.py", line 1119, in open
[2023-10-26T10:06:03.730+0000] {ssh.py:527} WARNING -     return self._accessor.open(self, mode, buffering, encoding, errors,
[2023-10-26T10:06:03.730+0000] {ssh.py:527} WARNING - PermissionError: [Errno 13] Permission denied: '/home/***/data_science/***_docker/data_csv/tangerang.csv'
[2023-10-26T10:06:07.226+0000] {ssh.py:527} WARNING - 2023-10-26 17:06:07 [scrapy.core.engine] DEBUG: Crawled (200) <GET https://www.rumah123.com/properti/tangerang/hos14554907/> (referer: https://www.rumah123.com/jual/tangerang/karawaci/rumah/)
[2023-10-26T10:06:07.347+0000] {ssh.py:527} WARNING - 2023-10-26 17:06:07 [scrapy.core.scraper] DEBUG: Scraped from <200 https://www.rumah123.com/properti/tangerang/hos14554907/>
[2023-10-26T10:06:07.347+0000] {ssh.py:527} WARNING - {'harga': 'Rp 1,8 Miliar', 'alamat': 'Karawaci, Tangerang', 'fasilitas': ['Tempat Jemuran', 'Wastafel'], 'spesifikasi': [['Kamar Tidur', '4'], ['Kamar Mandi', '2'], ['Luas Tanah', '156 m²'], ['Luas Bangunan', '156 m²'], ['Carport', '1'], ['Tipe Properti', 'Rumah'], ['Sertifikat', 'SHM - Sertifikat Hak Milik'], ['Daya Listrik', '2200 Watt'], ['Ruang Makan', 'Ya'], ['Ruang Tamu', 'Ya'], ['Kondisi Perabotan', 'Unfurnished'], ['Material Lantai', 'Ubin'], ['Jumlah Lantai', '2'], ['Konsep dan Gaya Rumah', 'Modern'], ['Pemandangan', 'Pemukiman Warga'], ['Terjangkau Internet', 'Ya'], ['Lebar Jalan', '3 Mobil'], ['Sumber Air', 'Sumur Bor'], ['Hook', 'Tidak'], ['Kondisi Properti', 'Bagus'], ['ID Iklan', 'hos14554907']]}
[2023-10-26T10:06:07.347+0000] {ssh.py:527} WARNING - 2023-10-26 17:06:07 [scrapy.utils.signal] ERROR: Error caught on signal handler: <bound method FeedExporter.item_scraped of <scrapy.extensions.feedexport.FeedExporter object at 0x7fb93881df30>>
[2023-10-26T10:06:07.347+0000] {ssh.py:527} WARNING - Traceback (most recent call last):
[2023-10-26T10:06:07.348+0000] {ssh.py:527} WARNING -   File "/home/***/.local/lib/python3.10/site-packages/scrapy/utils/defer.py", line 348, in maybeDeferred_coro
[2023-10-26T10:06:07.348+0000] {ssh.py:527} WARNING -     result = f(*args, **kw)
[2023-10-26T10:06:07.348+0000] {ssh.py:527} WARNING -   File "/home/***/.local/lib/python3.10/site-packages/pydispatch/robustapply.py", line 55, in robustApply
[2023-10-26T10:06:07.348+0000] {ssh.py:527} WARNING -     return receiver(*arguments, **named)
[2023-10-26T10:06:07.348+0000] {ssh.py:527} WARNING -   File "/home/***/.local/lib/python3.10/site-packages/scrapy/extensions/feedexport.py", line 571, in item_scraped
[2023-10-26T10:06:07.348+0000] {ssh.py:527} WARNING -     slot.start_exporting()
[2023-10-26T10:06:07.348+0000] {ssh.py:527} WARNING -   File "/home/***/.local/lib/python3.10/site-packages/scrapy/extensions/feedexport.py", line 364, in start_exporting
[2023-10-26T10:06:07.348+0000] {ssh.py:527} WARNING -     self.file = self.storage.open(self.spider)
[2023-10-26T10:06:07.349+0000] {ssh.py:527} WARNING -   File "/home/***/.local/lib/python3.10/site-packages/scrapy/extensions/feedexport.py", line 158, in open
[2023-10-26T10:06:07.349+0000] {ssh.py:527} WARNING -     return Path(self.path).open(self.write_mode)
[2023-10-26T10:06:07.349+0000] {ssh.py:527} WARNING -   File "/usr/lib/python3.10/pathlib.py", line 1119, in open
[2023-10-26T10:06:07.349+0000] {ssh.py:527} WARNING -     return self._accessor.open(self, mode, buffering, encoding, errors,
[2023-10-26T10:06:07.349+0000] {ssh.py:527} WARNING - PermissionError: [Errno 13] Permission denied: '/home/***/data_science/***_docker/data_csv/tangerang.csv'
[2023-10-26T10:06:09.410+0000] {ssh.py:527} WARNING - 2023-10-26 17:06:09 [scrapy.core.engine] DEBUG: Crawled (200) <GET https://www.rumah123.com/properti/tangerang/hos12949069/> (referer: https://www.rumah123.com/jual/tangerang/karawaci/rumah/)
[2023-10-26T10:06:09.532+0000] {ssh.py:527} WARNING - 2023-10-26 17:06:09 [scrapy.core.scraper] DEBUG: Scraped from <200 https://www.rumah123.com/properti/tangerang/hos12949069/>
[2023-10-26T10:06:09.532+0000] {ssh.py:527} WARNING - {'harga': 'Rp 720 Juta', 'alamat': 'Karawaci, Tangerang', 'fasilitas': ['Taman', 'Tempat Jemuran', 'Keamanan 24 jam'], 'spesifikasi': [['Kamar Tidur', '2'], ['Kamar Mandi', '1'], ['Luas Tanah', '72 m²'], ['Luas Bangunan', '36 m²'], ['Carport', '1'], ['Tipe Properti', 'Rumah'], ['Sertifikat', 'SHM - Sertifikat Hak Milik'], ['Daya Listrik', '1300 Watt'], ['Dapur', '1'], ['Ruang Makan', 'Ya'], ['Ruang Tamu', 'Ya'], ['Kondisi Perabotan', 'Unfurnished'], ['Jumlah Lantai', '1'], ['Hadap', 'Barat'], ['Terjangkau Internet', 'Tidak'], ['Hook', 'Tidak'], ['Kondisi Properti', 'Bagus'], ['ID Iklan', 'hos12949069']]}
[2023-10-26T10:06:09.532+0000] {ssh.py:527} WARNING - 2023-10-26 17:06:09 [scrapy.utils.signal] ERROR: Error caught on signal handler: <bound method FeedExporter.item_scraped of <scrapy.extensions.feedexport.FeedExporter object at 0x7fb93881df30>>
[2023-10-26T10:06:09.533+0000] {ssh.py:527} WARNING - Traceback (most recent call last):
[2023-10-26T10:06:09.533+0000] {ssh.py:527} WARNING -   File "/home/***/.local/lib/python3.10/site-packages/scrapy/utils/defer.py", line 348, in maybeDeferred_coro
[2023-10-26T10:06:09.533+0000] {ssh.py:527} WARNING -     result = f(*args, **kw)
[2023-10-26T10:06:09.533+0000] {ssh.py:527} WARNING -   File "/home/***/.local/lib/python3.10/site-packages/pydispatch/robustapply.py", line 55, in robustApply
[2023-10-26T10:06:09.533+0000] {ssh.py:527} WARNING -     return receiver(*arguments, **named)
[2023-10-26T10:06:09.533+0000] {ssh.py:527} WARNING -   File "/home/***/.local/lib/python3.10/site-packages/scrapy/extensions/feedexport.py", line 571, in item_scraped
[2023-10-26T10:06:09.533+0000] {ssh.py:527} WARNING -     slot.start_exporting()
[2023-10-26T10:06:09.534+0000] {ssh.py:527} WARNING -   File "/home/***/.local/lib/python3.10/site-packages/scrapy/extensions/feedexport.py", line 364, in start_exporting
[2023-10-26T10:06:09.534+0000] {ssh.py:527} WARNING -     self.file = self.storage.open(self.spider)
[2023-10-26T10:06:09.534+0000] {ssh.py:527} WARNING -   File "/home/***/.local/lib/python3.10/site-packages/scrapy/extensions/feedexport.py", line 158, in open
[2023-10-26T10:06:09.534+0000] {ssh.py:527} WARNING -     return Path(self.path).open(self.write_mode)
[2023-10-26T10:06:09.534+0000] {ssh.py:527} WARNING -   File "/usr/lib/python3.10/pathlib.py", line 1119, in open
[2023-10-26T10:06:09.534+0000] {ssh.py:527} WARNING -     return self._accessor.open(self, mode, buffering, encoding, errors,
[2023-10-26T10:06:09.534+0000] {ssh.py:527} WARNING - PermissionError: [Errno 13] Permission denied: '/home/***/data_science/***_docker/data_csv/tangerang.csv'
[2023-10-26T10:06:11.125+0000] {ssh.py:527} WARNING - 2023-10-26 17:06:11 [scrapy.core.engine] DEBUG: Crawled (200) <GET https://www.rumah123.com/properti/tangerang/hos15141724/> (referer: https://www.rumah123.com/jual/tangerang/karawaci/rumah/)
[2023-10-26T10:06:11.244+0000] {ssh.py:527} WARNING - 2023-10-26 17:06:11 [scrapy.core.scraper] DEBUG: Scraped from <200 https://www.rumah123.com/properti/tangerang/hos15141724/>
[2023-10-26T10:06:11.245+0000] {ssh.py:527} WARNING - {'harga': 'Rp 909 Juta', 'alamat': 'Karawaci, Tangerang', 'fasilitas': ['Tempat Jemuran', 'Keamanan 24 jam'], 'spesifikasi': [['Kamar Tidur', '2'], ['Kamar Mandi', '1'], ['Luas Tanah', '76 m²'], ['Luas Bangunan', '48 m²'], ['Tipe Properti', 'Rumah'], ['Sertifikat', 'SHM - Sertifikat Hak Milik'], ['Daya Listrik', '1300 Watt'], ['Ruang Makan', 'Tidak'], ['Ruang Tamu', 'Tidak'], ['Kondisi Perabotan', 'Unfurnished'], ['Jumlah Lantai', '1'], ['Terjangkau Internet', 'Tidak'], ['Sumber Air', 'PAM atau PDAM'], ['Hook', 'Tidak'], ['Kondisi Properti', 'Bagus'], ['ID Iklan', 'hos15141724']]}
[2023-10-26T10:06:11.245+0000] {ssh.py:527} WARNING - 2023-10-26 17:06:11 [scrapy.utils.signal] ERROR: Error caught on signal handler: <bound method FeedExporter.item_scraped of <scrapy.extensions.feedexport.FeedExporter object at 0x7fb93881df30>>
[2023-10-26T10:06:11.245+0000] {ssh.py:527} WARNING - Traceback (most recent call last):
[2023-10-26T10:06:11.245+0000] {ssh.py:527} WARNING -   File "/home/***/.local/lib/python3.10/site-packages/scrapy/utils/defer.py", line 348, in maybeDeferred_coro
[2023-10-26T10:06:11.245+0000] {ssh.py:527} WARNING -     result = f(*args, **kw)
[2023-10-26T10:06:11.245+0000] {ssh.py:527} WARNING -   File "/home/***/.local/lib/python3.10/site-packages/pydispatch/robustapply.py", line 55, in robustApply
[2023-10-26T10:06:11.245+0000] {ssh.py:527} WARNING -     return receiver(*arguments, **named)
[2023-10-26T10:06:11.245+0000] {ssh.py:527} WARNING -   File "/home/***/.local/lib/python3.10/site-packages/scrapy/extensions/feedexport.py", line 571, in item_scraped
[2023-10-26T10:06:11.246+0000] {ssh.py:527} WARNING -     slot.start_exporting()
[2023-10-26T10:06:11.246+0000] {ssh.py:527} WARNING -   File "/home/***/.local/lib/python3.10/site-packages/scrapy/extensions/feedexport.py", line 364, in start_exporting
[2023-10-26T10:06:11.246+0000] {ssh.py:527} WARNING -     self.file = self.storage.open(self.spider)
[2023-10-26T10:06:11.246+0000] {ssh.py:527} WARNING -   File "/home/***/.local/lib/python3.10/site-packages/scrapy/extensions/feedexport.py", line 158, in open
[2023-10-26T10:06:11.246+0000] {ssh.py:527} WARNING -     return Path(self.path).open(self.write_mode)
[2023-10-26T10:06:11.246+0000] {ssh.py:527} WARNING -   File "/usr/lib/python3.10/pathlib.py", line 1119, in open
[2023-10-26T10:06:11.246+0000] {ssh.py:527} WARNING -     return self._accessor.open(self, mode, buffering, encoding, errors,
[2023-10-26T10:06:11.246+0000] {ssh.py:527} WARNING - PermissionError: [Errno 13] Permission denied: '/home/***/data_science/***_docker/data_csv/tangerang.csv'
[2023-10-26T10:06:12.809+0000] {ssh.py:527} WARNING - 2023-10-26 17:06:12 [scrapy.core.engine] DEBUG: Crawled (200) <GET https://www.rumah123.com/properti/tangerang/hos15141795/> (referer: https://www.rumah123.com/jual/tangerang/karawaci/rumah/)
[2023-10-26T10:06:12.944+0000] {ssh.py:527} WARNING - 2023-10-26 17:06:12 [scrapy.core.scraper] DEBUG: Scraped from <200 https://www.rumah123.com/properti/tangerang/hos15141795/>
[2023-10-26T10:06:12.945+0000] {ssh.py:527} WARNING - {'harga': 'Rp 1,28 Miliar', 'alamat': 'Karawaci, Tangerang', 'fasilitas': ['Tempat Jemuran', 'Keamanan 24 jam', 'Taman'], 'spesifikasi': [['Kamar Tidur', '2'], ['Kamar Mandi', '3'], ['Luas Tanah', '74 m²'], ['Luas Bangunan', '72 m²'], ['Tipe Properti', 'Rumah'], ['Sertifikat', 'SHM - Sertifikat Hak Milik'], ['Daya Listrik', '2200 Watt'], ['Ruang Makan', 'Tidak'], ['Ruang Tamu', 'Tidak'], ['Kondisi Perabotan', 'Unfurnished'], ['Jumlah Lantai', '2'], ['Terjangkau Internet', 'Tidak'], ['Hook', 'Tidak'], ['Kondisi Properti', 'Bagus'], ['ID Iklan', 'hos15141795']]}
[2023-10-26T10:06:12.945+0000] {ssh.py:527} WARNING - 2023-10-26 17:06:12 [scrapy.utils.signal] ERROR: Error caught on signal handler: <bound method FeedExporter.item_scraped of <scrapy.extensions.feedexport.FeedExporter object at 0x7fb93881df30>>
[2023-10-26T10:06:12.945+0000] {ssh.py:527} WARNING - Traceback (most recent call last):
[2023-10-26T10:06:12.945+0000] {ssh.py:527} WARNING -   File "/home/***/.local/lib/python3.10/site-packages/scrapy/utils/defer.py", line 348, in maybeDeferred_coro
[2023-10-26T10:06:12.945+0000] {ssh.py:527} WARNING -     result = f(*args, **kw)
[2023-10-26T10:06:12.945+0000] {ssh.py:527} WARNING -   File "/home/***/.local/lib/python3.10/site-packages/pydispatch/robustapply.py", line 55, in robustApply
[2023-10-26T10:06:12.945+0000] {ssh.py:527} WARNING -     return receiver(*arguments, **named)
[2023-10-26T10:06:12.946+0000] {ssh.py:527} WARNING -   File "/home/***/.local/lib/python3.10/site-packages/scrapy/extensions/feedexport.py", line 571, in item_scraped
[2023-10-26T10:06:12.946+0000] {ssh.py:527} WARNING -     slot.start_exporting()
[2023-10-26T10:06:12.946+0000] {ssh.py:527} WARNING -   File "/home/***/.local/lib/python3.10/site-packages/scrapy/extensions/feedexport.py", line 364, in start_exporting
[2023-10-26T10:06:12.946+0000] {ssh.py:527} WARNING -     self.file = self.storage.open(self.spider)
[2023-10-26T10:06:12.946+0000] {ssh.py:527} WARNING -   File "/home/***/.local/lib/python3.10/site-packages/scrapy/extensions/feedexport.py", line 158, in open
[2023-10-26T10:06:12.946+0000] {ssh.py:527} WARNING -     return Path(self.path).open(self.write_mode)
[2023-10-26T10:06:12.946+0000] {ssh.py:527} WARNING -   File "/usr/lib/python3.10/pathlib.py", line 1119, in open
[2023-10-26T10:06:12.946+0000] {ssh.py:527} WARNING -     return self._accessor.open(self, mode, buffering, encoding, errors,
[2023-10-26T10:06:12.946+0000] {ssh.py:527} WARNING - PermissionError: [Errno 13] Permission denied: '/home/***/data_science/***_docker/data_csv/tangerang.csv'
[2023-10-26T10:06:14.828+0000] {ssh.py:527} WARNING - 2023-10-26 17:06:14 [scrapy.core.engine] DEBUG: Crawled (200) <GET https://www.rumah123.com/properti/tangerang/hos15141902/> (referer: https://www.rumah123.com/jual/tangerang/karawaci/rumah/)
[2023-10-26T10:06:14.946+0000] {ssh.py:527} WARNING - 2023-10-26 17:06:14 [scrapy.core.scraper] DEBUG: Scraped from <200 https://www.rumah123.com/properti/tangerang/hos15141902/>
[2023-10-26T10:06:14.946+0000] {ssh.py:527} WARNING - {'harga': 'Rp 1,8 Miliar', 'alamat': 'Karawaci, Tangerang', 'fasilitas': ['Tempat Jemuran', 'Keamanan 24 jam'], 'spesifikasi': [['Kamar Tidur', '2'], ['Kamar Mandi', '2'], ['Luas Tanah', '126 m²'], ['Luas Bangunan', '152 m²'], ['Tipe Properti', 'Rumah'], ['Sertifikat', 'SHM - Sertifikat Hak Milik'], ['Daya Listrik', '2200 Watt'], ['Kamar Pembantu', '1'], ['Ruang Makan', 'Tidak'], ['Ruang Tamu', 'Tidak'], ['Kondisi Perabotan', 'Unfurnished'], ['Jumlah Lantai', '2'], ['Terjangkau Internet', 'Tidak'], ['Hook', 'Tidak'], ['Kondisi Properti', 'Bagus'], ['ID Iklan', 'hos15141902']]}
[2023-10-26T10:06:14.946+0000] {ssh.py:527} WARNING - 2023-10-26 17:06:14 [scrapy.utils.signal] ERROR: Error caught on signal handler: <bound method FeedExporter.item_scraped of <scrapy.extensions.feedexport.FeedExporter object at 0x7fb93881df30>>
[2023-10-26T10:06:14.946+0000] {ssh.py:527} WARNING - Traceback (most recent call last):
[2023-10-26T10:06:14.947+0000] {ssh.py:527} WARNING -   File "/home/***/.local/lib/python3.10/site-packages/scrapy/utils/defer.py", line 348, in maybeDeferred_coro
[2023-10-26T10:06:14.947+0000] {ssh.py:527} WARNING -     result = f(*args, **kw)
[2023-10-26T10:06:14.947+0000] {ssh.py:527} WARNING -   File "/home/***/.local/lib/python3.10/site-packages/pydispatch/robustapply.py", line 55, in robustApply
[2023-10-26T10:06:14.947+0000] {ssh.py:527} WARNING -     return receiver(*arguments, **named)
[2023-10-26T10:06:14.947+0000] {ssh.py:527} WARNING -   File "/home/***/.local/lib/python3.10/site-packages/scrapy/extensions/feedexport.py", line 571, in item_scraped
[2023-10-26T10:06:14.947+0000] {ssh.py:527} WARNING -     slot.start_exporting()
[2023-10-26T10:06:14.947+0000] {ssh.py:527} WARNING -   File "/home/***/.local/lib/python3.10/site-packages/scrapy/extensions/feedexport.py", line 364, in start_exporting
[2023-10-26T10:06:14.947+0000] {ssh.py:527} WARNING -     self.file = self.storage.open(self.spider)
[2023-10-26T10:06:14.947+0000] {ssh.py:527} WARNING -   File "/home/***/.local/lib/python3.10/site-packages/scrapy/extensions/feedexport.py", line 158, in open
[2023-10-26T10:06:14.948+0000] {ssh.py:527} WARNING -     return Path(self.path).open(self.write_mode)
[2023-10-26T10:06:14.948+0000] {ssh.py:527} WARNING -   File "/usr/lib/python3.10/pathlib.py", line 1119, in open
[2023-10-26T10:06:14.948+0000] {ssh.py:527} WARNING -     return self._accessor.open(self, mode, buffering, encoding, errors,
[2023-10-26T10:06:14.948+0000] {ssh.py:527} WARNING - PermissionError: [Errno 13] Permission denied: '/home/***/data_science/***_docker/data_csv/tangerang.csv'
[2023-10-26T10:06:16.784+0000] {ssh.py:527} WARNING - 2023-10-26 17:06:16 [scrapy.core.engine] DEBUG: Crawled (200) <GET https://www.rumah123.com/properti/tangerang/hos14036426/> (referer: https://www.rumah123.com/jual/tangerang/karawaci/rumah/)
[2023-10-26T10:06:16.785+0000] {ssh.py:527} WARNING - 2023-10-26 17:06:16 [scrapy.core.engine] INFO: Closing spider (closespider_pagecount)
[2023-10-26T10:06:16.901+0000] {ssh.py:527} WARNING - 2023-10-26 17:06:16 [scrapy.core.scraper] DEBUG: Scraped from <200 https://www.rumah123.com/properti/tangerang/hos14036426/>
[2023-10-26T10:06:16.901+0000] {ssh.py:527} WARNING - {'harga': 'Rp 1,13 Miliar', 'alamat': 'Karawaci, Tangerang', 'fasilitas': ['Taman', 'Tempat Jemuran', 'Keamanan 24 jam'], 'spesifikasi': [['Kamar Tidur', '3'], ['Kamar Mandi', '1'], ['Luas Tanah', '120 m²'], ['Luas Bangunan', '80 m²'], ['Carport', '1'], ['Tipe Properti', 'Rumah'], ['Sertifikat', 'SHM - Sertifikat Hak Milik'], ['Daya Listrik', '1300 Watt'], ['Dapur', '1'], ['Ruang Makan', 'Ya'], ['Ruang Tamu', 'Ya'], ['Kondisi Perabotan', 'Unfurnished'], ['Jumlah Lantai', '1'], ['Hadap', 'Timur'], ['Terjangkau Internet', 'Tidak'], ['Hook', 'Tidak'], ['Kondisi Properti', 'Bagus'], ['ID Iklan', 'hos14036426']]}
[2023-10-26T10:06:16.902+0000] {ssh.py:527} WARNING - 2023-10-26 17:06:16 [scrapy.utils.signal] ERROR: Error caught on signal handler: <bound method FeedExporter.item_scraped of <scrapy.extensions.feedexport.FeedExporter object at 0x7fb93881df30>>
[2023-10-26T10:06:16.902+0000] {ssh.py:527} WARNING - Traceback (most recent call last):
[2023-10-26T10:06:16.902+0000] {ssh.py:527} WARNING -   File "/home/***/.local/lib/python3.10/site-packages/scrapy/utils/defer.py", line 348, in maybeDeferred_coro
[2023-10-26T10:06:16.902+0000] {ssh.py:527} WARNING -     result = f(*args, **kw)
[2023-10-26T10:06:16.902+0000] {ssh.py:527} WARNING -   File "/home/***/.local/lib/python3.10/site-packages/pydispatch/robustapply.py", line 55, in robustApply
[2023-10-26T10:06:16.902+0000] {ssh.py:527} WARNING -     return receiver(*arguments, **named)
[2023-10-26T10:06:16.902+0000] {ssh.py:527} WARNING -   File "/home/***/.local/lib/python3.10/site-packages/scrapy/extensions/feedexport.py", line 571, in item_scraped
[2023-10-26T10:06:16.902+0000] {ssh.py:527} WARNING -     slot.start_exporting()
[2023-10-26T10:06:16.902+0000] {ssh.py:527} WARNING -   File "/home/***/.local/lib/python3.10/site-packages/scrapy/extensions/feedexport.py", line 364, in start_exporting
[2023-10-26T10:06:16.902+0000] {ssh.py:527} WARNING -     self.file = self.storage.open(self.spider)
[2023-10-26T10:06:16.902+0000] {ssh.py:527} WARNING -   File "/home/***/.local/lib/python3.10/site-packages/scrapy/extensions/feedexport.py", line 158, in open
[2023-10-26T10:06:16.903+0000] {ssh.py:527} WARNING -     return Path(self.path).open(self.write_mode)
[2023-10-26T10:06:16.903+0000] {ssh.py:527} WARNING -   File "/usr/lib/python3.10/pathlib.py", line 1119, in open
[2023-10-26T10:06:16.903+0000] {ssh.py:527} WARNING -     return self._accessor.open(self, mode, buffering, encoding, errors,
[2023-10-26T10:06:16.903+0000] {ssh.py:527} WARNING - PermissionError: [Errno 13] Permission denied: '/home/***/data_science/***_docker/data_csv/tangerang.csv'
[2023-10-26T10:06:19.713+0000] {ssh.py:527} WARNING - 2023-10-26 17:06:19 [scrapy.core.engine] DEBUG: Crawled (200) <GET https://www.rumah123.com/properti/tangerang/hos14503505/> (referer: https://www.rumah123.com/jual/tangerang/karawaci/rumah/)
[2023-10-26T10:06:19.837+0000] {ssh.py:527} WARNING - 2023-10-26 17:06:19 [scrapy.core.scraper] DEBUG: Scraped from <200 https://www.rumah123.com/properti/tangerang/hos14503505/>
[2023-10-26T10:06:19.837+0000] {ssh.py:527} WARNING - {'harga': 'Rp 1,18 Miliar', 'alamat': 'Karawaci, Tangerang', 'fasilitas': ['Taman', 'Tempat Jemuran', 'Keamanan 24 jam'], 'spesifikasi': [['Kamar Tidur', '3'], ['Kamar Mandi', '1'], ['Luas Tanah', '96 m²'], ['Luas Bangunan', '56 m²'], ['Carport', '1'], ['Tipe Properti', 'Rumah'], ['Sertifikat', 'SHM - Sertifikat Hak Milik'], ['Daya Listrik', '3500 Watt'], ['Dapur', '1'], ['Ruang Makan', 'Ya'], ['Ruang Tamu', 'Ya'], ['Kondisi Perabotan', 'Unfurnished'], ['Jumlah Lantai', '1'], ['Hadap', 'Utara'], ['Terjangkau Internet', 'Tidak'], ['Sumber Air', 'PAM atau PDAM'], ['Hook', 'Tidak'], ['Kondisi Properti', 'Bagus'], ['ID Iklan', 'hos14503505']]}
[2023-10-26T10:06:19.838+0000] {ssh.py:527} WARNING - 2023-10-26 17:06:19 [scrapy.utils.signal] ERROR: Error caught on signal handler: <bound method FeedExporter.item_scraped of <scrapy.extensions.feedexport.FeedExporter object at 0x7fb93881df30>>
[2023-10-26T10:06:19.838+0000] {ssh.py:527} WARNING - Traceback (most recent call last):
[2023-10-26T10:06:19.838+0000] {ssh.py:527} WARNING -   File "/home/***/.local/lib/python3.10/site-packages/scrapy/utils/defer.py", line 348, in maybeDeferred_coro
[2023-10-26T10:06:19.838+0000] {ssh.py:527} WARNING -     result = f(*args, **kw)
[2023-10-26T10:06:19.838+0000] {ssh.py:527} WARNING -   File "/home/***/.local/lib/python3.10/site-packages/pydispatch/robustapply.py", line 55, in robustApply
[2023-10-26T10:06:19.838+0000] {ssh.py:527} WARNING -     return receiver(*arguments, **named)
[2023-10-26T10:06:19.838+0000] {ssh.py:527} WARNING -   File "/home/***/.local/lib/python3.10/site-packages/scrapy/extensions/feedexport.py", line 571, in item_scraped
[2023-10-26T10:06:19.838+0000] {ssh.py:527} WARNING -     slot.start_exporting()
[2023-10-26T10:06:19.839+0000] {ssh.py:527} WARNING -   File "/home/***/.local/lib/python3.10/site-packages/scrapy/extensions/feedexport.py", line 364, in start_exporting
[2023-10-26T10:06:19.839+0000] {ssh.py:527} WARNING -     self.file = self.storage.open(self.spider)
[2023-10-26T10:06:19.839+0000] {ssh.py:527} WARNING -   File "/home/***/.local/lib/python3.10/site-packages/scrapy/extensions/feedexport.py", line 158, in open
[2023-10-26T10:06:19.839+0000] {ssh.py:527} WARNING -     return Path(self.path).open(self.write_mode)
[2023-10-26T10:06:19.839+0000] {ssh.py:527} WARNING -   File "/usr/lib/python3.10/pathlib.py", line 1119, in open
[2023-10-26T10:06:19.839+0000] {ssh.py:527} WARNING -     return self._accessor.open(self, mode, buffering, encoding, errors,
[2023-10-26T10:06:19.839+0000] {ssh.py:527} WARNING - PermissionError: [Errno 13] Permission denied: '/home/***/data_science/***_docker/data_csv/tangerang.csv'
[2023-10-26T10:06:20.132+0000] {ssh.py:527} WARNING - 2023-10-26 17:06:20 [scrapy.core.engine] DEBUG: Crawled (200) <GET https://www.rumah123.com/properti/tangerang/hos13785132/> (referer: https://www.rumah123.com/jual/tangerang/karawaci/rumah/)
[2023-10-26T10:06:20.250+0000] {ssh.py:527} WARNING - 2023-10-26 17:06:20 [scrapy.core.scraper] DEBUG: Scraped from <200 https://www.rumah123.com/properti/tangerang/hos13785132/>
[2023-10-26T10:06:20.251+0000] {ssh.py:527} WARNING - {'harga': 'Rp 1,4 Miliar', 'alamat': 'Karawaci, Tangerang', 'fasilitas': ['Taman', 'Tempat Jemuran', 'Keamanan 24 jam'], 'spesifikasi': [['Kamar Tidur', '3'], ['Kamar Mandi', '1'], ['Luas Tanah', '112 m²'], ['Luas Bangunan', '200 m²'], ['Carport', '1'], ['Tipe Properti', 'Rumah'], ['Sertifikat', 'SHM - Sertifikat Hak Milik'], ['Daya Listrik', '3300 Watt'], ['Kamar Pembantu', '1'], ['Dapur', '1'], ['Ruang Makan', 'Ya'], ['Ruang Tamu', 'Ya'], ['Kondisi Perabotan', 'Unfurnished'], ['Jumlah Lantai', '2'], ['Hadap', 'Utara'], ['Terjangkau Internet', 'Tidak'], ['Hook', 'Tidak'], ['Kondisi Properti', 'Bagus'], ['ID Iklan', 'hos13785132']]}
[2023-10-26T10:06:20.251+0000] {ssh.py:527} WARNING - 2023-10-26 17:06:20 [scrapy.utils.signal] ERROR: Error caught on signal handler: <bound method FeedExporter.item_scraped of <scrapy.extensions.feedexport.FeedExporter object at 0x7fb93881df30>>
[2023-10-26T10:06:20.251+0000] {ssh.py:527} WARNING - Traceback (most recent call last):
[2023-10-26T10:06:20.251+0000] {ssh.py:527} WARNING -   File "/home/***/.local/lib/python3.10/site-packages/scrapy/utils/defer.py", line 348, in maybeDeferred_coro
[2023-10-26T10:06:20.251+0000] {ssh.py:527} WARNING -     result = f(*args, **kw)
[2023-10-26T10:06:20.251+0000] {ssh.py:527} WARNING -   File "/home/***/.local/lib/python3.10/site-packages/pydispatch/robustapply.py", line 55, in robustApply
[2023-10-26T10:06:20.251+0000] {ssh.py:527} WARNING -     return receiver(*arguments, **named)
[2023-10-26T10:06:20.252+0000] {ssh.py:527} WARNING -   File "/home/***/.local/lib/python3.10/site-packages/scrapy/extensions/feedexport.py", line 571, in item_scraped
[2023-10-26T10:06:20.252+0000] {ssh.py:527} WARNING -     slot.start_exporting()
[2023-10-26T10:06:20.252+0000] {ssh.py:527} WARNING -   File "/home/***/.local/lib/python3.10/site-packages/scrapy/extensions/feedexport.py", line 364, in start_exporting
[2023-10-26T10:06:20.252+0000] {ssh.py:527} WARNING -     self.file = self.storage.open(self.spider)
[2023-10-26T10:06:20.252+0000] {ssh.py:527} WARNING -   File "/home/***/.local/lib/python3.10/site-packages/scrapy/extensions/feedexport.py", line 158, in open
[2023-10-26T10:06:20.252+0000] {ssh.py:527} WARNING -     return Path(self.path).open(self.write_mode)
[2023-10-26T10:06:20.252+0000] {ssh.py:527} WARNING -   File "/usr/lib/python3.10/pathlib.py", line 1119, in open
[2023-10-26T10:06:20.252+0000] {ssh.py:527} WARNING -     return self._accessor.open(self, mode, buffering, encoding, errors,
[2023-10-26T10:06:20.252+0000] {ssh.py:527} WARNING - PermissionError: [Errno 13] Permission denied: '/home/***/data_science/***_docker/data_csv/tangerang.csv'
[2023-10-26T10:06:21.790+0000] {ssh.py:527} WARNING - 2023-10-26 17:06:21 [scrapy.core.engine] DEBUG: Crawled (200) <GET https://www.rumah123.com/properti/tangerang/hos14677801/> (referer: https://www.rumah123.com/jual/tangerang/karawaci/rumah/)
[2023-10-26T10:06:21.914+0000] {ssh.py:527} WARNING - 2023-10-26 17:06:21 [scrapy.core.scraper] DEBUG: Scraped from <200 https://www.rumah123.com/properti/tangerang/hos14677801/>
[2023-10-26T10:06:21.914+0000] {ssh.py:527} WARNING - {'harga': 'Rp 1,02 Miliar', 'alamat': 'Karawaci, Tangerang', 'fasilitas': ['Taman', 'Tempat Jemuran', 'Keamanan 24 jam'], 'spesifikasi': [['Kamar Tidur', '5'], ['Kamar Mandi', '2'], ['Luas Tanah', '72 m²'], ['Luas Bangunan', '72 m²'], ['Carport', '1'], ['Tipe Properti', 'Rumah'], ['Sertifikat', 'SHM - Sertifikat Hak Milik'], ['Daya Listrik', '2200 Watt'], ['Dapur', '1'], ['Ruang Makan', 'Ya'], ['Ruang Tamu', 'Ya'], ['Kondisi Perabotan', 'Unfurnished'], ['Jumlah Lantai', '2'], ['Hadap', 'Selatan'], ['Terjangkau Internet', 'Tidak'], ['Hook', 'Tidak'], ['Kondisi Properti', 'Bagus'], ['ID Iklan', 'hos14677801']]}
[2023-10-26T10:06:21.914+0000] {ssh.py:527} WARNING - 2023-10-26 17:06:21 [scrapy.utils.signal] ERROR: Error caught on signal handler: <bound method FeedExporter.item_scraped of <scrapy.extensions.feedexport.FeedExporter object at 0x7fb93881df30>>
[2023-10-26T10:06:21.914+0000] {ssh.py:527} WARNING - Traceback (most recent call last):
[2023-10-26T10:06:21.914+0000] {ssh.py:527} WARNING -   File "/home/***/.local/lib/python3.10/site-packages/scrapy/utils/defer.py", line 348, in maybeDeferred_coro
[2023-10-26T10:06:21.915+0000] {ssh.py:527} WARNING -     result = f(*args, **kw)
[2023-10-26T10:06:21.915+0000] {ssh.py:527} WARNING -   File "/home/***/.local/lib/python3.10/site-packages/pydispatch/robustapply.py", line 55, in robustApply
[2023-10-26T10:06:21.915+0000] {ssh.py:527} WARNING -     return receiver(*arguments, **named)
[2023-10-26T10:06:21.915+0000] {ssh.py:527} WARNING -   File "/home/***/.local/lib/python3.10/site-packages/scrapy/extensions/feedexport.py", line 571, in item_scraped
[2023-10-26T10:06:21.915+0000] {ssh.py:527} WARNING -     slot.start_exporting()
[2023-10-26T10:06:21.915+0000] {ssh.py:527} WARNING -   File "/home/***/.local/lib/python3.10/site-packages/scrapy/extensions/feedexport.py", line 364, in start_exporting
[2023-10-26T10:06:21.915+0000] {ssh.py:527} WARNING -     self.file = self.storage.open(self.spider)
[2023-10-26T10:06:21.915+0000] {ssh.py:527} WARNING -   File "/home/***/.local/lib/python3.10/site-packages/scrapy/extensions/feedexport.py", line 158, in open
[2023-10-26T10:06:21.915+0000] {ssh.py:527} WARNING -     return Path(self.path).open(self.write_mode)
[2023-10-26T10:06:21.915+0000] {ssh.py:527} WARNING -   File "/usr/lib/python3.10/pathlib.py", line 1119, in open
[2023-10-26T10:06:21.915+0000] {ssh.py:527} WARNING -     return self._accessor.open(self, mode, buffering, encoding, errors,
[2023-10-26T10:06:21.916+0000] {ssh.py:527} WARNING - PermissionError: [Errno 13] Permission denied: '/home/***/data_science/***_docker/data_csv/tangerang.csv'
[2023-10-26T10:06:23.349+0000] {ssh.py:527} WARNING - 2023-10-26 17:06:23 [scrapy.core.engine] DEBUG: Crawled (200) <GET https://www.rumah123.com/properti/tangerang/hos14927706/> (referer: https://www.rumah123.com/jual/tangerang/karawaci/rumah/)
[2023-10-26T10:06:23.485+0000] {ssh.py:527} WARNING - 2023-10-26 17:06:23 [scrapy.core.scraper] DEBUG: Scraped from <200 https://www.rumah123.com/properti/tangerang/hos14927706/>
[2023-10-26T10:06:23.486+0000] {ssh.py:527} WARNING - {'harga': 'Rp 545 Juta', 'alamat': 'Karawaci, Tangerang', 'fasilitas': ['Jalur Telepon', ' Taman', 'Tempat Jemuran'], 'spesifikasi': [['Kamar Tidur', '2'], ['Kamar Mandi', '1'], ['Luas Tanah', '72 m²'], ['Luas Bangunan', '45 m²'], ['Carport', '1'], ['Tipe Properti', 'Rumah'], ['Sertifikat', 'SHM - Sertifikat Hak Milik'], ['Daya Listrik', '1300 Watt'], ['Dapur', '1'], ['Ruang Makan', 'Ya'], ['Ruang Tamu', 'Ya'], ['Jumlah Lantai', '1'], ['Terjangkau Internet', 'Ya'], ['Sumber Air', 'PAM atau PDAM'], ['Hook', 'Tidak'], ['Kondisi Properti', 'Bagus'], ['ID Iklan', 'hos14927706']]}
[2023-10-26T10:06:23.486+0000] {ssh.py:527} WARNING - 2023-10-26 17:06:23 [scrapy.utils.signal] ERROR: Error caught on signal handler: <bound method FeedExporter.item_scraped of <scrapy.extensions.feedexport.FeedExporter object at 0x7fb93881df30>>
[2023-10-26T10:06:23.486+0000] {ssh.py:527} WARNING - Traceback (most recent call last):
[2023-10-26T10:06:23.486+0000] {ssh.py:527} WARNING -   File "/home/***/.local/lib/python3.10/site-packages/scrapy/utils/defer.py", line 348, in maybeDeferred_coro
[2023-10-26T10:06:23.486+0000] {ssh.py:527} WARNING -     result = f(*args, **kw)
[2023-10-26T10:06:23.486+0000] {ssh.py:527} WARNING -   File "/home/***/.local/lib/python3.10/site-packages/pydispatch/robustapply.py", line 55, in robustApply
[2023-10-26T10:06:23.486+0000] {ssh.py:527} WARNING -     return receiver(*arguments, **named)
[2023-10-26T10:06:23.486+0000] {ssh.py:527} WARNING -   File "/home/***/.local/lib/python3.10/site-packages/scrapy/extensions/feedexport.py", line 571, in item_scraped
[2023-10-26T10:06:23.486+0000] {ssh.py:527} WARNING -     slot.start_exporting()
[2023-10-26T10:06:23.486+0000] {ssh.py:527} WARNING -   File "/home/***/.local/lib/python3.10/site-packages/scrapy/extensions/feedexport.py", line 364, in start_exporting
[2023-10-26T10:06:23.487+0000] {ssh.py:527} WARNING -     self.file = self.storage.open(self.spider)
[2023-10-26T10:06:23.487+0000] {ssh.py:527} WARNING -   File "/home/***/.local/lib/python3.10/site-packages/scrapy/extensions/feedexport.py", line 158, in open
[2023-10-26T10:06:23.487+0000] {ssh.py:527} WARNING -     return Path(self.path).open(self.write_mode)
[2023-10-26T10:06:23.487+0000] {ssh.py:527} WARNING -   File "/usr/lib/python3.10/pathlib.py", line 1119, in open
[2023-10-26T10:06:23.487+0000] {ssh.py:527} WARNING -     return self._accessor.open(self, mode, buffering, encoding, errors,
[2023-10-26T10:06:23.487+0000] {ssh.py:527} WARNING - PermissionError: [Errno 13] Permission denied: '/home/***/data_science/***_docker/data_csv/tangerang.csv'
[2023-10-26T10:06:25.264+0000] {ssh.py:527} WARNING - 2023-10-26 17:06:25 [scrapy.core.engine] DEBUG: Crawled (200) <GET https://www.rumah123.com/properti/tangerang/hos12515102/> (referer: https://www.rumah123.com/jual/tangerang/karawaci/rumah/)
[2023-10-26T10:06:25.390+0000] {ssh.py:527} WARNING - 2023-10-26 17:06:25 [scrapy.core.scraper] DEBUG: Scraped from <200 https://www.rumah123.com/properti/tangerang/hos12515102/>
[2023-10-26T10:06:25.390+0000] {ssh.py:527} WARNING - {'harga': 'Rp 987 Juta', 'alamat': 'Karawaci, Tangerang', 'fasilitas': ['Taman', 'Tempat Jemuran', ' Akses Parkir', ' CCTV', 'Keamanan 24 jam', ' Kolam Renang', 'Masjid', ' One Gate System', ' Playground', ' Tempat Laundry', 'Pemanas Air', 'Wastafel', 'Lapangan Basket', 'Lapangan Bola', ' Lapangan Bulu Tangkis', ' Lapangan Voli', ' Tempat Gym', ' Track Lari'], 'spesifikasi': [['Kamar Tidur', '4'], ['Kamar Mandi', '2'], ['Luas Tanah', '72 m²'], ['Luas Bangunan', '83 m²'], ['Tipe Properti', 'Rumah'], ['Sertifikat', 'SHM - Sertifikat Hak Milik'], ['Daya Listrik', '2200 Watt'], ['Dapur', '1'], ['Ruang Makan', 'Ya'], ['Ruang Tamu', 'Ya'], ['Kondisi Perabotan', 'Unfurnished'], ['Material Bangunan', 'Bata Merah'], ['Material Lantai', 'Granit'], ['Jumlah Lantai', '2'], ['Hadap', 'Selatan'], ['Konsep dan Gaya Rumah', 'Modern'], ['Pemandangan', 'Taman Kota'], ['Terjangkau Internet', 'Ya'], ['Lebar Jalan', '2 Mobil'], ['Tahun Dibangun', '2023'], ['Tahun Di Renovasi', '2022'], ['Sumber Air', 'PAM atau PDAM'], ['Hook', 'Tidak'], ['Kondisi Properti', 'Baru'], ['ID Iklan', 'hos12515102']]}
[2023-10-26T10:06:25.391+0000] {ssh.py:527} WARNING - 2023-10-26 17:06:25 [scrapy.utils.signal] ERROR: Error caught on signal handler: <bound method FeedExporter.item_scraped of <scrapy.extensions.feedexport.FeedExporter object at 0x7fb93881df30>>
[2023-10-26T10:06:25.391+0000] {ssh.py:527} WARNING - Traceback (most recent call last):
[2023-10-26T10:06:25.391+0000] {ssh.py:527} WARNING -   File "/home/***/.local/lib/python3.10/site-packages/scrapy/utils/defer.py", line 348, in maybeDeferred_coro
[2023-10-26T10:06:25.391+0000] {ssh.py:527} WARNING -     result = f(*args, **kw)
[2023-10-26T10:06:25.391+0000] {ssh.py:527} WARNING -   File "/home/***/.local/lib/python3.10/site-packages/pydispatch/robustapply.py", line 55, in robustApply
[2023-10-26T10:06:25.391+0000] {ssh.py:527} WARNING -     return receiver(*arguments, **named)
[2023-10-26T10:06:25.391+0000] {ssh.py:527} WARNING -   File "/home/***/.local/lib/python3.10/site-packages/scrapy/extensions/feedexport.py", line 571, in item_scraped
[2023-10-26T10:06:25.391+0000] {ssh.py:527} WARNING -     slot.start_exporting()
[2023-10-26T10:06:25.391+0000] {ssh.py:527} WARNING -   File "/home/***/.local/lib/python3.10/site-packages/scrapy/extensions/feedexport.py", line 364, in start_exporting
[2023-10-26T10:06:25.391+0000] {ssh.py:527} WARNING -     self.file = self.storage.open(self.spider)
[2023-10-26T10:06:25.391+0000] {ssh.py:527} WARNING -   File "/home/***/.local/lib/python3.10/site-packages/scrapy/extensions/feedexport.py", line 158, in open
[2023-10-26T10:06:25.392+0000] {ssh.py:527} WARNING -     return Path(self.path).open(self.write_mode)
[2023-10-26T10:06:25.392+0000] {ssh.py:527} WARNING -   File "/usr/lib/python3.10/pathlib.py", line 1119, in open
[2023-10-26T10:06:25.392+0000] {ssh.py:527} WARNING -     return self._accessor.open(self, mode, buffering, encoding, errors,
[2023-10-26T10:06:25.392+0000] {ssh.py:527} WARNING - PermissionError: [Errno 13] Permission denied: '/home/***/data_science/***_docker/data_csv/tangerang.csv'
[2023-10-26T10:06:26.834+0000] {ssh.py:527} WARNING - 2023-10-26 17:06:26 [scrapy.core.engine] DEBUG: Crawled (200) <GET https://www.rumah123.com/properti/tangerang/hos15003856/> (referer: https://www.rumah123.com/jual/tangerang/karawaci/rumah/)
[2023-10-26T10:06:26.952+0000] {ssh.py:527} WARNING - 2023-10-26 17:06:26 [scrapy.core.scraper] DEBUG: Scraped from <200 https://www.rumah123.com/properti/tangerang/hos15003856/>
[2023-10-26T10:06:26.953+0000] {ssh.py:527} WARNING - {'harga': 'Rp 950 Juta', 'alamat': 'Karawaci, Tangerang', 'fasilitas': ['Jalur Telepon', ' Taman', 'Tempat Jemuran'], 'spesifikasi': [['Kamar Tidur', '4'], ['Kamar Mandi', '3'], ['Luas Tanah', '100 m²'], ['Luas Bangunan', '150 m²'], ['Carport', '1'], ['Tipe Properti', 'Rumah'], ['Sertifikat', 'SHM - Sertifikat Hak Milik'], ['Daya Listrik', '3500 Watt'], ['Dapur', '1'], ['Ruang Makan', 'Ya'], ['Ruang Tamu', 'Ya'], ['Jumlah Lantai', '2'], ['Terjangkau Internet', 'Ya'], ['Sumber Air', 'PAM atau PDAM'], ['Hook', 'Tidak'], ['Kondisi Properti', 'Bagus'], ['ID Iklan', 'hos15003856']]}
[2023-10-26T10:06:26.953+0000] {ssh.py:527} WARNING - 2023-10-26 17:06:26 [scrapy.utils.signal] ERROR: Error caught on signal handler: <bound method FeedExporter.item_scraped of <scrapy.extensions.feedexport.FeedExporter object at 0x7fb93881df30>>
[2023-10-26T10:06:26.953+0000] {ssh.py:527} WARNING - Traceback (most recent call last):
[2023-10-26T10:06:26.953+0000] {ssh.py:527} WARNING -   File "/home/***/.local/lib/python3.10/site-packages/scrapy/utils/defer.py", line 348, in maybeDeferred_coro
[2023-10-26T10:06:26.954+0000] {ssh.py:527} WARNING -     result = f(*args, **kw)
[2023-10-26T10:06:26.954+0000] {ssh.py:527} WARNING -   File "/home/***/.local/lib/python3.10/site-packages/pydispatch/robustapply.py", line 55, in robustApply
[2023-10-26T10:06:26.954+0000] {ssh.py:527} WARNING -     return receiver(*arguments, **named)
[2023-10-26T10:06:26.954+0000] {ssh.py:527} WARNING -   File "/home/***/.local/lib/python3.10/site-packages/scrapy/extensions/feedexport.py", line 571, in item_scraped
[2023-10-26T10:06:26.954+0000] {ssh.py:527} WARNING -     slot.start_exporting()
[2023-10-26T10:06:26.954+0000] {ssh.py:527} WARNING -   File "/home/***/.local/lib/python3.10/site-packages/scrapy/extensions/feedexport.py", line 364, in start_exporting
[2023-10-26T10:06:26.954+0000] {ssh.py:527} WARNING -     self.file = self.storage.open(self.spider)
[2023-10-26T10:06:26.954+0000] {ssh.py:527} WARNING -   File "/home/***/.local/lib/python3.10/site-packages/scrapy/extensions/feedexport.py", line 158, in open
[2023-10-26T10:06:26.954+0000] {ssh.py:527} WARNING -     return Path(self.path).open(self.write_mode)
[2023-10-26T10:06:26.954+0000] {ssh.py:527} WARNING -   File "/usr/lib/python3.10/pathlib.py", line 1119, in open
[2023-10-26T10:06:26.954+0000] {ssh.py:527} WARNING -     return self._accessor.open(self, mode, buffering, encoding, errors,
[2023-10-26T10:06:26.954+0000] {ssh.py:527} WARNING - PermissionError: [Errno 13] Permission denied: '/home/***/data_science/***_docker/data_csv/tangerang.csv'
[2023-10-26T10:06:29.168+0000] {ssh.py:527} WARNING - 2023-10-26 17:06:29 [scrapy.core.engine] DEBUG: Crawled (200) <GET https://www.rumah123.com/properti/tangerang/hos15068738/> (referer: https://www.rumah123.com/jual/tangerang/karawaci/rumah/)
[2023-10-26T10:06:29.285+0000] {ssh.py:527} WARNING - 2023-10-26 17:06:29 [scrapy.core.scraper] DEBUG: Scraped from <200 https://www.rumah123.com/properti/tangerang/hos15068738/>
[2023-10-26T10:06:29.286+0000] {ssh.py:527} WARNING - {'harga': 'Rp 1,82 Miliar', 'alamat': 'Karawaci, Tangerang', 'fasilitas': ['Tempat Jemuran', 'Keamanan 24 jam'], 'spesifikasi': [['Kamar Tidur', '4'], ['Kamar Mandi', '3'], ['Luas Tanah', '144 m²'], ['Luas Bangunan', '160 m²'], ['Tipe Properti', 'Rumah'], ['Sertifikat', 'SHM - Sertifikat Hak Milik'], ['Daya Listrik', '2200 Watt'], ['Ruang Makan', 'Tidak'], ['Ruang Tamu', 'Tidak'], ['Kondisi Perabotan', 'Unfurnished'], ['Jumlah Lantai', '2'], ['Terjangkau Internet', 'Tidak'], ['Hook', 'Tidak'], ['Kondisi Properti', 'Bagus'], ['ID Iklan', 'hos15068738']]}
[2023-10-26T10:06:29.286+0000] {ssh.py:527} WARNING - 2023-10-26 17:06:29 [scrapy.utils.signal] ERROR: Error caught on signal handler: <bound method FeedExporter.item_scraped of <scrapy.extensions.feedexport.FeedExporter object at 0x7fb93881df30>>
[2023-10-26T10:06:29.286+0000] {ssh.py:527} WARNING - Traceback (most recent call last):
[2023-10-26T10:06:29.286+0000] {ssh.py:527} WARNING -   File "/home/***/.local/lib/python3.10/site-packages/scrapy/utils/defer.py", line 348, in maybeDeferred_coro
[2023-10-26T10:06:29.287+0000] {ssh.py:527} WARNING -     result = f(*args, **kw)
[2023-10-26T10:06:29.287+0000] {ssh.py:527} WARNING -   File "/home/***/.local/lib/python3.10/site-packages/pydispatch/robustapply.py", line 55, in robustApply
[2023-10-26T10:06:29.287+0000] {ssh.py:527} WARNING -     return receiver(*arguments, **named)
[2023-10-26T10:06:29.287+0000] {ssh.py:527} WARNING -   File "/home/***/.local/lib/python3.10/site-packages/scrapy/extensions/feedexport.py", line 571, in item_scraped
[2023-10-26T10:06:29.287+0000] {ssh.py:527} WARNING -     slot.start_exporting()
[2023-10-26T10:06:29.287+0000] {ssh.py:527} WARNING -   File "/home/***/.local/lib/python3.10/site-packages/scrapy/extensions/feedexport.py", line 364, in start_exporting
[2023-10-26T10:06:29.287+0000] {ssh.py:527} WARNING -     self.file = self.storage.open(self.spider)
[2023-10-26T10:06:29.288+0000] {ssh.py:527} WARNING -   File "/home/***/.local/lib/python3.10/site-packages/scrapy/extensions/feedexport.py", line 158, in open
[2023-10-26T10:06:29.288+0000] {ssh.py:527} WARNING -     return Path(self.path).open(self.write_mode)
[2023-10-26T10:06:29.288+0000] {ssh.py:527} WARNING -   File "/usr/lib/python3.10/pathlib.py", line 1119, in open
[2023-10-26T10:06:29.288+0000] {ssh.py:527} WARNING -     return self._accessor.open(self, mode, buffering, encoding, errors,
[2023-10-26T10:06:29.288+0000] {ssh.py:527} WARNING - PermissionError: [Errno 13] Permission denied: '/home/***/data_science/***_docker/data_csv/tangerang.csv'
[2023-10-26T10:06:31.134+0000] {ssh.py:527} WARNING - 2023-10-26 17:06:31 [scrapy.core.engine] DEBUG: Crawled (200) <GET https://www.rumah123.com/properti/tangerang/hos15068720/> (referer: https://www.rumah123.com/jual/tangerang/karawaci/rumah/)
[2023-10-26T10:06:31.251+0000] {ssh.py:527} WARNING - 2023-10-26 17:06:31 [scrapy.core.scraper] DEBUG: Scraped from <200 https://www.rumah123.com/properti/tangerang/hos15068720/>
[2023-10-26T10:06:31.251+0000] {ssh.py:527} WARNING - {'harga': 'Rp 810 Juta', 'alamat': 'Karawaci, Tangerang', 'fasilitas': ['Tempat Jemuran', 'Keamanan 24 jam'], 'spesifikasi': [['Kamar Tidur', '2'], ['Kamar Mandi', '1'], ['Luas Tanah', '60 m²'], ['Luas Bangunan', '75 m²'], ['Tipe Properti', 'Rumah'], ['Sertifikat', 'SHM - Sertifikat Hak Milik'], ['Daya Listrik', '3500 Watt'], ['Ruang Makan', 'Tidak'], ['Ruang Tamu', 'Tidak'], ['Kondisi Perabotan', 'Unfurnished'], ['Jumlah Lantai', '1'], ['Terjangkau Internet', 'Tidak'], ['Hook', 'Tidak'], ['Kondisi Properti', 'Bagus'], ['ID Iklan', 'hos15068720']]}
[2023-10-26T10:06:31.251+0000] {ssh.py:527} WARNING - 2023-10-26 17:06:31 [scrapy.utils.signal] ERROR: Error caught on signal handler: <bound method FeedExporter.item_scraped of <scrapy.extensions.feedexport.FeedExporter object at 0x7fb93881df30>>
[2023-10-26T10:06:31.251+0000] {ssh.py:527} WARNING - Traceback (most recent call last):
[2023-10-26T10:06:31.251+0000] {ssh.py:527} WARNING -   File "/home/***/.local/lib/python3.10/site-packages/scrapy/utils/defer.py", line 348, in maybeDeferred_coro
[2023-10-26T10:06:31.251+0000] {ssh.py:527} WARNING -     result = f(*args, **kw)
[2023-10-26T10:06:31.251+0000] {ssh.py:527} WARNING -   File "/home/***/.local/lib/python3.10/site-packages/pydispatch/robustapply.py", line 55, in robustApply
[2023-10-26T10:06:31.252+0000] {ssh.py:527} WARNING -     return receiver(*arguments, **named)
[2023-10-26T10:06:31.252+0000] {ssh.py:527} WARNING -   File "/home/***/.local/lib/python3.10/site-packages/scrapy/extensions/feedexport.py", line 571, in item_scraped
[2023-10-26T10:06:31.252+0000] {ssh.py:527} WARNING -     slot.start_exporting()
[2023-10-26T10:06:31.252+0000] {ssh.py:527} WARNING -   File "/home/***/.local/lib/python3.10/site-packages/scrapy/extensions/feedexport.py", line 364, in start_exporting
[2023-10-26T10:06:31.252+0000] {ssh.py:527} WARNING -     self.file = self.storage.open(self.spider)
[2023-10-26T10:06:31.252+0000] {ssh.py:527} WARNING -   File "/home/***/.local/lib/python3.10/site-packages/scrapy/extensions/feedexport.py", line 158, in open
[2023-10-26T10:06:31.252+0000] {ssh.py:527} WARNING -     return Path(self.path).open(self.write_mode)
[2023-10-26T10:06:31.252+0000] {ssh.py:527} WARNING -   File "/usr/lib/python3.10/pathlib.py", line 1119, in open
[2023-10-26T10:06:31.252+0000] {ssh.py:527} WARNING -     return self._accessor.open(self, mode, buffering, encoding, errors,
[2023-10-26T10:06:31.252+0000] {ssh.py:527} WARNING - PermissionError: [Errno 13] Permission denied: '/home/***/data_science/***_docker/data_csv/tangerang.csv'
[2023-10-26T10:06:32.452+0000] {ssh.py:527} WARNING - 2023-10-26 17:06:32 [scrapy.core.engine] DEBUG: Crawled (200) <GET https://www.rumah123.com/properti/tangerang/hos14929096/> (referer: https://www.rumah123.com/jual/tangerang/karawaci/rumah/)
[2023-10-26T10:06:32.572+0000] {ssh.py:527} WARNING - 2023-10-26 17:06:32 [scrapy.core.scraper] DEBUG: Scraped from <200 https://www.rumah123.com/properti/tangerang/hos14929096/>
[2023-10-26T10:06:32.572+0000] {ssh.py:527} WARNING - {'harga': 'Rp 1,02 Miliar', 'alamat': 'Karawaci, Tangerang', 'fasilitas': ['Tempat Jemuran', 'Keamanan 24 jam'], 'spesifikasi': [['Kamar Tidur', '2'], ['Kamar Mandi', '2'], ['Luas Tanah', '60 m²'], ['Luas Bangunan', '50 m²'], ['Tipe Properti', 'Rumah'], ['Sertifikat', 'SHM - Sertifikat Hak Milik'], ['Daya Listrik', '2200 Watt'], ['Ruang Makan', 'Tidak'], ['Ruang Tamu', 'Tidak'], ['Kondisi Perabotan', 'Unfurnished'], ['Jumlah Lantai', '2'], ['Terjangkau Internet', 'Tidak'], ['Sumber Air', 'PAM atau PDAM'], ['Hook', 'Tidak'], ['Kondisi Properti', 'Bagus'], ['ID Iklan', 'hos14929096']]}
[2023-10-26T10:06:32.572+0000] {ssh.py:527} WARNING - 2023-10-26 17:06:32 [scrapy.utils.signal] ERROR: Error caught on signal handler: <bound method FeedExporter.item_scraped of <scrapy.extensions.feedexport.FeedExporter object at 0x7fb93881df30>>
[2023-10-26T10:06:32.572+0000] {ssh.py:527} WARNING - Traceback (most recent call last):
[2023-10-26T10:06:32.573+0000] {ssh.py:527} WARNING -   File "/home/***/.local/lib/python3.10/site-packages/scrapy/utils/defer.py", line 348, in maybeDeferred_coro
[2023-10-26T10:06:32.573+0000] {ssh.py:527} WARNING -     result = f(*args, **kw)
[2023-10-26T10:06:32.573+0000] {ssh.py:527} WARNING -   File "/home/***/.local/lib/python3.10/site-packages/pydispatch/robustapply.py", line 55, in robustApply
[2023-10-26T10:06:32.573+0000] {ssh.py:527} WARNING -     return receiver(*arguments, **named)
[2023-10-26T10:06:32.573+0000] {ssh.py:527} WARNING -   File "/home/***/.local/lib/python3.10/site-packages/scrapy/extensions/feedexport.py", line 571, in item_scraped
[2023-10-26T10:06:32.573+0000] {ssh.py:527} WARNING -     slot.start_exporting()
[2023-10-26T10:06:32.573+0000] {ssh.py:527} WARNING -   File "/home/***/.local/lib/python3.10/site-packages/scrapy/extensions/feedexport.py", line 364, in start_exporting
[2023-10-26T10:06:32.573+0000] {ssh.py:527} WARNING -     self.file = self.storage.open(self.spider)
[2023-10-26T10:06:32.573+0000] {ssh.py:527} WARNING -   File "/home/***/.local/lib/python3.10/site-packages/scrapy/extensions/feedexport.py", line 158, in open
[2023-10-26T10:06:32.573+0000] {ssh.py:527} WARNING -     return Path(self.path).open(self.write_mode)
[2023-10-26T10:06:32.573+0000] {ssh.py:527} WARNING -   File "/usr/lib/python3.10/pathlib.py", line 1119, in open
[2023-10-26T10:06:32.574+0000] {ssh.py:527} WARNING -     return self._accessor.open(self, mode, buffering, encoding, errors,
[2023-10-26T10:06:32.574+0000] {ssh.py:527} WARNING - PermissionError: [Errno 13] Permission denied: '/home/***/data_science/***_docker/data_csv/tangerang.csv'
[2023-10-26T10:06:36.099+0000] {ssh.py:527} WARNING - 2023-10-26 17:06:36 [scrapy.core.engine] DEBUG: Crawled (200) <GET https://www.rumah123.com/jual/tangerang/karawaci/rumah/?page=3> (referer: https://www.rumah123.com/jual/tangerang/karawaci/rumah/?page=2)
[2023-10-26T10:06:36.330+0000] {ssh.py:527} WARNING - 2023-10-26 17:06:36 [scrapy.core.engine] DEBUG: Crawled (200) <GET https://www.rumah123.com/properti/tangerang/hos15254286/> (referer: https://www.rumah123.com/jual/tangerang/karawaci/rumah/?page=2)
[2023-10-26T10:06:36.450+0000] {ssh.py:527} WARNING - 2023-10-26 17:06:36 [scrapy.core.scraper] DEBUG: Scraped from <200 https://www.rumah123.com/properti/tangerang/hos15254286/>
[2023-10-26T10:06:36.450+0000] {ssh.py:527} WARNING - {'harga': 'Rp 1,2 Miliar', 'alamat': 'Karawaci, Tangerang', 'fasilitas': ['Jalur Telepon', 'Tempat Jemuran', 'Akses Parkir', 'Keamanan 24 jam', ' One Gate System', ' Playground', ' Taman', 'Track Lari'], 'spesifikasi': [['Kamar Tidur', '3'], ['Kamar Mandi', '3'], ['Luas Tanah', '66 m²'], ['Luas Bangunan', '77 m²'], ['Carport', '1'], ['Tipe Properti', 'Rumah'], ['Sertifikat', 'Lainnya (PPJB,Girik,Adat,dll)'], ['Daya Listrik', '2200 Watt'], ['Ruang Makan', 'Ya'], ['Ruang Tamu', 'Ya'], ['Jumlah Lantai', '2'], ['Terjangkau Internet', 'Ya'], ['Lebar Jalan', '2 Mobil'], ['Sumber Air', 'PAM atau PDAM'], ['Hook', 'Tidak'], ['Kondisi Properti', 'Bagus'], ['ID Iklan', 'hos15254286']]}
[2023-10-26T10:06:36.450+0000] {ssh.py:527} WARNING - 2023-10-26 17:06:36 [scrapy.utils.signal] ERROR: Error caught on signal handler: <bound method FeedExporter.item_scraped of <scrapy.extensions.feedexport.FeedExporter object at 0x7fb93881df30>>
[2023-10-26T10:06:36.450+0000] {ssh.py:527} WARNING - Traceback (most recent call last):
[2023-10-26T10:06:36.450+0000] {ssh.py:527} WARNING -   File "/home/***/.local/lib/python3.10/site-packages/scrapy/utils/defer.py", line 348, in maybeDeferred_coro
[2023-10-26T10:06:36.451+0000] {ssh.py:527} WARNING -     result = f(*args, **kw)
[2023-10-26T10:06:36.451+0000] {ssh.py:527} WARNING -   File "/home/***/.local/lib/python3.10/site-packages/pydispatch/robustapply.py", line 55, in robustApply
[2023-10-26T10:06:36.451+0000] {ssh.py:527} WARNING -     return receiver(*arguments, **named)
[2023-10-26T10:06:36.451+0000] {ssh.py:527} WARNING -   File "/home/***/.local/lib/python3.10/site-packages/scrapy/extensions/feedexport.py", line 571, in item_scraped
[2023-10-26T10:06:36.451+0000] {ssh.py:527} WARNING -     slot.start_exporting()
[2023-10-26T10:06:36.451+0000] {ssh.py:527} WARNING -   File "/home/***/.local/lib/python3.10/site-packages/scrapy/extensions/feedexport.py", line 364, in start_exporting
[2023-10-26T10:06:36.451+0000] {ssh.py:527} WARNING -     self.file = self.storage.open(self.spider)
[2023-10-26T10:06:36.451+0000] {ssh.py:527} WARNING -   File "/home/***/.local/lib/python3.10/site-packages/scrapy/extensions/feedexport.py", line 158, in open
[2023-10-26T10:06:36.451+0000] {ssh.py:527} WARNING -     return Path(self.path).open(self.write_mode)
[2023-10-26T10:06:36.451+0000] {ssh.py:527} WARNING -   File "/usr/lib/python3.10/pathlib.py", line 1119, in open
[2023-10-26T10:06:36.451+0000] {ssh.py:527} WARNING -     return self._accessor.open(self, mode, buffering, encoding, errors,
[2023-10-26T10:06:36.452+0000] {ssh.py:527} WARNING - PermissionError: [Errno 13] Permission denied: '/home/***/data_science/***_docker/data_csv/tangerang.csv'
[2023-10-26T10:06:38.003+0000] {ssh.py:527} WARNING - 2023-10-26 17:06:38 [scrapy.core.engine] DEBUG: Crawled (200) <GET https://www.rumah123.com/properti/tangerang/hos15254307/> (referer: https://www.rumah123.com/jual/tangerang/karawaci/rumah/?page=2)
[2023-10-26T10:06:38.122+0000] {ssh.py:527} WARNING - 2023-10-26 17:06:38 [scrapy.core.scraper] DEBUG: Scraped from <200 https://www.rumah123.com/properti/tangerang/hos15254307/>
[2023-10-26T10:06:38.122+0000] {ssh.py:527} WARNING - {'harga': 'Rp 1,2 Miliar', 'alamat': 'Karawaci, Tangerang', 'fasilitas': ['Jalur Telepon', 'Tempat Jemuran', 'Akses Parkir', 'Keamanan 24 jam', ' One Gate System', ' Playground', ' Taman', 'Track Lari'], 'spesifikasi': [['Kamar Tidur', '3'], ['Kamar Mandi', '3'], ['Luas Tanah', '66 m²'], ['Luas Bangunan', '70 m²'], ['Carport', '1'], ['Tipe Properti', 'Rumah'], ['Sertifikat', 'Lainnya (PPJB,Girik,Adat,dll)'], ['Daya Listrik', '2200 Watt'], ['Ruang Makan', 'Ya'], ['Ruang Tamu', 'Ya'], ['Jumlah Lantai', '2'], ['Terjangkau Internet', 'Ya'], ['Lebar Jalan', '2 Mobil'], ['Sumber Air', 'PAM atau PDAM'], ['Hook', 'Tidak'], ['Kondisi Properti', 'Bagus'], ['ID Iklan', 'hos15254307']]}
[2023-10-26T10:06:38.122+0000] {ssh.py:527} WARNING - 2023-10-26 17:06:38 [scrapy.utils.signal] ERROR: Error caught on signal handler: <bound method FeedExporter.item_scraped of <scrapy.extensions.feedexport.FeedExporter object at 0x7fb93881df30>>
[2023-10-26T10:06:38.122+0000] {ssh.py:527} WARNING - Traceback (most recent call last):
[2023-10-26T10:06:38.122+0000] {ssh.py:527} WARNING -   File "/home/***/.local/lib/python3.10/site-packages/scrapy/utils/defer.py", line 348, in maybeDeferred_coro
[2023-10-26T10:06:38.122+0000] {ssh.py:527} WARNING -     result = f(*args, **kw)
[2023-10-26T10:06:38.122+0000] {ssh.py:527} WARNING -   File "/home/***/.local/lib/python3.10/site-packages/pydispatch/robustapply.py", line 55, in robustApply
[2023-10-26T10:06:38.122+0000] {ssh.py:527} WARNING -     return receiver(*arguments, **named)
[2023-10-26T10:06:38.123+0000] {ssh.py:527} WARNING -   File "/home/***/.local/lib/python3.10/site-packages/scrapy/extensions/feedexport.py", line 571, in item_scraped
[2023-10-26T10:06:38.123+0000] {ssh.py:527} WARNING -     slot.start_exporting()
[2023-10-26T10:06:38.123+0000] {ssh.py:527} WARNING -   File "/home/***/.local/lib/python3.10/site-packages/scrapy/extensions/feedexport.py", line 364, in start_exporting
[2023-10-26T10:06:38.123+0000] {ssh.py:527} WARNING -     self.file = self.storage.open(self.spider)
[2023-10-26T10:06:38.123+0000] {ssh.py:527} WARNING -   File "/home/***/.local/lib/python3.10/site-packages/scrapy/extensions/feedexport.py", line 158, in open
[2023-10-26T10:06:38.123+0000] {ssh.py:527} WARNING -     return Path(self.path).open(self.write_mode)
[2023-10-26T10:06:38.123+0000] {ssh.py:527} WARNING -   File "/usr/lib/python3.10/pathlib.py", line 1119, in open
[2023-10-26T10:06:38.123+0000] {ssh.py:527} WARNING -     return self._accessor.open(self, mode, buffering, encoding, errors,
[2023-10-26T10:06:38.123+0000] {ssh.py:527} WARNING - PermissionError: [Errno 13] Permission denied: '/home/***/data_science/***_docker/data_csv/tangerang.csv'
[2023-10-26T10:06:39.977+0000] {ssh.py:527} WARNING - 2023-10-26 17:06:39 [scrapy.core.engine] DEBUG: Crawled (200) <GET https://www.rumah123.com/properti/tangerang/hos15254330/> (referer: https://www.rumah123.com/jual/tangerang/karawaci/rumah/?page=2)
[2023-10-26T10:06:40.097+0000] {ssh.py:527} WARNING - 2023-10-26 17:06:40 [scrapy.core.scraper] DEBUG: Scraped from <200 https://www.rumah123.com/properti/tangerang/hos15254330/>
[2023-10-26T10:06:40.097+0000] {ssh.py:527} WARNING - {'harga': 'Rp 1,2 Miliar', 'alamat': 'Karawaci, Tangerang', 'fasilitas': ['Jalur Telepon', 'Tempat Jemuran', 'Akses Parkir', 'Keamanan 24 jam', ' One Gate System', ' Playground', ' Taman', 'Track Lari'], 'spesifikasi': [['Kamar Tidur', '3'], ['Kamar Mandi', '3'], ['Luas Tanah', '66 m²'], ['Luas Bangunan', '70 m²'], ['Carport', '1'], ['Tipe Properti', 'Rumah'], ['Sertifikat', 'Lainnya (PPJB,Girik,Adat,dll)'], ['Daya Listrik', '2200 Watt'], ['Ruang Makan', 'Ya'], ['Ruang Tamu', 'Ya'], ['Jumlah Lantai', '2'], ['Terjangkau Internet', 'Ya'], ['Lebar Jalan', '2 Mobil'], ['Sumber Air', 'PAM atau PDAM'], ['Hook', 'Tidak'], ['Kondisi Properti', 'Bagus'], ['ID Iklan', 'hos15254330']]}
[2023-10-26T10:06:40.097+0000] {ssh.py:527} WARNING - 2023-10-26 17:06:40 [scrapy.utils.signal] ERROR: Error caught on signal handler: <bound method FeedExporter.item_scraped of <scrapy.extensions.feedexport.FeedExporter object at 0x7fb93881df30>>
[2023-10-26T10:06:40.097+0000] {ssh.py:527} WARNING - Traceback (most recent call last):
[2023-10-26T10:06:40.097+0000] {ssh.py:527} WARNING -   File "/home/***/.local/lib/python3.10/site-packages/scrapy/utils/defer.py", line 348, in maybeDeferred_coro
[2023-10-26T10:06:40.097+0000] {ssh.py:527} WARNING -     result = f(*args, **kw)
[2023-10-26T10:06:40.097+0000] {ssh.py:527} WARNING -   File "/home/***/.local/lib/python3.10/site-packages/pydispatch/robustapply.py", line 55, in robustApply
[2023-10-26T10:06:40.098+0000] {ssh.py:527} WARNING -     return receiver(*arguments, **named)
[2023-10-26T10:06:40.098+0000] {ssh.py:527} WARNING -   File "/home/***/.local/lib/python3.10/site-packages/scrapy/extensions/feedexport.py", line 571, in item_scraped
[2023-10-26T10:06:40.098+0000] {ssh.py:527} WARNING -     slot.start_exporting()
[2023-10-26T10:06:40.098+0000] {ssh.py:527} WARNING -   File "/home/***/.local/lib/python3.10/site-packages/scrapy/extensions/feedexport.py", line 364, in start_exporting
[2023-10-26T10:06:40.098+0000] {ssh.py:527} WARNING -     self.file = self.storage.open(self.spider)
[2023-10-26T10:06:40.098+0000] {ssh.py:527} WARNING -   File "/home/***/.local/lib/python3.10/site-packages/scrapy/extensions/feedexport.py", line 158, in open
[2023-10-26T10:06:40.098+0000] {ssh.py:527} WARNING -     return Path(self.path).open(self.write_mode)
[2023-10-26T10:06:40.098+0000] {ssh.py:527} WARNING -   File "/usr/lib/python3.10/pathlib.py", line 1119, in open
[2023-10-26T10:06:40.098+0000] {ssh.py:527} WARNING -     return self._accessor.open(self, mode, buffering, encoding, errors,
[2023-10-26T10:06:40.098+0000] {ssh.py:527} WARNING - PermissionError: [Errno 13] Permission denied: '/home/***/data_science/***_docker/data_csv/tangerang.csv'
[2023-10-26T10:07:13.144+0000] {local_task_job_runner.py:294} WARNING - State of this instance has been externally set to failed. Terminating instance.
[2023-10-26T10:07:13.149+0000] {process_utils.py:131} INFO - Sending 15 to group 262. PIDs of all processes in the group: [262]
[2023-10-26T10:07:13.149+0000] {process_utils.py:86} INFO - Sending the signal 15 to group 262
[2023-10-26T10:07:13.149+0000] {taskinstance.py:1632} ERROR - Received SIGTERM. Terminating subprocesses.
[2023-10-26T10:07:13.201+0000] {process_utils.py:79} INFO - Process psutil.Process(pid=262, status='terminated', exitcode=0, started='10:05:41') (262) terminated with exit code 0
