[2023-10-21T11:52:42.832+0000] {taskinstance.py:1159} INFO - Dependencies all met for dep_context=non-requeueable deps ti=<TaskInstance: first_dagg.scrape_data manual__2023-10-21T11:52:41.898567+00:00 [queued]>
[2023-10-21T11:52:42.841+0000] {taskinstance.py:1159} INFO - Dependencies all met for dep_context=requeueable deps ti=<TaskInstance: first_dagg.scrape_data manual__2023-10-21T11:52:41.898567+00:00 [queued]>
[2023-10-21T11:52:42.841+0000] {taskinstance.py:1361} INFO - Starting attempt 1 of 1
[2023-10-21T11:52:42.859+0000] {taskinstance.py:1382} INFO - Executing <Task(BashOperator): scrape_data> on 2023-10-21 11:52:41.898567+00:00
[2023-10-21T11:52:42.864+0000] {standard_task_runner.py:57} INFO - Started process 1980 to run task
[2023-10-21T11:52:42.868+0000] {standard_task_runner.py:84} INFO - Running: ['***', 'tasks', 'run', 'first_dagg', 'scrape_data', 'manual__2023-10-21T11:52:41.898567+00:00', '--job-id', '10', '--raw', '--subdir', 'DAGS_FOLDER/first_dags.py', '--cfg-path', '/tmp/tmphcb5oyp5']
[2023-10-21T11:52:42.870+0000] {standard_task_runner.py:85} INFO - Job 10: Subtask scrape_data
[2023-10-21T11:52:42.915+0000] {task_command.py:416} INFO - Running <TaskInstance: first_dagg.scrape_data manual__2023-10-21T11:52:41.898567+00:00 [running]> on host 694ad72b43d0
[2023-10-21T11:52:43.015+0000] {taskinstance.py:1662} INFO - Exporting env vars: AIRFLOW_CTX_DAG_OWNER='me' AIRFLOW_CTX_DAG_ID='first_dagg' AIRFLOW_CTX_TASK_ID='scrape_data' AIRFLOW_CTX_EXECUTION_DATE='2023-10-21T11:52:41.898567+00:00' AIRFLOW_CTX_TRY_NUMBER='1' AIRFLOW_CTX_DAG_RUN_ID='manual__2023-10-21T11:52:41.898567+00:00'
[2023-10-21T11:52:43.017+0000] {subprocess.py:63} INFO - Tmp dir root location: /tmp
[2023-10-21T11:52:43.018+0000] {subprocess.py:75} INFO - Running command: ['/bin/bash', '-c', '/home/vertikal/data_science/web_scrap/rumah/rumah/script2.sh ']
[2023-10-21T11:52:43.027+0000] {subprocess.py:86} INFO - Output:
[2023-10-21T11:52:43.029+0000] {subprocess.py:93} INFO - /bin/bash: line 1: /home/vertikal/data_science/web_scrap/rumah/rumah/script2.sh: No such file or directory
[2023-10-21T11:52:43.030+0000] {subprocess.py:97} INFO - Command exited with return code 127
[2023-10-21T11:52:43.045+0000] {taskinstance.py:1937} ERROR - Task failed with exception
Traceback (most recent call last):
  File "/home/airflow/.local/lib/python3.8/site-packages/airflow/operators/bash.py", line 210, in execute
    raise AirflowException(
airflow.exceptions.AirflowException: Bash command failed. The command returned a non-zero exit code 127.
[2023-10-21T11:52:43.050+0000] {taskinstance.py:1400} INFO - Marking task as FAILED. dag_id=first_dagg, task_id=scrape_data, execution_date=20231021T115241, start_date=20231021T115242, end_date=20231021T115243
[2023-10-21T11:52:43.064+0000] {standard_task_runner.py:104} ERROR - Failed to execute job 10 for task scrape_data (Bash command failed. The command returned a non-zero exit code 127.; 1980)
[2023-10-21T11:52:43.080+0000] {local_task_job_runner.py:228} INFO - Task exited with return code 1
[2023-10-21T11:52:43.098+0000] {taskinstance.py:2778} INFO - 0 downstream tasks scheduled from follow-on schedule check
