[2023-10-21T12:22:27.568+0000] {taskinstance.py:1159} INFO - Dependencies all met for dep_context=non-requeueable deps ti=<TaskInstance: first_dagg.scrape_data manual__2023-10-21T12:22:26.767337+00:00 [queued]>
[2023-10-21T12:22:27.577+0000] {taskinstance.py:1159} INFO - Dependencies all met for dep_context=requeueable deps ti=<TaskInstance: first_dagg.scrape_data manual__2023-10-21T12:22:26.767337+00:00 [queued]>
[2023-10-21T12:22:27.577+0000] {taskinstance.py:1361} INFO - Starting attempt 1 of 1
[2023-10-21T12:22:27.593+0000] {taskinstance.py:1382} INFO - Executing <Task(BashOperator): scrape_data> on 2023-10-21 12:22:26.767337+00:00
[2023-10-21T12:22:27.599+0000] {standard_task_runner.py:57} INFO - Started process 2746 to run task
[2023-10-21T12:22:27.601+0000] {standard_task_runner.py:84} INFO - Running: ['***', 'tasks', 'run', 'first_dagg', 'scrape_data', 'manual__2023-10-21T12:22:26.767337+00:00', '--job-id', '20', '--raw', '--subdir', 'DAGS_FOLDER/first_dags.py', '--cfg-path', '/tmp/tmpvy2jznd9']
[2023-10-21T12:22:27.603+0000] {standard_task_runner.py:85} INFO - Job 20: Subtask scrape_data
[2023-10-21T12:22:27.644+0000] {task_command.py:416} INFO - Running <TaskInstance: first_dagg.scrape_data manual__2023-10-21T12:22:26.767337+00:00 [running]> on host 694ad72b43d0
[2023-10-21T12:22:27.724+0000] {taskinstance.py:1662} INFO - Exporting env vars: AIRFLOW_CTX_DAG_OWNER='me' AIRFLOW_CTX_DAG_ID='first_dagg' AIRFLOW_CTX_TASK_ID='scrape_data' AIRFLOW_CTX_EXECUTION_DATE='2023-10-21T12:22:26.767337+00:00' AIRFLOW_CTX_TRY_NUMBER='1' AIRFLOW_CTX_DAG_RUN_ID='manual__2023-10-21T12:22:26.767337+00:00'
[2023-10-21T12:22:27.725+0000] {subprocess.py:63} INFO - Tmp dir root location: /tmp
[2023-10-21T12:22:27.726+0000] {subprocess.py:75} INFO - Running command: ['/bin/bash', '-c', '/home/vertikal/data_science/web_scrap/rumah/rumah/ /script2.sh ']
[2023-10-21T12:22:27.734+0000] {subprocess.py:86} INFO - Output:
[2023-10-21T12:22:27.736+0000] {subprocess.py:93} INFO - /bin/bash: line 1: /home/vertikal/data_science/web_scrap/rumah/rumah/: No such file or directory
[2023-10-21T12:22:27.736+0000] {subprocess.py:97} INFO - Command exited with return code 127
[2023-10-21T12:22:27.748+0000] {taskinstance.py:1937} ERROR - Task failed with exception
Traceback (most recent call last):
  File "/home/airflow/.local/lib/python3.8/site-packages/airflow/operators/bash.py", line 210, in execute
    raise AirflowException(
airflow.exceptions.AirflowException: Bash command failed. The command returned a non-zero exit code 127.
[2023-10-21T12:22:27.751+0000] {taskinstance.py:1400} INFO - Marking task as FAILED. dag_id=first_dagg, task_id=scrape_data, execution_date=20231021T122226, start_date=20231021T122227, end_date=20231021T122227
[2023-10-21T12:22:27.766+0000] {standard_task_runner.py:104} ERROR - Failed to execute job 20 for task scrape_data (Bash command failed. The command returned a non-zero exit code 127.; 2746)
[2023-10-21T12:22:27.773+0000] {local_task_job_runner.py:228} INFO - Task exited with return code 1
[2023-10-21T12:22:27.789+0000] {taskinstance.py:2778} INFO - 0 downstream tasks scheduled from follow-on schedule check
