[2023-10-26T15:42:01.108+0000] {taskinstance.py:1159} INFO - Dependencies all met for dep_context=non-requeueable deps ti=<TaskInstance: ETL.upload_data_postgres manual__2023-10-26T15:11:08.871303+00:00 [queued]>
[2023-10-26T15:42:01.116+0000] {taskinstance.py:1159} INFO - Dependencies all met for dep_context=requeueable deps ti=<TaskInstance: ETL.upload_data_postgres manual__2023-10-26T15:11:08.871303+00:00 [queued]>
[2023-10-26T15:42:01.117+0000] {taskinstance.py:1361} INFO - Starting attempt 1 of 1
[2023-10-26T15:42:01.129+0000] {taskinstance.py:1382} INFO - Executing <Task(PostgresOperator): upload_data_postgres> on 2023-10-26 15:11:08.871303+00:00
[2023-10-26T15:42:01.139+0000] {standard_task_runner.py:57} INFO - Started process 2312 to run task
[2023-10-26T15:42:01.140+0000] {standard_task_runner.py:84} INFO - Running: ['***', 'tasks', 'run', 'ETL', 'upload_data_postgres', 'manual__2023-10-26T15:11:08.871303+00:00', '--job-id', '163', '--raw', '--subdir', 'DAGS_FOLDER/first_dags.py', '--cfg-path', '/tmp/tmpf2_n71nb']
[2023-10-26T15:42:01.142+0000] {standard_task_runner.py:85} INFO - Job 163: Subtask upload_data_postgres
[2023-10-26T15:42:01.179+0000] {task_command.py:416} INFO - Running <TaskInstance: ETL.upload_data_postgres manual__2023-10-26T15:11:08.871303+00:00 [running]> on host b90a279b1688
[2023-10-26T15:42:01.242+0000] {taskinstance.py:1662} INFO - Exporting env vars: AIRFLOW_CTX_DAG_OWNER='me' AIRFLOW_CTX_DAG_ID='ETL' AIRFLOW_CTX_TASK_ID='upload_data_postgres' AIRFLOW_CTX_EXECUTION_DATE='2023-10-26T15:11:08.871303+00:00' AIRFLOW_CTX_TRY_NUMBER='1' AIRFLOW_CTX_DAG_RUN_ID='manual__2023-10-26T15:11:08.871303+00:00'
[2023-10-26T15:42:01.243+0000] {sql.py:274} INFO - Executing: 

        COPY scrap FROM '/var/lib/postgresql/data/data_upload/tangerang_transformed.csv' DELIMITER ',' CSV HEADER

        
[2023-10-26T15:42:01.249+0000] {base.py:73} INFO - Using connection ID 'postgres_docker' for task execution.
[2023-10-26T15:42:01.254+0000] {base.py:73} INFO - Using connection ID 'postgres_docker' for task execution.
[2023-10-26T15:42:01.264+0000] {sql.py:418} INFO - Running statement: 

        COPY scrap FROM '/var/lib/postgresql/data/data_upload/tangerang_transformed.csv' DELIMITER ',' CSV HEADER

        , parameters: None
[2023-10-26T15:42:01.271+0000] {sql.py:427} INFO - Rows affected: 360
[2023-10-26T15:42:01.279+0000] {taskinstance.py:1400} INFO - Marking task as SUCCESS. dag_id=ETL, task_id=upload_data_postgres, execution_date=20231026T151108, start_date=20231026T154201, end_date=20231026T154201
[2023-10-26T15:42:01.312+0000] {local_task_job_runner.py:228} INFO - Task exited with return code 0
[2023-10-26T15:42:01.335+0000] {taskinstance.py:2778} INFO - 1 downstream tasks scheduled from follow-on schedule check
